#
# A fatal error has been detected by the Java Runtime Environment:
#
#  EXCEPTION_ACCESS_VIOLATION (0xc0000005) at pc=0x00007ff9aa76b16d, pid=11716, tid=4564
#
# JRE version: Java(TM) SE Runtime Environment 18.9 (11.0.13+10) (build 11.0.13+10-LTS-370)
# Java VM: Java HotSpot(TM) 64-Bit Server VM 18.9 (11.0.13+10-LTS-370, mixed mode, tiered, compressed oops, g1 gc, windows-amd64)
# Problematic frame:
# V  [jvm.dll+0x2cb16d]
#
# No core dump will be written. Minidumps are not enabled by default on client versions of Windows
#
# If you would like to submit a bug report, please visit:
#   https://bugreport.java.com/bugreport/crash.jsp
#

---------------  S U M M A R Y ------------

Command Line: -XX:TieredStopAtLevel=1 -Xverify:none -Dspring.output.ansi.enabled=always -javaagent:C:\Program Files\JetBrains\IntelliJ IDEA 2021.2.3\lib\idea_rt.jar=4696:C:\Program Files\JetBrains\IntelliJ IDEA 2021.2.3\bin -Dcom.sun.management.jmxremote -Dspring.jmx.enabled=true -Dspring.liveBeansView.mbeanDomain -Dspring.application.admin.enabled=true -Dfile.encoding=UTF-8 com.example.board.BoardApplication

Host: Intel(R) Core(TM) i7-9700F CPU @ 3.00GHz, 8 cores, 15G,  Windows 10 , 64 bit Build 19041 (10.0.19041.1466)
Time: Mon Jan 24 11:00:53 2022 대한민국 표준시 elapsed time: 2.415143 seconds (0d 0h 0m 2s)

---------------  T H R E A D  ---------------

Current thread (0x000001b13a5ca800):  GCTaskThread "GC Thread#7" [stack: 0x000000a8d9300000,0x000000a8d9400000] [id=4564]

Stack: [0x000000a8d9300000,0x000000a8d9400000],  sp=0x000000a8d93ff0d0,  free space=1020k
Native frames: (J=compiled Java code, j=interpreted, Vv=VM code, C=native code)
V  [jvm.dll+0x2cb16d]
V  [jvm.dll+0x2f2e00]
V  [jvm.dll+0x2f3a39]
V  [jvm.dll+0x302400]
V  [jvm.dll+0x1c8ae4]
V  [jvm.dll+0x1c8b73]
V  [jvm.dll+0x2f1a17]
V  [jvm.dll+0x1c96da]
V  [jvm.dll+0x3031cb]
V  [jvm.dll+0x302cf4]
V  [jvm.dll+0x2d3953]
V  [jvm.dll+0x791c30]
V  [jvm.dll+0x720a54]
V  [jvm.dll+0x627606]
C  [ucrtbase.dll+0x21bb2]
C  [KERNEL32.DLL+0x17034]
C  [ntdll.dll+0x52651]


siginfo: EXCEPTION_ACCESS_VIOLATION (0xc0000005), reading address 0xffffffffffffffff


Register to memory mapping:

RIP=0x00007ff9aa76b16d jvm.dll
RAX=0x000001b115191680 points into unknown readable memory: 0x9681e39581e39481 | 81 94 e3 81 95 e3 81 96
RBX=0x000001b13a760a20 points into unknown readable memory: 0x00007ff9aad0ab28 | 28 ab d0 aa f9 7f 00 00
RCX=0x0000000000000014 is an unknown value
RDX=0xb3ecbdbfefbdbfef is an unknown value
RSP=0x000000a8d93ff0d0 points into unknown readable memory: 0x0000000000000005 | 05 00 00 00 00 00 00 00
RBP=0x000001b13a760a20 points into unknown readable memory: 0x00007ff9aad0ab28 | 28 ab d0 aa f9 7f 00 00
RSI=0x000001b13a760b90 points into unknown readable memory: 0x00007ff9aad0aae0 | e0 aa d0 aa f9 7f 00 00
RDI=0x000000070172ecd8 points into unknown readable memory: 0x0000000000000000 | 00 00 00 00 00 00 00 00
R8 =0x000000070172ecc4 is pointing into object: [Ljava.lang.Object; 
{0x000000070172eca8} - klass: 'java/lang/Object'[]
 - length: 8
R9 =0x0000000000000034 is an unknown value
R10=0x000000070172ecc4 is pointing into object: [Ljava.lang.Object; 
{0x000000070172eca8} - klass: 'java/lang/Object'[]
 - length: 8
R11=0x000001b13a760b90 points into unknown readable memory: 0x00007ff9aad0aae0 | e0 aa d0 aa f9 7f 00 00
R12=0x0 is NULL
R13=0x0000000000000006 is an unknown value
R14=0x000000071004a1a0 is an oop: [Ljava.lang.Object; 
{0x000000071004a1a0} - klass: 'java/lang/Object'[]
 - length: 8
R15=0x0000000000000001 is an unknown value


Registers:
RAX=0x000001b115191680, RBX=0x000001b13a760a20, RCX=0x0000000000000014, RDX=0xb3ecbdbfefbdbfef
RSP=0x000000a8d93ff0d0, RBP=0x000001b13a760a20, RSI=0x000001b13a760b90, RDI=0x000000070172ecd8
R8 =0x000000070172ecc4, R9 =0x0000000000000034, R10=0x000000070172ecc4, R11=0x000001b13a760b90
R12=0x0000000000000000, R13=0x0000000000000006, R14=0x000000071004a1a0, R15=0x0000000000000001
RIP=0x00007ff9aa76b16d, EFLAGS=0x0000000000010202

Top of Stack: (sp=0x000000a8d93ff0d0)
0x000000a8d93ff0d0:   0000000000000005 000000070172ec71
0x000000a8d93ff0e0:   000000070172eb18 00007ff9aa792c6b
0x000000a8d93ff0f0:   000000070172ecc4 00007ff9aa792e00
0x000000a8d93ff100:   000000070172ec70 000000070fd72f98
0x000000a8d93ff110:   0000000000000005 000000070ff370b0
0x000000a8d93ff120:   0000000000000001 00007ff9aa793a39
0x000000a8d93ff130:   0000000000000002 000000070172eca8
0x000000a8d93ff140:   000000070172eb00 00007ff9aa791ba6
0x000000a8d93ff150:   0000003d4cd440e2 000001b139108c60
0x000000a8d93ff160:   0000001900000000 000001b13a5e16d0
0x000000a8d93ff170:   000001b13a5ddd70 000001b1151a1e10
0x000000a8d93ff180:   000001b13ca51048 0000000000000040
0x000000a8d93ff190:   000001b139108c60 000001b13a5dddc0
0x000000a8d93ff1a0:   0000000000000020 00007ff9aa7a2400
0x000000a8d93ff1b0:   000001b13ca51048 00000001aa84df00
0x000000a8d93ff1c0:   0000000000000001 000001b13ca51048 

Instructions: (pc=0x00007ff9aa76b16d)
0x00007ff9aa76b14d:   8b d9 d1 e8 a8 01 75 6b 48 8b 41 08 8b 88 c0 02
0x00007ff9aa76b15d:   00 00 48 8b 80 b0 02 00 00 49 d3 e9 4a 8b 14 c8
0x00007ff9aa76b16d:   48 8b 82 f8 00 00 00 83 b8 18 01 00 00 00 74 43
0x00007ff9aa76b17d:   48 8b 4b 50 48 89 7c 24 30 49 c1 e8 09 48 8b 79 


Stack slot to memory mapping:
stack at sp + 0 slots: 0x0000000000000005 is an unknown value
stack at sp + 1 slots: 0x000000070172ec71 is pointing into object: [Ljava.lang.Object; 
{0x000000070172ec58} - klass: 'java/lang/Object'[]
 - length: 5
stack at sp + 2 slots: 0x000000070172eb18 is pointing into object: java.lang.Class 
{0x000000070172eb00} - klass: 'java/lang/Class'
stack at sp + 3 slots: 0x00007ff9aa792c6b jvm.dll
stack at sp + 4 slots: 0x000000070172ecc4 is pointing into object: [Ljava.lang.Object; 
{0x000000070172eca8} - klass: 'java/lang/Object'[]
 - length: 8
stack at sp + 5 slots: 0x00007ff9aa792e00 jvm.dll
stack at sp + 6 slots: 0x000000070172ec70 is pointing into object: [Ljava.lang.Object; 
{0x000000070172ec58} - klass: 'java/lang/Object'[]
 - length: 5
stack at sp + 7 slots: 0x000000070fd72f98 is an oop: [Ljava.lang.Object; 
{0x000000070fd72f98} - klass: 'java/lang/Object'[]
 - length: 18


---------------  P R O C E S S  ---------------

Threads class SMR info:
_java_thread_list=0x000001b139d92940, length=17, elements={
0x000001b115190000, 0x000001b137de6800, 0x000001b137de8800, 0x000001b1386fb800,
0x000001b1386fd800, 0x000001b138700000, 0x000001b138703000, 0x000001b138708800,
0x000001b137da1000, 0x000001b138b8c000, 0x000001b138d70800, 0x000001b13a597800,
0x000001b13a581800, 0x000001b13a5d6000, 0x000001b13a5d8800, 0x000001b13a5d9800,
0x000001b13a602800
}

Java Threads: ( => current thread )
  0x000001b115190000 JavaThread "main" [_thread_blocked, id=8472, stack(0x000000a8d7400000,0x000000a8d7500000)]
  0x000001b137de6800 JavaThread "Reference Handler" daemon [_thread_blocked, id=11452, stack(0x000000a8d7b00000,0x000000a8d7c00000)]
  0x000001b137de8800 JavaThread "Finalizer" daemon [_thread_blocked, id=5768, stack(0x000000a8d7c00000,0x000000a8d7d00000)]
  0x000001b1386fb800 JavaThread "Signal Dispatcher" daemon [_thread_blocked, id=5440, stack(0x000000a8d7d00000,0x000000a8d7e00000)]
  0x000001b1386fd800 JavaThread "Attach Listener" daemon [_thread_blocked, id=9700, stack(0x000000a8d7e00000,0x000000a8d7f00000)]
  0x000001b138700000 JavaThread "Service Thread" daemon [_thread_blocked, id=9544, stack(0x000000a8d7f00000,0x000000a8d8000000)]
  0x000001b138703000 JavaThread "C1 CompilerThread0" daemon [_thread_blocked, id=9192, stack(0x000000a8d8000000,0x000000a8d8100000)]
  0x000001b138708800 JavaThread "Sweeper thread" daemon [_thread_blocked, id=4760, stack(0x000000a8d8100000,0x000000a8d8200000)]
  0x000001b137da1000 JavaThread "Common-Cleaner" daemon [_thread_blocked, id=7644, stack(0x000000a8d8200000,0x000000a8d8300000)]
  0x000001b138b8c000 JavaThread "Monitor Ctrl-Break" daemon [_thread_in_native, id=7592, stack(0x000000a8d8300000,0x000000a8d8400000)]
  0x000001b138d70800 JavaThread "RMI TCP Accept-0" daemon [_thread_in_native, id=664, stack(0x000000a8d8400000,0x000000a8d8500000)]
  0x000001b13a597800 JavaThread "RMI TCP Connection(1)-192.168.9.55" daemon [_thread_in_native, id=8488, stack(0x000000a8d8b00000,0x000000a8d8c00000)]
  0x000001b13a581800 JavaThread "RMI Scheduler(0)" daemon [_thread_blocked, id=11788, stack(0x000000a8d8d00000,0x000000a8d8e00000)]
  0x000001b13a5d6000 JavaThread "Catalina-utility-1" [_thread_blocked, id=5932, stack(0x000000a8d8e00000,0x000000a8d8f00000)]
  0x000001b13a5d8800 JavaThread "Catalina-utility-2" [_thread_blocked, id=12840, stack(0x000000a8d8f00000,0x000000a8d9000000)]
  0x000001b13a5d9800 JavaThread "container-0" [_thread_blocked, id=12968, stack(0x000000a8d9000000,0x000000a8d9100000)]
  0x000001b13a602800 JavaThread "mysql-cj-abandoned-connection-cleanup" daemon [_thread_blocked, id=7236, stack(0x000000a8d9100000,0x000000a8d9200000)]

Other Threads:
  0x000001b137de4000 VMThread "VM Thread" [stack: 0x000000a8d7a00000,0x000000a8d7b00000] [id=7572]
  0x000001b138d7e800 WatcherThread [stack: 0x000000a8d8500000,0x000000a8d8600000] [id=6100]
  0x000001b1151a3800 GCTaskThread "GC Thread#0" [stack: 0x000000a8d7500000,0x000000a8d7600000] [id=11756]
  0x000001b1390c5800 GCTaskThread "GC Thread#1" [stack: 0x000000a8d8600000,0x000000a8d8700000] [id=5140]
  0x000001b1390c6000 GCTaskThread "GC Thread#2" [stack: 0x000000a8d8700000,0x000000a8d8800000] [id=9272]
  0x000001b1390d5800 GCTaskThread "GC Thread#3" [stack: 0x000000a8d8800000,0x000000a8d8900000] [id=10448]
  0x000001b1390d6000 GCTaskThread "GC Thread#4" [stack: 0x000000a8d8900000,0x000000a8d8a00000] [id=6228]
  0x000001b13910b800 GCTaskThread "GC Thread#5" [stack: 0x000000a8d8a00000,0x000000a8d8b00000] [id=10036]
  0x000001b13a5ca000 GCTaskThread "GC Thread#6" [stack: 0x000000a8d9200000,0x000000a8d9300000] [id=4956]
=>0x000001b13a5ca800 GCTaskThread "GC Thread#7" [stack: 0x000000a8d9300000,0x000000a8d9400000] [id=4564]
  0x000001b115202000 ConcurrentGCThread "G1 Main Marker" [stack: 0x000000a8d7600000,0x000000a8d7700000] [id=9300]
  0x000001b115204000 ConcurrentGCThread "G1 Conc#0" [stack: 0x000000a8d7700000,0x000000a8d7800000] [id=9220]
  0x000001b1391f1000 ConcurrentGCThread "G1 Conc#1" [stack: 0x000000a8d8c00000,0x000000a8d8d00000] [id=9020]
  0x000001b137cc1800 ConcurrentGCThread "G1 Refine#0" [stack: 0x000000a8d7800000,0x000000a8d7900000] [id=12928]
  0x000001b137cc2000 ConcurrentGCThread "G1 Young RemSet Sampling" [stack: 0x000000a8d7900000,0x000000a8d7a00000] [id=12788]

Threads with active compile tasks:

VM state:at safepoint (normal execution)

VM Mutex/Monitor currently owned by a thread:  ([mutex/lock_event])
[0x000001b11518afe0] Threads_lock - owner thread: 0x000001b137de4000
[0x000001b11518b850] Heap_lock - owner thread: 0x000001b115190000

Heap address: 0x0000000701000000, size: 4080 MB, Compressed Oops mode: Zero based, Oop shift amount: 3
Narrow klass base: 0x0000000800000000, Narrow klass shift: 0
Compressed class space size: 1073741824 Address: 0x0000000800000000

Heap:
 garbage-first heap   total 262144K, used 162848K [0x0000000701000000, 0x0000000800000000)
  region size 1024K, 158 young (161792K), 15 survivors (15360K)
 Metaspace       used 55732K, capacity 57275K, committed 57472K, reserved 1099776K
  class space    used 7430K, capacity 8055K, committed 8064K, reserved 1048576K
Heap Regions: E=young(eden), S=young(survivor), O=old, HS=humongous(starts), HC=humongous(continues), CS=collection set, F=free, A=archive, TAMS=top-at-mark-start (previous, next)
|   0|0x0000000701000000, 0x0000000701100000, 0x0000000701100000|100%|HS|  |TAMS 0x0000000701100000, 0x0000000701000000| Complete 
|   1|0x0000000701100000, 0x0000000701200000, 0x0000000701200000|100%| O|  |TAMS 0x0000000701200000, 0x0000000701100000| Untracked 
|   2|0x0000000701200000, 0x0000000701300000, 0x0000000701300000|100%| O|  |TAMS 0x0000000701300000, 0x0000000701200000| Untracked 
|   3|0x0000000701300000, 0x0000000701400000, 0x0000000701400000|100%| O|  |TAMS 0x0000000701400000, 0x0000000701300000| Untracked 
|   4|0x0000000701400000, 0x0000000701500000, 0x0000000701500000|100%| O|  |TAMS 0x0000000701500000, 0x0000000701400000| Untracked 
|   5|0x0000000701500000, 0x0000000701600000, 0x0000000701600000|100%| O|  |TAMS 0x0000000701600000, 0x0000000701500000| Untracked 
|   6|0x0000000701600000, 0x0000000701700000, 0x0000000701700000|100%| O|  |TAMS 0x0000000701682400, 0x0000000701600000| Untracked 
|   7|0x0000000701700000, 0x00000007017a58d8, 0x0000000701800000| 64%| O|  |TAMS 0x0000000701700000, 0x0000000701700000| Untracked 
|   8|0x0000000701800000, 0x0000000701800000, 0x0000000701900000|  0%| F|  |TAMS 0x0000000701800000, 0x0000000701800000| Untracked 
|   9|0x0000000701900000, 0x0000000701900000, 0x0000000701a00000|  0%| F|  |TAMS 0x0000000701900000, 0x0000000701900000| Untracked 
|  10|0x0000000701a00000, 0x0000000701a00000, 0x0000000701b00000|  0%| F|  |TAMS 0x0000000701a00000, 0x0000000701a00000| Untracked 
|  11|0x0000000701b00000, 0x0000000701b00000, 0x0000000701c00000|  0%| F|  |TAMS 0x0000000701b00000, 0x0000000701b00000| Untracked 
|  12|0x0000000701c00000, 0x0000000701c00000, 0x0000000701d00000|  0%| F|  |TAMS 0x0000000701c00000, 0x0000000701c00000| Untracked 
|  13|0x0000000701d00000, 0x0000000701d00000, 0x0000000701e00000|  0%| F|  |TAMS 0x0000000701d00000, 0x0000000701d00000| Untracked 
|  14|0x0000000701e00000, 0x0000000701e00000, 0x0000000701f00000|  0%| F|  |TAMS 0x0000000701e00000, 0x0000000701e00000| Untracked 
|  15|0x0000000701f00000, 0x0000000701f00000, 0x0000000702000000|  0%| F|  |TAMS 0x0000000701f00000, 0x0000000701f00000| Untracked 
|  16|0x0000000702000000, 0x0000000702000000, 0x0000000702100000|  0%| F|  |TAMS 0x0000000702000000, 0x0000000702000000| Untracked 
|  17|0x0000000702100000, 0x0000000702100000, 0x0000000702200000|  0%| F|  |TAMS 0x0000000702100000, 0x0000000702100000| Untracked 
|  18|0x0000000702200000, 0x0000000702200000, 0x0000000702300000|  0%| F|  |TAMS 0x0000000702200000, 0x0000000702200000| Untracked 
|  19|0x0000000702300000, 0x0000000702300000, 0x0000000702400000|  0%| F|  |TAMS 0x0000000702300000, 0x0000000702300000| Untracked 
|  20|0x0000000702400000, 0x0000000702400000, 0x0000000702500000|  0%| F|  |TAMS 0x0000000702400000, 0x0000000702400000| Untracked 
|  21|0x0000000702500000, 0x0000000702500000, 0x0000000702600000|  0%| F|  |TAMS 0x0000000702500000, 0x0000000702500000| Untracked 
|  22|0x0000000702600000, 0x0000000702600000, 0x0000000702700000|  0%| F|  |TAMS 0x0000000702600000, 0x0000000702600000| Untracked 
|  23|0x0000000702700000, 0x0000000702700000, 0x0000000702800000|  0%| F|  |TAMS 0x0000000702700000, 0x0000000702700000| Untracked 
|  24|0x0000000702800000, 0x0000000702800000, 0x0000000702900000|  0%| F|  |TAMS 0x0000000702800000, 0x0000000702800000| Untracked 
|  25|0x0000000702900000, 0x0000000702900000, 0x0000000702a00000|  0%| F|  |TAMS 0x0000000702900000, 0x0000000702900000| Untracked 
|  26|0x0000000702a00000, 0x0000000702a00000, 0x0000000702b00000|  0%| F|  |TAMS 0x0000000702a00000, 0x0000000702a00000| Untracked 
|  27|0x0000000702b00000, 0x0000000702b00000, 0x0000000702c00000|  0%| F|  |TAMS 0x0000000702b00000, 0x0000000702b00000| Untracked 
|  28|0x0000000702c00000, 0x0000000702c00000, 0x0000000702d00000|  0%| F|  |TAMS 0x0000000702c00000, 0x0000000702c00000| Untracked 
|  29|0x0000000702d00000, 0x0000000702d00000, 0x0000000702e00000|  0%| F|  |TAMS 0x0000000702d00000, 0x0000000702d00000| Untracked 
|  30|0x0000000702e00000, 0x0000000702e00000, 0x0000000702f00000|  0%| F|  |TAMS 0x0000000702e00000, 0x0000000702e00000| Untracked 
|  31|0x0000000702f00000, 0x0000000702f00000, 0x0000000703000000|  0%| F|  |TAMS 0x0000000702f00000, 0x0000000702f00000| Untracked 
|  32|0x0000000703000000, 0x0000000703000000, 0x0000000703100000|  0%| F|  |TAMS 0x0000000703000000, 0x0000000703000000| Untracked 
|  33|0x0000000703100000, 0x0000000703100000, 0x0000000703200000|  0%| F|  |TAMS 0x0000000703100000, 0x0000000703100000| Untracked 
|  34|0x0000000703200000, 0x0000000703200000, 0x0000000703300000|  0%| F|  |TAMS 0x0000000703200000, 0x0000000703200000| Untracked 
|  35|0x0000000703300000, 0x0000000703300000, 0x0000000703400000|  0%| F|  |TAMS 0x0000000703300000, 0x0000000703300000| Untracked 
|  36|0x0000000703400000, 0x0000000703400000, 0x0000000703500000|  0%| F|  |TAMS 0x0000000703400000, 0x0000000703400000| Untracked 
|  37|0x0000000703500000, 0x0000000703500000, 0x0000000703600000|  0%| F|  |TAMS 0x0000000703500000, 0x0000000703500000| Untracked 
|  38|0x0000000703600000, 0x0000000703600000, 0x0000000703700000|  0%| F|  |TAMS 0x0000000703600000, 0x0000000703600000| Untracked 
|  39|0x0000000703700000, 0x0000000703700000, 0x0000000703800000|  0%| F|  |TAMS 0x0000000703700000, 0x0000000703700000| Untracked 
|  40|0x0000000703800000, 0x0000000703800000, 0x0000000703900000|  0%| F|  |TAMS 0x0000000703800000, 0x0000000703800000| Untracked 
|  41|0x0000000703900000, 0x0000000703900000, 0x0000000703a00000|  0%| F|  |TAMS 0x0000000703900000, 0x0000000703900000| Untracked 
|  42|0x0000000703a00000, 0x0000000703a00000, 0x0000000703b00000|  0%| F|  |TAMS 0x0000000703a00000, 0x0000000703a00000| Untracked 
|  43|0x0000000703b00000, 0x0000000703b00000, 0x0000000703c00000|  0%| F|  |TAMS 0x0000000703b00000, 0x0000000703b00000| Untracked 
|  44|0x0000000703c00000, 0x0000000703c00000, 0x0000000703d00000|  0%| F|  |TAMS 0x0000000703c00000, 0x0000000703c00000| Untracked 
|  45|0x0000000703d00000, 0x0000000703d00000, 0x0000000703e00000|  0%| F|  |TAMS 0x0000000703d00000, 0x0000000703d00000| Untracked 
|  46|0x0000000703e00000, 0x0000000703e00000, 0x0000000703f00000|  0%| F|  |TAMS 0x0000000703e00000, 0x0000000703e00000| Untracked 
|  47|0x0000000703f00000, 0x0000000703f00000, 0x0000000704000000|  0%| F|  |TAMS 0x0000000703f00000, 0x0000000703f00000| Untracked 
|  48|0x0000000704000000, 0x0000000704000000, 0x0000000704100000|  0%| F|  |TAMS 0x0000000704000000, 0x0000000704000000| Untracked 
|  49|0x0000000704100000, 0x0000000704100000, 0x0000000704200000|  0%| F|  |TAMS 0x0000000704100000, 0x0000000704100000| Untracked 
|  50|0x0000000704200000, 0x0000000704200000, 0x0000000704300000|  0%| F|  |TAMS 0x0000000704200000, 0x0000000704200000| Untracked 
|  51|0x0000000704300000, 0x0000000704300000, 0x0000000704400000|  0%| F|  |TAMS 0x0000000704300000, 0x0000000704300000| Untracked 
|  52|0x0000000704400000, 0x0000000704400000, 0x0000000704500000|  0%| F|  |TAMS 0x0000000704400000, 0x0000000704400000| Untracked 
|  53|0x0000000704500000, 0x0000000704500000, 0x0000000704600000|  0%| F|  |TAMS 0x0000000704500000, 0x0000000704500000| Untracked 
|  54|0x0000000704600000, 0x0000000704600000, 0x0000000704700000|  0%| F|  |TAMS 0x0000000704600000, 0x0000000704600000| Untracked 
|  55|0x0000000704700000, 0x0000000704700000, 0x0000000704800000|  0%| F|  |TAMS 0x0000000704700000, 0x0000000704700000| Untracked 
|  56|0x0000000704800000, 0x0000000704800000, 0x0000000704900000|  0%| F|  |TAMS 0x0000000704800000, 0x0000000704800000| Untracked 
|  57|0x0000000704900000, 0x0000000704900000, 0x0000000704a00000|  0%| F|  |TAMS 0x0000000704900000, 0x0000000704900000| Untracked 
|  58|0x0000000704a00000, 0x0000000704a00000, 0x0000000704b00000|  0%| F|  |TAMS 0x0000000704a00000, 0x0000000704a00000| Untracked 
|  59|0x0000000704b00000, 0x0000000704b00000, 0x0000000704c00000|  0%| F|  |TAMS 0x0000000704b00000, 0x0000000704b00000| Untracked 
|  60|0x0000000704c00000, 0x0000000704c00000, 0x0000000704d00000|  0%| F|  |TAMS 0x0000000704c00000, 0x0000000704c00000| Untracked 
|  61|0x0000000704d00000, 0x0000000704d00000, 0x0000000704e00000|  0%| F|  |TAMS 0x0000000704d00000, 0x0000000704d00000| Untracked 
|  62|0x0000000704e00000, 0x0000000704e00000, 0x0000000704f00000|  0%| F|  |TAMS 0x0000000704e00000, 0x0000000704e00000| Untracked 
|  63|0x0000000704f00000, 0x0000000704f00000, 0x0000000705000000|  0%| F|  |TAMS 0x0000000704f00000, 0x0000000704f00000| Untracked 
|  64|0x0000000705000000, 0x0000000705000000, 0x0000000705100000|  0%| F|  |TAMS 0x0000000705000000, 0x0000000705000000| Untracked 
|  65|0x0000000705100000, 0x0000000705100000, 0x0000000705200000|  0%| F|  |TAMS 0x0000000705100000, 0x0000000705100000| Untracked 
|  66|0x0000000705200000, 0x0000000705200000, 0x0000000705300000|  0%| F|  |TAMS 0x0000000705200000, 0x0000000705200000| Untracked 
|  67|0x0000000705300000, 0x0000000705300000, 0x0000000705400000|  0%| F|  |TAMS 0x0000000705300000, 0x0000000705300000| Untracked 
|  68|0x0000000705400000, 0x0000000705400000, 0x0000000705500000|  0%| F|  |TAMS 0x0000000705400000, 0x0000000705400000| Untracked 
|  69|0x0000000705500000, 0x0000000705500000, 0x0000000705600000|  0%| F|  |TAMS 0x0000000705500000, 0x0000000705500000| Untracked 
|  70|0x0000000705600000, 0x0000000705600000, 0x0000000705700000|  0%| F|  |TAMS 0x0000000705600000, 0x0000000705600000| Untracked 
|  71|0x0000000705700000, 0x0000000705700000, 0x0000000705800000|  0%| F|  |TAMS 0x0000000705700000, 0x0000000705700000| Untracked 
|  72|0x0000000705800000, 0x0000000705800000, 0x0000000705900000|  0%| F|  |TAMS 0x0000000705800000, 0x0000000705800000| Untracked 
|  73|0x0000000705900000, 0x0000000705900000, 0x0000000705a00000|  0%| F|  |TAMS 0x0000000705900000, 0x0000000705900000| Untracked 
|  74|0x0000000705a00000, 0x0000000705a00000, 0x0000000705b00000|  0%| F|  |TAMS 0x0000000705a00000, 0x0000000705a00000| Untracked 
|  75|0x0000000705b00000, 0x0000000705b00000, 0x0000000705c00000|  0%| F|  |TAMS 0x0000000705b00000, 0x0000000705b00000| Untracked 
|  76|0x0000000705c00000, 0x0000000705c00000, 0x0000000705d00000|  0%| F|  |TAMS 0x0000000705c00000, 0x0000000705c00000| Untracked 
|  77|0x0000000705d00000, 0x0000000705d00000, 0x0000000705e00000|  0%| F|  |TAMS 0x0000000705d00000, 0x0000000705d00000| Untracked 
|  78|0x0000000705e00000, 0x0000000705e00000, 0x0000000705f00000|  0%| F|  |TAMS 0x0000000705e00000, 0x0000000705e00000| Untracked 
|  79|0x0000000705f00000, 0x0000000705f00000, 0x0000000706000000|  0%| F|  |TAMS 0x0000000705f00000, 0x0000000705f00000| Untracked 
|  80|0x0000000706000000, 0x0000000706000000, 0x0000000706100000|  0%| F|  |TAMS 0x0000000706000000, 0x0000000706000000| Untracked 
|  81|0x0000000706100000, 0x0000000706100000, 0x0000000706200000|  0%| F|  |TAMS 0x0000000706100000, 0x0000000706100000| Untracked 
|  82|0x0000000706200000, 0x0000000706200000, 0x0000000706300000|  0%| F|  |TAMS 0x0000000706200000, 0x0000000706200000| Untracked 
|  83|0x0000000706300000, 0x0000000706300000, 0x0000000706400000|  0%| F|  |TAMS 0x0000000706300000, 0x0000000706300000| Untracked 
|  84|0x0000000706400000, 0x0000000706400000, 0x0000000706500000|  0%| F|  |TAMS 0x0000000706400000, 0x0000000706400000| Untracked 
|  85|0x0000000706500000, 0x0000000706500000, 0x0000000706600000|  0%| F|  |TAMS 0x0000000706500000, 0x0000000706500000| Untracked 
|  86|0x0000000706600000, 0x0000000706600000, 0x0000000706700000|  0%| F|  |TAMS 0x0000000706600000, 0x0000000706600000| Untracked 
|  87|0x0000000706700000, 0x0000000706700000, 0x0000000706800000|  0%| F|  |TAMS 0x0000000706700000, 0x0000000706700000| Untracked 
|  88|0x0000000706800000, 0x0000000706900000, 0x0000000706900000|100%| S|  |TAMS 0x0000000706800000, 0x0000000706800000| Complete 
|  89|0x0000000706900000, 0x0000000706a00000, 0x0000000706a00000|100%| S|  |TAMS 0x0000000706900000, 0x0000000706900000| Complete 
|  90|0x0000000706a00000, 0x0000000706b00000, 0x0000000706b00000|100%| S|  |TAMS 0x0000000706a00000, 0x0000000706a00000| Complete 
|  91|0x0000000706b00000, 0x0000000706c00000, 0x0000000706c00000|100%| S|  |TAMS 0x0000000706b00000, 0x0000000706b00000| Complete 
|  92|0x0000000706c00000, 0x0000000706d00000, 0x0000000706d00000|100%| S|  |TAMS 0x0000000706c00000, 0x0000000706c00000| Complete 
|  93|0x0000000706d00000, 0x0000000706e00000, 0x0000000706e00000|100%| S|  |TAMS 0x0000000706d00000, 0x0000000706d00000| Complete 
|  94|0x0000000706e00000, 0x0000000706f00000, 0x0000000706f00000|100%| S|  |TAMS 0x0000000706e00000, 0x0000000706e00000| Complete 
|  95|0x0000000706f00000, 0x0000000707000000, 0x0000000707000000|100%| S|  |TAMS 0x0000000706f00000, 0x0000000706f00000| Complete 
|  96|0x0000000707000000, 0x0000000707100000, 0x0000000707100000|100%| S|  |TAMS 0x0000000707000000, 0x0000000707000000| Complete 
|  97|0x0000000707100000, 0x0000000707200000, 0x0000000707200000|100%| S|  |TAMS 0x0000000707100000, 0x0000000707100000| Complete 
|  98|0x0000000707200000, 0x0000000707300000, 0x0000000707300000|100%| S|  |TAMS 0x0000000707200000, 0x0000000707200000| Complete 
|  99|0x0000000707300000, 0x0000000707400000, 0x0000000707400000|100%| S|  |TAMS 0x0000000707300000, 0x0000000707300000| Complete 
| 100|0x0000000707400000, 0x0000000707485ed0, 0x0000000707500000| 52%| E|CS|TAMS 0x0000000707400000, 0x0000000707400000| Complete 
| 101|0x0000000707500000, 0x0000000707600000, 0x0000000707600000|100%| E|CS|TAMS 0x0000000707500000, 0x0000000707500000| Complete 
| 102|0x0000000707600000, 0x0000000707700000, 0x0000000707700000|100%| E|CS|TAMS 0x0000000707600000, 0x0000000707600000| Complete 
| 103|0x0000000707700000, 0x0000000707800000, 0x0000000707800000|100%| E|CS|TAMS 0x0000000707700000, 0x0000000707700000| Complete 
| 104|0x0000000707800000, 0x0000000707900000, 0x0000000707900000|100%| E|CS|TAMS 0x0000000707800000, 0x0000000707800000| Complete 
| 105|0x0000000707900000, 0x0000000707a00000, 0x0000000707a00000|100%| E|CS|TAMS 0x0000000707900000, 0x0000000707900000| Complete 
| 106|0x0000000707a00000, 0x0000000707b00000, 0x0000000707b00000|100%| E|CS|TAMS 0x0000000707a00000, 0x0000000707a00000| Complete 
| 107|0x0000000707b00000, 0x0000000707c00000, 0x0000000707c00000|100%| E|CS|TAMS 0x0000000707b00000, 0x0000000707b00000| Complete 
| 108|0x0000000707c00000, 0x0000000707d00000, 0x0000000707d00000|100%| E|CS|TAMS 0x0000000707c00000, 0x0000000707c00000| Complete 
| 109|0x0000000707d00000, 0x0000000707e00000, 0x0000000707e00000|100%| E|CS|TAMS 0x0000000707d00000, 0x0000000707d00000| Complete 
| 110|0x0000000707e00000, 0x0000000707f00000, 0x0000000707f00000|100%| S|  |TAMS 0x0000000707e00000, 0x0000000707e00000| Complete 
| 111|0x0000000707f00000, 0x0000000708000000, 0x0000000708000000|100%| S|  |TAMS 0x0000000707f00000, 0x0000000707f00000| Complete 
| 112|0x0000000708000000, 0x0000000708100000, 0x0000000708100000|100%| S|  |TAMS 0x0000000708000000, 0x0000000708000000| Complete 
| 113|0x0000000708100000, 0x0000000708200000, 0x0000000708200000|100%| E|CS|TAMS 0x0000000708100000, 0x0000000708100000| Complete 
| 114|0x0000000708200000, 0x0000000708300000, 0x0000000708300000|100%| E|CS|TAMS 0x0000000708200000, 0x0000000708200000| Complete 
| 115|0x0000000708300000, 0x0000000708400000, 0x0000000708400000|100%| E|CS|TAMS 0x0000000708300000, 0x0000000708300000| Complete 
| 116|0x0000000708400000, 0x0000000708500000, 0x0000000708500000|100%| E|CS|TAMS 0x0000000708400000, 0x0000000708400000| Complete 
| 117|0x0000000708500000, 0x0000000708600000, 0x0000000708600000|100%| E|CS|TAMS 0x0000000708500000, 0x0000000708500000| Complete 
| 118|0x0000000708600000, 0x0000000708700000, 0x0000000708700000|100%| E|CS|TAMS 0x0000000708600000, 0x0000000708600000| Complete 
| 119|0x0000000708700000, 0x0000000708800000, 0x0000000708800000|100%| E|CS|TAMS 0x0000000708700000, 0x0000000708700000| Complete 
| 120|0x0000000708800000, 0x0000000708900000, 0x0000000708900000|100%| E|CS|TAMS 0x0000000708800000, 0x0000000708800000| Complete 
| 121|0x0000000708900000, 0x0000000708a00000, 0x0000000708a00000|100%| E|CS|TAMS 0x0000000708900000, 0x0000000708900000| Complete 
| 122|0x0000000708a00000, 0x0000000708b00000, 0x0000000708b00000|100%| E|CS|TAMS 0x0000000708a00000, 0x0000000708a00000| Complete 
| 123|0x0000000708b00000, 0x0000000708c00000, 0x0000000708c00000|100%| E|CS|TAMS 0x0000000708b00000, 0x0000000708b00000| Complete 
| 124|0x0000000708c00000, 0x0000000708d00000, 0x0000000708d00000|100%| E|CS|TAMS 0x0000000708c00000, 0x0000000708c00000| Complete 
| 125|0x0000000708d00000, 0x0000000708e00000, 0x0000000708e00000|100%| E|CS|TAMS 0x0000000708d00000, 0x0000000708d00000| Complete 
| 126|0x0000000708e00000, 0x0000000708f00000, 0x0000000708f00000|100%| E|CS|TAMS 0x0000000708e00000, 0x0000000708e00000| Complete 
| 127|0x0000000708f00000, 0x0000000709000000, 0x0000000709000000|100%| E|CS|TAMS 0x0000000708f00000, 0x0000000708f00000| Complete 
| 128|0x0000000709000000, 0x0000000709100000, 0x0000000709100000|100%| E|CS|TAMS 0x0000000709000000, 0x0000000709000000| Complete 
| 129|0x0000000709100000, 0x0000000709200000, 0x0000000709200000|100%| E|CS|TAMS 0x0000000709100000, 0x0000000709100000| Complete 
| 130|0x0000000709200000, 0x0000000709300000, 0x0000000709300000|100%| E|CS|TAMS 0x0000000709200000, 0x0000000709200000| Complete 
| 131|0x0000000709300000, 0x0000000709400000, 0x0000000709400000|100%| E|CS|TAMS 0x0000000709300000, 0x0000000709300000| Complete 
| 132|0x0000000709400000, 0x0000000709500000, 0x0000000709500000|100%| E|CS|TAMS 0x0000000709400000, 0x0000000709400000| Complete 
| 133|0x0000000709500000, 0x0000000709600000, 0x0000000709600000|100%| E|CS|TAMS 0x0000000709500000, 0x0000000709500000| Complete 
| 134|0x0000000709600000, 0x0000000709700000, 0x0000000709700000|100%| E|CS|TAMS 0x0000000709600000, 0x0000000709600000| Complete 
| 135|0x0000000709700000, 0x0000000709800000, 0x0000000709800000|100%| E|CS|TAMS 0x0000000709700000, 0x0000000709700000| Complete 
| 136|0x0000000709800000, 0x0000000709900000, 0x0000000709900000|100%| E|CS|TAMS 0x0000000709800000, 0x0000000709800000| Complete 
| 137|0x0000000709900000, 0x0000000709a00000, 0x0000000709a00000|100%| E|CS|TAMS 0x0000000709900000, 0x0000000709900000| Complete 
| 138|0x0000000709a00000, 0x0000000709b00000, 0x0000000709b00000|100%| E|CS|TAMS 0x0000000709a00000, 0x0000000709a00000| Complete 
| 139|0x0000000709b00000, 0x0000000709c00000, 0x0000000709c00000|100%| E|CS|TAMS 0x0000000709b00000, 0x0000000709b00000| Complete 
| 140|0x0000000709c00000, 0x0000000709d00000, 0x0000000709d00000|100%| E|CS|TAMS 0x0000000709c00000, 0x0000000709c00000| Complete 
| 141|0x0000000709d00000, 0x0000000709e00000, 0x0000000709e00000|100%| E|CS|TAMS 0x0000000709d00000, 0x0000000709d00000| Complete 
| 142|0x0000000709e00000, 0x0000000709f00000, 0x0000000709f00000|100%| E|CS|TAMS 0x0000000709e00000, 0x0000000709e00000| Complete 
| 143|0x0000000709f00000, 0x000000070a000000, 0x000000070a000000|100%| E|CS|TAMS 0x0000000709f00000, 0x0000000709f00000| Complete 
| 144|0x000000070a000000, 0x000000070a100000, 0x000000070a100000|100%| E|CS|TAMS 0x000000070a000000, 0x000000070a000000| Complete 
| 145|0x000000070a100000, 0x000000070a200000, 0x000000070a200000|100%| E|CS|TAMS 0x000000070a100000, 0x000000070a100000| Complete 
| 146|0x000000070a200000, 0x000000070a300000, 0x000000070a300000|100%| E|CS|TAMS 0x000000070a200000, 0x000000070a200000| Complete 
| 147|0x000000070a300000, 0x000000070a400000, 0x000000070a400000|100%| E|CS|TAMS 0x000000070a300000, 0x000000070a300000| Complete 
| 148|0x000000070a400000, 0x000000070a500000, 0x000000070a500000|100%| E|CS|TAMS 0x000000070a400000, 0x000000070a400000| Complete 
| 149|0x000000070a500000, 0x000000070a600000, 0x000000070a600000|100%| E|CS|TAMS 0x000000070a500000, 0x000000070a500000| Complete 
| 150|0x000000070a600000, 0x000000070a700000, 0x000000070a700000|100%| E|CS|TAMS 0x000000070a600000, 0x000000070a600000| Complete 
| 151|0x000000070a700000, 0x000000070a800000, 0x000000070a800000|100%| E|CS|TAMS 0x000000070a700000, 0x000000070a700000| Complete 
| 152|0x000000070a800000, 0x000000070a900000, 0x000000070a900000|100%| E|CS|TAMS 0x000000070a800000, 0x000000070a800000| Complete 
| 153|0x000000070a900000, 0x000000070aa00000, 0x000000070aa00000|100%| E|CS|TAMS 0x000000070a900000, 0x000000070a900000| Complete 
| 154|0x000000070aa00000, 0x000000070ab00000, 0x000000070ab00000|100%| E|CS|TAMS 0x000000070aa00000, 0x000000070aa00000| Complete 
| 155|0x000000070ab00000, 0x000000070ac00000, 0x000000070ac00000|100%| E|CS|TAMS 0x000000070ab00000, 0x000000070ab00000| Complete 
| 156|0x000000070ac00000, 0x000000070ad00000, 0x000000070ad00000|100%| E|CS|TAMS 0x000000070ac00000, 0x000000070ac00000| Complete 
| 157|0x000000070ad00000, 0x000000070ae00000, 0x000000070ae00000|100%| E|CS|TAMS 0x000000070ad00000, 0x000000070ad00000| Complete 
| 158|0x000000070ae00000, 0x000000070af00000, 0x000000070af00000|100%| E|CS|TAMS 0x000000070ae00000, 0x000000070ae00000| Complete 
| 159|0x000000070af00000, 0x000000070b000000, 0x000000070b000000|100%| E|CS|TAMS 0x000000070af00000, 0x000000070af00000| Complete 
| 160|0x000000070b000000, 0x000000070b100000, 0x000000070b100000|100%| E|CS|TAMS 0x000000070b000000, 0x000000070b000000| Complete 
| 161|0x000000070b100000, 0x000000070b200000, 0x000000070b200000|100%| E|CS|TAMS 0x000000070b100000, 0x000000070b100000| Complete 
| 162|0x000000070b200000, 0x000000070b300000, 0x000000070b300000|100%| E|CS|TAMS 0x000000070b200000, 0x000000070b200000| Complete 
| 163|0x000000070b300000, 0x000000070b400000, 0x000000070b400000|100%| E|CS|TAMS 0x000000070b300000, 0x000000070b300000| Complete 
| 164|0x000000070b400000, 0x000000070b500000, 0x000000070b500000|100%| E|CS|TAMS 0x000000070b400000, 0x000000070b400000| Complete 
| 165|0x000000070b500000, 0x000000070b600000, 0x000000070b600000|100%| E|CS|TAMS 0x000000070b500000, 0x000000070b500000| Complete 
| 166|0x000000070b600000, 0x000000070b700000, 0x000000070b700000|100%| E|CS|TAMS 0x000000070b600000, 0x000000070b600000| Complete 
| 167|0x000000070b700000, 0x000000070b800000, 0x000000070b800000|100%| E|CS|TAMS 0x000000070b700000, 0x000000070b700000| Complete 
| 168|0x000000070b800000, 0x000000070b900000, 0x000000070b900000|100%| E|CS|TAMS 0x000000070b800000, 0x000000070b800000| Complete 
| 169|0x000000070b900000, 0x000000070ba00000, 0x000000070ba00000|100%| E|CS|TAMS 0x000000070b900000, 0x000000070b900000| Complete 
| 170|0x000000070ba00000, 0x000000070bb00000, 0x000000070bb00000|100%| E|CS|TAMS 0x000000070ba00000, 0x000000070ba00000| Complete 
| 171|0x000000070bb00000, 0x000000070bc00000, 0x000000070bc00000|100%| E|CS|TAMS 0x000000070bb00000, 0x000000070bb00000| Complete 
| 172|0x000000070bc00000, 0x000000070bd00000, 0x000000070bd00000|100%| E|CS|TAMS 0x000000070bc00000, 0x000000070bc00000| Complete 
| 173|0x000000070bd00000, 0x000000070be00000, 0x000000070be00000|100%| E|CS|TAMS 0x000000070bd00000, 0x000000070bd00000| Complete 
| 174|0x000000070be00000, 0x000000070bf00000, 0x000000070bf00000|100%| E|CS|TAMS 0x000000070be00000, 0x000000070be00000| Complete 
| 175|0x000000070bf00000, 0x000000070c000000, 0x000000070c000000|100%| E|CS|TAMS 0x000000070bf00000, 0x000000070bf00000| Complete 
| 176|0x000000070c000000, 0x000000070c100000, 0x000000070c100000|100%| E|CS|TAMS 0x000000070c000000, 0x000000070c000000| Complete 
| 177|0x000000070c100000, 0x000000070c200000, 0x000000070c200000|100%| E|CS|TAMS 0x000000070c100000, 0x000000070c100000| Complete 
| 178|0x000000070c200000, 0x000000070c300000, 0x000000070c300000|100%| E|CS|TAMS 0x000000070c200000, 0x000000070c200000| Complete 
| 179|0x000000070c300000, 0x000000070c400000, 0x000000070c400000|100%| E|CS|TAMS 0x000000070c300000, 0x000000070c300000| Complete 
| 180|0x000000070c400000, 0x000000070c500000, 0x000000070c500000|100%| E|CS|TAMS 0x000000070c400000, 0x000000070c400000| Complete 
| 181|0x000000070c500000, 0x000000070c600000, 0x000000070c600000|100%| E|CS|TAMS 0x000000070c500000, 0x000000070c500000| Complete 
| 182|0x000000070c600000, 0x000000070c700000, 0x000000070c700000|100%| E|CS|TAMS 0x000000070c600000, 0x000000070c600000| Complete 
| 183|0x000000070c700000, 0x000000070c800000, 0x000000070c800000|100%| E|CS|TAMS 0x000000070c700000, 0x000000070c700000| Complete 
| 184|0x000000070c800000, 0x000000070c900000, 0x000000070c900000|100%| E|CS|TAMS 0x000000070c800000, 0x000000070c800000| Complete 
| 185|0x000000070c900000, 0x000000070ca00000, 0x000000070ca00000|100%| E|CS|TAMS 0x000000070c900000, 0x000000070c900000| Complete 
| 186|0x000000070ca00000, 0x000000070cb00000, 0x000000070cb00000|100%| E|CS|TAMS 0x000000070ca00000, 0x000000070ca00000| Complete 
| 187|0x000000070cb00000, 0x000000070cc00000, 0x000000070cc00000|100%| E|CS|TAMS 0x000000070cb00000, 0x000000070cb00000| Complete 
| 188|0x000000070cc00000, 0x000000070cd00000, 0x000000070cd00000|100%| E|CS|TAMS 0x000000070cc00000, 0x000000070cc00000| Complete 
| 189|0x000000070cd00000, 0x000000070ce00000, 0x000000070ce00000|100%| E|CS|TAMS 0x000000070cd00000, 0x000000070cd00000| Complete 
| 190|0x000000070ce00000, 0x000000070cf00000, 0x000000070cf00000|100%| E|CS|TAMS 0x000000070ce00000, 0x000000070ce00000| Complete 
| 191|0x000000070cf00000, 0x000000070d000000, 0x000000070d000000|100%| E|CS|TAMS 0x000000070cf00000, 0x000000070cf00000| Complete 
| 192|0x000000070d000000, 0x000000070d100000, 0x000000070d100000|100%| E|CS|TAMS 0x000000070d000000, 0x000000070d000000| Complete 
| 193|0x000000070d100000, 0x000000070d200000, 0x000000070d200000|100%| E|CS|TAMS 0x000000070d100000, 0x000000070d100000| Complete 
| 194|0x000000070d200000, 0x000000070d300000, 0x000000070d300000|100%| E|CS|TAMS 0x000000070d200000, 0x000000070d200000| Complete 
| 195|0x000000070d300000, 0x000000070d400000, 0x000000070d400000|100%| E|CS|TAMS 0x000000070d300000, 0x000000070d300000| Complete 
| 196|0x000000070d400000, 0x000000070d500000, 0x000000070d500000|100%| E|CS|TAMS 0x000000070d400000, 0x000000070d400000| Complete 
| 197|0x000000070d500000, 0x000000070d600000, 0x000000070d600000|100%| E|CS|TAMS 0x000000070d500000, 0x000000070d500000| Complete 
| 198|0x000000070d600000, 0x000000070d700000, 0x000000070d700000|100%| E|CS|TAMS 0x000000070d600000, 0x000000070d600000| Complete 
| 199|0x000000070d700000, 0x000000070d800000, 0x000000070d800000|100%| E|CS|TAMS 0x000000070d700000, 0x000000070d700000| Complete 
| 200|0x000000070d800000, 0x000000070d900000, 0x000000070d900000|100%| E|CS|TAMS 0x000000070d800000, 0x000000070d800000| Complete 
| 201|0x000000070d900000, 0x000000070da00000, 0x000000070da00000|100%| E|CS|TAMS 0x000000070d900000, 0x000000070d900000| Complete 
| 202|0x000000070da00000, 0x000000070db00000, 0x000000070db00000|100%| E|CS|TAMS 0x000000070da00000, 0x000000070da00000| Complete 
| 203|0x000000070db00000, 0x000000070dc00000, 0x000000070dc00000|100%| E|CS|TAMS 0x000000070db00000, 0x000000070db00000| Complete 
| 204|0x000000070dc00000, 0x000000070dd00000, 0x000000070dd00000|100%| E|CS|TAMS 0x000000070dc00000, 0x000000070dc00000| Complete 
| 205|0x000000070dd00000, 0x000000070de00000, 0x000000070de00000|100%| E|CS|TAMS 0x000000070dd00000, 0x000000070dd00000| Complete 
| 206|0x000000070de00000, 0x000000070df00000, 0x000000070df00000|100%| E|CS|TAMS 0x000000070de00000, 0x000000070de00000| Complete 
| 207|0x000000070df00000, 0x000000070e000000, 0x000000070e000000|100%| E|CS|TAMS 0x000000070df00000, 0x000000070df00000| Complete 
| 208|0x000000070e000000, 0x000000070e100000, 0x000000070e100000|100%| E|CS|TAMS 0x000000070e000000, 0x000000070e000000| Complete 
| 209|0x000000070e100000, 0x000000070e200000, 0x000000070e200000|100%| E|CS|TAMS 0x000000070e100000, 0x000000070e100000| Complete 
| 210|0x000000070e200000, 0x000000070e300000, 0x000000070e300000|100%| E|CS|TAMS 0x000000070e200000, 0x000000070e200000| Complete 
| 211|0x000000070e300000, 0x000000070e400000, 0x000000070e400000|100%| E|CS|TAMS 0x000000070e300000, 0x000000070e300000| Complete 
| 212|0x000000070e400000, 0x000000070e500000, 0x000000070e500000|100%| E|CS|TAMS 0x000000070e400000, 0x000000070e400000| Complete 
| 213|0x000000070e500000, 0x000000070e600000, 0x000000070e600000|100%| E|CS|TAMS 0x000000070e500000, 0x000000070e500000| Complete 
| 214|0x000000070e600000, 0x000000070e700000, 0x000000070e700000|100%| E|CS|TAMS 0x000000070e600000, 0x000000070e600000| Complete 
| 215|0x000000070e700000, 0x000000070e800000, 0x000000070e800000|100%| E|CS|TAMS 0x000000070e700000, 0x000000070e700000| Complete 
| 216|0x000000070e800000, 0x000000070e900000, 0x000000070e900000|100%| E|CS|TAMS 0x000000070e800000, 0x000000070e800000| Complete 
| 217|0x000000070e900000, 0x000000070ea00000, 0x000000070ea00000|100%| E|CS|TAMS 0x000000070e900000, 0x000000070e900000| Complete 
| 218|0x000000070ea00000, 0x000000070eb00000, 0x000000070eb00000|100%| E|CS|TAMS 0x000000070ea00000, 0x000000070ea00000| Complete 
| 219|0x000000070eb00000, 0x000000070ec00000, 0x000000070ec00000|100%| E|CS|TAMS 0x000000070eb00000, 0x000000070eb00000| Complete 
| 220|0x000000070ec00000, 0x000000070ed00000, 0x000000070ed00000|100%| E|CS|TAMS 0x000000070ec00000, 0x000000070ec00000| Complete 
| 221|0x000000070ed00000, 0x000000070ee00000, 0x000000070ee00000|100%| E|CS|TAMS 0x000000070ed00000, 0x000000070ed00000| Complete 
| 222|0x000000070ee00000, 0x000000070ef00000, 0x000000070ef00000|100%| E|CS|TAMS 0x000000070ee00000, 0x000000070ee00000| Complete 
| 223|0x000000070ef00000, 0x000000070f000000, 0x000000070f000000|100%| E|CS|TAMS 0x000000070ef00000, 0x000000070ef00000| Complete 
| 224|0x000000070f000000, 0x000000070f100000, 0x000000070f100000|100%| E|CS|TAMS 0x000000070f000000, 0x000000070f000000| Complete 
| 225|0x000000070f100000, 0x000000070f200000, 0x000000070f200000|100%| E|CS|TAMS 0x000000070f100000, 0x000000070f100000| Complete 
| 226|0x000000070f200000, 0x000000070f300000, 0x000000070f300000|100%| E|CS|TAMS 0x000000070f200000, 0x000000070f200000| Complete 
| 227|0x000000070f300000, 0x000000070f400000, 0x000000070f400000|100%| E|CS|TAMS 0x000000070f300000, 0x000000070f300000| Complete 
| 228|0x000000070f400000, 0x000000070f500000, 0x000000070f500000|100%| E|CS|TAMS 0x000000070f400000, 0x000000070f400000| Complete 
| 229|0x000000070f500000, 0x000000070f600000, 0x000000070f600000|100%| E|CS|TAMS 0x000000070f500000, 0x000000070f500000| Complete 
| 230|0x000000070f600000, 0x000000070f700000, 0x000000070f700000|100%| E|CS|TAMS 0x000000070f600000, 0x000000070f600000| Complete 
| 231|0x000000070f700000, 0x000000070f800000, 0x000000070f800000|100%| E|CS|TAMS 0x000000070f700000, 0x000000070f700000| Complete 
| 232|0x000000070f800000, 0x000000070f900000, 0x000000070f900000|100%| E|CS|TAMS 0x000000070f800000, 0x000000070f800000| Complete 
| 233|0x000000070f900000, 0x000000070fa00000, 0x000000070fa00000|100%| E|CS|TAMS 0x000000070f900000, 0x000000070f900000| Complete 
| 234|0x000000070fa00000, 0x000000070fb00000, 0x000000070fb00000|100%| E|CS|TAMS 0x000000070fa00000, 0x000000070fa00000| Complete 
| 235|0x000000070fb00000, 0x000000070fc00000, 0x000000070fc00000|100%| E|CS|TAMS 0x000000070fb00000, 0x000000070fb00000| Complete 
| 236|0x000000070fc00000, 0x000000070fd00000, 0x000000070fd00000|100%| E|CS|TAMS 0x000000070fc00000, 0x000000070fc00000| Complete 
| 237|0x000000070fd00000, 0x000000070fe00000, 0x000000070fe00000|100%| E|CS|TAMS 0x000000070fd00000, 0x000000070fd00000| Complete 
| 238|0x000000070fe00000, 0x000000070ff00000, 0x000000070ff00000|100%| E|CS|TAMS 0x000000070fe00000, 0x000000070fe00000| Complete 
| 239|0x000000070ff00000, 0x0000000710000000, 0x0000000710000000|100%| E|CS|TAMS 0x000000070ff00000, 0x000000070ff00000| Complete 
| 240|0x0000000710000000, 0x0000000710100000, 0x0000000710100000|100%| E|CS|TAMS 0x0000000710000000, 0x0000000710000000| Complete 
| 241|0x0000000710100000, 0x0000000710200000, 0x0000000710200000|100%| E|CS|TAMS 0x0000000710100000, 0x0000000710100000| Complete 
| 242|0x0000000710200000, 0x0000000710300000, 0x0000000710300000|100%| E|CS|TAMS 0x0000000710200000, 0x0000000710200000| Complete 
| 243|0x0000000710300000, 0x0000000710400000, 0x0000000710400000|100%| E|CS|TAMS 0x0000000710300000, 0x0000000710300000| Complete 
| 244|0x0000000710400000, 0x0000000710500000, 0x0000000710500000|100%| E|CS|TAMS 0x0000000710400000, 0x0000000710400000| Complete 
| 245|0x0000000710500000, 0x0000000710600000, 0x0000000710600000|100%| E|CS|TAMS 0x0000000710500000, 0x0000000710500000| Complete 
| 246|0x0000000710600000, 0x0000000710700000, 0x0000000710700000|100%| E|CS|TAMS 0x0000000710600000, 0x0000000710600000| Complete 
| 247|0x0000000710700000, 0x0000000710800000, 0x0000000710800000|100%| E|CS|TAMS 0x0000000710700000, 0x0000000710700000| Complete 
| 248|0x0000000710800000, 0x0000000710900000, 0x0000000710900000|100%| E|CS|TAMS 0x0000000710800000, 0x0000000710800000| Complete 
| 249|0x0000000710900000, 0x0000000710a00000, 0x0000000710a00000|100%| E|CS|TAMS 0x0000000710900000, 0x0000000710900000| Complete 
| 250|0x0000000710a00000, 0x0000000710b00000, 0x0000000710b00000|100%| E|CS|TAMS 0x0000000710a00000, 0x0000000710a00000| Complete 
| 251|0x0000000710b00000, 0x0000000710c00000, 0x0000000710c00000|100%| E|CS|TAMS 0x0000000710b00000, 0x0000000710b00000| Complete 
| 252|0x0000000710c00000, 0x0000000710d00000, 0x0000000710d00000|100%| E|CS|TAMS 0x0000000710c00000, 0x0000000710c00000| Complete 
| 253|0x0000000710d00000, 0x0000000710e00000, 0x0000000710e00000|100%| E|CS|TAMS 0x0000000710d00000, 0x0000000710d00000| Complete 
| 254|0x0000000710e00000, 0x0000000710f00000, 0x0000000710f00000|100%| E|CS|TAMS 0x0000000710e00000, 0x0000000710e00000| Complete 
| 255|0x0000000710f00000, 0x0000000711000000, 0x0000000711000000|100%| E|CS|TAMS 0x0000000710f00000, 0x0000000710f00000| Complete 

Card table byte_map: [0x000001b12c2f0000,0x000001b12caf0000] _byte_map_base: 0x000001b128ae8000

Marking Bits (Prev, Next): (CMBitMap*) 0x000001b1151ef0f8, (CMBitMap*) 0x000001b1151ef130
 Prev Bits: [0x000001b12d2f0000, 0x000001b1312b0000)
 Next Bits: [0x000001b1312b0000, 0x000001b135270000)

Polling page: 0x000001b114960000

Metaspace:

Usage:
  Non-class:     48.07 MB capacity,    47.17 MB ( 98%) used,   739.28 KB (  2%) free+waste,   179.19 KB ( <1%) overhead. 
      Class:      7.87 MB capacity,     7.26 MB ( 92%) used,   533.04 KB (  7%) free+waste,    91.25 KB (  1%) overhead. 
       Both:     55.93 MB capacity,    54.43 MB ( 97%) used,     1.24 MB (  2%) free+waste,   270.44 KB ( <1%) overhead. 

Virtual space:
  Non-class space:       50.00 MB reserved,      48.25 MB ( 97%) committed 
      Class space:        1.00 GB reserved,       7.88 MB ( <1%) committed 
             Both:        1.05 GB reserved,      56.13 MB (  5%) committed 

Chunk freelists:
   Non-Class:  0 bytes
       Class:  1.13 KB
        Both:  1.13 KB

CodeHeap 'non-profiled nmethods': size=238336Kb used=7402Kb max_used=7402Kb free=230933Kb
 bounds [0x000001b11cef0000, 0x000001b11d630000, 0x000001b12b7b0000]
CodeHeap 'non-nmethods': size=7424Kb used=1250Kb max_used=1250Kb free=6173Kb
 bounds [0x000001b11c7b0000, 0x000001b11ca20000, 0x000001b11cef0000]
 total_blobs=5416 nmethods=4796 adapters=545
 compilation: enabled
              stopped_count=0, restarted_count=0
 full_count=0

Compilation events (10 events):
Event: 2.397 Thread 0x000001b138703000 4791       1       org.springframework.core.ResolvableType::hasGenerics (14 bytes)
Event: 2.397 Thread 0x000001b138703000 nmethod 4791 0x000001b11d629890 code [0x000001b11d629a20, 0x000001b11d629b08]
Event: 2.397 Thread 0x000001b138703000 4790       1       jdk.internal.reflect.AccessorGenerator::internalize (9 bytes)
Event: 2.397 Thread 0x000001b138703000 nmethod 4790 0x000001b11d629b90 code [0x000001b11d629d20, 0x000001b11d629de8]
Event: 2.397 Thread 0x000001b138703000 4793       1       org.springframework.beans.factory.support.AbstractAutowireCapableBeanFactory::getLogger (5 bytes)
Event: 2.397 Thread 0x000001b138703000 nmethod 4793 0x000001b11d629e90 code [0x000001b11d62a020, 0x000001b11d62a0d8]
Event: 2.398 Thread 0x000001b138703000 4795       1       org.springframework.beans.factory.annotation.AutowiredAnnotationBeanPostProcessor$$Lambda$438/0x00000008003ca440::get$Lambda (11 bytes)
Event: 2.398 Thread 0x000001b138703000 nmethod 4795 0x000001b11d62a190 code [0x000001b11d62a320, 0x000001b11d62a558]
Event: 2.398 Thread 0x000001b138703000 4796       1       org.springframework.beans.factory.annotation.AutowiredAnnotationBeanPostProcessor$$Lambda$438/0x00000008003ca440::<init> (20 bytes)
Event: 2.398 Thread 0x000001b138703000 nmethod 4796 0x000001b11d62a610 code [0x000001b11d62a7a0, 0x000001b11d62a978]

GC Heap History (9 events):
Event: 0.397 GC heap before
{Heap before GC invocations=0 (full 0):
 garbage-first heap   total 262144K, used 24576K [0x0000000701000000, 0x0000000800000000)
  region size 1024K, 24 young (24576K), 0 survivors (0K)
 Metaspace       used 12853K, capacity 13127K, committed 13440K, reserved 1060864K
  class space    used 1416K, capacity 1546K, committed 1664K, reserved 1048576K
}
Event: 0.400 GC heap after
{Heap after GC invocations=1 (full 0):
 garbage-first heap   total 262144K, used 6718K [0x0000000701000000, 0x0000000800000000)
  region size 1024K, 3 young (3072K), 3 survivors (3072K)
 Metaspace       used 12853K, capacity 13127K, committed 13440K, reserved 1060864K
  class space    used 1416K, capacity 1546K, committed 1664K, reserved 1048576K
}
Event: 0.628 GC heap before
{Heap before GC invocations=1 (full 0):
 garbage-first heap   total 262144K, used 52798K [0x0000000701000000, 0x0000000800000000)
  region size 1024K, 49 young (50176K), 3 survivors (3072K)
 Metaspace       used 20554K, capacity 21135K, committed 21248K, reserved 1067008K
  class space    used 2514K, capacity 2754K, committed 2816K, reserved 1048576K
}
Event: 0.632 GC heap after
{Heap after GC invocations=2 (full 0):
 garbage-first heap   total 262144K, used 8910K [0x0000000701000000, 0x0000000800000000)
  region size 1024K, 6 young (6144K), 6 survivors (6144K)
 Metaspace       used 20554K, capacity 21135K, committed 21248K, reserved 1067008K
  class space    used 2514K, capacity 2754K, committed 2816K, reserved 1048576K
}
Event: 0.838 GC heap before
{Heap before GC invocations=3 (full 0):
 garbage-first heap   total 262144K, used 62158K [0x0000000701000000, 0x0000000800000000)
  region size 1024K, 58 young (59392K), 6 survivors (6144K)
 Metaspace       used 25638K, capacity 26487K, committed 26624K, reserved 1073152K
  class space    used 3170K, capacity 3504K, committed 3584K, reserved 1048576K
}
Event: 0.843 GC heap after
{Heap after GC invocations=4 (full 0):
 garbage-first heap   total 262144K, used 11545K [0x0000000701000000, 0x0000000800000000)
  region size 1024K, 5 young (5120K), 5 survivors (5120K)
 Metaspace       used 25638K, capacity 26487K, committed 26624K, reserved 1073152K
  class space    used 3170K, capacity 3504K, committed 3584K, reserved 1048576K
}
Event: 1.329 GC heap before
{Heap before GC invocations=4 (full 0):
 garbage-first heap   total 262144K, used 153881K [0x0000000701000000, 0x0000000800000000)
  region size 1024K, 146 young (149504K), 5 survivors (5120K)
 Metaspace       used 34408K, capacity 35617K, committed 35840K, reserved 1081344K
  class space    used 4352K, capacity 4853K, committed 4864K, reserved 1048576K
}
Event: 1.335 GC heap after
{Heap after GC invocations=5 (full 0):
 garbage-first heap   total 262144K, used 16416K [0x0000000701000000, 0x0000000800000000)
  region size 1024K, 10 young (10240K), 10 survivors (10240K)
 Metaspace       used 34408K, capacity 35617K, committed 35840K, reserved 1081344K
  class space    used 4352K, capacity 4853K, committed 4864K, reserved 1048576K
}
Event: 2.399 GC heap before
{Heap before GC invocations=6 (full 0):
 garbage-first heap   total 262144K, used 162848K [0x0000000701000000, 0x0000000800000000)
  region size 1024K, 153 young (156672K), 10 survivors (10240K)
 Metaspace       used 55732K, capacity 57275K, committed 57472K, reserved 1099776K
  class space    used 7430K, capacity 8055K, committed 8064K, reserved 1048576K
}

Deoptimization events (0 events):
No events

Classes redefined (0 events):
No events

Internal exceptions (10 events):
Event: 2.116 Thread 0x000001b115190000 Exception <a 'java/lang/ClassNotFoundException'{0x000000070ada2700}: org/springframework/beans/factory/AwareCustomizer> (0x000000070ada2700) thrown at [./open/src/hotspot/share/classfile/systemDictionary.cpp, line 227]
Event: 2.117 Thread 0x000001b115190000 Exception <a 'java/lang/ClassNotFoundException'{0x000000070adae0e8}: org/springframework/beans/factory/BeanClassLoaderAwareCustomizer> (0x000000070adae0e8) thrown at [./open/src/hotspot/share/classfile/systemDictionary.cpp, line 227]
Event: 2.117 Thread 0x000001b115190000 Exception <a 'java/lang/ClassNotFoundException'{0x000000070adb9480}: org/springframework/beans/factory/AwareCustomizer> (0x000000070adb9480) thrown at [./open/src/hotspot/share/classfile/systemDictionary.cpp, line 227]
Event: 2.187 Thread 0x000001b115190000 Exception <a 'java/lang/ClassNotFoundException'{0x000000070a125928}: java/lang/ObjectCustomizer> (0x000000070a125928) thrown at [./open/src/hotspot/share/classfile/systemDictionary.cpp, line 227]
Event: 2.187 Thread 0x000001b115190000 Exception <a 'java/lang/ClassNotFoundException'{0x000000070a137950}: org/springframework/security/config/annotation/web/configuration/HttpSecurityConfigurationCustomizer> (0x000000070a137950) thrown at [./open/src/hotspot/share/classfile/systemDictionary.
Event: 2.196 Thread 0x000001b115190000 Exception <a 'java/lang/NoSuchMethodError'{0x000000070a0569f0}: java.lang.invoke.DirectMethodHandle$Holder.invokeInterface(Ljava/lang/Object;Ljava/lang/Object;Ljava/lang/Object;Ljava/lang/Object;)Ljava/lang/Object;> (0x000000070a0569f0) thrown at [./open/
Event: 2.242 Thread 0x000001b13a597800 Exception <a 'java/lang/reflect/InvocationTargetException'{0x000000070dd164f0}> (0x000000070dd164f0) thrown at [./open/src/hotspot/share/runtime/reflection.cpp, line 1242]
Event: 2.251 Thread 0x000001b115190000 Exception <a 'java/lang/NoSuchMethodError'{0x00000007098fec58}: java.lang.invoke.DirectMethodHandle$Holder.invokeVirtual(Ljava/lang/Object;Ljava/lang/Object;I)V> (0x00000007098fec58) thrown at [./open/src/hotspot/share/interpreter/linkResolver.cpp, line 7
Event: 2.252 Thread 0x000001b115190000 Exception <a 'java/lang/NoSuchMethodError'{0x0000000709718ef8}: java.lang.invoke.DirectMethodHandle$Holder.invokeVirtual(Ljava/lang/Object;Ljava/lang/Object;J)V> (0x0000000709718ef8) thrown at [./open/src/hotspot/share/interpreter/linkResolver.cpp, line 7
Event: 2.312 Thread 0x000001b115190000 Exception <a 'java/lang/IncompatibleClassChangeError'{0x0000000708f57720}: Found class java.lang.Object, but interface was expected> (0x0000000708f57720) thrown at [./open/src/hotspot/share/interpreter/linkResolver.cpp, line 838]

Events (10 events):
Event: 2.392 loading class org/springframework/boot/task/TaskSchedulerCustomizer done
Event: 2.394 loading class org/springframework/web/servlet/resource/ResourceUrlEncodingFilter
Event: 2.394 loading class org/springframework/web/servlet/resource/ResourceUrlEncodingFilter done
Event: 2.395 loading class org/springframework/jdbc/datasource/DataSourceTransactionManager
Event: 2.395 loading class org/springframework/jdbc/datasource/DataSourceTransactionManager done
Event: 2.396 loading class org/springframework/transaction/support/TransactionCallback
Event: 2.396 loading class org/springframework/transaction/support/TransactionCallback done
Event: 2.397 loading class org/springframework/boot/convert/DurationUnit
Event: 2.397 loading class org/springframework/boot/convert/DurationUnit done
Event: 2.398 Executing VM operation: G1CollectForAllocation


Dynamic libraries:
0x00007ff62a080000 - 0x00007ff62a08f000 	C:\Program Files\Java\jdk-11.0.13\bin\java.exe
0x00007ffa1e5b0000 - 0x00007ffa1e7a5000 	C:\Windows\SYSTEM32\ntdll.dll
0x00007ff9f8280000 - 0x00007ff9f8293000 	C:\Program Files\AVG\Antivirus\aswhook.dll
0x00007ffa1d360000 - 0x00007ffa1d41e000 	C:\Windows\System32\KERNEL32.DLL
0x00007ffa1bf90000 - 0x00007ffa1c258000 	C:\Windows\System32\KERNELBASE.dll
0x00007ffa1c260000 - 0x00007ffa1c360000 	C:\Windows\System32\ucrtbase.dll
0x00007ffa03850000 - 0x00007ffa03868000 	C:\Program Files\Java\jdk-11.0.13\bin\jli.dll
0x00007ffa03830000 - 0x00007ffa03845000 	C:\Program Files\Java\jdk-11.0.13\bin\VCRUNTIME140.dll
0x00007ffa1e4c0000 - 0x00007ffa1e56e000 	C:\Windows\System32\ADVAPI32.dll
0x00007ffa1e420000 - 0x00007ffa1e4be000 	C:\Windows\System32\msvcrt.dll
0x00007ffa1d6a0000 - 0x00007ffa1d73c000 	C:\Windows\System32\sechost.dll
0x00007ffa1d740000 - 0x00007ffa1d865000 	C:\Windows\System32\RPCRT4.dll
0x00007ffa1b090000 - 0x00007ffa1b32a000 	C:\Windows\WinSxS\amd64_microsoft.windows.common-controls_6595b64144ccf1df_6.0.19041.1110_none_60b5254171f9507e\COMCTL32.dll
0x00007ffa1c730000 - 0x00007ffa1c8d1000 	C:\Windows\System32\USER32.dll
0x00007ffa1dd10000 - 0x00007ffa1dd3b000 	C:\Windows\System32\GDI32.dll
0x00007ffa1be80000 - 0x00007ffa1bea2000 	C:\Windows\System32\win32u.dll
0x00007ffa1bd70000 - 0x00007ffa1be7d000 	C:\Windows\System32\gdi32full.dll
0x00007ffa1c550000 - 0x00007ffa1c5ed000 	C:\Windows\System32\msvcp_win.dll
0x00007ffa14e30000 - 0x00007ffa14e3a000 	C:\Windows\SYSTEM32\VERSION.dll
0x00007ffa1c8e0000 - 0x00007ffa1c910000 	C:\Windows\System32\IMM32.DLL
0x00007ffa03790000 - 0x00007ffa0382b000 	C:\Program Files\Java\jdk-11.0.13\bin\msvcp140.dll
0x00007ff9aa4a0000 - 0x00007ff9aafb3000 	C:\Program Files\Java\jdk-11.0.13\bin\server\jvm.dll
0x00007ffa1d4d0000 - 0x00007ffa1d4d8000 	C:\Windows\System32\PSAPI.DLL
0x00007ffa0ab70000 - 0x00007ffa0ab79000 	C:\Windows\SYSTEM32\WSOCK32.dll
0x00007ffa0af90000 - 0x00007ffa0afb7000 	C:\Windows\SYSTEM32\WINMM.dll
0x00007ffa1d630000 - 0x00007ffa1d69b000 	C:\Windows\System32\WS2_32.dll
0x00007ffa18ef0000 - 0x00007ffa18f02000 	C:\Windows\SYSTEM32\kernel.appcore.dll
0x00007ffa1b690000 - 0x00007ffa1b6a0000 	C:\Program Files\Java\jdk-11.0.13\bin\verify.dll
0x00007ffa1b6e0000 - 0x00007ffa1b8c4000 	C:\Windows\SYSTEM32\DBGHELP.DLL
0x00007ffa1b490000 - 0x00007ffa1b4bc000 	C:\Windows\SYSTEM32\dbgcore.DLL
0x00007ffa1bf00000 - 0x00007ffa1bf82000 	C:\Windows\System32\bcryptPrimitives.dll
0x00007ffa03760000 - 0x00007ffa03788000 	C:\Program Files\Java\jdk-11.0.13\bin\java.dll
0x00007ffa03750000 - 0x00007ffa0375a000 	C:\Program Files\Java\jdk-11.0.13\bin\jimage.dll
0x00007ff9ef050000 - 0x00007ff9ef05e000 	C:\Program Files\Java\jdk-11.0.13\bin\instrument.dll
0x00007ffa03730000 - 0x00007ffa03746000 	C:\Program Files\Java\jdk-11.0.13\bin\zip.dll
0x00007ffa1ca80000 - 0x00007ffa1d1c4000 	C:\Windows\System32\SHELL32.dll
0x00007ffa190f0000 - 0x00007ffa19885000 	C:\Windows\SYSTEM32\windows.storage.dll
0x00007ffa1d9b0000 - 0x00007ffa1dd05000 	C:\Windows\System32\combase.dll
0x00007ffa1b020000 - 0x00007ffa1b04e000 	C:\Windows\SYSTEM32\Wldp.dll
0x00007ffa1d420000 - 0x00007ffa1d4cd000 	C:\Windows\System32\SHCORE.dll
0x00007ffa1c5f0000 - 0x00007ffa1c645000 	C:\Windows\System32\shlwapi.dll
0x00007ffa1bc00000 - 0x00007ffa1bc1f000 	C:\Windows\SYSTEM32\profapi.dll
0x00007ff9ee210000 - 0x00007ff9ee229000 	C:\Program Files\Java\jdk-11.0.13\bin\net.dll
0x00007ffa11c30000 - 0x00007ffa11d3c000 	C:\Windows\SYSTEM32\WINHTTP.dll
0x00007ffa1af30000 - 0x00007ffa1af9a000 	C:\Windows\system32\mswsock.dll
0x00007ff9ee1f0000 - 0x00007ff9ee202000 	C:\Program Files\Java\jdk-11.0.13\bin\nio.dll
0x00007ff9ee270000 - 0x00007ff9ee28a000 	C:\Program Files\JetBrains\IntelliJ IDEA 2021.2.3\bin\breakgen64.dll
0x00007ffa1aab0000 - 0x00007ffa1ab7b000 	C:\Windows\SYSTEM32\DNSAPI.dll
0x00007ffa1aa70000 - 0x00007ffa1aaab000 	C:\Windows\SYSTEM32\IPHLPAPI.DLL
0x00007ffa1d870000 - 0x00007ffa1d878000 	C:\Windows\System32\NSI.dll
0x00007ffa117d0000 - 0x00007ffa117da000 	C:\Windows\System32\rasadhlp.dll
0x00007ffa11080000 - 0x00007ffa110ff000 	C:\Windows\System32\fwpuclnt.dll
0x00007ffa1c520000 - 0x00007ffa1c547000 	C:\Windows\System32\bcrypt.dll
0x00007ffa036e0000 - 0x00007ffa036e9000 	C:\Program Files\Java\jdk-11.0.13\bin\management.dll
0x00007ff9ffda0000 - 0x00007ff9ffdab000 	C:\Program Files\Java\jdk-11.0.13\bin\management_ext.dll
0x00007ffa1ba40000 - 0x00007ffa1ba58000 	C:\Windows\SYSTEM32\CRYPTSP.dll
0x00007ffa1a720000 - 0x00007ffa1a754000 	C:\Windows\system32\rsaenh.dll
0x00007ffa1bbc0000 - 0x00007ffa1bbee000 	C:\Windows\SYSTEM32\USERENV.dll
0x00007ffa1ae60000 - 0x00007ffa1ae6c000 	C:\Windows\SYSTEM32\CRYPTBASE.dll
0x00007ffa14df0000 - 0x00007ffa14e07000 	C:\Windows\SYSTEM32\dhcpcsvc6.DLL
0x00007ffa14d90000 - 0x00007ffa14dad000 	C:\Windows\SYSTEM32\dhcpcsvc.DLL
0x00007ff9ffaa0000 - 0x00007ff9ffab7000 	C:\Windows\system32\napinsp.dll
0x00007ff9ff880000 - 0x00007ff9ff89b000 	C:\Windows\system32\pnrpnsp.dll
0x00007ff9ff860000 - 0x00007ff9ff875000 	C:\Windows\system32\wshbth.dll
0x00007ffa17b80000 - 0x00007ffa17b9d000 	C:\Windows\system32\NLAapi.dll
0x00007ff9ff840000 - 0x00007ff9ff852000 	C:\Windows\System32\winrnr.dll
0x00007ff9ee240000 - 0x00007ff9ee265000 	C:\Program Files\Java\jdk-11.0.13\bin\sunec.dll
0x00007ff9ee230000 - 0x00007ff9ee23d000 	C:\Program Files\Java\jdk-11.0.13\bin\sunmscapi.dll
0x00007ffa1c360000 - 0x00007ffa1c4b6000 	C:\Windows\System32\CRYPT32.dll
0x00007ffa1b330000 - 0x00007ffa1b357000 	C:\Windows\SYSTEM32\ncrypt.dll
0x00007ffa1b050000 - 0x00007ffa1b08b000 	C:\Windows\SYSTEM32\NTASN1.dll

dbghelp: loaded successfully - version: 4.0.5 - missing functions: none
symbol engine: initialized successfully - sym options: 0x614 - pdb path: .;C:\Program Files\Java\jdk-11.0.13\bin;C:\Windows\SYSTEM32;C:\Program Files\AVG\Antivirus;C:\Windows\WinSxS\amd64_microsoft.windows.common-controls_6595b64144ccf1df_6.0.19041.1110_none_60b5254171f9507e;C:\Program Files\Java\jdk-11.0.13\bin\server;C:\Program Files\JetBrains\IntelliJ IDEA 2021.2.3\bin

VM Arguments:
jvm_args: -XX:TieredStopAtLevel=1 -Xverify:none -Dspring.output.ansi.enabled=always -javaagent:C:\Program Files\JetBrains\IntelliJ IDEA 2021.2.3\lib\idea_rt.jar=4696:C:\Program Files\JetBrains\IntelliJ IDEA 2021.2.3\bin -Dcom.sun.management.jmxremote -Dspring.jmx.enabled=true -Dspring.liveBeansView.mbeanDomain -Dspring.application.admin.enabled=true -Dfile.encoding=UTF-8 
java_command: com.example.board.BoardApplication
java_class_path (initial): C:\Users\Administrator\Desktop\colin_pilot_project\board_colin\build\classes\java\main;C:\Users\Administrator\Desktop\colin_pilot_project\board_colin\build\resources\main;C:\Users\Administrator\.gradle\caches\modules-2\files-2.1\org.projectlombok\lombok\1.18.22\9c08ea24c6eb714e2d6170e8122c069a0ba9aacf\lombok-1.18.22.jar;C:\Users\Administrator\.gradle\caches\modules-2\files-2.1\org.springframework.boot\spring-boot-starter-thymeleaf\2.5.7\c14382d6f3e85fde378800d1a95fd7575a1760b1\spring-boot-starter-thymeleaf-2.5.7.jar;C:\Users\Administrator\.gradle\caches\modules-2\files-2.1\org.springframework.boot\spring-boot-starter-web\2.5.7\a994b0ea2c992aded6d9e19be8ba8fdfb3a17d9e\spring-boot-starter-web-2.5.7.jar;C:\Users\Administrator\.gradle\caches\modules-2\files-2.1\org.jetbrains\annotations\20.1.0\2fcd1f3225bca0c4a7bc931142076f8c1e80993f\annotations-20.1.0.jar;C:\Users\Administrator\.gradle\caches\modules-2\files-2.1\org.springframework.boot\spring-boot-starter-validation\2.5.7\6302c6a44c80fe9f004bb92f217f0c596852940b\spring-boot-starter-validation-2.5.7.jar;C:\Users\Administrator\.gradle\caches\modules-2\files-2.1\org.springframework.boot\spring-boot-starter-mustache\2.5.7\d80db6adeeee0a6e0d47760cd37b5702b5f40f8d\spring-boot-starter-mustache-2.5.7.jar;C:\Users\Administrator\.gradle\caches\modules-2\files-2.1\org.springframework.boot\spring-boot-starter-security\2.5.7\e83f829aefc738c80318d753b198f87575047d21\spring-boot-starter-security-2.5.7.jar;C:\Users\Administrator\.gradle\caches\modules-2\files-2.1\org.hibernate\hibernate-core\5.3.7.Final\f87c5c1bbfc638309824140e68dfaaeb1bb479f3\hibernate-core-5.3.7.Final.jar;C:\Users\Administrator\.gradle\caches\modules-2\files-2.1\org.springframework\spring-orm\5.3.6\804d2fe2df5c2aee3b263e22e28741731724a515\spring-orm-5.3.6.jar;C:\Users\Administrator\.gradle\caches\modules-2\files-2.1\javax.xml.bind\jaxb-api\2.3.1\8531ad5ac454cc2deb9d4d32c40c4d7451939b5d\jaxb-api-2.3.1.jar;C:\Users\Administrator\.gradle\c
Launcher Type: SUN_STANDARD

[Global flags]
     bool BytecodeVerificationLocal                = false                                     {product} {command line}
     bool BytecodeVerificationRemote               = false                                     {product} {command line}
     intx CICompilerCount                          = 4                                         {product} {ergonomic}
     uint ConcGCThreads                            = 2                                         {product} {ergonomic}
     uint G1ConcRefinementThreads                  = 8                                         {product} {ergonomic}
   size_t G1HeapRegionSize                         = 1048576                                   {product} {ergonomic}
    uintx GCDrainStackTargetSize                   = 64                                        {product} {ergonomic}
   size_t InitialHeapSize                          = 268435456                                 {product} {ergonomic}
     bool ManagementServer                         = true                                      {product} {command line}
   size_t MarkStackSize                            = 4194304                                   {product} {ergonomic}
   size_t MaxHeapSize                              = 4278190080                                {product} {ergonomic}
   size_t MaxNewSize                               = 2566914048                                {product} {ergonomic}
   size_t MinHeapDeltaBytes                        = 1048576                                   {product} {ergonomic}
    uintx NonNMethodCodeHeapSize                   = 7549744                                {pd product} {ergonomic}
    uintx NonProfiledCodeHeapSize                  = 244108496                              {pd product} {ergonomic}
    uintx ProfiledCodeHeapSize                     = 0                                      {pd product} {ergonomic}
    uintx ReservedCodeCacheSize                    = 251658240                              {pd product} {ergonomic}
     bool SegmentedCodeCache                       = true                                      {product} {ergonomic}
     intx TieredStopAtLevel                        = 1                                         {product} {command line}
     bool UseCompressedClassPointers               = true                                 {lp64_product} {ergonomic}
     bool UseCompressedOops                        = true                                 {lp64_product} {ergonomic}
     bool UseG1GC                                  = true                                      {product} {ergonomic}
     bool UseLargePagesIndividualAllocation        = false                                  {pd product} {ergonomic}

Logging:
Log output configuration:
 #0: stdout all=warning uptime,level,tags
 #1: stderr all=off uptime,level,tags

Environment Variables:
JAVA_HOME=C:\Program Files\Java\jdk-11.0.13
PATH=C:\Program Files\Common Files\Oracle\Java\javapath;C:\Windows\system32;C:\Windows;C:\Windows\System32\Wbem;C:\Windows\System32\WindowsPowerShell\v1.0\;C:\Windows\System32\OpenSSH\;C:\Program Files (x86)\NVIDIA Corporation\PhysX\Common;C:\Program Files\Git\cmd;C:\Program Files (x86)\NetSarang\Xshell 7\;C:\Program Files\MySQL\MySQL Server 8.0\bin;C:\Users\Administrator\AppData\Local\Microsoft\WindowsApps;C:\Program Files\Bandizip\;C:\Program Files\JetBrains\IntelliJ IDEA Community Edition 2021.2.3\bin;;C:\Program Files\JetBrains\IntelliJ IDEA 2021.2.3\bin;;C:\Program Files\Java\jdk-11.0.13;C:\Program Files\Java\jdk-11.0.13\;
USERNAME=Colin
OS=Windows_NT
PROCESSOR_IDENTIFIER=Intel64 Family 6 Model 158 Stepping 13, GenuineIntel



---------------  S Y S T E M  ---------------

OS: Windows 10 , 64 bit Build 19041 (10.0.19041.1466)

CPU:total 8 (initial active 8) (8 cores per cpu, 1 threads per core) family 6 model 158 stepping 13 microcode 0xca, cmov, cx8, fxsr, mmx, sse, sse2, sse3, ssse3, sse4.1, sse4.2, popcnt, avx, avx2, aes, clmul, erms, 3dnowpref, lzcnt, tsc, tscinvbit, bmi1, bmi2, adx, fma

Memory: 4k page, system-wide physical 16318M (8134M free)
TotalPageFile size 32702M (AvailPageFile size 21238M)
current process WorkingSet (physical memory assigned to process): 299M, peak: 299M
current process commit charge ("private bytes"): 421M, peak: 421M

vm_info: Java HotSpot(TM) 64-Bit Server VM (11.0.13+10-LTS-370) for windows-amd64 JRE (11.0.13+10-LTS-370), built on Sep 15 2021 22:10:36 by "mach5one" with MS VC++ 15.9 (VS2017)

END.
