#
# A fatal error has been detected by the Java Runtime Environment:
#
#  EXCEPTION_ACCESS_VIOLATION (0xc0000005) at pc=0x00000192712921bd, pid=1556, tid=13012
#
# JRE version: Java(TM) SE Runtime Environment 18.9 (11.0.13+10) (build 11.0.13+10-LTS-370)
# Java VM: Java HotSpot(TM) 64-Bit Server VM 18.9 (11.0.13+10-LTS-370, mixed mode, tiered, compressed oops, g1 gc, windows-amd64)
# Problematic frame:
# J 17763 c1 org.gradle.internal.component.local.model.DefaultLocalComponentMetadata$DefaultLocalConfigurationMetadata.getDependencies()Ljava/util/List; (173 bytes) @ 0x00000192712921bd [0x0000019271290880+0x000000000000193d]
#
# No core dump will be written. Minidumps are not enabled by default on client versions of Windows
#
# If you would like to submit a bug report, please visit:
#   https://bugreport.java.com/bugreport/crash.jsp
#

---------------  S U M M A R Y ------------

Command Line: --add-opens=java.base/java.util=ALL-UNNAMED --add-opens=java.base/java.lang=ALL-UNNAMED --add-opens=java.base/java.lang.invoke=ALL-UNNAMED --add-opens=java.base/java.util=ALL-UNNAMED --add-opens=java.prefs/java.util.prefs=ALL-UNNAMED --add-opens=java.prefs/java.util.prefs=ALL-UNNAMED --add-opens=java.base/java.nio.charset=ALL-UNNAMED --add-opens=java.base/java.net=ALL-UNNAMED --add-opens=java.base/java.util.concurrent.atomic=ALL-UNNAMED -XX:MaxMetaspaceSize=256m -XX:+HeapDumpOnOutOfMemoryError -Xms256m -Xmx512m -Dfile.encoding=x-windows-949 -Duser.country=KR -Duser.language=ko -Duser.variant org.gradle.launcher.daemon.bootstrap.GradleDaemon 7.2

Host: Intel(R) Core(TM) i7-9700F CPU @ 3.00GHz, 8 cores, 15G,  Windows 10 , 64 bit Build 19041 (10.0.19041.1466)
Time: Mon Jan 24 11:01:45 2022 대한민국 표준시 elapsed time: 1375.954111 seconds (0d 0h 22m 55s)

---------------  T H R E A D  ---------------

Current thread (0x000001920980c800):  JavaThread "Execution worker for ':'" [_thread_in_Java, id=13012, stack(0x00000005e2c00000,0x00000005e2d00000)]

Stack: [0x00000005e2c00000,0x00000005e2d00000],  sp=0x00000005e2cf9a90,  free space=998k
Native frames: (J=compiled Java code, j=interpreted, Vv=VM code, C=native code)
C  0x00000192712921bd


siginfo: EXCEPTION_ACCESS_VIOLATION (0xc0000005), reading address 0xffffffffffffffff


Register to memory mapping:

RIP=0x00000192712921bd is at entry_point+6461 in (nmethod*)0x0000019271290490
RAX=0x00000000eafb5b98 is an oop: com.google.common.collect.RegularImmutableList 
{0x00000000eafb5b98} - klass: 'com/google/common/collect/RegularImmutableList'
RBX=0x00000000eafb5b98 is an oop: com.google.common.collect.RegularImmutableList 
{0x00000000eafb5b98} - klass: 'com/google/common/collect/RegularImmutableList'
RCX=0x000000000000000c is an unknown value
RDX=0x00000000eafadd68 is an oop: org.gradle.internal.component.local.model.RootLocalComponentMetadata$RootLocalConfigurationMetadata 
{0x00000000eafadd68} - klass: 'org/gradle/internal/component/local/model/RootLocalComponentMetadata$RootLocalConfigurationMetadata'
RSP=0x00000005e2cf9a90 is pointing into the stack for thread: 0x000001920980c800
RBP=0x00000005e2cfac68 is pointing into the stack for thread: 0x000001920980c800
RSI=0x0 is NULL
RDI=0x0000000000000040 is an unknown value
R8 =0x000000000000000c is an unknown value
R9 =0x0000000000000040 is an unknown value
R10=0x00000000eafb5b98 is an oop: com.google.common.collect.RegularImmutableList 
{0x00000000eafb5b98} - klass: 'com/google/common/collect/RegularImmutableList'
R11=0x00000000eafb5b58 is an oop: [Ljava.lang.Object; 
{0x00000000eafb5b58} - klass: 'java/lang/Object'[]
 - length: 12
R12=0x0 is NULL
R13=0x00000000eafb5a90 is an oop: com.google.common.collect.ImmutableList$Builder 
{0x00000000eafb5a90} - klass: 'com/google/common/collect/ImmutableList$Builder'
R14=0x00000000eafb5a38 is an oop: java.util.LinkedHashMap$LinkedKeyIterator 
{0x00000000eafb5a38} - klass: 'java/util/LinkedHashMap$LinkedKeyIterator'
R15=0x000001920980c800 is a thread


Registers:
RAX=0x00000000eafb5b98, RBX=0x00000000eafb5b98, RCX=0x000000000000000c, RDX=0x00000000eafadd68
RSP=0x00000005e2cf9a90, RBP=0x00000005e2cfac68, RSI=0x0000000000000000, RDI=0x0000000000000040
R8 =0x000000000000000c, R9 =0x0000000000000040, R10=0x00000000eafb5b98, R11=0x00000000eafb5b58
R12=0x0000000000000000, R13=0x00000000eafb5a90, R14=0x00000000eafb5a38, R15=0x000001920980c800
RIP=0x00000192712921bd, EFLAGS=0x0000000000010246

Top of Stack: (sp=0x00000005e2cf9a90)
0x00000005e2cf9a90:   00000000eafb5940 00000192767202bc
0x00000005e2cf9aa0:   0000002b00000065 00007ff90000003a
0x00000005e2cf9ab0:   00000000eafb5998 0000019270e51d2c
0x00000005e2cf9ac0:   00000000eafa4280 000001920980c800
0x00000005e2cf9ad0:   000001920980c800 00000000eafb5a38
0x00000005e2cf9ae0:   00000000eafb5998 0000000000000000
0x00000005e2cf9af0:   0000000000000000 0000019265351000
0x00000005e2cf9b00:   00000000eafb0260 00000000eafadd68
0x00000005e2cf9b10:   00000000eafb5a90 00000000eafb5ac8
0x00000005e2cf9b20:   00000000eafadd68 00000000e1a5c6d0
0x00000005e2cf9b30:   000001920a818df8 00000000eafadd68
0x00000005e2cf9b40:   0000000000000000 00000192712908a0
0x00000005e2cf9b50:   00000000eafa3b48 0000000000000216
0x00000005e2cf9b60:   00000005e2cfac68 000001927129fa24
0x00000005e2cf9b70:   00000000eafb0338 00000000e105d590
0x00000005e2cf9b80:   0000000100015f08 0000000100015f08 

Instructions: (pc=0x00000192712921bd)
0x000001927129219d:   00 00 4c 8b d0 44 89 52 40 48 8b f2 48 33 f0 48
0x00000192712921ad:   c1 ee 14 48 83 fe 00 0f 85 7d 04 00 00 8b 42 40
0x00000192712921bd:   48 a1 c4 d0 00 00 00 5d 4d 8b 97 08 01 00 00 41
0x00000192712921cd:   85 02 c3 e9 89 04 00 00 00 00 00 00 00 49 8b 87 


Stack slot to memory mapping:
stack at sp + 0 slots: 0x00000000eafb5940 is an oop: org.gradle.api.internal.DefaultDomainObjectCollection$IteratorImpl 
{0x00000000eafb5940} - klass: 'org/gradle/api/internal/DefaultDomainObjectCollection$IteratorImpl'
stack at sp + 1 slots: 0x00000192767202bc is at entry_point+156 in (nmethod*)0x0000019276720090
stack at sp + 2 slots: 0x0000002b00000065 is an unknown value
stack at sp + 3 slots: 0x00007ff90000003a is an unknown value
stack at sp + 4 slots: 0x00000000eafb5998 is an oop: java.util.LinkedHashMap 
{0x00000000eafb5998} - klass: 'java/util/LinkedHashMap'
stack at sp + 5 slots: 0x0000019270e51d2c is at entry_point+1068 in (nmethod*)0x0000019270e51710
stack at sp + 6 slots: 0x00000000eafa4280 is an oop: org.gradle.api.internal.DefaultDomainObjectSet_Decorated 
{0x00000000eafa4280} - klass: 'org/gradle/api/internal/DefaultDomainObjectSet_Decorated'
stack at sp + 7 slots: 0x000001920980c800 is a thread



---------------  P R O C E S S  ---------------

Threads class SMR info:
_java_thread_list=0x00000192035acea0, length=104, elements={
0x000001926520a000, 0x000001927f9f8800, 0x000001927f9fc000, 0x000001927fa8d000,
0x000001927fa8f000, 0x000001927fa90000, 0x000001927fa91000, 0x000001927fa92800,
0x000001927fa97800, 0x000001927fc1a800, 0x0000019204dd7000, 0x00000192035b4000,
0x00000192053f7800, 0x000001920553f000, 0x0000019205543000, 0x0000019205542800,
0x0000019205544000, 0x0000019205540800, 0x00000192035e5800, 0x00000192035e7800,
0x00000192035e5000, 0x00000192035ea000, 0x00000192035ef800, 0x00000192035ed000,
0x00000192035f0800, 0x00000192035ea800, 0x00000192035f2000, 0x000001920363e000,
0x0000019203639800, 0x0000019209806000, 0x000001920b40e800, 0x000001920b40c000,
0x000001920363f000, 0x000001920363d800, 0x000001920363b000, 0x0000019203640000,
0x000001920363a000, 0x0000019203640800, 0x0000019203641800, 0x000001920363b800,
0x0000019203642800, 0x000001920363c800, 0x0000019203646800, 0x0000019203643000,
0x0000019203644800, 0x0000019203645800, 0x0000019203647000, 0x0000019203644000,
0x0000019203648000, 0x0000019209801800, 0x0000019209807800, 0x0000019209808800,
0x0000019209805000, 0x0000019209806800, 0x0000019209802800, 0x0000019209809000,
0x0000019209803800, 0x0000019209804000, 0x000001920980e000, 0x000001920980a800,
0x000001920980d000, 0x000001920980b800, 0x000001920980c800, 0x000001920980f000,
0x000001920980f800, 0x000001920b40f000, 0x000001920b410000, 0x000001920b40c800,
0x000001920b40d800, 0x000001920b40b000, 0x00000192097fe000, 0x000001920b40a000,
0x000001920b416800, 0x000001920b415000, 0x000001920b414000, 0x000001920b412800,
0x000001920b411000, 0x000001920b417800, 0x000001920b411800, 0x000001920b418000,
0x000001920b419000, 0x000001920b415800, 0x00000192035ee000, 0x00000192035ec000,
0x00000192035eb800, 0x00000192035e8000, 0x00000192035ee800, 0x00000192035f1000,
0x00000192035f3000, 0x000001920553e800, 0x0000019205540000, 0x0000019205545000,
0x0000019205541800, 0x000001920a194000, 0x000001920a197800, 0x000001920a196800,
0x000001920a195000, 0x000001920a195800, 0x000001920a198000, 0x000001920a199000,
0x000001920a193800, 0x000001920a19d000, 0x000001920a19e000, 0x000001920a19e800
}

Java Threads: ( => current thread )
  0x000001926520a000 JavaThread "main" [_thread_blocked, id=11736, stack(0x00000005de100000,0x00000005de200000)]
  0x000001927f9f8800 JavaThread "Reference Handler" daemon [_thread_blocked, id=9172, stack(0x00000005de800000,0x00000005de900000)]
  0x000001927f9fc000 JavaThread "Finalizer" daemon [_thread_blocked, id=13192, stack(0x00000005de900000,0x00000005dea00000)]
  0x000001927fa8d000 JavaThread "Signal Dispatcher" daemon [_thread_blocked, id=3000, stack(0x00000005dea00000,0x00000005deb00000)]
  0x000001927fa8f000 JavaThread "Attach Listener" daemon [_thread_blocked, id=1564, stack(0x00000005deb00000,0x00000005dec00000)]
  0x000001927fa90000 JavaThread "Service Thread" daemon [_thread_blocked, id=3696, stack(0x00000005dec00000,0x00000005ded00000)]
  0x000001927fa91000 JavaThread "C2 CompilerThread0" daemon [_thread_blocked, id=2124, stack(0x00000005ded00000,0x00000005dee00000)]
  0x000001927fa92800 JavaThread "C1 CompilerThread0" daemon [_thread_blocked, id=12924, stack(0x00000005dee00000,0x00000005def00000)]
  0x000001927fa97800 JavaThread "Sweeper thread" daemon [_thread_blocked, id=8480, stack(0x00000005def00000,0x00000005df000000)]
  0x000001927fc1a800 JavaThread "Common-Cleaner" daemon [_thread_blocked, id=284, stack(0x00000005df000000,0x00000005df100000)]
  0x0000019204dd7000 JavaThread "Daemon health stats" [_thread_blocked, id=4296, stack(0x00000005df900000,0x00000005dfa00000)]
  0x00000192035b4000 JavaThread "Incoming local TCP Connector on port 4157" [_thread_in_native, id=4768, stack(0x00000005dfa00000,0x00000005dfb00000)]
  0x00000192053f7800 JavaThread "Daemon periodic checks" [_thread_blocked, id=7772, stack(0x00000005dfb00000,0x00000005dfc00000)]
  0x000001920553f000 JavaThread "Cache worker for journal cache (C:\Users\Administrator\.gradle\caches\journal-1)" [_thread_blocked, id=9704, stack(0x00000005e0300000,0x00000005e0400000)]
  0x0000019205543000 JavaThread "File lock request listener" [_thread_in_native, id=1320, stack(0x00000005e0400000,0x00000005e0500000)]
  0x0000019205542800 JavaThread "Cache worker for file hash cache (C:\Users\Administrator\.gradle\caches\7.2\fileHashes)" [_thread_blocked, id=2576, stack(0x00000005e0500000,0x00000005e0600000)]
  0x0000019205544000 JavaThread "File watcher server" daemon [_thread_in_native, id=12888, stack(0x00000005e0a00000,0x00000005e0b00000)]
  0x0000019205540800 JavaThread "File watcher consumer" daemon [_thread_blocked, id=12352, stack(0x00000005e0b00000,0x00000005e0c00000)]
  0x00000192035e5800 JavaThread "Cache worker for execution history cache (C:\Users\Administrator\.gradle\caches\7.2\executionHistory)" [_thread_blocked, id=7888, stack(0x00000005e0f00000,0x00000005e1000000)]
  0x00000192035e7800 JavaThread "jar transforms" [_thread_blocked, id=10060, stack(0x00000005e1000000,0x00000005e1100000)]
  0x00000192035e5000 JavaThread "jar transforms Thread 2" [_thread_blocked, id=10032, stack(0x00000005e1100000,0x00000005e1200000)]
  0x00000192035ea000 JavaThread "Cache worker for file content cache (C:\Users\Administrator\.gradle\caches\7.2\fileContent)" [_thread_blocked, id=7344, stack(0x00000005e1200000,0x00000005e1300000)]
  0x00000192035ef800 JavaThread "jar transforms Thread 3" [_thread_blocked, id=9996, stack(0x00000005e1300000,0x00000005e1400000)]
  0x00000192035ed000 JavaThread "jar transforms Thread 4" [_thread_blocked, id=4584, stack(0x00000005e1400000,0x00000005e1500000)]
  0x00000192035f0800 JavaThread "jar transforms Thread 5" [_thread_blocked, id=4960, stack(0x00000005e1500000,0x00000005e1600000)]
  0x00000192035ea800 JavaThread "jar transforms Thread 6" [_thread_blocked, id=3488, stack(0x00000005e1600000,0x00000005e1700000)]
  0x00000192035f2000 JavaThread "jar transforms Thread 7" [_thread_blocked, id=8788, stack(0x00000005e1800000,0x00000005e1900000)]
  0x000001920363e000 JavaThread "jar transforms Thread 8" [_thread_blocked, id=1368, stack(0x00000005e2d00000,0x00000005e2e00000)]
  0x0000019203639800 JavaThread "Memory manager" [_thread_blocked, id=1096, stack(0x00000005df800000,0x00000005df900000)]
  0x0000019209806000 JavaThread "Cache worker for Java compile cache (C:\Users\Administrator\.gradle\caches\7.2\javaCompile)" [_thread_blocked, id=11880, stack(0x00000005e7400000,0x00000005e7500000)]
  0x000001920b40e800 JavaThread "Daemon Thread 4" [_thread_blocked, id=9304, stack(0x00000005dde00000,0x00000005ddf00000)]
  0x000001920b40c000 JavaThread "Daemon worker Thread 4" [_thread_blocked, id=7416, stack(0x00000005df200000,0x00000005df300000)]
  0x000001920363f000 JavaThread "Handler for socket connection from /127.0.0.1:4157 to /127.0.0.1:4720" [_thread_in_native, id=9260, stack(0x00000005ddf00000,0x00000005de000000)]
  0x000001920363d800 JavaThread "Cancel handler" [_thread_blocked, id=3204, stack(0x00000005de000000,0x00000005de100000)]
  0x000001920363b000 JavaThread "Asynchronous log dispatcher for DefaultDaemonConnection: socket connection from /127.0.0.1:4157 to /127.0.0.1:4720" [_thread_blocked, id=8256, stack(0x00000005dfc00000,0x00000005dfd00000)]
  0x0000019203640000 JavaThread "Stdin handler" [_thread_blocked, id=9952, stack(0x00000005dfd00000,0x00000005dfe00000)]
  0x000001920363a000 JavaThread "Daemon client event forwarder" [_thread_blocked, id=12880, stack(0x00000005dfe00000,0x00000005dff00000)]
  0x0000019203640800 JavaThread "Cache worker for file hash cache (C:\Users\Administrator\Desktop\colin_pilot_project\board_colin\.gradle\7.2\fileHashes)" [_thread_blocked, id=2680, stack(0x00000005e0200000,0x00000005e0300000)]
  0x0000019203641800 JavaThread "Cache worker for checksums cache (C:\Users\Administrator\Desktop\colin_pilot_project\board_colin\.gradle\checksums)" [_thread_blocked, id=11200, stack(0x00000005e0900000,0x00000005e0a00000)]
  0x000001920363b800 JavaThread "Cache worker for cache directory md-supplier (C:\Users\Administrator\.gradle\caches\7.2\md-supplier)" [_thread_blocked, id=4812, stack(0x00000005e0c00000,0x00000005e0d00000)]
  0x0000019203642800 JavaThread "Cache worker for cache directory md-rule (C:\Users\Administrator\.gradle\caches\7.2\md-rule)" [_thread_blocked, id=10040, stack(0x00000005e0d00000,0x00000005e0e00000)]
  0x000001920363c800 JavaThread "Cache worker for dependencies-accessors (C:\Users\Administrator\Desktop\colin_pilot_project\board_colin\.gradle\7.2\dependencies-accessors)" [_thread_blocked, id=8748, stack(0x00000005e0e00000,0x00000005e0f00000)]
  0x0000019203646800 JavaThread "Cache worker for Build Output Cleanup Cache (C:\Users\Administrator\Desktop\colin_pilot_project\board_colin\.gradle\buildOutputCleanup)" [_thread_blocked, id=3460, stack(0x00000005e1700000,0x00000005e1800000)]
  0x0000019203643000 JavaThread "Unconstrained build operations" [_thread_blocked, id=1276, stack(0x00000005e1900000,0x00000005e1a00000)]
  0x0000019203644800 JavaThread "Unconstrained build operations Thread 2" [_thread_blocked, id=7272, stack(0x00000005e1a00000,0x00000005e1b00000)]
  0x0000019203645800 JavaThread "Unconstrained build operations Thread 3" [_thread_blocked, id=12472, stack(0x00000005e1b00000,0x00000005e1c00000)]
  0x0000019203647000 JavaThread "Unconstrained build operations Thread 4" [_thread_blocked, id=7588, stack(0x00000005e1c00000,0x00000005e1d00000)]
  0x0000019203644000 JavaThread "Unconstrained build operations Thread 5" [_thread_blocked, id=5628, stack(0x00000005e1d00000,0x00000005e1e00000)]
  0x0000019203648000 JavaThread "Unconstrained build operations Thread 6" [_thread_blocked, id=9672, stack(0x00000005e1e00000,0x00000005e1f00000)]
  0x0000019209801800 JavaThread "Unconstrained build operations Thread 7" [_thread_blocked, id=11516, stack(0x00000005e1f00000,0x00000005e2000000)]
  0x0000019209807800 JavaThread "Unconstrained build operations Thread 8" [_thread_blocked, id=1280, stack(0x00000005e2000000,0x00000005e2100000)]
  0x0000019209808800 JavaThread "Unconstrained build operations Thread 9" [_thread_blocked, id=6092, stack(0x00000005e2100000,0x00000005e2200000)]
  0x0000019209805000 JavaThread "Unconstrained build operations Thread 10" [_thread_blocked, id=11728, stack(0x00000005e2200000,0x00000005e2300000)]
  0x0000019209806800 JavaThread "Unconstrained build operations Thread 11" [_thread_blocked, id=3892, stack(0x00000005e2300000,0x00000005e2400000)]
  0x0000019209802800 JavaThread "Unconstrained build operations Thread 12" [_thread_blocked, id=9412, stack(0x00000005e2400000,0x00000005e2500000)]
  0x0000019209809000 JavaThread "Unconstrained build operations Thread 13" [_thread_blocked, id=9296, stack(0x00000005e2500000,0x00000005e2600000)]
  0x0000019209803800 JavaThread "Unconstrained build operations Thread 14" [_thread_blocked, id=8292, stack(0x00000005e2600000,0x00000005e2700000)]
  0x0000019209804000 JavaThread "Unconstrained build operations Thread 15" [_thread_blocked, id=2688, stack(0x00000005e2700000,0x00000005e2800000)]
  0x000001920980e000 JavaThread "Unconstrained build operations Thread 16" [_thread_blocked, id=9984, stack(0x00000005e2800000,0x00000005e2900000)]
  0x000001920980a800 JavaThread "Unconstrained build operations Thread 17" [_thread_blocked, id=7188, stack(0x00000005e2900000,0x00000005e2a00000)]
  0x000001920980d000 JavaThread "Unconstrained build operations Thread 18" [_thread_blocked, id=9428, stack(0x00000005e2a00000,0x00000005e2b00000)]
  0x000001920980b800 JavaThread "Unconstrained build operations Thread 19" [_thread_blocked, id=416, stack(0x00000005e2b00000,0x00000005e2c00000)]
=>0x000001920980c800 JavaThread "Execution worker for ':'" [_thread_in_Java, id=13012, stack(0x00000005e2c00000,0x00000005e2d00000)]
  0x000001920980f000 JavaThread "Execution worker for ':' Thread 2" [_thread_blocked, id=11224, stack(0x00000005e2e00000,0x00000005e2f00000)]
  0x000001920980f800 JavaThread "Execution worker for ':' Thread 3" [_thread_blocked, id=7680, stack(0x00000005e2f00000,0x00000005e3000000)]
  0x000001920b40f000 JavaThread "Execution worker for ':' Thread 4" [_thread_blocked, id=7524, stack(0x00000005e3000000,0x00000005e3100000)]
  0x000001920b410000 JavaThread "Execution worker for ':' Thread 5" [_thread_blocked, id=9032, stack(0x00000005e3100000,0x00000005e3200000)]
  0x000001920b40c800 JavaThread "Execution worker for ':' Thread 6" [_thread_blocked, id=6856, stack(0x00000005e3200000,0x00000005e3300000)]
  0x000001920b40d800 JavaThread "Execution worker for ':' Thread 7" [_thread_blocked, id=10104, stack(0x00000005e3300000,0x00000005e3400000)]
  0x000001920b40b000 JavaThread "Cache worker for execution history cache (C:\Users\Administrator\Desktop\colin_pilot_project\board_colin\.gradle\7.2\executionHistory)" [_thread_blocked, id=10276, stack(0x00000005e3400000,0x00000005e3500000)]
  0x00000192097fe000 JavaThread "C2 CompilerThread1" daemon [_thread_in_native, id=9896, stack(0x00000005e3500000,0x00000005e3600000)]
  0x000001920b40a000 JavaThread "Unconstrained build operations Thread 20" [_thread_blocked, id=3352, stack(0x00000005e3600000,0x00000005e3700000)]
  0x000001920b416800 JavaThread "Unconstrained build operations Thread 21" [_thread_blocked, id=1192, stack(0x00000005e3700000,0x00000005e3800000)]
  0x000001920b415000 JavaThread "Unconstrained build operations Thread 22" [_thread_blocked, id=5940, stack(0x00000005e3800000,0x00000005e3900000)]
  0x000001920b414000 JavaThread "Unconstrained build operations Thread 23" [_thread_blocked, id=12904, stack(0x00000005e3900000,0x00000005e3a00000)]
  0x000001920b412800 JavaThread "Unconstrained build operations Thread 24" [_thread_blocked, id=7008, stack(0x00000005e3a00000,0x00000005e3b00000)]
  0x000001920b411000 JavaThread "Unconstrained build operations Thread 25" [_thread_blocked, id=11784, stack(0x00000005e3b00000,0x00000005e3c00000)]
  0x000001920b417800 JavaThread "Unconstrained build operations Thread 26" [_thread_blocked, id=3492, stack(0x00000005e3c00000,0x00000005e3d00000)]
  0x000001920b411800 JavaThread "Unconstrained build operations Thread 27" [_thread_blocked, id=12696, stack(0x00000005e3d00000,0x00000005e3e00000)]
  0x000001920b418000 JavaThread "Unconstrained build operations Thread 28" [_thread_blocked, id=4964, stack(0x00000005e3e00000,0x00000005e3f00000)]
  0x000001920b419000 JavaThread "Unconstrained build operations Thread 29" [_thread_blocked, id=9564, stack(0x00000005e3f00000,0x00000005e4000000)]
  0x000001920b415800 JavaThread "Unconstrained build operations Thread 30" [_thread_blocked, id=6392, stack(0x00000005e4000000,0x00000005e4100000)]
  0x00000192035ee000 JavaThread "Unconstrained build operations Thread 31" [_thread_blocked, id=11044, stack(0x00000005e4100000,0x00000005e4200000)]
  0x00000192035ec000 JavaThread "Unconstrained build operations Thread 32" [_thread_blocked, id=8548, stack(0x00000005e4200000,0x00000005e4300000)]
  0x00000192035eb800 JavaThread "Unconstrained build operations Thread 33" [_thread_blocked, id=11844, stack(0x00000005e4300000,0x00000005e4400000)]
  0x00000192035e8000 JavaThread "Unconstrained build operations Thread 34" [_thread_blocked, id=4804, stack(0x00000005e4400000,0x00000005e4500000)]
  0x00000192035ee800 JavaThread "Unconstrained build operations Thread 35" [_thread_blocked, id=12088, stack(0x00000005e4500000,0x00000005e4600000)]
  0x00000192035f1000 JavaThread "Unconstrained build operations Thread 36" [_thread_blocked, id=12944, stack(0x00000005e4600000,0x00000005e4700000)]
  0x00000192035f3000 JavaThread "Unconstrained build operations Thread 37" [_thread_blocked, id=10080, stack(0x00000005e4700000,0x00000005e4800000)]
  0x000001920553e800 JavaThread "Unconstrained build operations Thread 38" [_thread_blocked, id=11052, stack(0x00000005e4800000,0x00000005e4900000)]
  0x0000019205540000 JavaThread "Unconstrained build operations Thread 39" [_thread_blocked, id=8752, stack(0x00000005e4900000,0x00000005e4a00000)]
  0x0000019205545000 JavaThread "Unconstrained build operations Thread 40" [_thread_blocked, id=10308, stack(0x00000005e4a00000,0x00000005e4b00000)]
  0x0000019205541800 JavaThread "Unconstrained build operations Thread 41" [_thread_blocked, id=6496, stack(0x00000005e4b00000,0x00000005e4c00000)]
  0x000001920a194000 JavaThread "Unconstrained build operations Thread 42" [_thread_blocked, id=12604, stack(0x00000005e4c00000,0x00000005e4d00000)]
  0x000001920a197800 JavaThread "Unconstrained build operations Thread 43" [_thread_blocked, id=3388, stack(0x00000005e4d00000,0x00000005e4e00000)]
  0x000001920a196800 JavaThread "Unconstrained build operations Thread 44" [_thread_blocked, id=2108, stack(0x00000005e4e00000,0x00000005e4f00000)]
  0x000001920a195000 JavaThread "Unconstrained build operations Thread 45" [_thread_blocked, id=10256, stack(0x00000005e4f00000,0x00000005e5000000)]
  0x000001920a195800 JavaThread "Unconstrained build operations Thread 46" [_thread_blocked, id=10552, stack(0x00000005e5000000,0x00000005e5100000)]
  0x000001920a198000 JavaThread "Unconstrained build operations Thread 47" [_thread_blocked, id=11080, stack(0x00000005e5100000,0x00000005e5200000)]
  0x000001920a199000 JavaThread "Unconstrained build operations Thread 48" [_thread_blocked, id=10700, stack(0x00000005e5200000,0x00000005e5300000)]
  0x000001920a193800 JavaThread "Unconstrained build operations Thread 49" [_thread_blocked, id=9228, stack(0x00000005e5300000,0x00000005e5400000)]
  0x000001920a19d000 JavaThread "Unconstrained build operations Thread 50" [_thread_blocked, id=13228, stack(0x00000005e5400000,0x00000005e5500000)]
  0x000001920a19e000 JavaThread "Unconstrained build operations Thread 51" [_thread_blocked, id=3956, stack(0x00000005e5500000,0x00000005e5600000)]
  0x000001920a19e800 JavaThread "Unconstrained build operations Thread 52" [_thread_blocked, id=3360, stack(0x00000005e5600000,0x00000005e5700000)]

Other Threads:
  0x000001927f9f4800 VMThread "VM Thread" [stack: 0x00000005de700000,0x00000005de800000] [id=11984]
  0x000001927fcf2800 WatcherThread [stack: 0x00000005df100000,0x00000005df200000] [id=3796]
  0x0000019267346000 GCTaskThread "GC Thread#0" [stack: 0x00000005de200000,0x00000005de300000] [id=10560]
  0x00000192032ed800 GCTaskThread "GC Thread#1" [stack: 0x00000005df300000,0x00000005df400000] [id=1100]
  0x000001920323d800 GCTaskThread "GC Thread#2" [stack: 0x00000005df400000,0x00000005df500000] [id=13276]
  0x000001920323e000 GCTaskThread "GC Thread#3" [stack: 0x00000005df500000,0x00000005df600000] [id=6208]
  0x00000192032ac000 GCTaskThread "GC Thread#4" [stack: 0x00000005df600000,0x00000005df700000] [id=9204]
  0x000001920327c000 GCTaskThread "GC Thread#5" [stack: 0x00000005df700000,0x00000005df800000] [id=1412]
  0x00000192048d1800 GCTaskThread "GC Thread#6" [stack: 0x00000005e0600000,0x00000005e0700000] [id=2352]
  0x0000019204494000 GCTaskThread "GC Thread#7" [stack: 0x00000005e0700000,0x00000005e0800000] [id=7752]
  0x0000019267358800 ConcurrentGCThread "G1 Main Marker" [stack: 0x00000005de300000,0x00000005de400000] [id=1464]
  0x000001926735a800 ConcurrentGCThread "G1 Conc#0" [stack: 0x00000005de400000,0x00000005de500000] [id=10748]
  0x000001920562b000 ConcurrentGCThread "G1 Conc#1" [stack: 0x00000005e0800000,0x00000005e0900000] [id=2012]
  0x000001926740d800 ConcurrentGCThread "G1 Refine#0" [stack: 0x00000005de500000,0x00000005de600000] [id=2088]
  0x0000019209b0e800 ConcurrentGCThread "G1 Refine#1" [stack: 0x00000005e7600000,0x00000005e7700000] [id=4284]
  0x000001920c1a1000 ConcurrentGCThread "G1 Refine#2" [stack: 0x00000005dff00000,0x00000005e0000000] [id=3748]
  0x000001920793a800 ConcurrentGCThread "G1 Refine#3" [stack: 0x00000005e0000000,0x00000005e0100000] [id=11496]
  0x000001920952d000 ConcurrentGCThread "G1 Refine#4" [stack: 0x00000005e0100000,0x00000005e0200000] [id=5372]
  0x000001927f886800 ConcurrentGCThread "G1 Young RemSet Sampling" [stack: 0x00000005de600000,0x00000005de700000] [id=2152]

Threads with active compile tasks:
C2 CompilerThread11375968 17745       4       org.gradle.api.internal.artifacts.ivyservice.ivyresolve.CachingModuleComponentRepository$LocateInCacheRepositoryAccess::getProcessedMetadata (41 bytes)

VM state:not at safepoint (normal execution)

VM Mutex/Monitor currently owned by a thread: None

Heap address: 0x00000000e0000000, size: 512 MB, Compressed Oops mode: 32-bit
Narrow klass base: 0x0000000000000000, Narrow klass shift: 3
Compressed class space size: 260046848 Address: 0x0000000100000000

Heap:
 garbage-first heap   total 262144K, used 212185K [0x00000000e0000000, 0x0000000100000000)
  region size 1024K, 90 young (92160K), 9 survivors (9216K)
 Metaspace       used 77577K, capacity 80212K, committed 83072K, reserved 327680K
  class space    used 9385K, capacity 10330K, committed 10880K, reserved 253952K
Heap Regions: E=young(eden), S=young(survivor), O=old, HS=humongous(starts), HC=humongous(continues), CS=collection set, F=free, A=archive, TAMS=top-at-mark-start (previous, next)
|   0|0x00000000e0000000, 0x00000000e0100000, 0x00000000e0100000|100%| O|  |TAMS 0x00000000e0100000, 0x00000000e0000000| Untracked 
|   1|0x00000000e0100000, 0x00000000e0200000, 0x00000000e0200000|100%| O|  |TAMS 0x00000000e0200000, 0x00000000e0100000| Untracked 
|   2|0x00000000e0200000, 0x00000000e0300000, 0x00000000e0300000|100%| O|  |TAMS 0x00000000e0300000, 0x00000000e0200000| Untracked 
|   3|0x00000000e0300000, 0x00000000e0400000, 0x00000000e0400000|100%|HS|  |TAMS 0x00000000e0400000, 0x00000000e0300000| Complete 
|   4|0x00000000e0400000, 0x00000000e0500000, 0x00000000e0500000|100%|HC|  |TAMS 0x00000000e0500000, 0x00000000e0400000| Complete 
|   5|0x00000000e0500000, 0x00000000e0600000, 0x00000000e0600000|100%|HC|  |TAMS 0x00000000e0600000, 0x00000000e0500000| Complete 
|   6|0x00000000e0600000, 0x00000000e0700000, 0x00000000e0700000|100%| O|  |TAMS 0x00000000e0700000, 0x00000000e0600000| Untracked 
|   7|0x00000000e0700000, 0x00000000e0800000, 0x00000000e0800000|100%| O|  |TAMS 0x00000000e0800000, 0x00000000e0700000| Untracked 
|   8|0x00000000e0800000, 0x00000000e0900000, 0x00000000e0900000|100%| O|  |TAMS 0x00000000e0900000, 0x00000000e0800000| Untracked 
|   9|0x00000000e0900000, 0x00000000e0a00000, 0x00000000e0a00000|100%| O|  |TAMS 0x00000000e0a00000, 0x00000000e0900000| Untracked 
|  10|0x00000000e0a00000, 0x00000000e0b00000, 0x00000000e0b00000|100%| O|  |TAMS 0x00000000e0b00000, 0x00000000e0a00000| Untracked 
|  11|0x00000000e0b00000, 0x00000000e0c00000, 0x00000000e0c00000|100%| O|  |TAMS 0x00000000e0c00000, 0x00000000e0b00000| Untracked 
|  12|0x00000000e0c00000, 0x00000000e0d00000, 0x00000000e0d00000|100%| O|  |TAMS 0x00000000e0d00000, 0x00000000e0c00000| Untracked 
|  13|0x00000000e0d00000, 0x00000000e0e00000, 0x00000000e0e00000|100%| O|  |TAMS 0x00000000e0e00000, 0x00000000e0d00000| Untracked 
|  14|0x00000000e0e00000, 0x00000000e0f00000, 0x00000000e0f00000|100%| O|  |TAMS 0x00000000e0f00000, 0x00000000e0e00000| Untracked 
|  15|0x00000000e0f00000, 0x00000000e1000000, 0x00000000e1000000|100%| O|  |TAMS 0x00000000e1000000, 0x00000000e0f00000| Untracked 
|  16|0x00000000e1000000, 0x00000000e1100000, 0x00000000e1100000|100%| O|  |TAMS 0x00000000e1100000, 0x00000000e1000000| Untracked 
|  17|0x00000000e1100000, 0x00000000e1200000, 0x00000000e1200000|100%| O|  |TAMS 0x00000000e1200000, 0x00000000e1100000| Untracked 
|  18|0x00000000e1200000, 0x00000000e1300000, 0x00000000e1300000|100%| O|  |TAMS 0x00000000e1300000, 0x00000000e1200000| Untracked 
|  19|0x00000000e1300000, 0x00000000e1400000, 0x00000000e1400000|100%| O|  |TAMS 0x00000000e1400000, 0x00000000e1300000| Untracked 
|  20|0x00000000e1400000, 0x00000000e1500000, 0x00000000e1500000|100%| O|  |TAMS 0x00000000e1500000, 0x00000000e1400000| Untracked 
|  21|0x00000000e1500000, 0x00000000e1600000, 0x00000000e1600000|100%| O|  |TAMS 0x00000000e1600000, 0x00000000e1500000| Untracked 
|  22|0x00000000e1600000, 0x00000000e1700000, 0x00000000e1700000|100%|HS|  |TAMS 0x00000000e1700000, 0x00000000e1600000| Complete 
|  23|0x00000000e1700000, 0x00000000e1800000, 0x00000000e1800000|100%| O|  |TAMS 0x00000000e1800000, 0x00000000e1700000| Untracked 
|  24|0x00000000e1800000, 0x00000000e1900000, 0x00000000e1900000|100%| O|  |TAMS 0x00000000e1900000, 0x00000000e1800000| Untracked 
|  25|0x00000000e1900000, 0x00000000e1a00000, 0x00000000e1a00000|100%| O|  |TAMS 0x00000000e1a00000, 0x00000000e1900000| Untracked 
|  26|0x00000000e1a00000, 0x00000000e1b00000, 0x00000000e1b00000|100%| O|  |TAMS 0x00000000e1b00000, 0x00000000e1a00000| Untracked 
|  27|0x00000000e1b00000, 0x00000000e1c00000, 0x00000000e1c00000|100%| O|  |TAMS 0x00000000e1c00000, 0x00000000e1b00000| Untracked 
|  28|0x00000000e1c00000, 0x00000000e1d00000, 0x00000000e1d00000|100%| O|  |TAMS 0x00000000e1d00000, 0x00000000e1c00000| Untracked 
|  29|0x00000000e1d00000, 0x00000000e1e00000, 0x00000000e1e00000|100%| O|  |TAMS 0x00000000e1e00000, 0x00000000e1d00000| Untracked 
|  30|0x00000000e1e00000, 0x00000000e1f00000, 0x00000000e1f00000|100%| O|  |TAMS 0x00000000e1f00000, 0x00000000e1e00000| Untracked 
|  31|0x00000000e1f00000, 0x00000000e2000000, 0x00000000e2000000|100%| O|  |TAMS 0x00000000e2000000, 0x00000000e1f00000| Untracked 
|  32|0x00000000e2000000, 0x00000000e2100000, 0x00000000e2100000|100%| O|  |TAMS 0x00000000e2100000, 0x00000000e2000000| Untracked 
|  33|0x00000000e2100000, 0x00000000e2200000, 0x00000000e2200000|100%| O|  |TAMS 0x00000000e2200000, 0x00000000e2100000| Untracked 
|  34|0x00000000e2200000, 0x00000000e2300000, 0x00000000e2300000|100%| O|  |TAMS 0x00000000e2200000, 0x00000000e2200000| Untracked 
|  35|0x00000000e2300000, 0x00000000e2400000, 0x00000000e2400000|100%| O|  |TAMS 0x00000000e2400000, 0x00000000e2300000| Untracked 
|  36|0x00000000e2400000, 0x00000000e2500000, 0x00000000e2500000|100%| O|  |TAMS 0x00000000e2400000, 0x00000000e2400000| Untracked 
|  37|0x00000000e2500000, 0x00000000e2600000, 0x00000000e2600000|100%| O|  |TAMS 0x00000000e2500000, 0x00000000e2500000| Untracked 
|  38|0x00000000e2600000, 0x00000000e2700000, 0x00000000e2700000|100%| O|  |TAMS 0x00000000e2700000, 0x00000000e2600000| Untracked 
|  39|0x00000000e2700000, 0x00000000e2800000, 0x00000000e2800000|100%| O|  |TAMS 0x00000000e2800000, 0x00000000e2700000| Untracked 
|  40|0x00000000e2800000, 0x00000000e2900000, 0x00000000e2900000|100%| O|  |TAMS 0x00000000e2900000, 0x00000000e2800000| Untracked 
|  41|0x00000000e2900000, 0x00000000e2a00000, 0x00000000e2a00000|100%| O|  |TAMS 0x00000000e2a00000, 0x00000000e2900000| Untracked 
|  42|0x00000000e2a00000, 0x00000000e2b00000, 0x00000000e2b00000|100%| O|  |TAMS 0x00000000e2b00000, 0x00000000e2a00000| Untracked 
|  43|0x00000000e2b00000, 0x00000000e2c00000, 0x00000000e2c00000|100%| O|  |TAMS 0x00000000e2c00000, 0x00000000e2b00000| Untracked 
|  44|0x00000000e2c00000, 0x00000000e2d00000, 0x00000000e2d00000|100%| O|  |TAMS 0x00000000e2c00000, 0x00000000e2c00000| Untracked 
|  45|0x00000000e2d00000, 0x00000000e2e00000, 0x00000000e2e00000|100%|HS|  |TAMS 0x00000000e2d00000, 0x00000000e2d00000| Complete 
|  46|0x00000000e2e00000, 0x00000000e2f00000, 0x00000000e2f00000|100%| O|  |TAMS 0x00000000e2e00000, 0x00000000e2e00000| Untracked 
|  47|0x00000000e2f00000, 0x00000000e3000000, 0x00000000e3000000|100%| O|  |TAMS 0x00000000e3000000, 0x00000000e2f00000| Untracked 
|  48|0x00000000e3000000, 0x00000000e3100000, 0x00000000e3100000|100%| O|  |TAMS 0x00000000e3100000, 0x00000000e3000000| Untracked 
|  49|0x00000000e3100000, 0x00000000e3200000, 0x00000000e3200000|100%| O|  |TAMS 0x00000000e3200000, 0x00000000e3100000| Untracked 
|  50|0x00000000e3200000, 0x00000000e3300000, 0x00000000e3300000|100%| O|  |TAMS 0x00000000e3200000, 0x00000000e3200000| Untracked 
|  51|0x00000000e3300000, 0x00000000e3400000, 0x00000000e3400000|100%| O|  |TAMS 0x00000000e3300000, 0x00000000e3300000| Untracked 
|  52|0x00000000e3400000, 0x00000000e3500000, 0x00000000e3500000|100%| O|  |TAMS 0x00000000e3400000, 0x00000000e3400000| Untracked 
|  53|0x00000000e3500000, 0x00000000e3600000, 0x00000000e3600000|100%| O|  |TAMS 0x00000000e3500000, 0x00000000e3500000| Untracked 
|  54|0x00000000e3600000, 0x00000000e3700000, 0x00000000e3700000|100%| O|  |TAMS 0x00000000e3600000, 0x00000000e3600000| Untracked 
|  55|0x00000000e3700000, 0x00000000e3800000, 0x00000000e3800000|100%| O|  |TAMS 0x00000000e3700000, 0x00000000e3700000| Untracked 
|  56|0x00000000e3800000, 0x00000000e3900000, 0x00000000e3900000|100%| O|  |TAMS 0x00000000e3800000, 0x00000000e3800000| Untracked 
|  57|0x00000000e3900000, 0x00000000e3a00000, 0x00000000e3a00000|100%| O|  |TAMS 0x00000000e3900000, 0x00000000e3900000| Untracked 
|  58|0x00000000e3a00000, 0x00000000e3b00000, 0x00000000e3b00000|100%| O|  |TAMS 0x00000000e3a00000, 0x00000000e3a00000| Untracked 
|  59|0x00000000e3b00000, 0x00000000e3c00000, 0x00000000e3c00000|100%| O|  |TAMS 0x00000000e3b00000, 0x00000000e3b00000| Untracked 
|  60|0x00000000e3c00000, 0x00000000e3d00000, 0x00000000e3d00000|100%| O|  |TAMS 0x00000000e3c00000, 0x00000000e3c00000| Untracked 
|  61|0x00000000e3d00000, 0x00000000e3e00000, 0x00000000e3e00000|100%| O|  |TAMS 0x00000000e3d00000, 0x00000000e3d00000| Untracked 
|  62|0x00000000e3e00000, 0x00000000e3f00000, 0x00000000e3f00000|100%| O|  |TAMS 0x00000000e3e00000, 0x00000000e3e00000| Untracked 
|  63|0x00000000e3f00000, 0x00000000e4000000, 0x00000000e4000000|100%| O|  |TAMS 0x00000000e3f00000, 0x00000000e3f00000| Untracked 
|  64|0x00000000e4000000, 0x00000000e4100000, 0x00000000e4100000|100%| O|  |TAMS 0x00000000e4100000, 0x00000000e4000000| Untracked 
|  65|0x00000000e4100000, 0x00000000e4200000, 0x00000000e4200000|100%| O|  |TAMS 0x00000000e4100000, 0x00000000e4100000| Untracked 
|  66|0x00000000e4200000, 0x00000000e4300000, 0x00000000e4300000|100%| O|  |TAMS 0x00000000e4200000, 0x00000000e4200000| Untracked 
|  67|0x00000000e4300000, 0x00000000e4400000, 0x00000000e4400000|100%| O|  |TAMS 0x00000000e4300000, 0x00000000e4300000| Untracked 
|  68|0x00000000e4400000, 0x00000000e4500000, 0x00000000e4500000|100%| O|  |TAMS 0x00000000e4400000, 0x00000000e4400000| Untracked 
|  69|0x00000000e4500000, 0x00000000e4600000, 0x00000000e4600000|100%| O|  |TAMS 0x00000000e4500000, 0x00000000e4500000| Untracked 
|  70|0x00000000e4600000, 0x00000000e4700000, 0x00000000e4700000|100%| O|  |TAMS 0x00000000e4600000, 0x00000000e4600000| Untracked 
|  71|0x00000000e4700000, 0x00000000e4800000, 0x00000000e4800000|100%| O|  |TAMS 0x00000000e4700000, 0x00000000e4700000| Untracked 
|  72|0x00000000e4800000, 0x00000000e4900000, 0x00000000e4900000|100%| O|  |TAMS 0x00000000e4900000, 0x00000000e4800000| Untracked 
|  73|0x00000000e4900000, 0x00000000e4a00000, 0x00000000e4a00000|100%| O|  |TAMS 0x00000000e4900000, 0x00000000e4900000| Untracked 
|  74|0x00000000e4a00000, 0x00000000e4b00000, 0x00000000e4b00000|100%| O|  |TAMS 0x00000000e4a00000, 0x00000000e4a00000| Untracked 
|  75|0x00000000e4b00000, 0x00000000e4c00000, 0x00000000e4c00000|100%|HS|  |TAMS 0x00000000e4b00000, 0x00000000e4b00000| Complete 
|  76|0x00000000e4c00000, 0x00000000e4d00000, 0x00000000e4d00000|100%| O|  |TAMS 0x00000000e4c00000, 0x00000000e4c00000| Untracked 
|  77|0x00000000e4d00000, 0x00000000e4e00000, 0x00000000e4e00000|100%| O|  |TAMS 0x00000000e4d00000, 0x00000000e4d00000| Untracked 
|  78|0x00000000e4e00000, 0x00000000e4f00000, 0x00000000e4f00000|100%| O|  |TAMS 0x00000000e4e00000, 0x00000000e4e00000| Untracked 
|  79|0x00000000e4f00000, 0x00000000e5000000, 0x00000000e5000000|100%| O|  |TAMS 0x00000000e4f00000, 0x00000000e4f00000| Untracked 
|  80|0x00000000e5000000, 0x00000000e5100000, 0x00000000e5100000|100%| O|  |TAMS 0x00000000e5000000, 0x00000000e5000000| Untracked 
|  81|0x00000000e5100000, 0x00000000e5200000, 0x00000000e5200000|100%| O|  |TAMS 0x00000000e5100000, 0x00000000e5100000| Untracked 
|  82|0x00000000e5200000, 0x00000000e5300000, 0x00000000e5300000|100%| O|  |TAMS 0x00000000e5200000, 0x00000000e5200000| Untracked 
|  83|0x00000000e5300000, 0x00000000e5400000, 0x00000000e5400000|100%| O|  |TAMS 0x00000000e5400000, 0x00000000e5300000| Untracked 
|  84|0x00000000e5400000, 0x00000000e5500000, 0x00000000e5500000|100%| O|  |TAMS 0x00000000e5500000, 0x00000000e5400000| Untracked 
|  85|0x00000000e5500000, 0x00000000e5600000, 0x00000000e5600000|100%| O|  |TAMS 0x00000000e5600000, 0x00000000e5500000| Untracked 
|  86|0x00000000e5600000, 0x00000000e5700000, 0x00000000e5700000|100%| O|  |TAMS 0x00000000e5700000, 0x00000000e5600000| Untracked 
|  87|0x00000000e5700000, 0x00000000e5800000, 0x00000000e5800000|100%| O|  |TAMS 0x00000000e5800000, 0x00000000e5700000| Untracked 
|  88|0x00000000e5800000, 0x00000000e5900000, 0x00000000e5900000|100%| O|  |TAMS 0x00000000e5900000, 0x00000000e5800000| Untracked 
|  89|0x00000000e5900000, 0x00000000e5a00000, 0x00000000e5a00000|100%| O|  |TAMS 0x00000000e5a00000, 0x00000000e5900000| Untracked 
|  90|0x00000000e5a00000, 0x00000000e5b00000, 0x00000000e5b00000|100%| O|  |TAMS 0x00000000e5b00000, 0x00000000e5a00000| Untracked 
|  91|0x00000000e5b00000, 0x00000000e5c00000, 0x00000000e5c00000|100%| O|  |TAMS 0x00000000e5c00000, 0x00000000e5b00000| Untracked 
|  92|0x00000000e5c00000, 0x00000000e5d00000, 0x00000000e5d00000|100%| O|  |TAMS 0x00000000e5d00000, 0x00000000e5c00000| Untracked 
|  93|0x00000000e5d00000, 0x00000000e5e00000, 0x00000000e5e00000|100%| O|  |TAMS 0x00000000e5e00000, 0x00000000e5d00000| Untracked 
|  94|0x00000000e5e00000, 0x00000000e5f00000, 0x00000000e5f00000|100%| O|  |TAMS 0x00000000e5e00000, 0x00000000e5e00000| Untracked 
|  95|0x00000000e5f00000, 0x00000000e6000000, 0x00000000e6000000|100%| O|  |TAMS 0x00000000e5f00000, 0x00000000e5f00000| Untracked 
|  96|0x00000000e6000000, 0x00000000e6000000, 0x00000000e6100000|  0%| F|  |TAMS 0x00000000e6000000, 0x00000000e6000000| Untracked 
|  97|0x00000000e6100000, 0x00000000e6200000, 0x00000000e6200000|100%|HS|  |TAMS 0x00000000e6100000, 0x00000000e6100000| Complete 
|  98|0x00000000e6200000, 0x00000000e6300000, 0x00000000e6300000|100%| O|  |TAMS 0x00000000e6200000, 0x00000000e6200000| Untracked 
|  99|0x00000000e6300000, 0x00000000e6400000, 0x00000000e6400000|100%| O|  |TAMS 0x00000000e6300000, 0x00000000e6300000| Untracked 
| 100|0x00000000e6400000, 0x00000000e6500000, 0x00000000e6500000|100%| O|  |TAMS 0x00000000e6400000, 0x00000000e6400000| Untracked 
| 101|0x00000000e6500000, 0x00000000e6600000, 0x00000000e6600000|100%| O|  |TAMS 0x00000000e6500000, 0x00000000e6500000| Untracked 
| 102|0x00000000e6600000, 0x00000000e6700000, 0x00000000e6700000|100%| O|  |TAMS 0x00000000e6600000, 0x00000000e6600000| Untracked 
| 103|0x00000000e6700000, 0x00000000e6800000, 0x00000000e6800000|100%| O|  |TAMS 0x00000000e6700000, 0x00000000e6700000| Untracked 
| 104|0x00000000e6800000, 0x00000000e6900000, 0x00000000e6900000|100%| O|  |TAMS 0x00000000e6800000, 0x00000000e6800000| Untracked 
| 105|0x00000000e6900000, 0x00000000e6a00000, 0x00000000e6a00000|100%| O|  |TAMS 0x00000000e6900000, 0x00000000e6900000| Untracked 
| 106|0x00000000e6a00000, 0x00000000e6b00000, 0x00000000e6b00000|100%| O|  |TAMS 0x00000000e6a00000, 0x00000000e6a00000| Untracked 
| 107|0x00000000e6b00000, 0x00000000e6b06c00, 0x00000000e6c00000|  2%| O|  |TAMS 0x00000000e6b00000, 0x00000000e6b00000| Untracked 
| 108|0x00000000e6c00000, 0x00000000e6d00000, 0x00000000e6d00000|100%| O|  |TAMS 0x00000000e6d00000, 0x00000000e6c00000| Untracked 
| 109|0x00000000e6d00000, 0x00000000e6d00000, 0x00000000e6e00000|  0%| F|  |TAMS 0x00000000e6d00000, 0x00000000e6d00000| Untracked 
| 110|0x00000000e6e00000, 0x00000000e6f00000, 0x00000000e6f00000|100%| O|  |TAMS 0x00000000e6e00000, 0x00000000e6e00000| Untracked 
| 111|0x00000000e6f00000, 0x00000000e7000000, 0x00000000e7000000|100%| O|  |TAMS 0x00000000e6f00000, 0x00000000e6f00000| Untracked 
| 112|0x00000000e7000000, 0x00000000e7000000, 0x00000000e7100000|  0%| F|  |TAMS 0x00000000e7000000, 0x00000000e7000000| Untracked 
| 113|0x00000000e7100000, 0x00000000e7200000, 0x00000000e7200000|100%| O|  |TAMS 0x00000000e7200000, 0x00000000e7100000| Untracked 
| 114|0x00000000e7200000, 0x00000000e7300000, 0x00000000e7300000|100%| O|  |TAMS 0x00000000e7300000, 0x00000000e7200000| Untracked 
| 115|0x00000000e7300000, 0x00000000e7400000, 0x00000000e7400000|100%| O|  |TAMS 0x00000000e7400000, 0x00000000e7300000| Untracked 
| 116|0x00000000e7400000, 0x00000000e7500000, 0x00000000e7500000|100%| O|  |TAMS 0x00000000e7500000, 0x00000000e7400000| Untracked 
| 117|0x00000000e7500000, 0x00000000e7600000, 0x00000000e7600000|100%| O|  |TAMS 0x00000000e7600000, 0x00000000e7500000| Untracked 
| 118|0x00000000e7600000, 0x00000000e7700000, 0x00000000e7700000|100%| O|  |TAMS 0x00000000e7700000, 0x00000000e7600000| Untracked 
| 119|0x00000000e7700000, 0x00000000e7800000, 0x00000000e7800000|100%| O|  |TAMS 0x00000000e7800000, 0x00000000e7700000| Untracked 
| 120|0x00000000e7800000, 0x00000000e7900000, 0x00000000e7900000|100%| O|  |TAMS 0x00000000e7852a00, 0x00000000e7800000| Untracked 
| 121|0x00000000e7900000, 0x00000000e7a00000, 0x00000000e7a00000|100%| O|  |TAMS 0x00000000e7900000, 0x00000000e7900000| Untracked 
| 122|0x00000000e7a00000, 0x00000000e7b00000, 0x00000000e7b00000|100%| O|  |TAMS 0x00000000e7a00000, 0x00000000e7a00000| Untracked 
| 123|0x00000000e7b00000, 0x00000000e7c00000, 0x00000000e7c00000|100%| O|  |TAMS 0x00000000e7b00000, 0x00000000e7b00000| Untracked 
| 124|0x00000000e7c00000, 0x00000000e7c00000, 0x00000000e7d00000|  0%| F|  |TAMS 0x00000000e7c00000, 0x00000000e7c00000| Untracked 
| 125|0x00000000e7d00000, 0x00000000e7d00000, 0x00000000e7e00000|  0%| F|  |TAMS 0x00000000e7d00000, 0x00000000e7d00000| Untracked 
| 126|0x00000000e7e00000, 0x00000000e7e00000, 0x00000000e7f00000|  0%| F|  |TAMS 0x00000000e7e00000, 0x00000000e7e00000| Untracked 
| 127|0x00000000e7f00000, 0x00000000e7f00000, 0x00000000e8000000|  0%| F|  |TAMS 0x00000000e7f00000, 0x00000000e7f00000| Untracked 
| 128|0x00000000e8000000, 0x00000000e8000000, 0x00000000e8100000|  0%| F|  |TAMS 0x00000000e8000000, 0x00000000e8000000| Untracked 
| 129|0x00000000e8100000, 0x00000000e8100000, 0x00000000e8200000|  0%| F|  |TAMS 0x00000000e8100000, 0x00000000e8100000| Untracked 
| 130|0x00000000e8200000, 0x00000000e8200000, 0x00000000e8300000|  0%| F|  |TAMS 0x00000000e8200000, 0x00000000e8200000| Untracked 
| 131|0x00000000e8300000, 0x00000000e8300000, 0x00000000e8400000|  0%| F|  |TAMS 0x00000000e8300000, 0x00000000e8300000| Untracked 
| 132|0x00000000e8400000, 0x00000000e8400000, 0x00000000e8500000|  0%| F|  |TAMS 0x00000000e8400000, 0x00000000e8400000| Untracked 
| 133|0x00000000e8500000, 0x00000000e8500000, 0x00000000e8600000|  0%| F|  |TAMS 0x00000000e8500000, 0x00000000e8500000| Untracked 
| 134|0x00000000e8600000, 0x00000000e8600000, 0x00000000e8700000|  0%| F|  |TAMS 0x00000000e8600000, 0x00000000e8600000| Untracked 
| 135|0x00000000e8700000, 0x00000000e8700000, 0x00000000e8800000|  0%| F|  |TAMS 0x00000000e8700000, 0x00000000e8700000| Untracked 
| 136|0x00000000e8800000, 0x00000000e8800000, 0x00000000e8900000|  0%| F|  |TAMS 0x00000000e8800000, 0x00000000e8800000| Untracked 
| 137|0x00000000e8900000, 0x00000000e8900000, 0x00000000e8a00000|  0%| F|  |TAMS 0x00000000e8900000, 0x00000000e8900000| Untracked 
| 138|0x00000000e8a00000, 0x00000000e8a00000, 0x00000000e8b00000|  0%| F|  |TAMS 0x00000000e8a00000, 0x00000000e8a00000| Untracked 
| 139|0x00000000e8b00000, 0x00000000e8b00000, 0x00000000e8c00000|  0%| F|  |TAMS 0x00000000e8b00000, 0x00000000e8b00000| Untracked 
| 140|0x00000000e8c00000, 0x00000000e8c00000, 0x00000000e8d00000|  0%| F|  |TAMS 0x00000000e8c00000, 0x00000000e8c00000| Untracked 
| 141|0x00000000e8d00000, 0x00000000e8d00000, 0x00000000e8e00000|  0%| F|  |TAMS 0x00000000e8d00000, 0x00000000e8d00000| Untracked 
| 142|0x00000000e8e00000, 0x00000000e8e00000, 0x00000000e8f00000|  0%| F|  |TAMS 0x00000000e8e00000, 0x00000000e8e00000| Untracked 
| 143|0x00000000e8f00000, 0x00000000e8f00000, 0x00000000e9000000|  0%| F|  |TAMS 0x00000000e8f00000, 0x00000000e8f00000| Untracked 
| 144|0x00000000e9000000, 0x00000000e9000000, 0x00000000e9100000|  0%| F|  |TAMS 0x00000000e9000000, 0x00000000e9000000| Untracked 
| 145|0x00000000e9100000, 0x00000000e9100000, 0x00000000e9200000|  0%| F|  |TAMS 0x00000000e9100000, 0x00000000e9100000| Untracked 
| 146|0x00000000e9200000, 0x00000000e9200000, 0x00000000e9300000|  0%| F|  |TAMS 0x00000000e9200000, 0x00000000e9200000| Untracked 
| 147|0x00000000e9300000, 0x00000000e9300000, 0x00000000e9400000|  0%| F|  |TAMS 0x00000000e9300000, 0x00000000e9300000| Untracked 
| 148|0x00000000e9400000, 0x00000000e9400000, 0x00000000e9500000|  0%| F|  |TAMS 0x00000000e9400000, 0x00000000e9400000| Untracked 
| 149|0x00000000e9500000, 0x00000000e9500000, 0x00000000e9600000|  0%| F|  |TAMS 0x00000000e9500000, 0x00000000e9500000| Untracked 
| 150|0x00000000e9600000, 0x00000000e9600000, 0x00000000e9700000|  0%| F|  |TAMS 0x00000000e9600000, 0x00000000e9600000| Untracked 
| 151|0x00000000e9700000, 0x00000000e9700000, 0x00000000e9800000|  0%| F|  |TAMS 0x00000000e9700000, 0x00000000e9700000| Untracked 
| 152|0x00000000e9800000, 0x00000000e9800000, 0x00000000e9900000|  0%| F|  |TAMS 0x00000000e9800000, 0x00000000e9800000| Untracked 
| 153|0x00000000e9900000, 0x00000000e9900000, 0x00000000e9a00000|  0%| F|  |TAMS 0x00000000e9900000, 0x00000000e9900000| Untracked 
| 154|0x00000000e9a00000, 0x00000000e9a00000, 0x00000000e9b00000|  0%| F|  |TAMS 0x00000000e9a00000, 0x00000000e9a00000| Untracked 
| 155|0x00000000e9b00000, 0x00000000e9b00000, 0x00000000e9c00000|  0%| F|  |TAMS 0x00000000e9b00000, 0x00000000e9b00000| Untracked 
| 156|0x00000000e9c00000, 0x00000000e9c00000, 0x00000000e9d00000|  0%| F|  |TAMS 0x00000000e9c00000, 0x00000000e9c00000| Untracked 
| 157|0x00000000e9d00000, 0x00000000e9d00000, 0x00000000e9e00000|  0%| F|  |TAMS 0x00000000e9d00000, 0x00000000e9d00000| Untracked 
| 158|0x00000000e9e00000, 0x00000000e9e2f848, 0x00000000e9f00000| 18%| S|CS|TAMS 0x00000000e9e00000, 0x00000000e9e00000| Complete 
| 159|0x00000000e9f00000, 0x00000000ea000000, 0x00000000ea000000|100%| S|CS|TAMS 0x00000000e9f00000, 0x00000000e9f00000| Complete 
| 160|0x00000000ea000000, 0x00000000ea100000, 0x00000000ea100000|100%| S|CS|TAMS 0x00000000ea000000, 0x00000000ea000000| Complete 
| 161|0x00000000ea100000, 0x00000000ea200000, 0x00000000ea200000|100%| S|CS|TAMS 0x00000000ea100000, 0x00000000ea100000| Complete 
| 162|0x00000000ea200000, 0x00000000ea300000, 0x00000000ea300000|100%| S|CS|TAMS 0x00000000ea200000, 0x00000000ea200000| Complete 
| 163|0x00000000ea300000, 0x00000000ea400000, 0x00000000ea400000|100%| S|CS|TAMS 0x00000000ea300000, 0x00000000ea300000| Complete 
| 164|0x00000000ea400000, 0x00000000ea500000, 0x00000000ea500000|100%| S|CS|TAMS 0x00000000ea400000, 0x00000000ea400000| Complete 
| 165|0x00000000ea500000, 0x00000000ea600000, 0x00000000ea600000|100%| S|CS|TAMS 0x00000000ea500000, 0x00000000ea500000| Complete 
| 166|0x00000000ea600000, 0x00000000ea700000, 0x00000000ea700000|100%| S|CS|TAMS 0x00000000ea600000, 0x00000000ea600000| Complete 
| 167|0x00000000ea700000, 0x00000000ea700000, 0x00000000ea800000|  0%| F|  |TAMS 0x00000000ea700000, 0x00000000ea700000| Untracked 
| 168|0x00000000ea800000, 0x00000000ea800000, 0x00000000ea900000|  0%| F|  |TAMS 0x00000000ea800000, 0x00000000ea800000| Untracked 
| 169|0x00000000ea900000, 0x00000000ea900000, 0x00000000eaa00000|  0%| F|  |TAMS 0x00000000ea900000, 0x00000000ea900000| Untracked 
| 170|0x00000000eaa00000, 0x00000000eaa00000, 0x00000000eab00000|  0%| F|  |TAMS 0x00000000eaa00000, 0x00000000eaa00000| Untracked 
| 171|0x00000000eab00000, 0x00000000eab00000, 0x00000000eac00000|  0%| F|  |TAMS 0x00000000eab00000, 0x00000000eab00000| Untracked 
| 172|0x00000000eac00000, 0x00000000eac00000, 0x00000000ead00000|  0%| F|  |TAMS 0x00000000eac00000, 0x00000000eac00000| Untracked 
| 173|0x00000000ead00000, 0x00000000ead00000, 0x00000000eae00000|  0%| F|  |TAMS 0x00000000ead00000, 0x00000000ead00000| Untracked 
| 174|0x00000000eae00000, 0x00000000eae00000, 0x00000000eaf00000|  0%| F|  |TAMS 0x00000000eae00000, 0x00000000eae00000| Untracked 
| 175|0x00000000eaf00000, 0x00000000eafbef38, 0x00000000eb000000| 74%| E|  |TAMS 0x00000000eaf00000, 0x00000000eaf00000| Complete 
| 176|0x00000000eb000000, 0x00000000eb100000, 0x00000000eb100000|100%| E|CS|TAMS 0x00000000eb000000, 0x00000000eb000000| Complete 
| 177|0x00000000eb100000, 0x00000000eb200000, 0x00000000eb200000|100%| E|CS|TAMS 0x00000000eb100000, 0x00000000eb100000| Complete 
| 178|0x00000000eb200000, 0x00000000eb300000, 0x00000000eb300000|100%| E|CS|TAMS 0x00000000eb200000, 0x00000000eb200000| Complete 
| 179|0x00000000eb300000, 0x00000000eb400000, 0x00000000eb400000|100%| E|CS|TAMS 0x00000000eb300000, 0x00000000eb300000| Complete 
| 180|0x00000000eb400000, 0x00000000eb500000, 0x00000000eb500000|100%| E|CS|TAMS 0x00000000eb400000, 0x00000000eb400000| Complete 
| 181|0x00000000eb500000, 0x00000000eb600000, 0x00000000eb600000|100%| E|CS|TAMS 0x00000000eb500000, 0x00000000eb500000| Complete 
| 182|0x00000000eb600000, 0x00000000eb700000, 0x00000000eb700000|100%| E|  |TAMS 0x00000000eb600000, 0x00000000eb600000| Complete 
| 183|0x00000000eb700000, 0x00000000eb800000, 0x00000000eb800000|100%| E|CS|TAMS 0x00000000eb700000, 0x00000000eb700000| Complete 
| 184|0x00000000eb800000, 0x00000000eb900000, 0x00000000eb900000|100%| E|CS|TAMS 0x00000000eb800000, 0x00000000eb800000| Complete 
| 185|0x00000000eb900000, 0x00000000eba00000, 0x00000000eba00000|100%| E|CS|TAMS 0x00000000eb900000, 0x00000000eb900000| Complete 
| 186|0x00000000eba00000, 0x00000000ebb00000, 0x00000000ebb00000|100%| E|CS|TAMS 0x00000000eba00000, 0x00000000eba00000| Complete 
| 187|0x00000000ebb00000, 0x00000000ebc00000, 0x00000000ebc00000|100%| E|CS|TAMS 0x00000000ebb00000, 0x00000000ebb00000| Complete 
| 188|0x00000000ebc00000, 0x00000000ebd00000, 0x00000000ebd00000|100%| E|CS|TAMS 0x00000000ebc00000, 0x00000000ebc00000| Complete 
| 189|0x00000000ebd00000, 0x00000000ebe00000, 0x00000000ebe00000|100%| E|CS|TAMS 0x00000000ebd00000, 0x00000000ebd00000| Complete 
| 190|0x00000000ebe00000, 0x00000000ebf00000, 0x00000000ebf00000|100%| E|CS|TAMS 0x00000000ebe00000, 0x00000000ebe00000| Complete 
| 191|0x00000000ebf00000, 0x00000000ec000000, 0x00000000ec000000|100%| E|CS|TAMS 0x00000000ebf00000, 0x00000000ebf00000| Complete 
| 192|0x00000000ec000000, 0x00000000ec100000, 0x00000000ec100000|100%| E|CS|TAMS 0x00000000ec000000, 0x00000000ec000000| Complete 
| 193|0x00000000ec100000, 0x00000000ec200000, 0x00000000ec200000|100%| E|CS|TAMS 0x00000000ec100000, 0x00000000ec100000| Complete 
| 194|0x00000000ec200000, 0x00000000ec300000, 0x00000000ec300000|100%| E|CS|TAMS 0x00000000ec200000, 0x00000000ec200000| Complete 
| 195|0x00000000ec300000, 0x00000000ec400000, 0x00000000ec400000|100%| E|CS|TAMS 0x00000000ec300000, 0x00000000ec300000| Complete 
| 196|0x00000000ec400000, 0x00000000ec500000, 0x00000000ec500000|100%| E|CS|TAMS 0x00000000ec400000, 0x00000000ec400000| Complete 
| 197|0x00000000ec500000, 0x00000000ec600000, 0x00000000ec600000|100%| E|CS|TAMS 0x00000000ec500000, 0x00000000ec500000| Complete 
| 198|0x00000000ec600000, 0x00000000ec700000, 0x00000000ec700000|100%| E|CS|TAMS 0x00000000ec600000, 0x00000000ec600000| Complete 
| 199|0x00000000ec700000, 0x00000000ec800000, 0x00000000ec800000|100%| E|CS|TAMS 0x00000000ec700000, 0x00000000ec700000| Complete 
| 200|0x00000000ec800000, 0x00000000ec900000, 0x00000000ec900000|100%| E|CS|TAMS 0x00000000ec800000, 0x00000000ec800000| Complete 
| 201|0x00000000ec900000, 0x00000000eca00000, 0x00000000eca00000|100%| E|CS|TAMS 0x00000000ec900000, 0x00000000ec900000| Complete 
| 202|0x00000000eca00000, 0x00000000ecb00000, 0x00000000ecb00000|100%| E|CS|TAMS 0x00000000eca00000, 0x00000000eca00000| Complete 
| 203|0x00000000ecb00000, 0x00000000ecc00000, 0x00000000ecc00000|100%| E|CS|TAMS 0x00000000ecb00000, 0x00000000ecb00000| Complete 
| 204|0x00000000ecc00000, 0x00000000ecd00000, 0x00000000ecd00000|100%| E|CS|TAMS 0x00000000ecc00000, 0x00000000ecc00000| Complete 
| 205|0x00000000ecd00000, 0x00000000ece00000, 0x00000000ece00000|100%| E|CS|TAMS 0x00000000ecd00000, 0x00000000ecd00000| Complete 
| 206|0x00000000ece00000, 0x00000000ecf00000, 0x00000000ecf00000|100%| E|CS|TAMS 0x00000000ece00000, 0x00000000ece00000| Complete 
| 207|0x00000000ecf00000, 0x00000000ed000000, 0x00000000ed000000|100%| E|CS|TAMS 0x00000000ecf00000, 0x00000000ecf00000| Complete 
| 208|0x00000000ed000000, 0x00000000ed100000, 0x00000000ed100000|100%| E|CS|TAMS 0x00000000ed000000, 0x00000000ed000000| Complete 
| 209|0x00000000ed100000, 0x00000000ed200000, 0x00000000ed200000|100%| E|CS|TAMS 0x00000000ed100000, 0x00000000ed100000| Complete 
| 210|0x00000000ed200000, 0x00000000ed300000, 0x00000000ed300000|100%| E|CS|TAMS 0x00000000ed200000, 0x00000000ed200000| Complete 
| 211|0x00000000ed300000, 0x00000000ed400000, 0x00000000ed400000|100%| E|CS|TAMS 0x00000000ed300000, 0x00000000ed300000| Complete 
| 212|0x00000000ed400000, 0x00000000ed500000, 0x00000000ed500000|100%| E|CS|TAMS 0x00000000ed400000, 0x00000000ed400000| Complete 
| 213|0x00000000ed500000, 0x00000000ed600000, 0x00000000ed600000|100%| E|CS|TAMS 0x00000000ed500000, 0x00000000ed500000| Complete 
| 214|0x00000000ed600000, 0x00000000ed700000, 0x00000000ed700000|100%| E|CS|TAMS 0x00000000ed600000, 0x00000000ed600000| Complete 
| 215|0x00000000ed700000, 0x00000000ed800000, 0x00000000ed800000|100%| E|CS|TAMS 0x00000000ed700000, 0x00000000ed700000| Complete 
| 216|0x00000000ed800000, 0x00000000ed900000, 0x00000000ed900000|100%| E|CS|TAMS 0x00000000ed800000, 0x00000000ed800000| Complete 
| 217|0x00000000ed900000, 0x00000000eda00000, 0x00000000eda00000|100%| E|CS|TAMS 0x00000000ed900000, 0x00000000ed900000| Complete 
| 218|0x00000000eda00000, 0x00000000edb00000, 0x00000000edb00000|100%| E|CS|TAMS 0x00000000eda00000, 0x00000000eda00000| Complete 
| 219|0x00000000edb00000, 0x00000000edc00000, 0x00000000edc00000|100%| E|CS|TAMS 0x00000000edb00000, 0x00000000edb00000| Complete 
| 220|0x00000000edc00000, 0x00000000edd00000, 0x00000000edd00000|100%| E|CS|TAMS 0x00000000edc00000, 0x00000000edc00000| Complete 
| 221|0x00000000edd00000, 0x00000000ede00000, 0x00000000ede00000|100%| E|CS|TAMS 0x00000000edd00000, 0x00000000edd00000| Complete 
| 222|0x00000000ede00000, 0x00000000edf00000, 0x00000000edf00000|100%| E|CS|TAMS 0x00000000ede00000, 0x00000000ede00000| Complete 
| 223|0x00000000edf00000, 0x00000000ee000000, 0x00000000ee000000|100%| E|CS|TAMS 0x00000000edf00000, 0x00000000edf00000| Complete 
| 224|0x00000000ee000000, 0x00000000ee100000, 0x00000000ee100000|100%| E|CS|TAMS 0x00000000ee000000, 0x00000000ee000000| Complete 
| 225|0x00000000ee100000, 0x00000000ee200000, 0x00000000ee200000|100%| E|CS|TAMS 0x00000000ee100000, 0x00000000ee100000| Complete 
| 226|0x00000000ee200000, 0x00000000ee300000, 0x00000000ee300000|100%| E|CS|TAMS 0x00000000ee200000, 0x00000000ee200000| Complete 
| 227|0x00000000ee300000, 0x00000000ee400000, 0x00000000ee400000|100%| E|CS|TAMS 0x00000000ee300000, 0x00000000ee300000| Complete 
| 228|0x00000000ee400000, 0x00000000ee500000, 0x00000000ee500000|100%| E|CS|TAMS 0x00000000ee400000, 0x00000000ee400000| Complete 
| 229|0x00000000ee500000, 0x00000000ee600000, 0x00000000ee600000|100%| E|CS|TAMS 0x00000000ee500000, 0x00000000ee500000| Complete 
| 230|0x00000000ee600000, 0x00000000ee700000, 0x00000000ee700000|100%| E|CS|TAMS 0x00000000ee600000, 0x00000000ee600000| Complete 
| 231|0x00000000ee700000, 0x00000000ee800000, 0x00000000ee800000|100%| E|CS|TAMS 0x00000000ee700000, 0x00000000ee700000| Complete 
| 232|0x00000000ee800000, 0x00000000ee900000, 0x00000000ee900000|100%| E|CS|TAMS 0x00000000ee800000, 0x00000000ee800000| Complete 
| 233|0x00000000ee900000, 0x00000000eea00000, 0x00000000eea00000|100%| E|CS|TAMS 0x00000000ee900000, 0x00000000ee900000| Complete 
| 234|0x00000000eea00000, 0x00000000eeb00000, 0x00000000eeb00000|100%| E|CS|TAMS 0x00000000eea00000, 0x00000000eea00000| Complete 
| 235|0x00000000eeb00000, 0x00000000eec00000, 0x00000000eec00000|100%| E|CS|TAMS 0x00000000eeb00000, 0x00000000eeb00000| Complete 
| 236|0x00000000eec00000, 0x00000000eed00000, 0x00000000eed00000|100%| E|CS|TAMS 0x00000000eec00000, 0x00000000eec00000| Complete 
| 237|0x00000000eed00000, 0x00000000eee00000, 0x00000000eee00000|100%| E|CS|TAMS 0x00000000eed00000, 0x00000000eed00000| Complete 
| 238|0x00000000eee00000, 0x00000000eef00000, 0x00000000eef00000|100%| E|CS|TAMS 0x00000000eee00000, 0x00000000eee00000| Complete 
| 239|0x00000000eef00000, 0x00000000ef000000, 0x00000000ef000000|100%| E|CS|TAMS 0x00000000eef00000, 0x00000000eef00000| Complete 
| 240|0x00000000ef000000, 0x00000000ef100000, 0x00000000ef100000|100%| E|CS|TAMS 0x00000000ef000000, 0x00000000ef000000| Complete 
| 241|0x00000000ef100000, 0x00000000ef200000, 0x00000000ef200000|100%| E|CS|TAMS 0x00000000ef100000, 0x00000000ef100000| Complete 
| 242|0x00000000ef200000, 0x00000000ef300000, 0x00000000ef300000|100%| E|CS|TAMS 0x00000000ef200000, 0x00000000ef200000| Complete 
| 243|0x00000000ef300000, 0x00000000ef400000, 0x00000000ef400000|100%| E|CS|TAMS 0x00000000ef300000, 0x00000000ef300000| Complete 
| 244|0x00000000ef400000, 0x00000000ef500000, 0x00000000ef500000|100%| E|CS|TAMS 0x00000000ef400000, 0x00000000ef400000| Complete 
| 245|0x00000000ef500000, 0x00000000ef600000, 0x00000000ef600000|100%| E|CS|TAMS 0x00000000ef500000, 0x00000000ef500000| Complete 
| 246|0x00000000ef600000, 0x00000000ef700000, 0x00000000ef700000|100%| E|CS|TAMS 0x00000000ef600000, 0x00000000ef600000| Complete 
| 247|0x00000000ef700000, 0x00000000ef800000, 0x00000000ef800000|100%| E|CS|TAMS 0x00000000ef700000, 0x00000000ef700000| Complete 
| 248|0x00000000ef800000, 0x00000000ef900000, 0x00000000ef900000|100%| E|CS|TAMS 0x00000000ef800000, 0x00000000ef800000| Complete 
| 249|0x00000000ef900000, 0x00000000efa00000, 0x00000000efa00000|100%| E|CS|TAMS 0x00000000ef900000, 0x00000000ef900000| Complete 
| 250|0x00000000efa00000, 0x00000000efb00000, 0x00000000efb00000|100%| E|CS|TAMS 0x00000000efa00000, 0x00000000efa00000| Complete 
| 251|0x00000000efb00000, 0x00000000efc00000, 0x00000000efc00000|100%| E|CS|TAMS 0x00000000efb00000, 0x00000000efb00000| Complete 
| 252|0x00000000efc00000, 0x00000000efd00000, 0x00000000efd00000|100%| E|CS|TAMS 0x00000000efc00000, 0x00000000efc00000| Complete 
| 253|0x00000000efd00000, 0x00000000efe00000, 0x00000000efe00000|100%| E|CS|TAMS 0x00000000efd00000, 0x00000000efd00000| Complete 
| 254|0x00000000efe00000, 0x00000000eff00000, 0x00000000eff00000|100%| E|CS|TAMS 0x00000000efe00000, 0x00000000efe00000| Complete 
| 255|0x00000000eff00000, 0x00000000f0000000, 0x00000000f0000000|100%| E|CS|TAMS 0x00000000eff00000, 0x00000000eff00000| Complete 

Card table byte_map: [0x000001927dd90000,0x000001927de90000] _byte_map_base: 0x000001927d690000

Marking Bits (Prev, Next): (CMBitMap*) 0x00000192673559a0, (CMBitMap*) 0x0000019267355968
 Prev Bits: [0x000001927e790000, 0x000001927ef90000)
 Next Bits: [0x000001927df90000, 0x000001927e790000)

Polling page: 0x0000019265350000

Metaspace:

Usage:
  Non-class:     68.24 MB capacity,    66.59 MB ( 98%) used,     1.40 MB (  2%) free+waste,   260.81 KB ( <1%) overhead. 
      Class:     10.09 MB capacity,     9.17 MB ( 91%) used,   827.10 KB (  8%) free+waste,   117.75 KB (  1%) overhead. 
       Both:     78.33 MB capacity,    75.76 MB ( 97%) used,     2.20 MB (  3%) free+waste,   378.56 KB ( <1%) overhead. 

Virtual space:
  Non-class space:       72.00 MB reserved,      70.50 MB ( 98%) committed 
      Class space:      248.00 MB reserved,      10.63 MB (  4%) committed 
             Both:      320.00 MB reserved,      81.13 MB ( 25%) committed 

Chunk freelists:
   Non-Class:  264.75 KB
       Class:  60.75 KB
        Both:  325.50 KB

CodeHeap 'non-profiled nmethods': size=120000Kb used=12376Kb max_used=12376Kb free=107623Kb
 bounds [0x0000019276430000, 0x0000019277050000, 0x000001927d960000]
CodeHeap 'profiled nmethods': size=120000Kb used=36438Kb max_used=36438Kb free=83561Kb
 bounds [0x000001926ef00000, 0x00000192712b0000, 0x0000019276430000]
CodeHeap 'non-nmethods': size=5760Kb used=2260Kb max_used=2369Kb free=3500Kb
 bounds [0x000001926e960000, 0x000001926ebd0000, 0x000001926ef00000]
 total_blobs=17006 nmethods=16159 adapters=757
 compilation: enabled
              stopped_count=0, restarted_count=0
 full_count=0

Compilation events (10 events):
Event: 1375.952 Thread 0x000001927fa92800 17759       3       org.gradle.api.internal.artifacts.ivyservice.resolveengine.graph.builder.ReplaceSelectionWithConflictResultAction::<init> (10 bytes)
Event: 1375.952 Thread 0x000001927fa92800 nmethod 17759 0x000001927129eb10 code [0x000001927129eca0, 0x000001927129ee58]
Event: 1375.952 Thread 0x000001927fa92800 17760       3       org.gradle.api.internal.artifacts.ivyservice.resolveengine.graph.selectors.SelectorStateResolver::<init> (47 bytes)
Event: 1375.952 Thread 0x000001927fa92800 nmethod 17760 0x000001927129ef10 code [0x000001927129f0e0, 0x000001927129f518]
Event: 1375.952 Thread 0x000001927fa92800 17762       3       org.gradle.api.internal.artifacts.ivyservice.resolveengine.graph.builder.RootNode::getAllDependencies (61 bytes)
Event: 1375.952 Thread 0x000001927fa92800 nmethod 17762 0x000001927129f690 code [0x000001927129f8e0, 0x00000192712a01f8]
Event: 1375.952 Thread 0x000001927fa92800 17764       3       org.gradle.api.internal.artifacts.ivyservice.resolveengine.artifact.DefaultResolvedArtifactsBuilder::startArtifacts (1 bytes)
Event: 1375.952 Thread 0x000001927fa92800 nmethod 17764 0x00000192712a0590 code [0x00000192712a0720, 0x00000192712a0818]
Event: 1375.952 Thread 0x000001927fa92800 17766       3       org.gradle.api.internal.artifacts.ivyservice.resolveengine.artifact.ResolvedArtifactsGraphVisitor::finish (19 bytes)
Event: 1375.952 Thread 0x000001927fa92800 nmethod 17766 0x00000192712a0890 code [0x00000192712a0a40, 0x00000192712a0cd8]

GC Heap History (10 events):
Event: 1292.419 GC heap before
{Heap before GC invocations=37 (full 0):
 garbage-first heap   total 262144K, used 206922K [0x00000000e0000000, 0x0000000100000000)
  region size 1024K, 113 young (115712K), 16 survivors (16384K)
 Metaspace       used 75667K, capacity 78199K, committed 83072K, reserved 327680K
  class space    used 9210K, capacity 10117K, committed 10880K, reserved 253952K
}
Event: 1292.427 GC heap after
{Heap after GC invocations=38 (full 0):
 garbage-first heap   total 262144K, used 111578K [0x00000000e0000000, 0x0000000100000000)
  region size 1024K, 3 young (3072K), 3 survivors (3072K)
 Metaspace       used 75667K, capacity 78199K, committed 83072K, reserved 327680K
  class space    used 9210K, capacity 10117K, committed 10880K, reserved 253952K
}
Event: 1298.497 GC heap before
{Heap before GC invocations=38 (full 0):
 garbage-first heap   total 262144K, used 210906K [0x00000000e0000000, 0x0000000100000000)
  region size 1024K, 100 young (102400K), 3 survivors (3072K)
 Metaspace       used 76051K, capacity 78642K, committed 83072K, reserved 327680K
  class space    used 9221K, capacity 10152K, committed 10880K, reserved 253952K
}
Event: 1298.502 GC heap after
{Heap after GC invocations=39 (full 0):
 garbage-first heap   total 262144K, used 117474K [0x00000000e0000000, 0x0000000100000000)
  region size 1024K, 9 young (9216K), 9 survivors (9216K)
 Metaspace       used 76051K, capacity 78642K, committed 83072K, reserved 327680K
  class space    used 9221K, capacity 10152K, committed 10880K, reserved 253952K
}
Event: 1320.347 GC heap before
{Heap before GC invocations=39 (full 0):
 garbage-first heap   total 262144K, used 211682K [0x00000000e0000000, 0x0000000100000000)
  region size 1024K, 102 young (104448K), 9 survivors (9216K)
 Metaspace       used 76123K, capacity 78709K, committed 83072K, reserved 327680K
  class space    used 9221K, capacity 10152K, committed 10880K, reserved 253952K
}
Event: 1320.351 GC heap after
{Heap after GC invocations=40 (full 0):
 garbage-first heap   total 262144K, used 117237K [0x00000000e0000000, 0x0000000100000000)
  region size 1024K, 3 young (3072K), 3 survivors (3072K)
 Metaspace       used 76123K, capacity 78709K, committed 83072K, reserved 327680K
  class space    used 9221K, capacity 10152K, committed 10880K, reserved 253952K
}
Event: 1320.571 GC heap before
{Heap before GC invocations=40 (full 0):
 garbage-first heap   total 262144K, used 214517K [0x00000000e0000000, 0x0000000100000000)
  region size 1024K, 99 young (101376K), 3 survivors (3072K)
 Metaspace       used 76134K, capacity 78710K, committed 83072K, reserved 327680K
  class space    used 9221K, capacity 10152K, committed 10880K, reserved 253952K
}
Event: 1320.576 GC heap after
{Heap after GC invocations=41 (full 0):
 garbage-first heap   total 262144K, used 123557K [0x00000000e0000000, 0x0000000100000000)
  region size 1024K, 10 young (10240K), 10 survivors (10240K)
 Metaspace       used 76134K, capacity 78710K, committed 83072K, reserved 327680K
  class space    used 9221K, capacity 10152K, committed 10880K, reserved 253952K
}
Event: 1320.697 GC heap before
{Heap before GC invocations=41 (full 0):
 garbage-first heap   total 262144K, used 215717K [0x00000000e0000000, 0x0000000100000000)
  region size 1024K, 99 young (101376K), 10 survivors (10240K)
 Metaspace       used 76207K, capacity 78870K, committed 83072K, reserved 327680K
  class space    used 9227K, capacity 10160K, committed 10880K, reserved 253952K
}
Event: 1320.702 GC heap after
{Heap after GC invocations=42 (full 0):
 garbage-first heap   total 262144K, used 131289K [0x00000000e0000000, 0x0000000100000000)
  region size 1024K, 9 young (9216K), 9 survivors (9216K)
 Metaspace       used 76207K, capacity 78870K, committed 83072K, reserved 327680K
  class space    used 9227K, capacity 10160K, committed 10880K, reserved 253952K
}

Deoptimization events (10 events):
Event: 1292.517 Thread 0x000001920980f000 Uncommon trap: reason=class_check action=maybe_recompile pc=0x00000192764def78 method=java.lang.AbstractStringBuilder.append(Ljava/lang/CharSequence;II)Ljava/lang/AbstractStringBuilder; @ 10 c2
Event: 1292.570 Thread 0x000001920980f000 Uncommon trap: reason=unstable_if action=reinterpret pc=0x0000019276b57490 method=java.lang.String.equals(Ljava/lang/Object;)Z @ 34 c2
Event: 1292.699 Thread 0x000001920363a000 Uncommon trap: reason=array_check action=maybe_recompile pc=0x000001927686e3a4 method=java.util.ComparableTimSort.binarySort([Ljava/lang/Object;III)V @ 193 c2
Event: 1298.616 Thread 0x000001920980e000 Uncommon trap: reason=profile_predicate action=maybe_recompile pc=0x0000019276e60550 method=sun.nio.cs.ISO_8859_1$Decoder.decodeArrayLoop(Ljava/nio/ByteBuffer;Ljava/nio/CharBuffer;)Ljava/nio/charset/CoderResult; @ 133 c2
Event: 1298.657 Thread 0x000001920980e000 Uncommon trap: reason=class_check action=make_not_entrant pc=0x0000019276f6a214 method=java.util.ArrayDeque.toArray(Ljava/lang/Class;)[Ljava/lang/Object; @ 45 c2
Event: 1320.286 Thread 0x000001920b40c000 Uncommon trap: reason=bimorphic_or_optimized_type_check action=maybe_recompile pc=0x0000019276f6f23c method=java.util.Collections$SetFromMap.add(Ljava/lang/Object;)Z @ 8 c2
Event: 1320.287 Thread 0x000001920b40c000 Uncommon trap: reason=bimorphic_or_optimized_type_check action=maybe_recompile pc=0x0000019276f6f0fc method=java.util.Collections$SetFromMap.add(Ljava/lang/Object;)Z @ 8 c2
Event: 1320.287 Thread 0x000001920b40c000 Uncommon trap: reason=bimorphic_or_optimized_type_check action=maybe_recompile pc=0x0000019276f6f0fc method=java.util.Collections$SetFromMap.add(Ljava/lang/Object;)Z @ 8 c2
Event: 1320.287 Thread 0x000001920b40c000 Uncommon trap: reason=bimorphic_or_optimized_type_check action=maybe_recompile pc=0x0000019276f6f0fc method=java.util.Collections$SetFromMap.add(Ljava/lang/Object;)Z @ 8 c2
Event: 1320.517 Thread 0x000001920b411800 Uncommon trap: reason=profile_predicate action=maybe_recompile pc=0x0000019276e60550 method=sun.nio.cs.ISO_8859_1$Decoder.decodeArrayLoop(Ljava/nio/ByteBuffer;Ljava/nio/CharBuffer;)Ljava/nio/charset/CoderResult; @ 133 c2

Classes redefined (0 events):
No events

Internal exceptions (10 events):
Event: 1320.738 Thread 0x000001920b411800 Exception <a 'sun/nio/fs/WindowsException'{0x00000000ef470d30}> (0x00000000ef470d30) thrown at [./open/src/hotspot/share/prims/jni.cpp, line 611]
Event: 1320.738 Thread 0x000001920b411800 Exception <a 'sun/nio/fs/WindowsException'{0x00000000ef471140}> (0x00000000ef471140) thrown at [./open/src/hotspot/share/prims/jni.cpp, line 611]
Event: 1320.738 Thread 0x000001920b411800 Exception <a 'sun/nio/fs/WindowsException'{0x00000000ef4b2a40}> (0x00000000ef4b2a40) thrown at [./open/src/hotspot/share/prims/jni.cpp, line 611]
Event: 1320.738 Thread 0x000001920b411800 Exception <a 'sun/nio/fs/WindowsException'{0x00000000ef4b2ea0}> (0x00000000ef4b2ea0) thrown at [./open/src/hotspot/share/prims/jni.cpp, line 611]
Event: 1320.738 Thread 0x000001920b411800 Exception <a 'sun/nio/fs/WindowsException'{0x00000000ef4f3010}> (0x00000000ef4f3010) thrown at [./open/src/hotspot/share/prims/jni.cpp, line 611]
Event: 1320.738 Thread 0x000001920b411800 Exception <a 'sun/nio/fs/WindowsException'{0x00000000ef4f3450}> (0x00000000ef4f3450) thrown at [./open/src/hotspot/share/prims/jni.cpp, line 611]
Event: 1320.848 Thread 0x000001920b411800 Exception <a 'sun/nio/fs/WindowsException'{0x00000000ed9a2530}> (0x00000000ed9a2530) thrown at [./open/src/hotspot/share/prims/jni.cpp, line 611]
Event: 1320.849 Thread 0x000001920b411800 Exception <a 'sun/nio/fs/WindowsException'{0x00000000ed9b8958}> (0x00000000ed9b8958) thrown at [./open/src/hotspot/share/prims/jni.cpp, line 611]
Event: 1320.849 Thread 0x000001920b411800 Exception <a 'sun/nio/fs/WindowsException'{0x00000000ed9cdee0}> (0x00000000ed9cdee0) thrown at [./open/src/hotspot/share/prims/jni.cpp, line 611]
Event: 1375.887 Thread 0x000001920b40c000 Exception <a 'java/lang/NoClassDefFoundError'{0x00000000ec845ca8}: org/jetbrains/kotlin/gradle/plugin/KotlinPluginWrapper> (0x00000000ec845ca8) thrown at [./open/src/hotspot/share/oops/constantPool.cpp, line 770]

Events (10 events):
Event: 1375.939 Thread 0x000001920a197800 Thread added: 0x000001920a197800
Event: 1375.940 Thread 0x000001920a196800 Thread added: 0x000001920a196800
Event: 1375.941 Thread 0x000001920a195000 Thread added: 0x000001920a195000
Event: 1375.942 Thread 0x000001920a195800 Thread added: 0x000001920a195800
Event: 1375.943 Thread 0x000001920a198000 Thread added: 0x000001920a198000
Event: 1375.944 Thread 0x000001920a199000 Thread added: 0x000001920a199000
Event: 1375.945 Thread 0x000001920a193800 Thread added: 0x000001920a193800
Event: 1375.946 Thread 0x000001920a19d000 Thread added: 0x000001920a19d000
Event: 1375.948 Thread 0x000001920a19e000 Thread added: 0x000001920a19e000
Event: 1375.949 Thread 0x000001920a19e800 Thread added: 0x000001920a19e800


Dynamic libraries:
0x00007ff62a080000 - 0x00007ff62a08f000 	C:\Program Files\Java\jdk-11.0.13\bin\java.exe
0x00007ffa1e5b0000 - 0x00007ffa1e7a5000 	C:\Windows\SYSTEM32\ntdll.dll
0x00007ff9f8280000 - 0x00007ff9f8293000 	C:\Program Files\AVG\Antivirus\aswhook.dll
0x00007ffa1d360000 - 0x00007ffa1d41e000 	C:\Windows\System32\KERNEL32.DLL
0x00007ffa1bf90000 - 0x00007ffa1c258000 	C:\Windows\System32\KERNELBASE.dll
0x00007ffa1c260000 - 0x00007ffa1c360000 	C:\Windows\System32\ucrtbase.dll
0x00007ffa03850000 - 0x00007ffa03868000 	C:\Program Files\Java\jdk-11.0.13\bin\jli.dll
0x00007ffa03830000 - 0x00007ffa03845000 	C:\Program Files\Java\jdk-11.0.13\bin\VCRUNTIME140.dll
0x00007ffa1e4c0000 - 0x00007ffa1e56e000 	C:\Windows\System32\ADVAPI32.dll
0x00007ffa1e420000 - 0x00007ffa1e4be000 	C:\Windows\System32\msvcrt.dll
0x00007ffa1d6a0000 - 0x00007ffa1d73c000 	C:\Windows\System32\sechost.dll
0x00007ffa1d740000 - 0x00007ffa1d865000 	C:\Windows\System32\RPCRT4.dll
0x00007ffa1c730000 - 0x00007ffa1c8d1000 	C:\Windows\System32\USER32.dll
0x00007ffa1be80000 - 0x00007ffa1bea2000 	C:\Windows\System32\win32u.dll
0x00007ffa1b090000 - 0x00007ffa1b32a000 	C:\Windows\WinSxS\amd64_microsoft.windows.common-controls_6595b64144ccf1df_6.0.19041.1110_none_60b5254171f9507e\COMCTL32.dll
0x00007ffa1dd10000 - 0x00007ffa1dd3b000 	C:\Windows\System32\GDI32.dll
0x00007ffa1bd70000 - 0x00007ffa1be7d000 	C:\Windows\System32\gdi32full.dll
0x00007ffa1c550000 - 0x00007ffa1c5ed000 	C:\Windows\System32\msvcp_win.dll
0x00007ffa14e30000 - 0x00007ffa14e3a000 	C:\Windows\SYSTEM32\VERSION.dll
0x00007ffa1c8e0000 - 0x00007ffa1c910000 	C:\Windows\System32\IMM32.DLL
0x00007ffa03790000 - 0x00007ffa0382b000 	C:\Program Files\Java\jdk-11.0.13\bin\msvcp140.dll
0x00007ff9aa4a0000 - 0x00007ff9aafb3000 	C:\Program Files\Java\jdk-11.0.13\bin\server\jvm.dll
0x00007ffa1d4d0000 - 0x00007ffa1d4d8000 	C:\Windows\System32\PSAPI.DLL
0x00007ffa0ab70000 - 0x00007ffa0ab79000 	C:\Windows\SYSTEM32\WSOCK32.dll
0x00007ffa0af90000 - 0x00007ffa0afb7000 	C:\Windows\SYSTEM32\WINMM.dll
0x00007ffa1d630000 - 0x00007ffa1d69b000 	C:\Windows\System32\WS2_32.dll
0x00007ffa18ef0000 - 0x00007ffa18f02000 	C:\Windows\SYSTEM32\kernel.appcore.dll
0x00007ffa1b690000 - 0x00007ffa1b6a0000 	C:\Program Files\Java\jdk-11.0.13\bin\verify.dll
0x00007ffa1b6e0000 - 0x00007ffa1b8c4000 	C:\Windows\SYSTEM32\DBGHELP.DLL
0x00007ffa1b490000 - 0x00007ffa1b4bc000 	C:\Windows\SYSTEM32\dbgcore.DLL
0x00007ffa1bf00000 - 0x00007ffa1bf82000 	C:\Windows\System32\bcryptPrimitives.dll
0x00007ffa03760000 - 0x00007ffa03788000 	C:\Program Files\Java\jdk-11.0.13\bin\java.dll
0x00007ffa03750000 - 0x00007ffa0375a000 	C:\Program Files\Java\jdk-11.0.13\bin\jimage.dll
0x00007ffa03730000 - 0x00007ffa03746000 	C:\Program Files\Java\jdk-11.0.13\bin\zip.dll
0x00007ffa1ca80000 - 0x00007ffa1d1c4000 	C:\Windows\System32\SHELL32.dll
0x00007ffa190f0000 - 0x00007ffa19885000 	C:\Windows\SYSTEM32\windows.storage.dll
0x00007ffa1d9b0000 - 0x00007ffa1dd05000 	C:\Windows\System32\combase.dll
0x00007ffa1b020000 - 0x00007ffa1b04e000 	C:\Windows\SYSTEM32\Wldp.dll
0x00007ffa1d420000 - 0x00007ffa1d4cd000 	C:\Windows\System32\SHCORE.dll
0x00007ffa1c5f0000 - 0x00007ffa1c645000 	C:\Windows\System32\shlwapi.dll
0x00007ffa1bc00000 - 0x00007ffa1bc1f000 	C:\Windows\SYSTEM32\profapi.dll
0x00007ff9ee210000 - 0x00007ff9ee229000 	C:\Program Files\Java\jdk-11.0.13\bin\net.dll
0x00007ffa11c30000 - 0x00007ffa11d3c000 	C:\Windows\SYSTEM32\WINHTTP.dll
0x00007ffa1af30000 - 0x00007ffa1af9a000 	C:\Windows\system32\mswsock.dll
0x00007ff9ee1f0000 - 0x00007ff9ee202000 	C:\Program Files\Java\jdk-11.0.13\bin\nio.dll
0x00007ffa03870000 - 0x00007ffa03897000 	C:\Users\Administrator\.gradle\native\e1d6ef7f7dcc3fd88c89a11ec53ec762bb8ba0a96d01ffa2cd45eb1d1d8dd5c5\windows-amd64\native-platform.dll
0x00007ff9e4900000 - 0x00007ff9e4a44000 	C:\Users\Administrator\.gradle\native\5664cfc778a61ccfe75a443a1ab52a65af34e5dc3c78e0209fed803814484fcb\windows-amd64\native-platform-file-events.dll
0x00007ffa036e0000 - 0x00007ffa036e9000 	C:\Program Files\Java\jdk-11.0.13\bin\management.dll
0x00007ff9ffda0000 - 0x00007ff9ffdab000 	C:\Program Files\Java\jdk-11.0.13\bin\management_ext.dll
0x00007ffa1ba40000 - 0x00007ffa1ba58000 	C:\Windows\SYSTEM32\CRYPTSP.dll
0x00007ffa1a720000 - 0x00007ffa1a754000 	C:\Windows\system32\rsaenh.dll
0x00007ffa1c520000 - 0x00007ffa1c547000 	C:\Windows\System32\bcrypt.dll
0x00007ffa1bbc0000 - 0x00007ffa1bbee000 	C:\Windows\SYSTEM32\USERENV.dll
0x00007ffa1ae60000 - 0x00007ffa1ae6c000 	C:\Windows\SYSTEM32\CRYPTBASE.dll
0x00007ffa1aa70000 - 0x00007ffa1aaab000 	C:\Windows\SYSTEM32\IPHLPAPI.DLL
0x00007ffa1d870000 - 0x00007ffa1d878000 	C:\Windows\System32\NSI.dll
0x00007ffa14df0000 - 0x00007ffa14e07000 	C:\Windows\SYSTEM32\dhcpcsvc6.DLL
0x00007ffa14d90000 - 0x00007ffa14dad000 	C:\Windows\SYSTEM32\dhcpcsvc.DLL
0x00007ffa1aab0000 - 0x00007ffa1ab7b000 	C:\Windows\SYSTEM32\DNSAPI.dll

dbghelp: loaded successfully - version: 4.0.5 - missing functions: none
symbol engine: initialized successfully - sym options: 0x614 - pdb path: .;C:\Program Files\Java\jdk-11.0.13\bin;C:\Windows\SYSTEM32;C:\Program Files\AVG\Antivirus;C:\Windows\WinSxS\amd64_microsoft.windows.common-controls_6595b64144ccf1df_6.0.19041.1110_none_60b5254171f9507e;C:\Program Files\Java\jdk-11.0.13\bin\server;C:\Users\Administrator\.gradle\native\e1d6ef7f7dcc3fd88c89a11ec53ec762bb8ba0a96d01ffa2cd45eb1d1d8dd5c5\windows-amd64;C:\Users\Administrator\.gradle\native\5664cfc778a61ccfe75a443a1ab52a65af34e5dc3c78e0209fed803814484fcb\windows-amd64

VM Arguments:
jvm_args: --add-opens=java.base/java.util=ALL-UNNAMED --add-opens=java.base/java.lang=ALL-UNNAMED --add-opens=java.base/java.lang.invoke=ALL-UNNAMED --add-opens=java.base/java.util=ALL-UNNAMED --add-opens=java.prefs/java.util.prefs=ALL-UNNAMED --add-opens=java.prefs/java.util.prefs=ALL-UNNAMED --add-opens=java.base/java.nio.charset=ALL-UNNAMED --add-opens=java.base/java.net=ALL-UNNAMED --add-opens=java.base/java.util.concurrent.atomic=ALL-UNNAMED -XX:MaxMetaspaceSize=256m -XX:+HeapDumpOnOutOfMemoryError -Xms256m -Xmx512m -Dfile.encoding=x-windows-949 -Duser.country=KR -Duser.language=ko -Duser.variant 
java_command: org.gradle.launcher.daemon.bootstrap.GradleDaemon 7.2
java_class_path (initial): C:\Users\Administrator\.gradle\wrapper\dists\gradle-7.2-bin\2dnblmf4td7x66yl1d74lt32g\gradle-7.2\lib\gradle-launcher-7.2.jar
Launcher Type: SUN_STANDARD

[Global flags]
     intx CICompilerCount                          = 4                                         {product} {ergonomic}
   size_t CompressedClassSpaceSize                 = 260046848                                 {product} {ergonomic}
     uint ConcGCThreads                            = 2                                         {product} {ergonomic}
     uint G1ConcRefinementThreads                  = 8                                         {product} {ergonomic}
   size_t G1HeapRegionSize                         = 1048576                                   {product} {ergonomic}
    uintx GCDrainStackTargetSize                   = 64                                        {product} {ergonomic}
     bool HeapDumpOnOutOfMemoryError               = true                                   {manageable} {command line}
   size_t InitialHeapSize                          = 268435456                                 {product} {command line}
   size_t MarkStackSize                            = 4194304                                   {product} {ergonomic}
   size_t MaxHeapSize                              = 536870912                                 {product} {command line}
   size_t MaxMetaspaceSize                         = 268435456                                 {product} {command line}
   size_t MaxNewSize                               = 321912832                                 {product} {ergonomic}
   size_t MinHeapDeltaBytes                        = 1048576                                   {product} {ergonomic}
    uintx NonNMethodCodeHeapSize                   = 5836300                                {pd product} {ergonomic}
    uintx NonProfiledCodeHeapSize                  = 122910970                              {pd product} {ergonomic}
    uintx ProfiledCodeHeapSize                     = 122910970                              {pd product} {ergonomic}
    uintx ReservedCodeCacheSize                    = 251658240                              {pd product} {ergonomic}
     bool SegmentedCodeCache                       = true                                      {product} {ergonomic}
     bool UseCompressedClassPointers               = true                                 {lp64_product} {ergonomic}
     bool UseCompressedOops                        = true                                 {lp64_product} {ergonomic}
     bool UseG1GC                                  = true                                      {product} {ergonomic}
     bool UseLargePagesIndividualAllocation        = false                                  {pd product} {ergonomic}

Logging:
Log output configuration:
 #0: stdout all=warning uptime,level,tags
 #1: stderr all=off uptime,level,tags

Environment Variables:
JAVA_HOME=C:\Program Files\Java\jdk-11.0.13
PATH=C:\Program Files\Common Files\Oracle\Java\javapath;C:\Windows\system32;C:\Windows;C:\Windows\System32\Wbem;C:\Windows\System32\WindowsPowerShell\v1.0\;C:\Windows\System32\OpenSSH\;C:\Program Files (x86)\NVIDIA Corporation\PhysX\Common;C:\Program Files\Git\cmd;C:\Program Files (x86)\NetSarang\Xshell 7\;C:\Program Files\MySQL\MySQL Server 8.0\bin;C:\Users\Administrator\AppData\Local\Microsoft\WindowsApps;C:\Program Files\Bandizip\;C:\Program Files\JetBrains\IntelliJ IDEA Community Edition 2021.2.3\bin;;C:\Program Files\JetBrains\IntelliJ IDEA 2021.2.3\bin;;C:\Program Files\Java\jdk-11.0.13;C:\Program Files\Java\jdk-11.0.13\;
USERNAME=Colin
OS=Windows_NT
PROCESSOR_IDENTIFIER=Intel64 Family 6 Model 158 Stepping 13, GenuineIntel



---------------  S Y S T E M  ---------------

OS: Windows 10 , 64 bit Build 19041 (10.0.19041.1466)

CPU:total 8 (initial active 8) (8 cores per cpu, 1 threads per core) family 6 model 158 stepping 13 microcode 0xca, cmov, cx8, fxsr, mmx, sse, sse2, sse3, ssse3, sse4.1, sse4.2, popcnt, avx, avx2, aes, clmul, erms, 3dnowpref, lzcnt, tsc, tscinvbit, bmi1, bmi2, adx, fma

Memory: 4k page, system-wide physical 16318M (8466M free)
TotalPageFile size 32702M (AvailPageFile size 21697M)
current process WorkingSet (physical memory assigned to process): 541M, peak: 549M
current process commit charge ("private bytes"): 584M, peak: 597M

vm_info: Java HotSpot(TM) 64-Bit Server VM (11.0.13+10-LTS-370) for windows-amd64 JRE (11.0.13+10-LTS-370), built on Sep 15 2021 22:10:36 by "mach5one" with MS VC++ 15.9 (VS2017)

END.
