#
# A fatal error has been detected by the Java Runtime Environment:
#
#  EXCEPTION_ACCESS_VIOLATION (0xc0000005) at pc=0x00007ffb03147625, pid=8116, tid=9472
#
# JRE version: Java(TM) SE Runtime Environment 18.9 (11.0.13+10) (build 11.0.13+10-LTS-370)
# Java VM: Java HotSpot(TM) 64-Bit Server VM 18.9 (11.0.13+10-LTS-370, mixed mode, tiered, compressed oops, g1 gc, windows-amd64)
# Problematic frame:
# V  [jvm.dll+0x1e7625]
#
# No core dump will be written. Minidumps are not enabled by default on client versions of Windows
#
# If you would like to submit a bug report, please visit:
#   https://bugreport.java.com/bugreport/crash.jsp
#

---------------  S U M M A R Y ------------

Command Line: -XX:TieredStopAtLevel=1 -Xverify:none -Dspring.output.ansi.enabled=always -javaagent:C:\Program Files\JetBrains\IntelliJ IDEA 2021.2.3\lib\idea_rt.jar=4460:C:\Program Files\JetBrains\IntelliJ IDEA 2021.2.3\bin -Dcom.sun.management.jmxremote -Dspring.jmx.enabled=true -Dspring.liveBeansView.mbeanDomain -Dspring.application.admin.enabled=true -Dfile.encoding=UTF-8 com.example.board.BoardApplication

Host: Intel(R) Core(TM) i7-9700F CPU @ 3.00GHz, 8 cores, 15G,  Windows 10 , 64 bit Build 19041 (10.0.19041.1466)
Time: Thu Jan 13 09:30:23 2022 대한민국 표준시 elapsed time: 0.718198 seconds (0d 0h 0m 0s)

---------------  T H R E A D  ---------------

Current thread (0x000001b5682f9000):  ConcurrentGCThread "G1 Conc#0" [stack: 0x000000421ca00000,0x000000421cb00000] [id=9472]

Stack: [0x000000421ca00000,0x000000421cb00000],  sp=0x000000421caff2e0,  free space=1020k
Native frames: (J=compiled Java code, j=interpreted, Vv=VM code, C=native code)
V  [jvm.dll+0x1e7625]
V  [jvm.dll+0x2d5e18]
V  [jvm.dll+0x2dcd14]
V  [jvm.dll+0x791c30]
V  [jvm.dll+0x720a54]
V  [jvm.dll+0x627606]
C  [ucrtbase.dll+0x21bb2]
C  [KERNEL32.DLL+0x17034]
C  [ntdll.dll+0x52651]


siginfo: EXCEPTION_ACCESS_VIOLATION (0xc0000005), reading address 0x0000000000000160


Register to memory mapping:

RIP=0x00007ffb03147625 jvm.dll
RAX=0x000001b568287d00 points into unknown readable memory: 0x0000000000000000 | 00 00 00 00 00 00 00 00
RBX=0x000000070b22d67c is pointing into object: [Lsun.reflect.generics.tree.FormalTypeParameter; 
{0x000000070b22d0f0} - klass: 'sun/reflect/generics/tree/FormalTypeParameter'[]
 - length: 65536
RCX=0x0000000000000014 is an unknown value
RDX=0x0 is NULL
RSP=0x000000421caff2e0 points into unknown readable memory: 0x0000000800005c58 | 58 5c 00 00 08 00 00 00
RBP=0x0 is NULL
RSI=0x000000070b22d684 is pointing into object: [Lsun.reflect.generics.tree.FormalTypeParameter; 
{0x000000070b22d0f0} - klass: 'sun/reflect/generics/tree/FormalTypeParameter'[]
 - length: 65536
RDI=0x0000000000100000 is an unknown value
R8 =0x0000000000100000 is an unknown value
R9 =0x0 is NULL
R10=0x0 is NULL
R11=0x0000000000000246 is an unknown value
R12=0x0 is NULL
R13=0x00007ffb0393e300 jvm.dll
R14=0x000001b5682e4fb8 points into unknown readable memory: 0x000001b568290428 | 28 04 29 68 b5 01 00 00
R15=0x000001b5682e4f10 points into unknown readable memory: 0x000001b5682f7800 | 00 78 2f 68 b5 01 00 00


Registers:
RAX=0x000001b568287d00, RBX=0x000000070b22d67c, RCX=0x0000000000000014, RDX=0x0000000000000000
RSP=0x000000421caff2e0, RBP=0x0000000000000000, RSI=0x000000070b22d684, RDI=0x0000000000100000
R8 =0x0000000000100000, R9 =0x0000000000000000, R10=0x0000000000000000, R11=0x0000000000000246
R12=0x0000000000000000, R13=0x00007ffb0393e300, R14=0x000001b5682e4fb8, R15=0x000001b5682e4f10
RIP=0x00007ffb03147625, EFLAGS=0x0000000000010202

Top of Stack: (sp=0x000000421caff2e0)
0x000000421caff2e0:   0000000800005c58 000000070b258cb8
0x000000421caff2f0:   000000070b22d648 0000000000000000
0x000000421caff300:   000000421c9ff730 0000000000000000
0x000000421caff310:   000000421caff370 00007ffb03235e18
0x000000421caff320:   0000000800013190 000000070b22d660
0x000000421caff330:   000000421c9ff730 000000070b258cb8
0x000000421caff340:   0000000000000005 00007ffb0323cd14
0x000000421caff350:   0000000800013190 000000070b22d660
0x000000421caff360:   000000070b22d648 0000000000000000
0x000000421caff370:   00007ffb037c6908 0000000000000000
0x000000421caff380:   000001b56828ff60 000001b5682e4f10
0x000000421caff390:   0000000000000000 00007ffb036f214b
0x000000421caff3a0:   0000000000000000 00000000000075a3
0x000000421caff3b0:   0000000000000000 000001b5682f9000
0x000000421caff3c0:   0000000000000000 00007ffb036f1c30
0x000000421caff3d0:   000001b5682f9000 000000421caff780 

Instructions: (pc=0x00007ffb03147625)
0x00007ffb03147605:   4d 8b d0 44 8b e2 49 8b e9 49 8b f8 8b 88 c0 02
0x00007ffb03147615:   00 00 48 8b 80 b0 02 00 00 49 d3 ea 4e 8b 14 d0
0x00007ffb03147625:   4d 3b 82 60 01 00 00 72 11 32 c0 48 8b 6c 24 58
0x00007ffb03147635:   48 83 c4 20 41 5f 41 5c 5f c3 49 8b 87 90 00 00 


Stack slot to memory mapping:
stack at sp + 0 slots: 0x0000000800005c58 is a pointer to class: 
java.lang.ref.WeakReference {0x0000000800005c60}
stack at sp + 1 slots: 0x000000070b258cb8 is an unallocated location in the heap
stack at sp + 2 slots: 0x000000070b22d648 is an oop: java.util.ArrayList 
{0x000000070b22d648} - klass: 'java/util/ArrayList'
stack at sp + 3 slots: 0x0 is NULL
stack at sp + 4 slots: 0x000000421c9ff730 points into unknown readable memory: 0x00007ffb037c6f98 | 98 6f 7c 03 fb 7f 00 00
stack at sp + 5 slots: 0x0 is NULL
stack at sp + 6 slots: 0x000000421caff370 points into unknown readable memory: 0x00007ffb037c6908 | 08 69 7c 03 fb 7f 00 00
stack at sp + 7 slots: 0x00007ffb03235e18 jvm.dll


---------------  P R O C E S S  ---------------

Threads class SMR info:
_java_thread_list=0x000001b50cc14e10, length=14, elements={
0x000001b568284000, 0x000001b50afc3800, 0x000001b50afcd800, 0x000001b50b8e2000,
0x000001b50b8e4000, 0x000001b50b8e6800, 0x000001b50b8ea000, 0x000001b50b8ef800,
0x000001b50b860800, 0x000001b50be06000, 0x000001b50bfbd800, 0x000001b50cb35800,
0x000001b50cb37800, 0x000001b50cc3e800
}

Java Threads: ( => current thread )
  0x000001b568284000 JavaThread "main" [_thread_blocked, id=432, stack(0x000000421c700000,0x000000421c800000)]
  0x000001b50afc3800 JavaThread "Reference Handler" daemon [_thread_blocked, id=7044, stack(0x000000421ce00000,0x000000421cf00000)]
  0x000001b50afcd800 JavaThread "Finalizer" daemon [_thread_blocked, id=12380, stack(0x000000421cf00000,0x000000421d000000)]
  0x000001b50b8e2000 JavaThread "Signal Dispatcher" daemon [_thread_blocked, id=1992, stack(0x000000421d000000,0x000000421d100000)]
  0x000001b50b8e4000 JavaThread "Attach Listener" daemon [_thread_blocked, id=8760, stack(0x000000421d100000,0x000000421d200000)]
  0x000001b50b8e6800 JavaThread "Service Thread" daemon [_thread_blocked, id=624, stack(0x000000421d200000,0x000000421d300000)]
  0x000001b50b8ea000 JavaThread "C1 CompilerThread0" daemon [_thread_in_vm, id=9108, stack(0x000000421d300000,0x000000421d400000)]
  0x000001b50b8ef800 JavaThread "Sweeper thread" daemon [_thread_blocked, id=10480, stack(0x000000421d400000,0x000000421d500000)]
  0x000001b50b860800 JavaThread "Common-Cleaner" daemon [_thread_blocked, id=2352, stack(0x000000421d500000,0x000000421d600000)]
  0x000001b50be06000 JavaThread "Monitor Ctrl-Break" daemon [_thread_in_native, id=10712, stack(0x000000421d600000,0x000000421d700000)]
  0x000001b50bfbd800 JavaThread "RMI TCP Accept-0" daemon [_thread_in_native, id=11824, stack(0x000000421d700000,0x000000421d800000)]
  0x000001b50cb35800 JavaThread "Thread-0" [_thread_blocked, id=7428, stack(0x000000421de00000,0x000000421df00000)]
  0x000001b50cb37800 JavaThread "restartedMain" [_thread_in_Java, id=10844, stack(0x000000421df00000,0x000000421e000000)]
  0x000001b50cc3e800 JavaThread "background-preinit" [_thread_in_vm, id=5396, stack(0x000000421e000000,0x000000421e100000)]

Other Threads:
  0x000001b50afbf800 VMThread "VM Thread" [stack: 0x000000421cd00000,0x000000421ce00000] [id=4676]
  0x000001b50bfdf000 WatcherThread [stack: 0x000000421d800000,0x000000421d900000] [id=3184]
  0x000001b568297800 GCTaskThread "GC Thread#0" [stack: 0x000000421c800000,0x000000421c900000] [id=10496]
  0x000001b50c3a9800 GCTaskThread "GC Thread#1" [stack: 0x000000421d900000,0x000000421da00000] [id=12932]
  0x000001b50c3ce800 GCTaskThread "GC Thread#2" [stack: 0x000000421da00000,0x000000421db00000] [id=8784]
  0x000001b50c3b6800 GCTaskThread "GC Thread#3" [stack: 0x000000421db00000,0x000000421dc00000] [id=3672]
  0x000001b50c3b7000 GCTaskThread "GC Thread#4" [stack: 0x000000421dc00000,0x000000421dd00000] [id=3928]
  0x000001b50c3b8000 GCTaskThread "GC Thread#5" [stack: 0x000000421dd00000,0x000000421de00000] [id=10360]
  0x000001b50ce18800 GCTaskThread "GC Thread#6" [stack: 0x000000421e100000,0x000000421e200000] [id=1204]
  0x000001b50ce1e000 GCTaskThread "GC Thread#7" [stack: 0x000000421e200000,0x000000421e300000] [id=9352]
  0x000001b5682f7800 ConcurrentGCThread "G1 Main Marker" [stack: 0x000000421c900000,0x000000421ca00000] [id=11888]
=>0x000001b5682f9000 ConcurrentGCThread "G1 Conc#0" [stack: 0x000000421ca00000,0x000000421cb00000] [id=9472]
  0x000001b50cc10800 ConcurrentGCThread "G1 Conc#1" [stack: 0x000000421e300000,0x000000421e400000] [id=12240]
  0x000001b50aeac800 ConcurrentGCThread "G1 Refine#0" [stack: 0x000000421cb00000,0x000000421cc00000] [id=3192]
  0x000001b50aead800 ConcurrentGCThread "G1 Young RemSet Sampling" [stack: 0x000000421cc00000,0x000000421cd00000] [id=8972]

Threads with active compile tasks:
C1 CompilerThread0    739 2061       1       java.lang.reflect.ProxyGenerator::code_ipush (90 bytes)

VM state:not at safepoint (normal execution)

VM Mutex/Monitor currently owned by a thread: None

Heap address: 0x0000000701000000, size: 4080 MB, Compressed Oops mode: Zero based, Oop shift amount: 3
Narrow klass base: 0x0000000800000000, Narrow klass shift: 0
Compressed class space size: 1073741824 Address: 0x0000000800000000

Heap:
 garbage-first heap   total 262144K, used 19997K [0x0000000701000000, 0x0000000800000000)
  region size 1024K, 17 young (17408K), 6 survivors (6144K)
 Metaspace       used 22085K, capacity 22821K, committed 22880K, reserved 1069056K
  class space    used 2710K, capacity 3002K, committed 3020K, reserved 1048576K
Heap Regions: E=young(eden), S=young(survivor), O=old, HS=humongous(starts), HC=humongous(continues), CS=collection set, F=free, A=archive, TAMS=top-at-mark-start (previous, next)
|   0|0x0000000701000000, 0x0000000701100000, 0x0000000701100000|100%|HS|  |TAMS 0x0000000701000000, 0x0000000701100000| Complete 
|   1|0x0000000701100000, 0x0000000701200000, 0x0000000701200000|100%| O|  |TAMS 0x0000000701100000, 0x0000000701200000| Untracked 
|   2|0x0000000701200000, 0x0000000701300000, 0x0000000701300000|100%| O|  |TAMS 0x0000000701200000, 0x0000000701300000| Untracked 
|   3|0x0000000701300000, 0x0000000701400000, 0x0000000701400000|100%| O|  |TAMS 0x0000000701300000, 0x0000000701400000| Untracked 
|   4|0x0000000701400000, 0x000000070142e800, 0x0000000701500000| 18%| O|  |TAMS 0x0000000701400000, 0x000000070142e800| Untracked 
|   5|0x0000000701500000, 0x0000000701500000, 0x0000000701600000|  0%| F|  |TAMS 0x0000000701500000, 0x0000000701500000| Untracked 
|   6|0x0000000701600000, 0x0000000701600000, 0x0000000701700000|  0%| F|  |TAMS 0x0000000701600000, 0x0000000701600000| Untracked 
|   7|0x0000000701700000, 0x0000000701700000, 0x0000000701800000|  0%| F|  |TAMS 0x0000000701700000, 0x0000000701700000| Untracked 
|   8|0x0000000701800000, 0x0000000701800000, 0x0000000701900000|  0%| F|  |TAMS 0x0000000701800000, 0x0000000701800000| Untracked 
|   9|0x0000000701900000, 0x0000000701900000, 0x0000000701a00000|  0%| F|  |TAMS 0x0000000701900000, 0x0000000701900000| Untracked 
|  10|0x0000000701a00000, 0x0000000701a00000, 0x0000000701b00000|  0%| F|  |TAMS 0x0000000701a00000, 0x0000000701a00000| Untracked 
|  11|0x0000000701b00000, 0x0000000701b00000, 0x0000000701c00000|  0%| F|  |TAMS 0x0000000701b00000, 0x0000000701b00000| Untracked 
|  12|0x0000000701c00000, 0x0000000701c00000, 0x0000000701d00000|  0%| F|  |TAMS 0x0000000701c00000, 0x0000000701c00000| Untracked 
|  13|0x0000000701d00000, 0x0000000701d00000, 0x0000000701e00000|  0%| F|  |TAMS 0x0000000701d00000, 0x0000000701d00000| Untracked 
|  14|0x0000000701e00000, 0x0000000701e00000, 0x0000000701f00000|  0%| F|  |TAMS 0x0000000701e00000, 0x0000000701e00000| Untracked 
|  15|0x0000000701f00000, 0x0000000701f00000, 0x0000000702000000|  0%| F|  |TAMS 0x0000000701f00000, 0x0000000701f00000| Untracked 
|  16|0x0000000702000000, 0x0000000702000000, 0x0000000702100000|  0%| F|  |TAMS 0x0000000702000000, 0x0000000702000000| Untracked 
|  17|0x0000000702100000, 0x0000000702100000, 0x0000000702200000|  0%| F|  |TAMS 0x0000000702100000, 0x0000000702100000| Untracked 
|  18|0x0000000702200000, 0x0000000702200000, 0x0000000702300000|  0%| F|  |TAMS 0x0000000702200000, 0x0000000702200000| Untracked 
|  19|0x0000000702300000, 0x0000000702300000, 0x0000000702400000|  0%| F|  |TAMS 0x0000000702300000, 0x0000000702300000| Untracked 
|  20|0x0000000702400000, 0x0000000702400000, 0x0000000702500000|  0%| F|  |TAMS 0x0000000702400000, 0x0000000702400000| Untracked 
|  21|0x0000000702500000, 0x0000000702500000, 0x0000000702600000|  0%| F|  |TAMS 0x0000000702500000, 0x0000000702500000| Untracked 
|  22|0x0000000702600000, 0x0000000702600000, 0x0000000702700000|  0%| F|  |TAMS 0x0000000702600000, 0x0000000702600000| Untracked 
|  23|0x0000000702700000, 0x0000000702700000, 0x0000000702800000|  0%| F|  |TAMS 0x0000000702700000, 0x0000000702700000| Untracked 
|  24|0x0000000702800000, 0x0000000702800000, 0x0000000702900000|  0%| F|  |TAMS 0x0000000702800000, 0x0000000702800000| Untracked 
|  25|0x0000000702900000, 0x0000000702900000, 0x0000000702a00000|  0%| F|  |TAMS 0x0000000702900000, 0x0000000702900000| Untracked 
|  26|0x0000000702a00000, 0x0000000702a00000, 0x0000000702b00000|  0%| F|  |TAMS 0x0000000702a00000, 0x0000000702a00000| Untracked 
|  27|0x0000000702b00000, 0x0000000702b00000, 0x0000000702c00000|  0%| F|  |TAMS 0x0000000702b00000, 0x0000000702b00000| Untracked 
|  28|0x0000000702c00000, 0x0000000702c00000, 0x0000000702d00000|  0%| F|  |TAMS 0x0000000702c00000, 0x0000000702c00000| Untracked 
|  29|0x0000000702d00000, 0x0000000702d00000, 0x0000000702e00000|  0%| F|  |TAMS 0x0000000702d00000, 0x0000000702d00000| Untracked 
|  30|0x0000000702e00000, 0x0000000702e00000, 0x0000000702f00000|  0%| F|  |TAMS 0x0000000702e00000, 0x0000000702e00000| Untracked 
|  31|0x0000000702f00000, 0x0000000702f00000, 0x0000000703000000|  0%| F|  |TAMS 0x0000000702f00000, 0x0000000702f00000| Untracked 
|  32|0x0000000703000000, 0x0000000703000000, 0x0000000703100000|  0%| F|  |TAMS 0x0000000703000000, 0x0000000703000000| Untracked 
|  33|0x0000000703100000, 0x0000000703100000, 0x0000000703200000|  0%| F|  |TAMS 0x0000000703100000, 0x0000000703100000| Untracked 
|  34|0x0000000703200000, 0x0000000703200000, 0x0000000703300000|  0%| F|  |TAMS 0x0000000703200000, 0x0000000703200000| Untracked 
|  35|0x0000000703300000, 0x0000000703300000, 0x0000000703400000|  0%| F|  |TAMS 0x0000000703300000, 0x0000000703300000| Untracked 
|  36|0x0000000703400000, 0x0000000703400000, 0x0000000703500000|  0%| F|  |TAMS 0x0000000703400000, 0x0000000703400000| Untracked 
|  37|0x0000000703500000, 0x0000000703500000, 0x0000000703600000|  0%| F|  |TAMS 0x0000000703500000, 0x0000000703500000| Untracked 
|  38|0x0000000703600000, 0x0000000703600000, 0x0000000703700000|  0%| F|  |TAMS 0x0000000703600000, 0x0000000703600000| Untracked 
|  39|0x0000000703700000, 0x0000000703700000, 0x0000000703800000|  0%| F|  |TAMS 0x0000000703700000, 0x0000000703700000| Untracked 
|  40|0x0000000703800000, 0x0000000703800000, 0x0000000703900000|  0%| F|  |TAMS 0x0000000703800000, 0x0000000703800000| Untracked 
|  41|0x0000000703900000, 0x0000000703900000, 0x0000000703a00000|  0%| F|  |TAMS 0x0000000703900000, 0x0000000703900000| Untracked 
|  42|0x0000000703a00000, 0x0000000703a00000, 0x0000000703b00000|  0%| F|  |TAMS 0x0000000703a00000, 0x0000000703a00000| Untracked 
|  43|0x0000000703b00000, 0x0000000703b00000, 0x0000000703c00000|  0%| F|  |TAMS 0x0000000703b00000, 0x0000000703b00000| Untracked 
|  44|0x0000000703c00000, 0x0000000703c00000, 0x0000000703d00000|  0%| F|  |TAMS 0x0000000703c00000, 0x0000000703c00000| Untracked 
|  45|0x0000000703d00000, 0x0000000703d00000, 0x0000000703e00000|  0%| F|  |TAMS 0x0000000703d00000, 0x0000000703d00000| Untracked 
|  46|0x0000000703e00000, 0x0000000703e00000, 0x0000000703f00000|  0%| F|  |TAMS 0x0000000703e00000, 0x0000000703e00000| Untracked 
|  47|0x0000000703f00000, 0x0000000703f00000, 0x0000000704000000|  0%| F|  |TAMS 0x0000000703f00000, 0x0000000703f00000| Untracked 
|  48|0x0000000704000000, 0x0000000704000000, 0x0000000704100000|  0%| F|  |TAMS 0x0000000704000000, 0x0000000704000000| Untracked 
|  49|0x0000000704100000, 0x0000000704100000, 0x0000000704200000|  0%| F|  |TAMS 0x0000000704100000, 0x0000000704100000| Untracked 
|  50|0x0000000704200000, 0x0000000704200000, 0x0000000704300000|  0%| F|  |TAMS 0x0000000704200000, 0x0000000704200000| Untracked 
|  51|0x0000000704300000, 0x0000000704300000, 0x0000000704400000|  0%| F|  |TAMS 0x0000000704300000, 0x0000000704300000| Untracked 
|  52|0x0000000704400000, 0x0000000704400000, 0x0000000704500000|  0%| F|  |TAMS 0x0000000704400000, 0x0000000704400000| Untracked 
|  53|0x0000000704500000, 0x0000000704500000, 0x0000000704600000|  0%| F|  |TAMS 0x0000000704500000, 0x0000000704500000| Untracked 
|  54|0x0000000704600000, 0x0000000704600000, 0x0000000704700000|  0%| F|  |TAMS 0x0000000704600000, 0x0000000704600000| Untracked 
|  55|0x0000000704700000, 0x0000000704700000, 0x0000000704800000|  0%| F|  |TAMS 0x0000000704700000, 0x0000000704700000| Untracked 
|  56|0x0000000704800000, 0x0000000704800000, 0x0000000704900000|  0%| F|  |TAMS 0x0000000704800000, 0x0000000704800000| Untracked 
|  57|0x0000000704900000, 0x0000000704900000, 0x0000000704a00000|  0%| F|  |TAMS 0x0000000704900000, 0x0000000704900000| Untracked 
|  58|0x0000000704a00000, 0x0000000704a00000, 0x0000000704b00000|  0%| F|  |TAMS 0x0000000704a00000, 0x0000000704a00000| Untracked 
|  59|0x0000000704b00000, 0x0000000704b00000, 0x0000000704c00000|  0%| F|  |TAMS 0x0000000704b00000, 0x0000000704b00000| Untracked 
|  60|0x0000000704c00000, 0x0000000704c00000, 0x0000000704d00000|  0%| F|  |TAMS 0x0000000704c00000, 0x0000000704c00000| Untracked 
|  61|0x0000000704d00000, 0x0000000704d00000, 0x0000000704e00000|  0%| F|  |TAMS 0x0000000704d00000, 0x0000000704d00000| Untracked 
|  62|0x0000000704e00000, 0x0000000704e00000, 0x0000000704f00000|  0%| F|  |TAMS 0x0000000704e00000, 0x0000000704e00000| Untracked 
|  63|0x0000000704f00000, 0x0000000704f00000, 0x0000000705000000|  0%| F|  |TAMS 0x0000000704f00000, 0x0000000704f00000| Untracked 
|  64|0x0000000705000000, 0x0000000705000000, 0x0000000705100000|  0%| F|  |TAMS 0x0000000705000000, 0x0000000705000000| Untracked 
|  65|0x0000000705100000, 0x0000000705100000, 0x0000000705200000|  0%| F|  |TAMS 0x0000000705100000, 0x0000000705100000| Untracked 
|  66|0x0000000705200000, 0x0000000705200000, 0x0000000705300000|  0%| F|  |TAMS 0x0000000705200000, 0x0000000705200000| Untracked 
|  67|0x0000000705300000, 0x0000000705300000, 0x0000000705400000|  0%| F|  |TAMS 0x0000000705300000, 0x0000000705300000| Untracked 
|  68|0x0000000705400000, 0x0000000705400000, 0x0000000705500000|  0%| F|  |TAMS 0x0000000705400000, 0x0000000705400000| Untracked 
|  69|0x0000000705500000, 0x0000000705500000, 0x0000000705600000|  0%| F|  |TAMS 0x0000000705500000, 0x0000000705500000| Untracked 
|  70|0x0000000705600000, 0x0000000705600000, 0x0000000705700000|  0%| F|  |TAMS 0x0000000705600000, 0x0000000705600000| Untracked 
|  71|0x0000000705700000, 0x0000000705700000, 0x0000000705800000|  0%| F|  |TAMS 0x0000000705700000, 0x0000000705700000| Untracked 
|  72|0x0000000705800000, 0x0000000705800000, 0x0000000705900000|  0%| F|  |TAMS 0x0000000705800000, 0x0000000705800000| Untracked 
|  73|0x0000000705900000, 0x0000000705900000, 0x0000000705a00000|  0%| F|  |TAMS 0x0000000705900000, 0x0000000705900000| Untracked 
|  74|0x0000000705a00000, 0x0000000705a00000, 0x0000000705b00000|  0%| F|  |TAMS 0x0000000705a00000, 0x0000000705a00000| Untracked 
|  75|0x0000000705b00000, 0x0000000705b00000, 0x0000000705c00000|  0%| F|  |TAMS 0x0000000705b00000, 0x0000000705b00000| Untracked 
|  76|0x0000000705c00000, 0x0000000705c00000, 0x0000000705d00000|  0%| F|  |TAMS 0x0000000705c00000, 0x0000000705c00000| Untracked 
|  77|0x0000000705d00000, 0x0000000705d00000, 0x0000000705e00000|  0%| F|  |TAMS 0x0000000705d00000, 0x0000000705d00000| Untracked 
|  78|0x0000000705e00000, 0x0000000705e00000, 0x0000000705f00000|  0%| F|  |TAMS 0x0000000705e00000, 0x0000000705e00000| Untracked 
|  79|0x0000000705f00000, 0x0000000705f00000, 0x0000000706000000|  0%| F|  |TAMS 0x0000000705f00000, 0x0000000705f00000| Untracked 
|  80|0x0000000706000000, 0x0000000706000000, 0x0000000706100000|  0%| F|  |TAMS 0x0000000706000000, 0x0000000706000000| Untracked 
|  81|0x0000000706100000, 0x0000000706100000, 0x0000000706200000|  0%| F|  |TAMS 0x0000000706100000, 0x0000000706100000| Untracked 
|  82|0x0000000706200000, 0x0000000706200000, 0x0000000706300000|  0%| F|  |TAMS 0x0000000706200000, 0x0000000706200000| Untracked 
|  83|0x0000000706300000, 0x0000000706300000, 0x0000000706400000|  0%| F|  |TAMS 0x0000000706300000, 0x0000000706300000| Untracked 
|  84|0x0000000706400000, 0x0000000706400000, 0x0000000706500000|  0%| F|  |TAMS 0x0000000706400000, 0x0000000706400000| Untracked 
|  85|0x0000000706500000, 0x0000000706500000, 0x0000000706600000|  0%| F|  |TAMS 0x0000000706500000, 0x0000000706500000| Untracked 
|  86|0x0000000706600000, 0x0000000706600000, 0x0000000706700000|  0%| F|  |TAMS 0x0000000706600000, 0x0000000706600000| Untracked 
|  87|0x0000000706700000, 0x0000000706700000, 0x0000000706800000|  0%| F|  |TAMS 0x0000000706700000, 0x0000000706700000| Untracked 
|  88|0x0000000706800000, 0x0000000706800000, 0x0000000706900000|  0%| F|  |TAMS 0x0000000706800000, 0x0000000706800000| Untracked 
|  89|0x0000000706900000, 0x0000000706900000, 0x0000000706a00000|  0%| F|  |TAMS 0x0000000706900000, 0x0000000706900000| Untracked 
|  90|0x0000000706a00000, 0x0000000706a00000, 0x0000000706b00000|  0%| F|  |TAMS 0x0000000706a00000, 0x0000000706a00000| Untracked 
|  91|0x0000000706b00000, 0x0000000706b00000, 0x0000000706c00000|  0%| F|  |TAMS 0x0000000706b00000, 0x0000000706b00000| Untracked 
|  92|0x0000000706c00000, 0x0000000706c00000, 0x0000000706d00000|  0%| F|  |TAMS 0x0000000706c00000, 0x0000000706c00000| Untracked 
|  93|0x0000000706d00000, 0x0000000706d00000, 0x0000000706e00000|  0%| F|  |TAMS 0x0000000706d00000, 0x0000000706d00000| Untracked 
|  94|0x0000000706e00000, 0x0000000706e00000, 0x0000000706f00000|  0%| F|  |TAMS 0x0000000706e00000, 0x0000000706e00000| Untracked 
|  95|0x0000000706f00000, 0x0000000706f00000, 0x0000000707000000|  0%| F|  |TAMS 0x0000000706f00000, 0x0000000706f00000| Untracked 
|  96|0x0000000707000000, 0x0000000707000000, 0x0000000707100000|  0%| F|  |TAMS 0x0000000707000000, 0x0000000707000000| Untracked 
|  97|0x0000000707100000, 0x0000000707100000, 0x0000000707200000|  0%| F|  |TAMS 0x0000000707100000, 0x0000000707100000| Untracked 
|  98|0x0000000707200000, 0x0000000707200000, 0x0000000707300000|  0%| F|  |TAMS 0x0000000707200000, 0x0000000707200000| Untracked 
|  99|0x0000000707300000, 0x0000000707300000, 0x0000000707400000|  0%| F|  |TAMS 0x0000000707300000, 0x0000000707300000| Untracked 
| 100|0x0000000707400000, 0x0000000707400000, 0x0000000707500000|  0%| F|  |TAMS 0x0000000707400000, 0x0000000707400000| Untracked 
| 101|0x0000000707500000, 0x0000000707500000, 0x0000000707600000|  0%| F|  |TAMS 0x0000000707500000, 0x0000000707500000| Untracked 
| 102|0x0000000707600000, 0x0000000707600000, 0x0000000707700000|  0%| F|  |TAMS 0x0000000707600000, 0x0000000707600000| Untracked 
| 103|0x0000000707700000, 0x0000000707700000, 0x0000000707800000|  0%| F|  |TAMS 0x0000000707700000, 0x0000000707700000| Untracked 
| 104|0x0000000707800000, 0x0000000707800000, 0x0000000707900000|  0%| F|  |TAMS 0x0000000707800000, 0x0000000707800000| Untracked 
| 105|0x0000000707900000, 0x0000000707900000, 0x0000000707a00000|  0%| F|  |TAMS 0x0000000707900000, 0x0000000707900000| Untracked 
| 106|0x0000000707a00000, 0x0000000707a00000, 0x0000000707b00000|  0%| F|  |TAMS 0x0000000707a00000, 0x0000000707a00000| Untracked 
| 107|0x0000000707b00000, 0x0000000707b00000, 0x0000000707c00000|  0%| F|  |TAMS 0x0000000707b00000, 0x0000000707b00000| Untracked 
| 108|0x0000000707c00000, 0x0000000707c00000, 0x0000000707d00000|  0%| F|  |TAMS 0x0000000707c00000, 0x0000000707c00000| Untracked 
| 109|0x0000000707d00000, 0x0000000707d00000, 0x0000000707e00000|  0%| F|  |TAMS 0x0000000707d00000, 0x0000000707d00000| Untracked 
| 110|0x0000000707e00000, 0x0000000707e00000, 0x0000000707f00000|  0%| F|  |TAMS 0x0000000707e00000, 0x0000000707e00000| Untracked 
| 111|0x0000000707f00000, 0x0000000707f00000, 0x0000000708000000|  0%| F|  |TAMS 0x0000000707f00000, 0x0000000707f00000| Untracked 
| 112|0x0000000708000000, 0x0000000708000000, 0x0000000708100000|  0%| F|  |TAMS 0x0000000708000000, 0x0000000708000000| Untracked 
| 113|0x0000000708100000, 0x0000000708100000, 0x0000000708200000|  0%| F|  |TAMS 0x0000000708100000, 0x0000000708100000| Untracked 
| 114|0x0000000708200000, 0x0000000708200000, 0x0000000708300000|  0%| F|  |TAMS 0x0000000708200000, 0x0000000708200000| Untracked 
| 115|0x0000000708300000, 0x0000000708300000, 0x0000000708400000|  0%| F|  |TAMS 0x0000000708300000, 0x0000000708300000| Untracked 
| 116|0x0000000708400000, 0x0000000708400000, 0x0000000708500000|  0%| F|  |TAMS 0x0000000708400000, 0x0000000708400000| Untracked 
| 117|0x0000000708500000, 0x0000000708500000, 0x0000000708600000|  0%| F|  |TAMS 0x0000000708500000, 0x0000000708500000| Untracked 
| 118|0x0000000708600000, 0x0000000708600000, 0x0000000708700000|  0%| F|  |TAMS 0x0000000708600000, 0x0000000708600000| Untracked 
| 119|0x0000000708700000, 0x0000000708700000, 0x0000000708800000|  0%| F|  |TAMS 0x0000000708700000, 0x0000000708700000| Untracked 
| 120|0x0000000708800000, 0x0000000708800000, 0x0000000708900000|  0%| F|  |TAMS 0x0000000708800000, 0x0000000708800000| Untracked 
| 121|0x0000000708900000, 0x0000000708900000, 0x0000000708a00000|  0%| F|  |TAMS 0x0000000708900000, 0x0000000708900000| Untracked 
| 122|0x0000000708a00000, 0x0000000708a00000, 0x0000000708b00000|  0%| F|  |TAMS 0x0000000708a00000, 0x0000000708a00000| Untracked 
| 123|0x0000000708b00000, 0x0000000708b00000, 0x0000000708c00000|  0%| F|  |TAMS 0x0000000708b00000, 0x0000000708b00000| Untracked 
| 124|0x0000000708c00000, 0x0000000708c00000, 0x0000000708d00000|  0%| F|  |TAMS 0x0000000708c00000, 0x0000000708c00000| Untracked 
| 125|0x0000000708d00000, 0x0000000708d00000, 0x0000000708e00000|  0%| F|  |TAMS 0x0000000708d00000, 0x0000000708d00000| Untracked 
| 126|0x0000000708e00000, 0x0000000708e00000, 0x0000000708f00000|  0%| F|  |TAMS 0x0000000708e00000, 0x0000000708e00000| Untracked 
| 127|0x0000000708f00000, 0x0000000708f00000, 0x0000000709000000|  0%| F|  |TAMS 0x0000000708f00000, 0x0000000708f00000| Untracked 
| 128|0x0000000709000000, 0x0000000709000000, 0x0000000709100000|  0%| F|  |TAMS 0x0000000709000000, 0x0000000709000000| Untracked 
| 129|0x0000000709100000, 0x0000000709100000, 0x0000000709200000|  0%| F|  |TAMS 0x0000000709100000, 0x0000000709100000| Untracked 
| 130|0x0000000709200000, 0x0000000709200000, 0x0000000709300000|  0%| F|  |TAMS 0x0000000709200000, 0x0000000709200000| Untracked 
| 131|0x0000000709300000, 0x0000000709300000, 0x0000000709400000|  0%| F|  |TAMS 0x0000000709300000, 0x0000000709300000| Untracked 
| 132|0x0000000709400000, 0x0000000709400000, 0x0000000709500000|  0%| F|  |TAMS 0x0000000709400000, 0x0000000709400000| Untracked 
| 133|0x0000000709500000, 0x0000000709500000, 0x0000000709600000|  0%| F|  |TAMS 0x0000000709500000, 0x0000000709500000| Untracked 
| 134|0x0000000709600000, 0x0000000709600000, 0x0000000709700000|  0%| F|  |TAMS 0x0000000709600000, 0x0000000709600000| Untracked 
| 135|0x0000000709700000, 0x0000000709700000, 0x0000000709800000|  0%| F|  |TAMS 0x0000000709700000, 0x0000000709700000| Untracked 
| 136|0x0000000709800000, 0x0000000709800000, 0x0000000709900000|  0%| F|  |TAMS 0x0000000709800000, 0x0000000709800000| Untracked 
| 137|0x0000000709900000, 0x0000000709900000, 0x0000000709a00000|  0%| F|  |TAMS 0x0000000709900000, 0x0000000709900000| Untracked 
| 138|0x0000000709a00000, 0x0000000709a00000, 0x0000000709b00000|  0%| F|  |TAMS 0x0000000709a00000, 0x0000000709a00000| Untracked 
| 139|0x0000000709b00000, 0x0000000709b00000, 0x0000000709c00000|  0%| F|  |TAMS 0x0000000709b00000, 0x0000000709b00000| Untracked 
| 140|0x0000000709c00000, 0x0000000709c00000, 0x0000000709d00000|  0%| F|  |TAMS 0x0000000709c00000, 0x0000000709c00000| Untracked 
| 141|0x0000000709d00000, 0x0000000709d00000, 0x0000000709e00000|  0%| F|  |TAMS 0x0000000709d00000, 0x0000000709d00000| Untracked 
| 142|0x0000000709e00000, 0x0000000709e00000, 0x0000000709f00000|  0%| F|  |TAMS 0x0000000709e00000, 0x0000000709e00000| Untracked 
| 143|0x0000000709f00000, 0x0000000709f00000, 0x000000070a000000|  0%| F|  |TAMS 0x0000000709f00000, 0x0000000709f00000| Untracked 
| 144|0x000000070a000000, 0x000000070a000000, 0x000000070a100000|  0%| F|  |TAMS 0x000000070a000000, 0x000000070a000000| Untracked 
| 145|0x000000070a100000, 0x000000070a100000, 0x000000070a200000|  0%| F|  |TAMS 0x000000070a100000, 0x000000070a100000| Untracked 
| 146|0x000000070a200000, 0x000000070a200000, 0x000000070a300000|  0%| F|  |TAMS 0x000000070a200000, 0x000000070a200000| Untracked 
| 147|0x000000070a300000, 0x000000070a300000, 0x000000070a400000|  0%| F|  |TAMS 0x000000070a300000, 0x000000070a300000| Untracked 
| 148|0x000000070a400000, 0x000000070a400000, 0x000000070a500000|  0%| F|  |TAMS 0x000000070a400000, 0x000000070a400000| Untracked 
| 149|0x000000070a500000, 0x000000070a500000, 0x000000070a600000|  0%| F|  |TAMS 0x000000070a500000, 0x000000070a500000| Untracked 
| 150|0x000000070a600000, 0x000000070a600000, 0x000000070a700000|  0%| F|  |TAMS 0x000000070a600000, 0x000000070a600000| Untracked 
| 151|0x000000070a700000, 0x000000070a700000, 0x000000070a800000|  0%| F|  |TAMS 0x000000070a700000, 0x000000070a700000| Untracked 
| 152|0x000000070a800000, 0x000000070a800000, 0x000000070a900000|  0%| F|  |TAMS 0x000000070a800000, 0x000000070a800000| Untracked 
| 153|0x000000070a900000, 0x000000070a900000, 0x000000070aa00000|  0%| F|  |TAMS 0x000000070a900000, 0x000000070a900000| Untracked 
| 154|0x000000070aa00000, 0x000000070aa00000, 0x000000070ab00000|  0%| F|  |TAMS 0x000000070aa00000, 0x000000070aa00000| Untracked 
| 155|0x000000070ab00000, 0x000000070ab00000, 0x000000070ac00000|  0%| F|  |TAMS 0x000000070ab00000, 0x000000070ab00000| Untracked 
| 156|0x000000070ac00000, 0x000000070ac00000, 0x000000070ad00000|  0%| F|  |TAMS 0x000000070ac00000, 0x000000070ac00000| Untracked 
| 157|0x000000070ad00000, 0x000000070ad00000, 0x000000070ae00000|  0%| F|  |TAMS 0x000000070ad00000, 0x000000070ad00000| Untracked 
| 158|0x000000070ae00000, 0x000000070ae00000, 0x000000070af00000|  0%| F|  |TAMS 0x000000070ae00000, 0x000000070ae00000| Untracked 
| 159|0x000000070af00000, 0x000000070af00000, 0x000000070b000000|  0%| F|  |TAMS 0x000000070af00000, 0x000000070af00000| Untracked 
| 160|0x000000070b000000, 0x000000070b000000, 0x000000070b100000|  0%| F|  |TAMS 0x000000070b000000, 0x000000070b000000| Untracked 
| 161|0x000000070b100000, 0x000000070b100000, 0x000000070b200000|  0%| F|  |TAMS 0x000000070b100000, 0x000000070b100000| Untracked 
| 162|0x000000070b200000, 0x000000070b258cb8, 0x000000070b300000| 34%| S|CS|TAMS 0x000000070b200000, 0x000000070b200000| Complete 
| 163|0x000000070b300000, 0x000000070b400000, 0x000000070b400000|100%| S|CS|TAMS 0x000000070b300000, 0x000000070b300000| Complete 
| 164|0x000000070b400000, 0x000000070b500000, 0x000000070b500000|100%| S|CS|TAMS 0x000000070b400000, 0x000000070b400000| Complete 
| 165|0x000000070b500000, 0x000000070b600000, 0x000000070b600000|100%| S|CS|TAMS 0x000000070b500000, 0x000000070b500000| Complete 
| 166|0x000000070b600000, 0x000000070b700000, 0x000000070b700000|100%| S|CS|TAMS 0x000000070b600000, 0x000000070b600000| Complete 
| 167|0x000000070b700000, 0x000000070b800000, 0x000000070b800000|100%| S|CS|TAMS 0x000000070b700000, 0x000000070b700000| Complete 
| 168|0x000000070b800000, 0x000000070b800000, 0x000000070b900000|  0%| F|  |TAMS 0x000000070b800000, 0x000000070b800000| Untracked 
| 169|0x000000070b900000, 0x000000070b900000, 0x000000070ba00000|  0%| F|  |TAMS 0x000000070b900000, 0x000000070b900000| Untracked 
| 170|0x000000070ba00000, 0x000000070ba00000, 0x000000070bb00000|  0%| F|  |TAMS 0x000000070ba00000, 0x000000070ba00000| Untracked 
| 171|0x000000070bb00000, 0x000000070bb00000, 0x000000070bc00000|  0%| F|  |TAMS 0x000000070bb00000, 0x000000070bb00000| Untracked 
| 172|0x000000070bc00000, 0x000000070bc00000, 0x000000070bd00000|  0%| F|  |TAMS 0x000000070bc00000, 0x000000070bc00000| Untracked 
| 173|0x000000070bd00000, 0x000000070bd00000, 0x000000070be00000|  0%| F|  |TAMS 0x000000070bd00000, 0x000000070bd00000| Untracked 
| 174|0x000000070be00000, 0x000000070be00000, 0x000000070bf00000|  0%| F|  |TAMS 0x000000070be00000, 0x000000070be00000| Untracked 
| 175|0x000000070bf00000, 0x000000070bf00000, 0x000000070c000000|  0%| F|  |TAMS 0x000000070bf00000, 0x000000070bf00000| Untracked 
| 176|0x000000070c000000, 0x000000070c000000, 0x000000070c100000|  0%| F|  |TAMS 0x000000070c000000, 0x000000070c000000| Untracked 
| 177|0x000000070c100000, 0x000000070c100000, 0x000000070c200000|  0%| F|  |TAMS 0x000000070c100000, 0x000000070c100000| Untracked 
| 178|0x000000070c200000, 0x000000070c200000, 0x000000070c300000|  0%| F|  |TAMS 0x000000070c200000, 0x000000070c200000| Untracked 
| 179|0x000000070c300000, 0x000000070c300000, 0x000000070c400000|  0%| F|  |TAMS 0x000000070c300000, 0x000000070c300000| Untracked 
| 180|0x000000070c400000, 0x000000070c400000, 0x000000070c500000|  0%| F|  |TAMS 0x000000070c400000, 0x000000070c400000| Untracked 
| 181|0x000000070c500000, 0x000000070c500000, 0x000000070c600000|  0%| F|  |TAMS 0x000000070c500000, 0x000000070c500000| Untracked 
| 182|0x000000070c600000, 0x000000070c600000, 0x000000070c700000|  0%| F|  |TAMS 0x000000070c600000, 0x000000070c600000| Untracked 
| 183|0x000000070c700000, 0x000000070c700000, 0x000000070c800000|  0%| F|  |TAMS 0x000000070c700000, 0x000000070c700000| Untracked 
| 184|0x000000070c800000, 0x000000070c800000, 0x000000070c900000|  0%| F|  |TAMS 0x000000070c800000, 0x000000070c800000| Untracked 
| 185|0x000000070c900000, 0x000000070c900000, 0x000000070ca00000|  0%| F|  |TAMS 0x000000070c900000, 0x000000070c900000| Untracked 
| 186|0x000000070ca00000, 0x000000070ca00000, 0x000000070cb00000|  0%| F|  |TAMS 0x000000070ca00000, 0x000000070ca00000| Untracked 
| 187|0x000000070cb00000, 0x000000070cb00000, 0x000000070cc00000|  0%| F|  |TAMS 0x000000070cb00000, 0x000000070cb00000| Untracked 
| 188|0x000000070cc00000, 0x000000070cc00000, 0x000000070cd00000|  0%| F|  |TAMS 0x000000070cc00000, 0x000000070cc00000| Untracked 
| 189|0x000000070cd00000, 0x000000070cd00000, 0x000000070ce00000|  0%| F|  |TAMS 0x000000070cd00000, 0x000000070cd00000| Untracked 
| 190|0x000000070ce00000, 0x000000070ce00000, 0x000000070cf00000|  0%| F|  |TAMS 0x000000070ce00000, 0x000000070ce00000| Untracked 
| 191|0x000000070cf00000, 0x000000070cf00000, 0x000000070d000000|  0%| F|  |TAMS 0x000000070cf00000, 0x000000070cf00000| Untracked 
| 192|0x000000070d000000, 0x000000070d000000, 0x000000070d100000|  0%| F|  |TAMS 0x000000070d000000, 0x000000070d000000| Untracked 
| 193|0x000000070d100000, 0x000000070d100000, 0x000000070d200000|  0%| F|  |TAMS 0x000000070d100000, 0x000000070d100000| Untracked 
| 194|0x000000070d200000, 0x000000070d200000, 0x000000070d300000|  0%| F|  |TAMS 0x000000070d200000, 0x000000070d200000| Untracked 
| 195|0x000000070d300000, 0x000000070d300000, 0x000000070d400000|  0%| F|  |TAMS 0x000000070d300000, 0x000000070d300000| Untracked 
| 196|0x000000070d400000, 0x000000070d400000, 0x000000070d500000|  0%| F|  |TAMS 0x000000070d400000, 0x000000070d400000| Untracked 
| 197|0x000000070d500000, 0x000000070d500000, 0x000000070d600000|  0%| F|  |TAMS 0x000000070d500000, 0x000000070d500000| Untracked 
| 198|0x000000070d600000, 0x000000070d600000, 0x000000070d700000|  0%| F|  |TAMS 0x000000070d600000, 0x000000070d600000| Untracked 
| 199|0x000000070d700000, 0x000000070d700000, 0x000000070d800000|  0%| F|  |TAMS 0x000000070d700000, 0x000000070d700000| Untracked 
| 200|0x000000070d800000, 0x000000070d800000, 0x000000070d900000|  0%| F|  |TAMS 0x000000070d800000, 0x000000070d800000| Untracked 
| 201|0x000000070d900000, 0x000000070d900000, 0x000000070da00000|  0%| F|  |TAMS 0x000000070d900000, 0x000000070d900000| Untracked 
| 202|0x000000070da00000, 0x000000070da00000, 0x000000070db00000|  0%| F|  |TAMS 0x000000070da00000, 0x000000070da00000| Untracked 
| 203|0x000000070db00000, 0x000000070db00000, 0x000000070dc00000|  0%| F|  |TAMS 0x000000070db00000, 0x000000070db00000| Untracked 
| 204|0x000000070dc00000, 0x000000070dc00000, 0x000000070dd00000|  0%| F|  |TAMS 0x000000070dc00000, 0x000000070dc00000| Untracked 
| 205|0x000000070dd00000, 0x000000070dd00000, 0x000000070de00000|  0%| F|  |TAMS 0x000000070dd00000, 0x000000070dd00000| Untracked 
| 206|0x000000070de00000, 0x000000070de00000, 0x000000070df00000|  0%| F|  |TAMS 0x000000070de00000, 0x000000070de00000| Untracked 
| 207|0x000000070df00000, 0x000000070df00000, 0x000000070e000000|  0%| F|  |TAMS 0x000000070df00000, 0x000000070df00000| Untracked 
| 208|0x000000070e000000, 0x000000070e000000, 0x000000070e100000|  0%| F|  |TAMS 0x000000070e000000, 0x000000070e000000| Untracked 
| 209|0x000000070e100000, 0x000000070e100000, 0x000000070e200000|  0%| F|  |TAMS 0x000000070e100000, 0x000000070e100000| Untracked 
| 210|0x000000070e200000, 0x000000070e200000, 0x000000070e300000|  0%| F|  |TAMS 0x000000070e200000, 0x000000070e200000| Untracked 
| 211|0x000000070e300000, 0x000000070e300000, 0x000000070e400000|  0%| F|  |TAMS 0x000000070e300000, 0x000000070e300000| Untracked 
| 212|0x000000070e400000, 0x000000070e400000, 0x000000070e500000|  0%| F|  |TAMS 0x000000070e400000, 0x000000070e400000| Untracked 
| 213|0x000000070e500000, 0x000000070e500000, 0x000000070e600000|  0%| F|  |TAMS 0x000000070e500000, 0x000000070e500000| Untracked 
| 214|0x000000070e600000, 0x000000070e600000, 0x000000070e700000|  0%| F|  |TAMS 0x000000070e600000, 0x000000070e600000| Untracked 
| 215|0x000000070e700000, 0x000000070e700000, 0x000000070e800000|  0%| F|  |TAMS 0x000000070e700000, 0x000000070e700000| Untracked 
| 216|0x000000070e800000, 0x000000070e800000, 0x000000070e900000|  0%| F|  |TAMS 0x000000070e800000, 0x000000070e800000| Untracked 
| 217|0x000000070e900000, 0x000000070e900000, 0x000000070ea00000|  0%| F|  |TAMS 0x000000070e900000, 0x000000070e900000| Untracked 
| 218|0x000000070ea00000, 0x000000070ea00000, 0x000000070eb00000|  0%| F|  |TAMS 0x000000070ea00000, 0x000000070ea00000| Untracked 
| 219|0x000000070eb00000, 0x000000070eb00000, 0x000000070ec00000|  0%| F|  |TAMS 0x000000070eb00000, 0x000000070eb00000| Untracked 
| 220|0x000000070ec00000, 0x000000070ec00000, 0x000000070ed00000|  0%| F|  |TAMS 0x000000070ec00000, 0x000000070ec00000| Untracked 
| 221|0x000000070ed00000, 0x000000070ed00000, 0x000000070ee00000|  0%| F|  |TAMS 0x000000070ed00000, 0x000000070ed00000| Untracked 
| 222|0x000000070ee00000, 0x000000070ee00000, 0x000000070ef00000|  0%| F|  |TAMS 0x000000070ee00000, 0x000000070ee00000| Untracked 
| 223|0x000000070ef00000, 0x000000070ef00000, 0x000000070f000000|  0%| F|  |TAMS 0x000000070ef00000, 0x000000070ef00000| Untracked 
| 224|0x000000070f000000, 0x000000070f000000, 0x000000070f100000|  0%| F|  |TAMS 0x000000070f000000, 0x000000070f000000| Untracked 
| 225|0x000000070f100000, 0x000000070f100000, 0x000000070f200000|  0%| F|  |TAMS 0x000000070f100000, 0x000000070f100000| Untracked 
| 226|0x000000070f200000, 0x000000070f200000, 0x000000070f300000|  0%| F|  |TAMS 0x000000070f200000, 0x000000070f200000| Untracked 
| 227|0x000000070f300000, 0x000000070f300000, 0x000000070f400000|  0%| F|  |TAMS 0x000000070f300000, 0x000000070f300000| Untracked 
| 228|0x000000070f400000, 0x000000070f400000, 0x000000070f500000|  0%| F|  |TAMS 0x000000070f400000, 0x000000070f400000| Untracked 
| 229|0x000000070f500000, 0x000000070f500000, 0x000000070f600000|  0%| F|  |TAMS 0x000000070f500000, 0x000000070f500000| Untracked 
| 230|0x000000070f600000, 0x000000070f600000, 0x000000070f700000|  0%| F|  |TAMS 0x000000070f600000, 0x000000070f600000| Untracked 
| 231|0x000000070f700000, 0x000000070f700000, 0x000000070f800000|  0%| F|  |TAMS 0x000000070f700000, 0x000000070f700000| Untracked 
| 232|0x000000070f800000, 0x000000070f800000, 0x000000070f900000|  0%| F|  |TAMS 0x000000070f800000, 0x000000070f800000| Untracked 
| 233|0x000000070f900000, 0x000000070f900000, 0x000000070fa00000|  0%| F|  |TAMS 0x000000070f900000, 0x000000070f900000| Untracked 
| 234|0x000000070fa00000, 0x000000070fa00000, 0x000000070fb00000|  0%| F|  |TAMS 0x000000070fa00000, 0x000000070fa00000| Untracked 
| 235|0x000000070fb00000, 0x000000070fb00000, 0x000000070fc00000|  0%| F|  |TAMS 0x000000070fb00000, 0x000000070fb00000| Untracked 
| 236|0x000000070fc00000, 0x000000070fc00000, 0x000000070fd00000|  0%| F|  |TAMS 0x000000070fc00000, 0x000000070fc00000| Untracked 
| 237|0x000000070fd00000, 0x000000070fd00000, 0x000000070fe00000|  0%| F|  |TAMS 0x000000070fd00000, 0x000000070fd00000| Untracked 
| 238|0x000000070fe00000, 0x000000070fe00000, 0x000000070ff00000|  0%| F|  |TAMS 0x000000070fe00000, 0x000000070fe00000| Untracked 
| 239|0x000000070ff00000, 0x000000070ff00000, 0x0000000710000000|  0%| F|  |TAMS 0x000000070ff00000, 0x000000070ff00000| Untracked 
| 240|0x0000000710000000, 0x0000000710000000, 0x0000000710100000|  0%| F|  |TAMS 0x0000000710000000, 0x0000000710000000| Untracked 
| 241|0x0000000710100000, 0x0000000710100000, 0x0000000710200000|  0%| F|  |TAMS 0x0000000710100000, 0x0000000710100000| Untracked 
| 242|0x0000000710200000, 0x0000000710200000, 0x0000000710300000|  0%| F|  |TAMS 0x0000000710200000, 0x0000000710200000| Untracked 
| 243|0x0000000710300000, 0x0000000710300000, 0x0000000710400000|  0%| F|  |TAMS 0x0000000710300000, 0x0000000710300000| Untracked 
| 244|0x0000000710400000, 0x00000007104cba68, 0x0000000710500000| 79%| E|  |TAMS 0x0000000710400000, 0x0000000710400000| Complete 
| 245|0x0000000710500000, 0x0000000710600000, 0x0000000710600000|100%| E|CS|TAMS 0x0000000710500000, 0x0000000710500000| Complete 
| 246|0x0000000710600000, 0x0000000710700000, 0x0000000710700000|100%| E|CS|TAMS 0x0000000710600000, 0x0000000710600000| Complete 
| 247|0x0000000710700000, 0x0000000710800000, 0x0000000710800000|100%| E|CS|TAMS 0x0000000710700000, 0x0000000710700000| Complete 
| 248|0x0000000710800000, 0x0000000710900000, 0x0000000710900000|100%| E|CS|TAMS 0x0000000710800000, 0x0000000710800000| Complete 
| 249|0x0000000710900000, 0x0000000710a00000, 0x0000000710a00000|100%| E|CS|TAMS 0x0000000710900000, 0x0000000710900000| Complete 
| 250|0x0000000710a00000, 0x0000000710b00000, 0x0000000710b00000|100%| E|CS|TAMS 0x0000000710a00000, 0x0000000710a00000| Complete 
| 251|0x0000000710b00000, 0x0000000710c00000, 0x0000000710c00000|100%| E|CS|TAMS 0x0000000710b00000, 0x0000000710b00000| Complete 
| 252|0x0000000710c00000, 0x0000000710d00000, 0x0000000710d00000|100%| E|CS|TAMS 0x0000000710c00000, 0x0000000710c00000| Complete 
| 253|0x0000000710d00000, 0x0000000710e00000, 0x0000000710e00000|100%| E|CS|TAMS 0x0000000710d00000, 0x0000000710d00000| Complete 
| 254|0x0000000710e00000, 0x0000000710f00000, 0x0000000710f00000|100%| E|CS|TAMS 0x0000000710e00000, 0x0000000710e00000| Complete 
| 255|0x0000000710f00000, 0x0000000711000000, 0x0000000711000000|100%| E|CS|TAMS 0x0000000710f00000, 0x0000000710f00000| Complete 

Card table byte_map: [0x000001b57f3d0000,0x000001b57fbd0000] _byte_map_base: 0x000001b57bbc8000

Marking Bits (Prev, Next): (CMBitMap*) 0x000001b5682e4f28, (CMBitMap*) 0x000001b5682e4f60
 Prev Bits: [0x000001b500800000, 0x000001b5047c0000)
 Next Bits: [0x000001b5047c0000, 0x000001b508780000)

Polling page: 0x000001b566140000

Metaspace:

Usage:
  Non-class:     19.49 MB capacity,    19.06 MB ( 98%) used,   366.45 KB (  2%) free+waste,    74.44 KB ( <1%) overhead. 
      Class:      2.94 MB capacity,     2.67 MB ( 91%) used,   234.35 KB (  8%) free+waste,    39.63 KB (  1%) overhead. 
       Both:     22.43 MB capacity,    21.74 MB ( 97%) used,   600.80 KB (  3%) free+waste,   114.06 KB ( <1%) overhead. 

Virtual space:
  Non-class space:       20.00 MB reserved,      19.64 MB ( 98%) committed 
      Class space:        1.00 GB reserved,       2.95 MB ( <1%) committed 
             Both:        1.02 GB reserved,      22.59 MB (  2%) committed 

Chunk freelists:
   Non-Class:  768 bytes
       Class:  0 bytes
        Both:  768 bytes

CodeHeap 'non-profiled nmethods': size=238336Kb used=2880Kb max_used=2880Kb free=235455Kb
 bounds [0x000001b56ffe0000, 0x000001b5702c0000, 0x000001b57e8a0000]
CodeHeap 'non-nmethods': size=7424Kb used=1132Kb max_used=1132Kb free=6291Kb
 bounds [0x000001b56f8a0000, 0x000001b56fb10000, 0x000001b56ffe0000]
 total_blobs=2530 nmethods=2081 adapters=375
 compilation: enabled
              stopped_count=0, restarted_count=0
 full_count=0

Compilation events (10 events):
Event: 0.712 Thread 0x000001b50b8ea000 nmethod 1968 0x000001b570289110 code [0x000001b5702892c0, 0x000001b570289578]
Event: 0.712 Thread 0x000001b50b8ea000 1969       1       java.lang.reflect.Constructor::getRoot (5 bytes)
Event: 0.712 Thread 0x000001b50b8ea000 nmethod 1969 0x000001b570289690 code [0x000001b570289820, 0x000001b5702898d8]
Event: 0.714 Thread 0x000001b50b8ea000 1971  s!   1       jdk.internal.loader.URLClassPath::getLoader (194 bytes)
Event: 0.714 Thread 0x000001b50b8ea000 nmethod 1971 0x000001b570289e90 code [0x000001b57028a120, 0x000001b57028ae48]
Event: 0.715 Thread 0x000001b50b8ea000 1972       1       org.springframework.core.annotation.AnnotationTypeMappings::get (14 bytes)
Event: 0.715 Thread 0x000001b50b8ea000 nmethod 1972 0x000001b57028b610 code [0x000001b57028b7a0, 0x000001b57028b8c8]
Event: 0.715 Thread 0x000001b50b8ea000 1973       1       org.springframework.core.annotation.TypeMappedAnnotations::access$100 (7 bytes)
Event: 0.715 Thread 0x000001b50b8ea000 nmethod 1973 0x000001b57028b990 code [0x000001b57028bb20, 0x000001b57028bbc8]
Event: 0.715 Thread 0x000001b50b8ea000 1974       1       org.springframework.core.annotation.TypeMappedAnnotations::isMappingForType (41 bytes)

GC Heap History (4 events):
Event: 0.394 GC heap before
{Heap before GC invocations=0 (full 0):
 garbage-first heap   total 262144K, used 25600K [0x0000000701000000, 0x0000000800000000)
  region size 1024K, 24 young (24576K), 0 survivors (0K)
 Metaspace       used 12753K, capacity 13056K, committed 13184K, reserved 1060864K
  class space    used 1380K, capacity 1538K, committed 1664K, reserved 1048576K
}
Event: 0.397 GC heap after
{Heap after GC invocations=1 (full 0):
 garbage-first heap   total 262144K, used 7354K [0x0000000701000000, 0x0000000800000000)
  region size 1024K, 3 young (3072K), 3 survivors (3072K)
 Metaspace       used 12753K, capacity 13056K, committed 13184K, reserved 1060864K
  class space    used 1380K, capacity 1538K, committed 1664K, reserved 1048576K
}
Event: 0.700 GC heap before
{Heap before GC invocations=1 (full 0):
 garbage-first heap   total 262144K, used 92346K [0x0000000701000000, 0x0000000800000000)
  region size 1024K, 88 young (90112K), 3 survivors (3072K)
 Metaspace       used 20540K, capacity 21198K, committed 21248K, reserved 1067008K
  class space    used 2514K, capacity 2779K, committed 2816K, reserved 1048576K
}
Event: 0.703 GC heap after
{Heap after GC invocations=2 (full 0):
 garbage-first heap   total 262144K, used 9757K [0x0000000701000000, 0x0000000800000000)
  region size 1024K, 6 young (6144K), 6 survivors (6144K)
 Metaspace       used 20540K, capacity 21198K, committed 21248K, reserved 1067008K
  class space    used 2514K, capacity 2779K, committed 2816K, reserved 1048576K
}

Deoptimization events (0 events):
No events

Classes redefined (0 events):
No events

Internal exceptions (10 events):
Event: 0.705 Thread 0x000001b50cb37800 Exception <a 'java/lang/ClassNotFoundException'{0x0000000710f3d970}: org/springframework/core/PriorityOrderedCustomizer> (0x0000000710f3d970) thrown at [./open/src/hotspot/share/classfile/systemDictionary.cpp, line 227]
Event: 0.705 Thread 0x000001b50cb37800 Exception <a 'java/lang/ClassNotFoundException'{0x0000000710f4c6d0}: org/springframework/core/OrderedCustomizer> (0x0000000710f4c6d0) thrown at [./open/src/hotspot/share/classfile/systemDictionary.cpp, line 227]
Event: 0.706 Thread 0x000001b50cb37800 Exception <a 'java/lang/ClassNotFoundException'{0x0000000710f5dd68}: org/springframework/context/ResourceLoaderAwareCustomizer> (0x0000000710f5dd68) thrown at [./open/src/hotspot/share/classfile/systemDictionary.cpp, line 227]
Event: 0.706 Thread 0x000001b50cb37800 Exception <a 'java/lang/ClassNotFoundException'{0x0000000710f6e720}: org/springframework/beans/factory/AwareCustomizer> (0x0000000710f6e720) thrown at [./open/src/hotspot/share/classfile/systemDictionary.cpp, line 227]
Event: 0.706 Thread 0x000001b50cb37800 Exception <a 'java/lang/ClassNotFoundException'{0x0000000710e4f328}: org/springframework/context/ApplicationStartupAwareCustomizer> (0x0000000710e4f328) thrown at [./open/src/hotspot/share/classfile/systemDictionary.cpp, line 227]
Event: 0.707 Thread 0x000001b50cb37800 Exception <a 'java/lang/ClassNotFoundException'{0x0000000710e5ff58}: org/springframework/beans/factory/AwareCustomizer> (0x0000000710e5ff58) thrown at [./open/src/hotspot/share/classfile/systemDictionary.cpp, line 227]
Event: 0.707 Thread 0x000001b50cb37800 Exception <a 'java/lang/ClassNotFoundException'{0x0000000710e71510}: org/springframework/beans/factory/BeanClassLoaderAwareCustomizer> (0x0000000710e71510) thrown at [./open/src/hotspot/share/classfile/systemDictionary.cpp, line 227]
Event: 0.707 Thread 0x000001b50cb37800 Exception <a 'java/lang/ClassNotFoundException'{0x0000000710e81ee0}: org/springframework/beans/factory/AwareCustomizer> (0x0000000710e81ee0) thrown at [./open/src/hotspot/share/classfile/systemDictionary.cpp, line 227]
Event: 0.707 Thread 0x000001b50cb37800 Exception <a 'java/lang/ClassNotFoundException'{0x0000000710e92398}: org/springframework/context/EnvironmentAwareCustomizer> (0x0000000710e92398) thrown at [./open/src/hotspot/share/classfile/systemDictionary.cpp, line 227]
Event: 0.708 Thread 0x000001b50cb37800 Exception <a 'java/lang/ClassNotFoundException'{0x0000000710ea2ce0}: org/springframework/beans/factory/AwareCustomizer> (0x0000000710ea2ce0) thrown at [./open/src/hotspot/share/classfile/systemDictionary.cpp, line 227]

Events (10 events):
Event: 0.715 loading class org/springframework/core/io/DescriptiveResource
Event: 0.715 loading class org/springframework/core/io/DescriptiveResource done
Event: 0.715 loading class org/hibernate/validator/internal/metadata/raw/ConstrainedElement$ConstrainedElementKind
Event: 0.715 loading class org/hibernate/validator/internal/metadata/raw/ConstrainedElement$ConstrainedElementKind done
Event: 0.715 loading class org/springframework/context/annotation/ConfigurationCondition$ConfigurationPhase
Event: 0.715 loading class org/springframework/context/annotation/ConfigurationCondition$ConfigurationPhase done
Event: 0.715 loading class org/hibernate/validator/internal/metadata/location/ConstraintLocation$ConstraintLocationKind
Event: 0.715 loading class org/hibernate/validator/internal/metadata/location/ConstraintLocation$ConstraintLocationKind done
Event: 0.715 loading class org/hibernate/validator/internal/metadata/location/ConstraintLocation$1
Event: 0.715 loading class org/hibernate/validator/internal/metadata/location/ConstraintLocation$1 done


Dynamic libraries:
0x00007ff78f310000 - 0x00007ff78f31f000 	C:\Program Files\Java\jdk-11.0.13\bin\java.exe
0x00007ffb5cb30000 - 0x00007ffb5cd25000 	C:\Windows\SYSTEM32\ntdll.dll
0x00007ffb34930000 - 0x00007ffb34943000 	C:\Program Files\AVG\Antivirus\aswhook.dll
0x00007ffb5c5b0000 - 0x00007ffb5c66e000 	C:\Windows\System32\KERNEL32.DLL
0x00007ffb5a350000 - 0x00007ffb5a618000 	C:\Windows\System32\KERNELBASE.dll
0x00007ffb5a650000 - 0x00007ffb5a750000 	C:\Windows\System32\ucrtbase.dll
0x00007ffb27910000 - 0x00007ffb27925000 	C:\Program Files\Java\jdk-11.0.13\bin\VCRUNTIME140.dll
0x00007ffb278f0000 - 0x00007ffb27908000 	C:\Program Files\Java\jdk-11.0.13\bin\jli.dll
0x00007ffb5bc00000 - 0x00007ffb5bcae000 	C:\Windows\System32\ADVAPI32.dll
0x00007ffb5c6d0000 - 0x00007ffb5c76e000 	C:\Windows\System32\msvcrt.dll
0x00007ffb5c790000 - 0x00007ffb5c82c000 	C:\Windows\System32\sechost.dll
0x00007ffb5ac50000 - 0x00007ffb5ad75000 	C:\Windows\System32\RPCRT4.dll
0x00007ffb5b840000 - 0x00007ffb5b9e1000 	C:\Windows\System32\USER32.dll
0x00007ffb44c60000 - 0x00007ffb44efa000 	C:\Windows\WinSxS\amd64_microsoft.windows.common-controls_6595b64144ccf1df_6.0.19041.1110_none_60b5254171f9507e\COMCTL32.dll
0x00007ffb5ab40000 - 0x00007ffb5ab62000 	C:\Windows\System32\win32u.dll
0x00007ffb5ad80000 - 0x00007ffb5adab000 	C:\Windows\System32\GDI32.dll
0x00007ffb5a240000 - 0x00007ffb5a34d000 	C:\Windows\System32\gdi32full.dll
0x00007ffb5a750000 - 0x00007ffb5a7ed000 	C:\Windows\System32\msvcp_win.dll
0x00007ffb557b0000 - 0x00007ffb557ba000 	C:\Windows\SYSTEM32\VERSION.dll
0x00007ffb5bcb0000 - 0x00007ffb5bce0000 	C:\Windows\System32\IMM32.DLL
0x00007ffb27850000 - 0x00007ffb278eb000 	C:\Program Files\Java\jdk-11.0.13\bin\msvcp140.dll
0x00007ffb02f60000 - 0x00007ffb03a73000 	C:\Program Files\Java\jdk-11.0.13\bin\server\jvm.dll
0x00007ffb5cae0000 - 0x00007ffb5cae8000 	C:\Windows\System32\PSAPI.DLL
0x00007ffb38830000 - 0x00007ffb38857000 	C:\Windows\SYSTEM32\WINMM.dll
0x00007ffb508b0000 - 0x00007ffb508b9000 	C:\Windows\SYSTEM32\WSOCK32.dll
0x00007ffb5c830000 - 0x00007ffb5c89b000 	C:\Windows\System32\WS2_32.dll
0x00007ffb58150000 - 0x00007ffb58162000 	C:\Windows\SYSTEM32\kernel.appcore.dll
0x00007ffb40860000 - 0x00007ffb40870000 	C:\Program Files\Java\jdk-11.0.13\bin\verify.dll
0x00007ffb540d0000 - 0x00007ffb542b4000 	C:\Windows\SYSTEM32\DBGHELP.DLL
0x00007ffb544c0000 - 0x00007ffb544ec000 	C:\Windows\SYSTEM32\dbgcore.DLL
0x00007ffb5aa00000 - 0x00007ffb5aa82000 	C:\Windows\System32\bcryptPrimitives.dll
0x00007ffb27820000 - 0x00007ffb27848000 	C:\Program Files\Java\jdk-11.0.13\bin\java.dll
0x00007ffb33960000 - 0x00007ffb3396a000 	C:\Program Files\Java\jdk-11.0.13\bin\jimage.dll
0x00007ffb54de0000 - 0x00007ffb54dee000 	C:\Program Files\Java\jdk-11.0.13\bin\instrument.dll
0x00007ffb27800000 - 0x00007ffb27816000 	C:\Program Files\Java\jdk-11.0.13\bin\zip.dll
0x00007ffb5bce0000 - 0x00007ffb5c424000 	C:\Windows\System32\SHELL32.dll
0x00007ffb58350000 - 0x00007ffb58ae5000 	C:\Windows\SYSTEM32\windows.storage.dll
0x00007ffb5b420000 - 0x00007ffb5b775000 	C:\Windows\System32\combase.dll
0x00007ffb59c90000 - 0x00007ffb59cbe000 	C:\Windows\SYSTEM32\Wldp.dll
0x00007ffb5b780000 - 0x00007ffb5b82d000 	C:\Windows\System32\SHCORE.dll
0x00007ffb5c550000 - 0x00007ffb5c5a5000 	C:\Windows\System32\shlwapi.dll
0x00007ffb5a180000 - 0x00007ffb5a19f000 	C:\Windows\SYSTEM32\profapi.dll
0x00007ffb277e0000 - 0x00007ffb277f9000 	C:\Program Files\Java\jdk-11.0.13\bin\net.dll
0x00007ffb530d0000 - 0x00007ffb531dc000 	C:\Windows\SYSTEM32\WINHTTP.dll
0x00007ffb599f0000 - 0x00007ffb59a5a000 	C:\Windows\system32\mswsock.dll
0x00007ffb277c0000 - 0x00007ffb277d2000 	C:\Program Files\Java\jdk-11.0.13\bin\nio.dll
0x00007ffb53a10000 - 0x00007ffb53a2a000 	C:\Program Files\JetBrains\IntelliJ IDEA 2021.2.3\bin\breakgen64.dll
0x00007ffb596d0000 - 0x00007ffb5979b000 	C:\Windows\SYSTEM32\DNSAPI.dll
0x00007ffb59690000 - 0x00007ffb596cb000 	C:\Windows\SYSTEM32\IPHLPAPI.DLL
0x00007ffb5ae80000 - 0x00007ffb5ae88000 	C:\Windows\System32\NSI.dll
0x00007ffb52bd0000 - 0x00007ffb52bda000 	C:\Windows\System32\rasadhlp.dll
0x00007ffb52190000 - 0x00007ffb5220f000 	C:\Windows\System32\fwpuclnt.dll
0x00007ffb5a620000 - 0x00007ffb5a647000 	C:\Windows\System32\bcrypt.dll
0x00007ffb30370000 - 0x00007ffb30379000 	C:\Program Files\Java\jdk-11.0.13\bin\management.dll
0x00007ffb28250000 - 0x00007ffb2825b000 	C:\Program Files\Java\jdk-11.0.13\bin\management_ext.dll
0x00007ffb59be0000 - 0x00007ffb59bf8000 	C:\Windows\SYSTEM32\CRYPTSP.dll
0x00007ffb59300000 - 0x00007ffb59334000 	C:\Windows\system32\rsaenh.dll
0x00007ffb5a140000 - 0x00007ffb5a16e000 	C:\Windows\SYSTEM32\USERENV.dll
0x00007ffb59c00000 - 0x00007ffb59c0c000 	C:\Windows\SYSTEM32\CRYPTBASE.dll
0x00007ffb55490000 - 0x00007ffb554a7000 	C:\Windows\SYSTEM32\dhcpcsvc6.DLL
0x00007ffb55470000 - 0x00007ffb5548d000 	C:\Windows\SYSTEM32\dhcpcsvc.DLL
0x00007ffb45680000 - 0x00007ffb45697000 	C:\Windows\system32\napinsp.dll
0x00007ffb45660000 - 0x00007ffb4567b000 	C:\Windows\system32\pnrpnsp.dll
0x00007ffb45640000 - 0x00007ffb45655000 	C:\Windows\system32\wshbth.dll
0x00007ffb55790000 - 0x00007ffb557ad000 	C:\Windows\system32\NLAapi.dll
0x00007ffb45620000 - 0x00007ffb45632000 	C:\Windows\System32\winrnr.dll

dbghelp: loaded successfully - version: 4.0.5 - missing functions: none
symbol engine: initialized successfully - sym options: 0x614 - pdb path: .;C:\Program Files\Java\jdk-11.0.13\bin;C:\Windows\SYSTEM32;C:\Program Files\AVG\Antivirus;C:\Windows\WinSxS\amd64_microsoft.windows.common-controls_6595b64144ccf1df_6.0.19041.1110_none_60b5254171f9507e;C:\Program Files\Java\jdk-11.0.13\bin\server;C:\Program Files\JetBrains\IntelliJ IDEA 2021.2.3\bin

VM Arguments:
jvm_args: -XX:TieredStopAtLevel=1 -Xverify:none -Dspring.output.ansi.enabled=always -javaagent:C:\Program Files\JetBrains\IntelliJ IDEA 2021.2.3\lib\idea_rt.jar=4460:C:\Program Files\JetBrains\IntelliJ IDEA 2021.2.3\bin -Dcom.sun.management.jmxremote -Dspring.jmx.enabled=true -Dspring.liveBeansView.mbeanDomain -Dspring.application.admin.enabled=true -Dfile.encoding=UTF-8 
java_command: com.example.board.BoardApplication
java_class_path (initial): C:\Users\Administrator\Desktop\colin_pilot_project\board_colin\build\classes\java\main;C:\Users\Administrator\Desktop\colin_pilot_project\board_colin\build\resources\main;C:\Users\Administrator\.gradle\caches\modules-2\files-2.1\org.springframework.boot\spring-boot-configuration-processor\2.5.7\82a3848a48846cd5a2de0adb15d90e7e17d359e3\spring-boot-configuration-processor-2.5.7.jar;C:\Users\Administrator\.gradle\caches\modules-2\files-2.1\org.projectlombok\lombok\1.18.22\9c08ea24c6eb714e2d6170e8122c069a0ba9aacf\lombok-1.18.22.jar;C:\Users\Administrator\.gradle\caches\modules-2\files-2.1\org.springframework.boot\spring-boot-starter-thymeleaf\2.5.7\c14382d6f3e85fde378800d1a95fd7575a1760b1\spring-boot-starter-thymeleaf-2.5.7.jar;C:\Users\Administrator\.gradle\caches\modules-2\files-2.1\org.springframework.boot\spring-boot-starter-web\2.5.7\a994b0ea2c992aded6d9e19be8ba8fdfb3a17d9e\spring-boot-starter-web-2.5.7.jar;C:\Users\Administrator\.gradle\caches\modules-2\files-2.1\org.mybatis.spring.boot\mybatis-spring-boot-starter\2.2.0\1543d9566e2acaa7230cd8996237a291603ac21f\mybatis-spring-boot-starter-2.2.0.jar;C:\Users\Administrator\.gradle\caches\modules-2\files-2.1\org.apache.tomcat.embed\tomcat-embed-jasper\9.0.55\2521b913a7428a6dd83a963ef0d97f22930d872d\tomcat-embed-jasper-9.0.55.jar;C:\Users\Administrator\.gradle\caches\modules-2\files-2.1\org.springframework.boot\spring-boot-starter-validation\2.5.7\6302c6a44c80fe9f004bb92f217f0c596852940b\spring-boot-starter-validation-2.5.7.jar;C:\Users\Administrator\.gradle\caches\modules-2\files-2.1\org.springframework.boot\spring-boot-starter-mustache\2.5.7\d80db6adeeee0a6e0d47760cd37b5702b5f40f8d\spring-boot-starter-mustache-2.5.7.jar;C:\Users\Administrator\.gradle\caches\modules-2\files-2.1\org.springframework.boot\spring-boot-starter-data-jpa\2.5.7\5b5ecb38a0f18374c46f28b52a9a013927fff8d9\spring-boot-starter-data-jpa-2.5.7.jar;C:\Users\Administrator\.gradle\caches\modules-2\files-2.1\org.springframewo
Launcher Type: SUN_STANDARD

[Global flags]
     bool BytecodeVerificationLocal                = false                                     {product} {command line}
     bool BytecodeVerificationRemote               = false                                     {product} {command line}
     intx CICompilerCount                          = 4                                         {product} {ergonomic}
     uint ConcGCThreads                            = 2                                         {product} {ergonomic}
     uint G1ConcRefinementThreads                  = 8                                         {product} {ergonomic}
   size_t G1HeapRegionSize                         = 1048576                                   {product} {ergonomic}
    uintx GCDrainStackTargetSize                   = 64                                        {product} {ergonomic}
   size_t InitialHeapSize                          = 268435456                                 {product} {ergonomic}
     bool ManagementServer                         = true                                      {product} {command line}
   size_t MarkStackSize                            = 4194304                                   {product} {ergonomic}
   size_t MaxHeapSize                              = 4278190080                                {product} {ergonomic}
   size_t MaxNewSize                               = 2566914048                                {product} {ergonomic}
   size_t MinHeapDeltaBytes                        = 1048576                                   {product} {ergonomic}
    uintx NonNMethodCodeHeapSize                   = 7549744                                {pd product} {ergonomic}
    uintx NonProfiledCodeHeapSize                  = 244108496                              {pd product} {ergonomic}
    uintx ProfiledCodeHeapSize                     = 0                                      {pd product} {ergonomic}
    uintx ReservedCodeCacheSize                    = 251658240                              {pd product} {ergonomic}
     bool SegmentedCodeCache                       = true                                      {product} {ergonomic}
     intx TieredStopAtLevel                        = 1                                         {product} {command line}
     bool UseCompressedClassPointers               = true                                 {lp64_product} {ergonomic}
     bool UseCompressedOops                        = true                                 {lp64_product} {ergonomic}
     bool UseG1GC                                  = true                                      {product} {ergonomic}
     bool UseLargePagesIndividualAllocation        = false                                  {pd product} {ergonomic}

Logging:
Log output configuration:
 #0: stdout all=warning uptime,level,tags
 #1: stderr all=off uptime,level,tags

Environment Variables:
JAVA_HOME=C:\Program Files\Java\jdk-11.0.13\bin
PATH=C:\Program Files\Common Files\Oracle\Java\javapath;C:\Windows\system32;C:\Windows;C:\Windows\System32\Wbem;C:\Windows\System32\WindowsPowerShell\v1.0\;C:\Windows\System32\OpenSSH\;C:\Program Files (x86)\NVIDIA Corporation\PhysX\Common;C:\Program Files\Git\cmd;C:\Program Files (x86)\NetSarang\Xshell 7\;C:\Program Files\MySQL\MySQL Server 8.0\bin;C:\Users\Administrator\AppData\Local\Microsoft\WindowsApps;C:\Program Files\Bandizip\;C:\Program Files\JetBrains\IntelliJ IDEA Community Edition 2021.2.3\bin;;C:\Program Files\JetBrains\IntelliJ IDEA 2021.2.3\bin;;C:\Program Files\Java\jdk-11.0.13\bin;C:\Program Files\Java\jdk-11.0.13;
USERNAME=Colin
OS=Windows_NT
PROCESSOR_IDENTIFIER=Intel64 Family 6 Model 158 Stepping 13, GenuineIntel



---------------  S Y S T E M  ---------------

OS: Windows 10 , 64 bit Build 19041 (10.0.19041.1466)

CPU:total 8 (initial active 8) (8 cores per cpu, 1 threads per core) family 6 model 158 stepping 13 microcode 0xca, cmov, cx8, fxsr, mmx, sse, sse2, sse3, ssse3, sse4.1, sse4.2, popcnt, avx, avx2, aes, clmul, erms, 3dnowpref, lzcnt, tsc, tscinvbit, bmi1, bmi2, adx, fma

Memory: 4k page, system-wide physical 16318M (8659M free)
TotalPageFile size 32702M (AvailPageFile size 21727M)
current process WorkingSet (physical memory assigned to process): 166M, peak: 166M
current process commit charge ("private bytes"): 369M, peak: 369M

vm_info: Java HotSpot(TM) 64-Bit Server VM (11.0.13+10-LTS-370) for windows-amd64 JRE (11.0.13+10-LTS-370), built on Sep 15 2021 22:10:36 by "mach5one" with MS VC++ 15.9 (VS2017)

END.
