#
# A fatal error has been detected by the Java Runtime Environment:
#
#  EXCEPTION_ACCESS_VIOLATION (0xc0000005) at pc=0x00007ffba8516960, pid=9624, tid=11780
#
# JRE version: Java(TM) SE Runtime Environment 18.9 (11.0.13+10) (build 11.0.13+10-LTS-370)
# Java VM: Java HotSpot(TM) 64-Bit Server VM 18.9 (11.0.13+10-LTS-370, mixed mode, tiered, compressed oops, g1 gc, windows-amd64)
# Problematic frame:
# V  [jvm.dll+0x176960]
#
# No core dump will be written. Minidumps are not enabled by default on client versions of Windows
#
# If you would like to submit a bug report, please visit:
#   https://bugreport.java.com/bugreport/crash.jsp
#

---------------  S U M M A R Y ------------

Command Line: -XX:TieredStopAtLevel=1 -Xverify:none -Dspring.output.ansi.enabled=always -javaagent:C:\Program Files\JetBrains\IntelliJ IDEA 2021.2.3\lib\idea_rt.jar=2621:C:\Program Files\JetBrains\IntelliJ IDEA 2021.2.3\bin -Dcom.sun.management.jmxremote -Dspring.jmx.enabled=true -Dspring.liveBeansView.mbeanDomain -Dspring.application.admin.enabled=true -Dfile.encoding=UTF-8 com.example.board.BoardApplication

Host: Intel(R) Core(TM) i7-9700F CPU @ 3.00GHz, 8 cores, 15G,  Windows 10 , 64 bit Build 19041 (10.0.19041.1466)
Time: Wed Jan 19 14:24:54 2022 대한민국 표준시 elapsed time: 0.318086 seconds (0d 0h 0m 0s)

---------------  T H R E A D  ---------------

Current thread (0x000001f4715b3000):  JavaThread "C1 CompilerThread0" daemon [_thread_in_native, id=11780, stack(0x000000e67ef00000,0x000000e67f000000)]


Current CompileTask:
C1:    318  960       1       java.net.URLStreamHandler::parseURL (1201 bytes)

Stack: [0x000000e67ef00000,0x000000e67f000000],  sp=0x000000e67effca60,  free space=1010k
Native frames: (J=compiled Java code, j=interpreted, Vv=VM code, C=native code)
V  [jvm.dll+0x176960]
V  [jvm.dll+0x130d4f]
V  [jvm.dll+0x12d4de]
V  [jvm.dll+0x1303a5]
V  [jvm.dll+0x130407]
V  [jvm.dll+0x130407]
V  [jvm.dll+0x130407]
V  [jvm.dll+0x130407]
V  [jvm.dll+0x130407]
V  [jvm.dll+0x130407]
V  [jvm.dll+0x130407]
V  [jvm.dll+0x130407]
V  [jvm.dll+0x130407]
V  [jvm.dll+0x130407]
V  [jvm.dll+0x130407]
V  [jvm.dll+0x130407]
V  [jvm.dll+0x130407]
V  [jvm.dll+0x130407]
V  [jvm.dll+0x130407]
V  [jvm.dll+0x130407]
V  [jvm.dll+0x130407]
V  [jvm.dll+0x130407]
V  [jvm.dll+0x130407]
V  [jvm.dll+0x130407]
V  [jvm.dll+0x130407]
V  [jvm.dll+0x130407]
V  [jvm.dll+0x130407]
V  [jvm.dll+0x130407]
V  [jvm.dll+0x130407]
V  [jvm.dll+0x130407]
V  [jvm.dll+0x130407]
V  [jvm.dll+0x130407]
V  [jvm.dll+0x130407]
V  [jvm.dll+0x130407]
V  [jvm.dll+0x130407]
V  [jvm.dll+0x130407]
V  [jvm.dll+0x130407]
V  [jvm.dll+0x130407]
V  [jvm.dll+0x130407]
V  [jvm.dll+0x130407]
V  [jvm.dll+0x130407]
V  [jvm.dll+0x130407]
V  [jvm.dll+0x130407]
V  [jvm.dll+0x130407]
V  [jvm.dll+0x130407]
V  [jvm.dll+0x130407]
V  [jvm.dll+0x130407]
V  [jvm.dll+0x130407]
V  [jvm.dll+0x130407]
V  [jvm.dll+0x130407]
V  [jvm.dll+0x130407]
V  [jvm.dll+0x130407]
V  [jvm.dll+0x130407]
V  [jvm.dll+0x130407]
V  [jvm.dll+0x130407]
V  [jvm.dll+0x130407]
V  [jvm.dll+0x130407]
V  [jvm.dll+0x130407]
V  [jvm.dll+0x130407]
V  [jvm.dll+0x130407]
V  [jvm.dll+0x130407]
V  [jvm.dll+0x130407]
V  [jvm.dll+0x130407]
V  [jvm.dll+0x130407]
V  [jvm.dll+0x130407]
V  [jvm.dll+0x130407]
V  [jvm.dll+0x130407]
V  [jvm.dll+0x130407]
V  [jvm.dll+0x130407]
V  [jvm.dll+0x130407]
V  [jvm.dll+0x130407]
V  [jvm.dll+0x130407]
V  [jvm.dll+0x130407]
V  [jvm.dll+0x130407]
V  [jvm.dll+0x130407]
V  [jvm.dll+0x130407]
V  [jvm.dll+0x130407]
V  [jvm.dll+0x130407]
V  [jvm.dll+0x130407]
V  [jvm.dll+0x130407]
V  [jvm.dll+0x130407]
V  [jvm.dll+0x130407]
V  [jvm.dll+0x130407]
V  [jvm.dll+0x130407]
V  [jvm.dll+0x130407]
V  [jvm.dll+0x130407]
V  [jvm.dll+0x130407]
V  [jvm.dll+0x130407]
V  [jvm.dll+0x130407]
V  [jvm.dll+0x130407]
V  [jvm.dll+0x130407]
V  [jvm.dll+0x130407]
V  [jvm.dll+0x130407]
V  [jvm.dll+0x130407]
V  [jvm.dll+0x130407]
V  [jvm.dll+0x130407]
V  [jvm.dll+0x130407]
V  [jvm.dll+0x130407]
V  [jvm.dll+0x130407]
...<more frames>...


siginfo: EXCEPTION_ACCESS_VIOLATION (0xc0000005), reading address 0xffffffffffffffff


Register to memory mapping:

RIP=0x00007ffba8516960 jvm.dll
RAX=0x000000e67effcb08 is pointing into the stack for thread: 0x000001f4715b3000
RBX=0x000001f471aeda30 points into unknown readable memory: 0x00007ffba8bdc948 | 48 c9 bd a8 fb 7f 00 00
RCX=0x0060000000000000 is an unknown value
RDX=0x000000e67effe990 is pointing into the stack for thread: 0x000001f4715b3000
RSP=0x000000e67effca60 is pointing into the stack for thread: 0x000001f4715b3000
RBP=0x000001f471a85700 points into unknown readable memory: 0x00007ffba8bd8d40 | 40 8d bd a8 fb 7f 00 00
RSI=0x000000e67effe990 is pointing into the stack for thread: 0x000001f4715b3000
RDI=0x000000e67effe990 is pointing into the stack for thread: 0x000001f4715b3000
R8 =0x00007ffba8bdbe98 jvm.dll
R9 =0x00000000000001a5 is an unknown value
R10=0x000001f471ae4bc0 points into unknown readable memory: 0x00007ffba8bd8d40 | 40 8d bd a8 fb 7f 00 00
R11=0x0000000000000001 is an unknown value
R12=0x0 is NULL
R13=0x0060000000000000 is an unknown value
R14=0x000000e67effe990 is pointing into the stack for thread: 0x000001f4715b3000
R15=0x0 is NULL


Registers:
RAX=0x000000e67effcb08, RBX=0x000001f471aeda30, RCX=0x0060000000000000, RDX=0x000000e67effe990
RSP=0x000000e67effca60, RBP=0x000001f471a85700, RSI=0x000000e67effe990, RDI=0x000000e67effe990
R8 =0x00007ffba8bdbe98, R9 =0x00000000000001a5, R10=0x000001f471ae4bc0, R11=0x0000000000000001
R12=0x0000000000000000, R13=0x0060000000000000, R14=0x000000e67effe990, R15=0x0000000000000000
RIP=0x00007ffba8516960, EFLAGS=0x0000000000010246

Top of Stack: (sp=0x000000e67effca60)
0x000000e67effca60:   000001f471aed840 000000e67effe930
0x000000e67effca70:   000000e67effe980 00007ffba84d0407
0x000000e67effca80:   0000001300000013 0000000000000000
0x000000e67effca90:   0000000000000008 000001f471aed790
0x000000e67effcaa0:   0000000300000003 0000000000000000
0x000000e67effcab0:   0000000000000008 000001f471aed830
0x000000e67effcac0:   0000000000000000 0000000000000000
0x000000e67effcad0:   000001f400000008 000001f471aed790
0x000000e67effcae0:   0000000000000000 000001f471aeed20
0x000000e67effcaf0:   000000e67effe990 000001f471aed4e0
0x000000e67effcb00:   000000e67effed10 00007ffba84d0d4f
0x000000e67effcb10:   000001f471aeda30 000001f471a85700
0x000000e67effcb20:   000000e67effe990 000001f471aec800
0x000000e67effcb30:   000001f471a85700 00007ffba84cd4de
0x000000e67effcb40:   000001f471aeda30 000000e67effe990
0x000000e67effcb50:   000001f471a85700 000001f471ae9650 

Instructions: (pc=0x00007ffba8516960)
0x00007ffba8516940:   68 10 4c 8b e9 48 89 70 18 48 89 78 e8 4c 89 60
0x00007ffba8516950:   e0 45 33 e4 4c 89 78 d8 0f 1f 84 00 00 00 00 00
0x00007ffba8516960:   41 0f 10 4d 18 41 8b fc 41 0f 10 45 28 66 0f 7e
0x00007ffba8516970:   cd 0f 29 44 24 30 4c 8b 7c 24 38 0f 29 4c 24 20 


Stack slot to memory mapping:
stack at sp + 0 slots: 0x000001f471aed840 points into unknown readable memory: 0x000001f471aed200 | 00 d2 ae 71 f4 01 00 00
stack at sp + 1 slots: 0x000000e67effe930 is pointing into the stack for thread: 0x000001f4715b3000
stack at sp + 2 slots: 0x000000e67effe980 is pointing into the stack for thread: 0x000001f4715b3000
stack at sp + 3 slots: 0x00007ffba84d0407 jvm.dll
stack at sp + 4 slots: 0x0000001300000013 is an unknown value
stack at sp + 5 slots: 0x0 is NULL
stack at sp + 6 slots: 0x0000000000000008 is an unknown value
stack at sp + 7 slots: 0x000001f471aed790 points into unknown readable memory: 0x0000000000000000 | 00 00 00 00 00 00 00 00


---------------  P R O C E S S  ---------------

Threads class SMR info:
_java_thread_list=0x000001f471543e90, length=11, elements={
0x000001f44e01c000, 0x000001f471534000, 0x000001f47153e000, 0x000001f4715ad800,
0x000001f4715af800, 0x000001f4715b1000, 0x000001f4715b3000, 0x000001f4715ba800,
0x000001f471500800, 0x000001f4719cd800, 0x000001f471b92000
}

Java Threads: ( => current thread )
  0x000001f44e01c000 JavaThread "main" [_thread_in_Java, id=17736, stack(0x000000e67e300000,0x000000e67e400000)]
  0x000001f471534000 JavaThread "Reference Handler" daemon [_thread_blocked, id=10164, stack(0x000000e67ea00000,0x000000e67eb00000)]
  0x000001f47153e000 JavaThread "Finalizer" daemon [_thread_blocked, id=18164, stack(0x000000e67eb00000,0x000000e67ec00000)]
  0x000001f4715ad800 JavaThread "Signal Dispatcher" daemon [_thread_blocked, id=3936, stack(0x000000e67ec00000,0x000000e67ed00000)]
  0x000001f4715af800 JavaThread "Attach Listener" daemon [_thread_blocked, id=15240, stack(0x000000e67ed00000,0x000000e67ee00000)]
  0x000001f4715b1000 JavaThread "Service Thread" daemon [_thread_blocked, id=15680, stack(0x000000e67ee00000,0x000000e67ef00000)]
=>0x000001f4715b3000 JavaThread "C1 CompilerThread0" daemon [_thread_in_native, id=11780, stack(0x000000e67ef00000,0x000000e67f000000)]
  0x000001f4715ba800 JavaThread "Sweeper thread" daemon [_thread_blocked, id=5980, stack(0x000000e67f000000,0x000000e67f100000)]
  0x000001f471500800 JavaThread "Common-Cleaner" daemon [_thread_blocked, id=7104, stack(0x000000e67f100000,0x000000e67f200000)]
  0x000001f4719cd800 JavaThread "Monitor Ctrl-Break" daemon [_thread_in_native, id=10496, stack(0x000000e67f200000,0x000000e67f300000)]
  0x000001f471b92000 JavaThread "RMI TCP Accept-0" daemon [_thread_in_native, id=8512, stack(0x000000e67f300000,0x000000e67f400000)]

Other Threads:
  0x000001f47150f000 VMThread "VM Thread" [stack: 0x000000e67e900000,0x000000e67ea00000] [id=14680]
  0x000001f471bb8000 WatcherThread [stack: 0x000000e67f400000,0x000000e67f500000] [id=12684]
  0x000001f44e030800 GCTaskThread "GC Thread#0" [stack: 0x000000e67e400000,0x000000e67e500000] [id=13332]
  0x000001f44e08e800 ConcurrentGCThread "G1 Main Marker" [stack: 0x000000e67e500000,0x000000e67e600000] [id=1352]
  0x000001f44e092000 ConcurrentGCThread "G1 Conc#0" [stack: 0x000000e67e600000,0x000000e67e700000] [id=9296]
  0x000001f470b73000 ConcurrentGCThread "G1 Refine#0" [stack: 0x000000e67e700000,0x000000e67e800000] [id=10852]
  0x000001f470b74000 ConcurrentGCThread "G1 Young RemSet Sampling" [stack: 0x000000e67e800000,0x000000e67e900000] [id=11116]

Threads with active compile tasks:
C1 CompilerThread0    362  960       1       java.net.URLStreamHandler::parseURL (1201 bytes)

VM state:not at safepoint (normal execution)

VM Mutex/Monitor currently owned by a thread: None

Heap address: 0x0000000701000000, size: 4080 MB, Compressed Oops mode: Zero based, Oop shift amount: 3
Narrow klass base: 0x0000000800000000, Narrow klass shift: 0
Compressed class space size: 1073741824 Address: 0x0000000800000000

Heap:
 garbage-first heap   total 262144K, used 19456K [0x0000000701000000, 0x0000000800000000)
  region size 1024K, 20 young (20480K), 0 survivors (0K)
 Metaspace       used 12349K, capacity 12650K, committed 12800K, reserved 1060864K
  class space    used 1327K, capacity 1466K, committed 1536K, reserved 1048576K
Heap Regions: E=young(eden), S=young(survivor), O=old, HS=humongous(starts), HC=humongous(continues), CS=collection set, F=free, A=archive, TAMS=top-at-mark-start (previous, next)
|   0|0x0000000701000000, 0x0000000701100000, 0x0000000701100000|100%|HS|  |TAMS 0x0000000701000000, 0x0000000701000000| Complete 
|   1|0x0000000701100000, 0x0000000701100000, 0x0000000701200000|  0%| F|  |TAMS 0x0000000701100000, 0x0000000701100000| Untracked 
|   2|0x0000000701200000, 0x0000000701200000, 0x0000000701300000|  0%| F|  |TAMS 0x0000000701200000, 0x0000000701200000| Untracked 
|   3|0x0000000701300000, 0x0000000701300000, 0x0000000701400000|  0%| F|  |TAMS 0x0000000701300000, 0x0000000701300000| Untracked 
|   4|0x0000000701400000, 0x0000000701400000, 0x0000000701500000|  0%| F|  |TAMS 0x0000000701400000, 0x0000000701400000| Untracked 
|   5|0x0000000701500000, 0x0000000701500000, 0x0000000701600000|  0%| F|  |TAMS 0x0000000701500000, 0x0000000701500000| Untracked 
|   6|0x0000000701600000, 0x0000000701600000, 0x0000000701700000|  0%| F|  |TAMS 0x0000000701600000, 0x0000000701600000| Untracked 
|   7|0x0000000701700000, 0x0000000701700000, 0x0000000701800000|  0%| F|  |TAMS 0x0000000701700000, 0x0000000701700000| Untracked 
|   8|0x0000000701800000, 0x0000000701800000, 0x0000000701900000|  0%| F|  |TAMS 0x0000000701800000, 0x0000000701800000| Untracked 
|   9|0x0000000701900000, 0x0000000701900000, 0x0000000701a00000|  0%| F|  |TAMS 0x0000000701900000, 0x0000000701900000| Untracked 
|  10|0x0000000701a00000, 0x0000000701a00000, 0x0000000701b00000|  0%| F|  |TAMS 0x0000000701a00000, 0x0000000701a00000| Untracked 
|  11|0x0000000701b00000, 0x0000000701b00000, 0x0000000701c00000|  0%| F|  |TAMS 0x0000000701b00000, 0x0000000701b00000| Untracked 
|  12|0x0000000701c00000, 0x0000000701c00000, 0x0000000701d00000|  0%| F|  |TAMS 0x0000000701c00000, 0x0000000701c00000| Untracked 
|  13|0x0000000701d00000, 0x0000000701d00000, 0x0000000701e00000|  0%| F|  |TAMS 0x0000000701d00000, 0x0000000701d00000| Untracked 
|  14|0x0000000701e00000, 0x0000000701e00000, 0x0000000701f00000|  0%| F|  |TAMS 0x0000000701e00000, 0x0000000701e00000| Untracked 
|  15|0x0000000701f00000, 0x0000000701f00000, 0x0000000702000000|  0%| F|  |TAMS 0x0000000701f00000, 0x0000000701f00000| Untracked 
|  16|0x0000000702000000, 0x0000000702000000, 0x0000000702100000|  0%| F|  |TAMS 0x0000000702000000, 0x0000000702000000| Untracked 
|  17|0x0000000702100000, 0x0000000702100000, 0x0000000702200000|  0%| F|  |TAMS 0x0000000702100000, 0x0000000702100000| Untracked 
|  18|0x0000000702200000, 0x0000000702200000, 0x0000000702300000|  0%| F|  |TAMS 0x0000000702200000, 0x0000000702200000| Untracked 
|  19|0x0000000702300000, 0x0000000702300000, 0x0000000702400000|  0%| F|  |TAMS 0x0000000702300000, 0x0000000702300000| Untracked 
|  20|0x0000000702400000, 0x0000000702400000, 0x0000000702500000|  0%| F|  |TAMS 0x0000000702400000, 0x0000000702400000| Untracked 
|  21|0x0000000702500000, 0x0000000702500000, 0x0000000702600000|  0%| F|  |TAMS 0x0000000702500000, 0x0000000702500000| Untracked 
|  22|0x0000000702600000, 0x0000000702600000, 0x0000000702700000|  0%| F|  |TAMS 0x0000000702600000, 0x0000000702600000| Untracked 
|  23|0x0000000702700000, 0x0000000702700000, 0x0000000702800000|  0%| F|  |TAMS 0x0000000702700000, 0x0000000702700000| Untracked 
|  24|0x0000000702800000, 0x0000000702800000, 0x0000000702900000|  0%| F|  |TAMS 0x0000000702800000, 0x0000000702800000| Untracked 
|  25|0x0000000702900000, 0x0000000702900000, 0x0000000702a00000|  0%| F|  |TAMS 0x0000000702900000, 0x0000000702900000| Untracked 
|  26|0x0000000702a00000, 0x0000000702a00000, 0x0000000702b00000|  0%| F|  |TAMS 0x0000000702a00000, 0x0000000702a00000| Untracked 
|  27|0x0000000702b00000, 0x0000000702b00000, 0x0000000702c00000|  0%| F|  |TAMS 0x0000000702b00000, 0x0000000702b00000| Untracked 
|  28|0x0000000702c00000, 0x0000000702c00000, 0x0000000702d00000|  0%| F|  |TAMS 0x0000000702c00000, 0x0000000702c00000| Untracked 
|  29|0x0000000702d00000, 0x0000000702d00000, 0x0000000702e00000|  0%| F|  |TAMS 0x0000000702d00000, 0x0000000702d00000| Untracked 
|  30|0x0000000702e00000, 0x0000000702e00000, 0x0000000702f00000|  0%| F|  |TAMS 0x0000000702e00000, 0x0000000702e00000| Untracked 
|  31|0x0000000702f00000, 0x0000000702f00000, 0x0000000703000000|  0%| F|  |TAMS 0x0000000702f00000, 0x0000000702f00000| Untracked 
|  32|0x0000000703000000, 0x0000000703000000, 0x0000000703100000|  0%| F|  |TAMS 0x0000000703000000, 0x0000000703000000| Untracked 
|  33|0x0000000703100000, 0x0000000703100000, 0x0000000703200000|  0%| F|  |TAMS 0x0000000703100000, 0x0000000703100000| Untracked 
|  34|0x0000000703200000, 0x0000000703200000, 0x0000000703300000|  0%| F|  |TAMS 0x0000000703200000, 0x0000000703200000| Untracked 
|  35|0x0000000703300000, 0x0000000703300000, 0x0000000703400000|  0%| F|  |TAMS 0x0000000703300000, 0x0000000703300000| Untracked 
|  36|0x0000000703400000, 0x0000000703400000, 0x0000000703500000|  0%| F|  |TAMS 0x0000000703400000, 0x0000000703400000| Untracked 
|  37|0x0000000703500000, 0x0000000703500000, 0x0000000703600000|  0%| F|  |TAMS 0x0000000703500000, 0x0000000703500000| Untracked 
|  38|0x0000000703600000, 0x0000000703600000, 0x0000000703700000|  0%| F|  |TAMS 0x0000000703600000, 0x0000000703600000| Untracked 
|  39|0x0000000703700000, 0x0000000703700000, 0x0000000703800000|  0%| F|  |TAMS 0x0000000703700000, 0x0000000703700000| Untracked 
|  40|0x0000000703800000, 0x0000000703800000, 0x0000000703900000|  0%| F|  |TAMS 0x0000000703800000, 0x0000000703800000| Untracked 
|  41|0x0000000703900000, 0x0000000703900000, 0x0000000703a00000|  0%| F|  |TAMS 0x0000000703900000, 0x0000000703900000| Untracked 
|  42|0x0000000703a00000, 0x0000000703a00000, 0x0000000703b00000|  0%| F|  |TAMS 0x0000000703a00000, 0x0000000703a00000| Untracked 
|  43|0x0000000703b00000, 0x0000000703b00000, 0x0000000703c00000|  0%| F|  |TAMS 0x0000000703b00000, 0x0000000703b00000| Untracked 
|  44|0x0000000703c00000, 0x0000000703c00000, 0x0000000703d00000|  0%| F|  |TAMS 0x0000000703c00000, 0x0000000703c00000| Untracked 
|  45|0x0000000703d00000, 0x0000000703d00000, 0x0000000703e00000|  0%| F|  |TAMS 0x0000000703d00000, 0x0000000703d00000| Untracked 
|  46|0x0000000703e00000, 0x0000000703e00000, 0x0000000703f00000|  0%| F|  |TAMS 0x0000000703e00000, 0x0000000703e00000| Untracked 
|  47|0x0000000703f00000, 0x0000000703f00000, 0x0000000704000000|  0%| F|  |TAMS 0x0000000703f00000, 0x0000000703f00000| Untracked 
|  48|0x0000000704000000, 0x0000000704000000, 0x0000000704100000|  0%| F|  |TAMS 0x0000000704000000, 0x0000000704000000| Untracked 
|  49|0x0000000704100000, 0x0000000704100000, 0x0000000704200000|  0%| F|  |TAMS 0x0000000704100000, 0x0000000704100000| Untracked 
|  50|0x0000000704200000, 0x0000000704200000, 0x0000000704300000|  0%| F|  |TAMS 0x0000000704200000, 0x0000000704200000| Untracked 
|  51|0x0000000704300000, 0x0000000704300000, 0x0000000704400000|  0%| F|  |TAMS 0x0000000704300000, 0x0000000704300000| Untracked 
|  52|0x0000000704400000, 0x0000000704400000, 0x0000000704500000|  0%| F|  |TAMS 0x0000000704400000, 0x0000000704400000| Untracked 
|  53|0x0000000704500000, 0x0000000704500000, 0x0000000704600000|  0%| F|  |TAMS 0x0000000704500000, 0x0000000704500000| Untracked 
|  54|0x0000000704600000, 0x0000000704600000, 0x0000000704700000|  0%| F|  |TAMS 0x0000000704600000, 0x0000000704600000| Untracked 
|  55|0x0000000704700000, 0x0000000704700000, 0x0000000704800000|  0%| F|  |TAMS 0x0000000704700000, 0x0000000704700000| Untracked 
|  56|0x0000000704800000, 0x0000000704800000, 0x0000000704900000|  0%| F|  |TAMS 0x0000000704800000, 0x0000000704800000| Untracked 
|  57|0x0000000704900000, 0x0000000704900000, 0x0000000704a00000|  0%| F|  |TAMS 0x0000000704900000, 0x0000000704900000| Untracked 
|  58|0x0000000704a00000, 0x0000000704a00000, 0x0000000704b00000|  0%| F|  |TAMS 0x0000000704a00000, 0x0000000704a00000| Untracked 
|  59|0x0000000704b00000, 0x0000000704b00000, 0x0000000704c00000|  0%| F|  |TAMS 0x0000000704b00000, 0x0000000704b00000| Untracked 
|  60|0x0000000704c00000, 0x0000000704c00000, 0x0000000704d00000|  0%| F|  |TAMS 0x0000000704c00000, 0x0000000704c00000| Untracked 
|  61|0x0000000704d00000, 0x0000000704d00000, 0x0000000704e00000|  0%| F|  |TAMS 0x0000000704d00000, 0x0000000704d00000| Untracked 
|  62|0x0000000704e00000, 0x0000000704e00000, 0x0000000704f00000|  0%| F|  |TAMS 0x0000000704e00000, 0x0000000704e00000| Untracked 
|  63|0x0000000704f00000, 0x0000000704f00000, 0x0000000705000000|  0%| F|  |TAMS 0x0000000704f00000, 0x0000000704f00000| Untracked 
|  64|0x0000000705000000, 0x0000000705000000, 0x0000000705100000|  0%| F|  |TAMS 0x0000000705000000, 0x0000000705000000| Untracked 
|  65|0x0000000705100000, 0x0000000705100000, 0x0000000705200000|  0%| F|  |TAMS 0x0000000705100000, 0x0000000705100000| Untracked 
|  66|0x0000000705200000, 0x0000000705200000, 0x0000000705300000|  0%| F|  |TAMS 0x0000000705200000, 0x0000000705200000| Untracked 
|  67|0x0000000705300000, 0x0000000705300000, 0x0000000705400000|  0%| F|  |TAMS 0x0000000705300000, 0x0000000705300000| Untracked 
|  68|0x0000000705400000, 0x0000000705400000, 0x0000000705500000|  0%| F|  |TAMS 0x0000000705400000, 0x0000000705400000| Untracked 
|  69|0x0000000705500000, 0x0000000705500000, 0x0000000705600000|  0%| F|  |TAMS 0x0000000705500000, 0x0000000705500000| Untracked 
|  70|0x0000000705600000, 0x0000000705600000, 0x0000000705700000|  0%| F|  |TAMS 0x0000000705600000, 0x0000000705600000| Untracked 
|  71|0x0000000705700000, 0x0000000705700000, 0x0000000705800000|  0%| F|  |TAMS 0x0000000705700000, 0x0000000705700000| Untracked 
|  72|0x0000000705800000, 0x0000000705800000, 0x0000000705900000|  0%| F|  |TAMS 0x0000000705800000, 0x0000000705800000| Untracked 
|  73|0x0000000705900000, 0x0000000705900000, 0x0000000705a00000|  0%| F|  |TAMS 0x0000000705900000, 0x0000000705900000| Untracked 
|  74|0x0000000705a00000, 0x0000000705a00000, 0x0000000705b00000|  0%| F|  |TAMS 0x0000000705a00000, 0x0000000705a00000| Untracked 
|  75|0x0000000705b00000, 0x0000000705b00000, 0x0000000705c00000|  0%| F|  |TAMS 0x0000000705b00000, 0x0000000705b00000| Untracked 
|  76|0x0000000705c00000, 0x0000000705c00000, 0x0000000705d00000|  0%| F|  |TAMS 0x0000000705c00000, 0x0000000705c00000| Untracked 
|  77|0x0000000705d00000, 0x0000000705d00000, 0x0000000705e00000|  0%| F|  |TAMS 0x0000000705d00000, 0x0000000705d00000| Untracked 
|  78|0x0000000705e00000, 0x0000000705e00000, 0x0000000705f00000|  0%| F|  |TAMS 0x0000000705e00000, 0x0000000705e00000| Untracked 
|  79|0x0000000705f00000, 0x0000000705f00000, 0x0000000706000000|  0%| F|  |TAMS 0x0000000705f00000, 0x0000000705f00000| Untracked 
|  80|0x0000000706000000, 0x0000000706000000, 0x0000000706100000|  0%| F|  |TAMS 0x0000000706000000, 0x0000000706000000| Untracked 
|  81|0x0000000706100000, 0x0000000706100000, 0x0000000706200000|  0%| F|  |TAMS 0x0000000706100000, 0x0000000706100000| Untracked 
|  82|0x0000000706200000, 0x0000000706200000, 0x0000000706300000|  0%| F|  |TAMS 0x0000000706200000, 0x0000000706200000| Untracked 
|  83|0x0000000706300000, 0x0000000706300000, 0x0000000706400000|  0%| F|  |TAMS 0x0000000706300000, 0x0000000706300000| Untracked 
|  84|0x0000000706400000, 0x0000000706400000, 0x0000000706500000|  0%| F|  |TAMS 0x0000000706400000, 0x0000000706400000| Untracked 
|  85|0x0000000706500000, 0x0000000706500000, 0x0000000706600000|  0%| F|  |TAMS 0x0000000706500000, 0x0000000706500000| Untracked 
|  86|0x0000000706600000, 0x0000000706600000, 0x0000000706700000|  0%| F|  |TAMS 0x0000000706600000, 0x0000000706600000| Untracked 
|  87|0x0000000706700000, 0x0000000706700000, 0x0000000706800000|  0%| F|  |TAMS 0x0000000706700000, 0x0000000706700000| Untracked 
|  88|0x0000000706800000, 0x0000000706800000, 0x0000000706900000|  0%| F|  |TAMS 0x0000000706800000, 0x0000000706800000| Untracked 
|  89|0x0000000706900000, 0x0000000706900000, 0x0000000706a00000|  0%| F|  |TAMS 0x0000000706900000, 0x0000000706900000| Untracked 
|  90|0x0000000706a00000, 0x0000000706a00000, 0x0000000706b00000|  0%| F|  |TAMS 0x0000000706a00000, 0x0000000706a00000| Untracked 
|  91|0x0000000706b00000, 0x0000000706b00000, 0x0000000706c00000|  0%| F|  |TAMS 0x0000000706b00000, 0x0000000706b00000| Untracked 
|  92|0x0000000706c00000, 0x0000000706c00000, 0x0000000706d00000|  0%| F|  |TAMS 0x0000000706c00000, 0x0000000706c00000| Untracked 
|  93|0x0000000706d00000, 0x0000000706d00000, 0x0000000706e00000|  0%| F|  |TAMS 0x0000000706d00000, 0x0000000706d00000| Untracked 
|  94|0x0000000706e00000, 0x0000000706e00000, 0x0000000706f00000|  0%| F|  |TAMS 0x0000000706e00000, 0x0000000706e00000| Untracked 
|  95|0x0000000706f00000, 0x0000000706f00000, 0x0000000707000000|  0%| F|  |TAMS 0x0000000706f00000, 0x0000000706f00000| Untracked 
|  96|0x0000000707000000, 0x0000000707000000, 0x0000000707100000|  0%| F|  |TAMS 0x0000000707000000, 0x0000000707000000| Untracked 
|  97|0x0000000707100000, 0x0000000707100000, 0x0000000707200000|  0%| F|  |TAMS 0x0000000707100000, 0x0000000707100000| Untracked 
|  98|0x0000000707200000, 0x0000000707200000, 0x0000000707300000|  0%| F|  |TAMS 0x0000000707200000, 0x0000000707200000| Untracked 
|  99|0x0000000707300000, 0x0000000707300000, 0x0000000707400000|  0%| F|  |TAMS 0x0000000707300000, 0x0000000707300000| Untracked 
| 100|0x0000000707400000, 0x0000000707400000, 0x0000000707500000|  0%| F|  |TAMS 0x0000000707400000, 0x0000000707400000| Untracked 
| 101|0x0000000707500000, 0x0000000707500000, 0x0000000707600000|  0%| F|  |TAMS 0x0000000707500000, 0x0000000707500000| Untracked 
| 102|0x0000000707600000, 0x0000000707600000, 0x0000000707700000|  0%| F|  |TAMS 0x0000000707600000, 0x0000000707600000| Untracked 
| 103|0x0000000707700000, 0x0000000707700000, 0x0000000707800000|  0%| F|  |TAMS 0x0000000707700000, 0x0000000707700000| Untracked 
| 104|0x0000000707800000, 0x0000000707800000, 0x0000000707900000|  0%| F|  |TAMS 0x0000000707800000, 0x0000000707800000| Untracked 
| 105|0x0000000707900000, 0x0000000707900000, 0x0000000707a00000|  0%| F|  |TAMS 0x0000000707900000, 0x0000000707900000| Untracked 
| 106|0x0000000707a00000, 0x0000000707a00000, 0x0000000707b00000|  0%| F|  |TAMS 0x0000000707a00000, 0x0000000707a00000| Untracked 
| 107|0x0000000707b00000, 0x0000000707b00000, 0x0000000707c00000|  0%| F|  |TAMS 0x0000000707b00000, 0x0000000707b00000| Untracked 
| 108|0x0000000707c00000, 0x0000000707c00000, 0x0000000707d00000|  0%| F|  |TAMS 0x0000000707c00000, 0x0000000707c00000| Untracked 
| 109|0x0000000707d00000, 0x0000000707d00000, 0x0000000707e00000|  0%| F|  |TAMS 0x0000000707d00000, 0x0000000707d00000| Untracked 
| 110|0x0000000707e00000, 0x0000000707e00000, 0x0000000707f00000|  0%| F|  |TAMS 0x0000000707e00000, 0x0000000707e00000| Untracked 
| 111|0x0000000707f00000, 0x0000000707f00000, 0x0000000708000000|  0%| F|  |TAMS 0x0000000707f00000, 0x0000000707f00000| Untracked 
| 112|0x0000000708000000, 0x0000000708000000, 0x0000000708100000|  0%| F|  |TAMS 0x0000000708000000, 0x0000000708000000| Untracked 
| 113|0x0000000708100000, 0x0000000708100000, 0x0000000708200000|  0%| F|  |TAMS 0x0000000708100000, 0x0000000708100000| Untracked 
| 114|0x0000000708200000, 0x0000000708200000, 0x0000000708300000|  0%| F|  |TAMS 0x0000000708200000, 0x0000000708200000| Untracked 
| 115|0x0000000708300000, 0x0000000708300000, 0x0000000708400000|  0%| F|  |TAMS 0x0000000708300000, 0x0000000708300000| Untracked 
| 116|0x0000000708400000, 0x0000000708400000, 0x0000000708500000|  0%| F|  |TAMS 0x0000000708400000, 0x0000000708400000| Untracked 
| 117|0x0000000708500000, 0x0000000708500000, 0x0000000708600000|  0%| F|  |TAMS 0x0000000708500000, 0x0000000708500000| Untracked 
| 118|0x0000000708600000, 0x0000000708600000, 0x0000000708700000|  0%| F|  |TAMS 0x0000000708600000, 0x0000000708600000| Untracked 
| 119|0x0000000708700000, 0x0000000708700000, 0x0000000708800000|  0%| F|  |TAMS 0x0000000708700000, 0x0000000708700000| Untracked 
| 120|0x0000000708800000, 0x0000000708800000, 0x0000000708900000|  0%| F|  |TAMS 0x0000000708800000, 0x0000000708800000| Untracked 
| 121|0x0000000708900000, 0x0000000708900000, 0x0000000708a00000|  0%| F|  |TAMS 0x0000000708900000, 0x0000000708900000| Untracked 
| 122|0x0000000708a00000, 0x0000000708a00000, 0x0000000708b00000|  0%| F|  |TAMS 0x0000000708a00000, 0x0000000708a00000| Untracked 
| 123|0x0000000708b00000, 0x0000000708b00000, 0x0000000708c00000|  0%| F|  |TAMS 0x0000000708b00000, 0x0000000708b00000| Untracked 
| 124|0x0000000708c00000, 0x0000000708c00000, 0x0000000708d00000|  0%| F|  |TAMS 0x0000000708c00000, 0x0000000708c00000| Untracked 
| 125|0x0000000708d00000, 0x0000000708d00000, 0x0000000708e00000|  0%| F|  |TAMS 0x0000000708d00000, 0x0000000708d00000| Untracked 
| 126|0x0000000708e00000, 0x0000000708e00000, 0x0000000708f00000|  0%| F|  |TAMS 0x0000000708e00000, 0x0000000708e00000| Untracked 
| 127|0x0000000708f00000, 0x0000000708f00000, 0x0000000709000000|  0%| F|  |TAMS 0x0000000708f00000, 0x0000000708f00000| Untracked 
| 128|0x0000000709000000, 0x0000000709000000, 0x0000000709100000|  0%| F|  |TAMS 0x0000000709000000, 0x0000000709000000| Untracked 
| 129|0x0000000709100000, 0x0000000709100000, 0x0000000709200000|  0%| F|  |TAMS 0x0000000709100000, 0x0000000709100000| Untracked 
| 130|0x0000000709200000, 0x0000000709200000, 0x0000000709300000|  0%| F|  |TAMS 0x0000000709200000, 0x0000000709200000| Untracked 
| 131|0x0000000709300000, 0x0000000709300000, 0x0000000709400000|  0%| F|  |TAMS 0x0000000709300000, 0x0000000709300000| Untracked 
| 132|0x0000000709400000, 0x0000000709400000, 0x0000000709500000|  0%| F|  |TAMS 0x0000000709400000, 0x0000000709400000| Untracked 
| 133|0x0000000709500000, 0x0000000709500000, 0x0000000709600000|  0%| F|  |TAMS 0x0000000709500000, 0x0000000709500000| Untracked 
| 134|0x0000000709600000, 0x0000000709600000, 0x0000000709700000|  0%| F|  |TAMS 0x0000000709600000, 0x0000000709600000| Untracked 
| 135|0x0000000709700000, 0x0000000709700000, 0x0000000709800000|  0%| F|  |TAMS 0x0000000709700000, 0x0000000709700000| Untracked 
| 136|0x0000000709800000, 0x0000000709800000, 0x0000000709900000|  0%| F|  |TAMS 0x0000000709800000, 0x0000000709800000| Untracked 
| 137|0x0000000709900000, 0x0000000709900000, 0x0000000709a00000|  0%| F|  |TAMS 0x0000000709900000, 0x0000000709900000| Untracked 
| 138|0x0000000709a00000, 0x0000000709a00000, 0x0000000709b00000|  0%| F|  |TAMS 0x0000000709a00000, 0x0000000709a00000| Untracked 
| 139|0x0000000709b00000, 0x0000000709b00000, 0x0000000709c00000|  0%| F|  |TAMS 0x0000000709b00000, 0x0000000709b00000| Untracked 
| 140|0x0000000709c00000, 0x0000000709c00000, 0x0000000709d00000|  0%| F|  |TAMS 0x0000000709c00000, 0x0000000709c00000| Untracked 
| 141|0x0000000709d00000, 0x0000000709d00000, 0x0000000709e00000|  0%| F|  |TAMS 0x0000000709d00000, 0x0000000709d00000| Untracked 
| 142|0x0000000709e00000, 0x0000000709e00000, 0x0000000709f00000|  0%| F|  |TAMS 0x0000000709e00000, 0x0000000709e00000| Untracked 
| 143|0x0000000709f00000, 0x0000000709f00000, 0x000000070a000000|  0%| F|  |TAMS 0x0000000709f00000, 0x0000000709f00000| Untracked 
| 144|0x000000070a000000, 0x000000070a000000, 0x000000070a100000|  0%| F|  |TAMS 0x000000070a000000, 0x000000070a000000| Untracked 
| 145|0x000000070a100000, 0x000000070a100000, 0x000000070a200000|  0%| F|  |TAMS 0x000000070a100000, 0x000000070a100000| Untracked 
| 146|0x000000070a200000, 0x000000070a200000, 0x000000070a300000|  0%| F|  |TAMS 0x000000070a200000, 0x000000070a200000| Untracked 
| 147|0x000000070a300000, 0x000000070a300000, 0x000000070a400000|  0%| F|  |TAMS 0x000000070a300000, 0x000000070a300000| Untracked 
| 148|0x000000070a400000, 0x000000070a400000, 0x000000070a500000|  0%| F|  |TAMS 0x000000070a400000, 0x000000070a400000| Untracked 
| 149|0x000000070a500000, 0x000000070a500000, 0x000000070a600000|  0%| F|  |TAMS 0x000000070a500000, 0x000000070a500000| Untracked 
| 150|0x000000070a600000, 0x000000070a600000, 0x000000070a700000|  0%| F|  |TAMS 0x000000070a600000, 0x000000070a600000| Untracked 
| 151|0x000000070a700000, 0x000000070a700000, 0x000000070a800000|  0%| F|  |TAMS 0x000000070a700000, 0x000000070a700000| Untracked 
| 152|0x000000070a800000, 0x000000070a800000, 0x000000070a900000|  0%| F|  |TAMS 0x000000070a800000, 0x000000070a800000| Untracked 
| 153|0x000000070a900000, 0x000000070a900000, 0x000000070aa00000|  0%| F|  |TAMS 0x000000070a900000, 0x000000070a900000| Untracked 
| 154|0x000000070aa00000, 0x000000070aa00000, 0x000000070ab00000|  0%| F|  |TAMS 0x000000070aa00000, 0x000000070aa00000| Untracked 
| 155|0x000000070ab00000, 0x000000070ab00000, 0x000000070ac00000|  0%| F|  |TAMS 0x000000070ab00000, 0x000000070ab00000| Untracked 
| 156|0x000000070ac00000, 0x000000070ac00000, 0x000000070ad00000|  0%| F|  |TAMS 0x000000070ac00000, 0x000000070ac00000| Untracked 
| 157|0x000000070ad00000, 0x000000070ad00000, 0x000000070ae00000|  0%| F|  |TAMS 0x000000070ad00000, 0x000000070ad00000| Untracked 
| 158|0x000000070ae00000, 0x000000070ae00000, 0x000000070af00000|  0%| F|  |TAMS 0x000000070ae00000, 0x000000070ae00000| Untracked 
| 159|0x000000070af00000, 0x000000070af00000, 0x000000070b000000|  0%| F|  |TAMS 0x000000070af00000, 0x000000070af00000| Untracked 
| 160|0x000000070b000000, 0x000000070b000000, 0x000000070b100000|  0%| F|  |TAMS 0x000000070b000000, 0x000000070b000000| Untracked 
| 161|0x000000070b100000, 0x000000070b100000, 0x000000070b200000|  0%| F|  |TAMS 0x000000070b100000, 0x000000070b100000| Untracked 
| 162|0x000000070b200000, 0x000000070b200000, 0x000000070b300000|  0%| F|  |TAMS 0x000000070b200000, 0x000000070b200000| Untracked 
| 163|0x000000070b300000, 0x000000070b300000, 0x000000070b400000|  0%| F|  |TAMS 0x000000070b300000, 0x000000070b300000| Untracked 
| 164|0x000000070b400000, 0x000000070b400000, 0x000000070b500000|  0%| F|  |TAMS 0x000000070b400000, 0x000000070b400000| Untracked 
| 165|0x000000070b500000, 0x000000070b500000, 0x000000070b600000|  0%| F|  |TAMS 0x000000070b500000, 0x000000070b500000| Untracked 
| 166|0x000000070b600000, 0x000000070b600000, 0x000000070b700000|  0%| F|  |TAMS 0x000000070b600000, 0x000000070b600000| Untracked 
| 167|0x000000070b700000, 0x000000070b700000, 0x000000070b800000|  0%| F|  |TAMS 0x000000070b700000, 0x000000070b700000| Untracked 
| 168|0x000000070b800000, 0x000000070b800000, 0x000000070b900000|  0%| F|  |TAMS 0x000000070b800000, 0x000000070b800000| Untracked 
| 169|0x000000070b900000, 0x000000070b900000, 0x000000070ba00000|  0%| F|  |TAMS 0x000000070b900000, 0x000000070b900000| Untracked 
| 170|0x000000070ba00000, 0x000000070ba00000, 0x000000070bb00000|  0%| F|  |TAMS 0x000000070ba00000, 0x000000070ba00000| Untracked 
| 171|0x000000070bb00000, 0x000000070bb00000, 0x000000070bc00000|  0%| F|  |TAMS 0x000000070bb00000, 0x000000070bb00000| Untracked 
| 172|0x000000070bc00000, 0x000000070bc00000, 0x000000070bd00000|  0%| F|  |TAMS 0x000000070bc00000, 0x000000070bc00000| Untracked 
| 173|0x000000070bd00000, 0x000000070bd00000, 0x000000070be00000|  0%| F|  |TAMS 0x000000070bd00000, 0x000000070bd00000| Untracked 
| 174|0x000000070be00000, 0x000000070be00000, 0x000000070bf00000|  0%| F|  |TAMS 0x000000070be00000, 0x000000070be00000| Untracked 
| 175|0x000000070bf00000, 0x000000070bf00000, 0x000000070c000000|  0%| F|  |TAMS 0x000000070bf00000, 0x000000070bf00000| Untracked 
| 176|0x000000070c000000, 0x000000070c000000, 0x000000070c100000|  0%| F|  |TAMS 0x000000070c000000, 0x000000070c000000| Untracked 
| 177|0x000000070c100000, 0x000000070c100000, 0x000000070c200000|  0%| F|  |TAMS 0x000000070c100000, 0x000000070c100000| Untracked 
| 178|0x000000070c200000, 0x000000070c200000, 0x000000070c300000|  0%| F|  |TAMS 0x000000070c200000, 0x000000070c200000| Untracked 
| 179|0x000000070c300000, 0x000000070c300000, 0x000000070c400000|  0%| F|  |TAMS 0x000000070c300000, 0x000000070c300000| Untracked 
| 180|0x000000070c400000, 0x000000070c400000, 0x000000070c500000|  0%| F|  |TAMS 0x000000070c400000, 0x000000070c400000| Untracked 
| 181|0x000000070c500000, 0x000000070c500000, 0x000000070c600000|  0%| F|  |TAMS 0x000000070c500000, 0x000000070c500000| Untracked 
| 182|0x000000070c600000, 0x000000070c600000, 0x000000070c700000|  0%| F|  |TAMS 0x000000070c600000, 0x000000070c600000| Untracked 
| 183|0x000000070c700000, 0x000000070c700000, 0x000000070c800000|  0%| F|  |TAMS 0x000000070c700000, 0x000000070c700000| Untracked 
| 184|0x000000070c800000, 0x000000070c800000, 0x000000070c900000|  0%| F|  |TAMS 0x000000070c800000, 0x000000070c800000| Untracked 
| 185|0x000000070c900000, 0x000000070c900000, 0x000000070ca00000|  0%| F|  |TAMS 0x000000070c900000, 0x000000070c900000| Untracked 
| 186|0x000000070ca00000, 0x000000070ca00000, 0x000000070cb00000|  0%| F|  |TAMS 0x000000070ca00000, 0x000000070ca00000| Untracked 
| 187|0x000000070cb00000, 0x000000070cb00000, 0x000000070cc00000|  0%| F|  |TAMS 0x000000070cb00000, 0x000000070cb00000| Untracked 
| 188|0x000000070cc00000, 0x000000070cc00000, 0x000000070cd00000|  0%| F|  |TAMS 0x000000070cc00000, 0x000000070cc00000| Untracked 
| 189|0x000000070cd00000, 0x000000070cd00000, 0x000000070ce00000|  0%| F|  |TAMS 0x000000070cd00000, 0x000000070cd00000| Untracked 
| 190|0x000000070ce00000, 0x000000070ce00000, 0x000000070cf00000|  0%| F|  |TAMS 0x000000070ce00000, 0x000000070ce00000| Untracked 
| 191|0x000000070cf00000, 0x000000070cf00000, 0x000000070d000000|  0%| F|  |TAMS 0x000000070cf00000, 0x000000070cf00000| Untracked 
| 192|0x000000070d000000, 0x000000070d000000, 0x000000070d100000|  0%| F|  |TAMS 0x000000070d000000, 0x000000070d000000| Untracked 
| 193|0x000000070d100000, 0x000000070d100000, 0x000000070d200000|  0%| F|  |TAMS 0x000000070d100000, 0x000000070d100000| Untracked 
| 194|0x000000070d200000, 0x000000070d200000, 0x000000070d300000|  0%| F|  |TAMS 0x000000070d200000, 0x000000070d200000| Untracked 
| 195|0x000000070d300000, 0x000000070d300000, 0x000000070d400000|  0%| F|  |TAMS 0x000000070d300000, 0x000000070d300000| Untracked 
| 196|0x000000070d400000, 0x000000070d400000, 0x000000070d500000|  0%| F|  |TAMS 0x000000070d400000, 0x000000070d400000| Untracked 
| 197|0x000000070d500000, 0x000000070d500000, 0x000000070d600000|  0%| F|  |TAMS 0x000000070d500000, 0x000000070d500000| Untracked 
| 198|0x000000070d600000, 0x000000070d600000, 0x000000070d700000|  0%| F|  |TAMS 0x000000070d600000, 0x000000070d600000| Untracked 
| 199|0x000000070d700000, 0x000000070d700000, 0x000000070d800000|  0%| F|  |TAMS 0x000000070d700000, 0x000000070d700000| Untracked 
| 200|0x000000070d800000, 0x000000070d800000, 0x000000070d900000|  0%| F|  |TAMS 0x000000070d800000, 0x000000070d800000| Untracked 
| 201|0x000000070d900000, 0x000000070d900000, 0x000000070da00000|  0%| F|  |TAMS 0x000000070d900000, 0x000000070d900000| Untracked 
| 202|0x000000070da00000, 0x000000070da00000, 0x000000070db00000|  0%| F|  |TAMS 0x000000070da00000, 0x000000070da00000| Untracked 
| 203|0x000000070db00000, 0x000000070db00000, 0x000000070dc00000|  0%| F|  |TAMS 0x000000070db00000, 0x000000070db00000| Untracked 
| 204|0x000000070dc00000, 0x000000070dc00000, 0x000000070dd00000|  0%| F|  |TAMS 0x000000070dc00000, 0x000000070dc00000| Untracked 
| 205|0x000000070dd00000, 0x000000070dd00000, 0x000000070de00000|  0%| F|  |TAMS 0x000000070dd00000, 0x000000070dd00000| Untracked 
| 206|0x000000070de00000, 0x000000070de00000, 0x000000070df00000|  0%| F|  |TAMS 0x000000070de00000, 0x000000070de00000| Untracked 
| 207|0x000000070df00000, 0x000000070df00000, 0x000000070e000000|  0%| F|  |TAMS 0x000000070df00000, 0x000000070df00000| Untracked 
| 208|0x000000070e000000, 0x000000070e000000, 0x000000070e100000|  0%| F|  |TAMS 0x000000070e000000, 0x000000070e000000| Untracked 
| 209|0x000000070e100000, 0x000000070e100000, 0x000000070e200000|  0%| F|  |TAMS 0x000000070e100000, 0x000000070e100000| Untracked 
| 210|0x000000070e200000, 0x000000070e200000, 0x000000070e300000|  0%| F|  |TAMS 0x000000070e200000, 0x000000070e200000| Untracked 
| 211|0x000000070e300000, 0x000000070e300000, 0x000000070e400000|  0%| F|  |TAMS 0x000000070e300000, 0x000000070e300000| Untracked 
| 212|0x000000070e400000, 0x000000070e400000, 0x000000070e500000|  0%| F|  |TAMS 0x000000070e400000, 0x000000070e400000| Untracked 
| 213|0x000000070e500000, 0x000000070e500000, 0x000000070e600000|  0%| F|  |TAMS 0x000000070e500000, 0x000000070e500000| Untracked 
| 214|0x000000070e600000, 0x000000070e600000, 0x000000070e700000|  0%| F|  |TAMS 0x000000070e600000, 0x000000070e600000| Untracked 
| 215|0x000000070e700000, 0x000000070e700000, 0x000000070e800000|  0%| F|  |TAMS 0x000000070e700000, 0x000000070e700000| Untracked 
| 216|0x000000070e800000, 0x000000070e800000, 0x000000070e900000|  0%| F|  |TAMS 0x000000070e800000, 0x000000070e800000| Untracked 
| 217|0x000000070e900000, 0x000000070e900000, 0x000000070ea00000|  0%| F|  |TAMS 0x000000070e900000, 0x000000070e900000| Untracked 
| 218|0x000000070ea00000, 0x000000070ea00000, 0x000000070eb00000|  0%| F|  |TAMS 0x000000070ea00000, 0x000000070ea00000| Untracked 
| 219|0x000000070eb00000, 0x000000070eb00000, 0x000000070ec00000|  0%| F|  |TAMS 0x000000070eb00000, 0x000000070eb00000| Untracked 
| 220|0x000000070ec00000, 0x000000070ec00000, 0x000000070ed00000|  0%| F|  |TAMS 0x000000070ec00000, 0x000000070ec00000| Untracked 
| 221|0x000000070ed00000, 0x000000070ed00000, 0x000000070ee00000|  0%| F|  |TAMS 0x000000070ed00000, 0x000000070ed00000| Untracked 
| 222|0x000000070ee00000, 0x000000070ee00000, 0x000000070ef00000|  0%| F|  |TAMS 0x000000070ee00000, 0x000000070ee00000| Untracked 
| 223|0x000000070ef00000, 0x000000070ef00000, 0x000000070f000000|  0%| F|  |TAMS 0x000000070ef00000, 0x000000070ef00000| Untracked 
| 224|0x000000070f000000, 0x000000070f000000, 0x000000070f100000|  0%| F|  |TAMS 0x000000070f000000, 0x000000070f000000| Untracked 
| 225|0x000000070f100000, 0x000000070f100000, 0x000000070f200000|  0%| F|  |TAMS 0x000000070f100000, 0x000000070f100000| Untracked 
| 226|0x000000070f200000, 0x000000070f200000, 0x000000070f300000|  0%| F|  |TAMS 0x000000070f200000, 0x000000070f200000| Untracked 
| 227|0x000000070f300000, 0x000000070f300000, 0x000000070f400000|  0%| F|  |TAMS 0x000000070f300000, 0x000000070f300000| Untracked 
| 228|0x000000070f400000, 0x000000070f400000, 0x000000070f500000|  0%| F|  |TAMS 0x000000070f400000, 0x000000070f400000| Untracked 
| 229|0x000000070f500000, 0x000000070f500000, 0x000000070f600000|  0%| F|  |TAMS 0x000000070f500000, 0x000000070f500000| Untracked 
| 230|0x000000070f600000, 0x000000070f600000, 0x000000070f700000|  0%| F|  |TAMS 0x000000070f600000, 0x000000070f600000| Untracked 
| 231|0x000000070f700000, 0x000000070f700000, 0x000000070f800000|  0%| F|  |TAMS 0x000000070f700000, 0x000000070f700000| Untracked 
| 232|0x000000070f800000, 0x000000070f800000, 0x000000070f900000|  0%| F|  |TAMS 0x000000070f800000, 0x000000070f800000| Untracked 
| 233|0x000000070f900000, 0x000000070f900000, 0x000000070fa00000|  0%| F|  |TAMS 0x000000070f900000, 0x000000070f900000| Untracked 
| 234|0x000000070fa00000, 0x000000070fa00000, 0x000000070fb00000|  0%| F|  |TAMS 0x000000070fa00000, 0x000000070fa00000| Untracked 
| 235|0x000000070fb00000, 0x000000070fb00000, 0x000000070fc00000|  0%| F|  |TAMS 0x000000070fb00000, 0x000000070fb00000| Untracked 
| 236|0x000000070fc00000, 0x000000070fcf7090, 0x000000070fd00000| 96%| E|  |TAMS 0x000000070fc00000, 0x000000070fc00000| Complete 
| 237|0x000000070fd00000, 0x000000070fe00000, 0x000000070fe00000|100%| E|CS|TAMS 0x000000070fd00000, 0x000000070fd00000| Complete 
| 238|0x000000070fe00000, 0x000000070ff00000, 0x000000070ff00000|100%| E|CS|TAMS 0x000000070fe00000, 0x000000070fe00000| Complete 
| 239|0x000000070ff00000, 0x0000000710000000, 0x0000000710000000|100%| E|CS|TAMS 0x000000070ff00000, 0x000000070ff00000| Complete 
| 240|0x0000000710000000, 0x0000000710100000, 0x0000000710100000|100%| E|CS|TAMS 0x0000000710000000, 0x0000000710000000| Complete 
| 241|0x0000000710100000, 0x0000000710200000, 0x0000000710200000|100%| E|CS|TAMS 0x0000000710100000, 0x0000000710100000| Complete 
| 242|0x0000000710200000, 0x0000000710300000, 0x0000000710300000|100%| E|CS|TAMS 0x0000000710200000, 0x0000000710200000| Complete 
| 243|0x0000000710300000, 0x0000000710400000, 0x0000000710400000|100%| E|CS|TAMS 0x0000000710300000, 0x0000000710300000| Complete 
| 244|0x0000000710400000, 0x0000000710500000, 0x0000000710500000|100%| E|CS|TAMS 0x0000000710400000, 0x0000000710400000| Complete 
| 245|0x0000000710500000, 0x0000000710600000, 0x0000000710600000|100%| E|CS|TAMS 0x0000000710500000, 0x0000000710500000| Complete 
| 246|0x0000000710600000, 0x0000000710700000, 0x0000000710700000|100%| E|CS|TAMS 0x0000000710600000, 0x0000000710600000| Complete 
| 247|0x0000000710700000, 0x0000000710800000, 0x0000000710800000|100%| E|CS|TAMS 0x0000000710700000, 0x0000000710700000| Complete 
| 248|0x0000000710800000, 0x0000000710900000, 0x0000000710900000|100%| E|CS|TAMS 0x0000000710800000, 0x0000000710800000| Complete 
| 249|0x0000000710900000, 0x0000000710a00000, 0x0000000710a00000|100%| E|CS|TAMS 0x0000000710900000, 0x0000000710900000| Complete 
| 250|0x0000000710a00000, 0x0000000710b00000, 0x0000000710b00000|100%| E|CS|TAMS 0x0000000710a00000, 0x0000000710a00000| Complete 
| 251|0x0000000710b00000, 0x0000000710c00000, 0x0000000710c00000|100%| E|CS|TAMS 0x0000000710b00000, 0x0000000710b00000| Complete 
| 252|0x0000000710c00000, 0x0000000710d00000, 0x0000000710d00000|100%| E|CS|TAMS 0x0000000710c00000, 0x0000000710c00000| Complete 
| 253|0x0000000710d00000, 0x0000000710e00000, 0x0000000710e00000|100%| E|  |TAMS 0x0000000710d00000, 0x0000000710d00000| Complete 
| 254|0x0000000710e00000, 0x0000000710f00000, 0x0000000710f00000|100%| E|CS|TAMS 0x0000000710e00000, 0x0000000710e00000| Complete 
| 255|0x0000000710f00000, 0x0000000711000000, 0x0000000711000000|100%| E|CS|TAMS 0x0000000710f00000, 0x0000000710f00000| Complete 

Card table byte_map: [0x000001f465170000,0x000001f465970000] _byte_map_base: 0x000001f461968000

Marking Bits (Prev, Next): (CMBitMap*) 0x000001f44e07dd38, (CMBitMap*) 0x000001f44e07dd70
 Prev Bits: [0x000001f466170000, 0x000001f46a130000)
 Next Bits: [0x000001f46a130000, 0x000001f46e0f0000)

Polling page: 0x000001f44c010000

Metaspace:

Usage:
  Non-class:     10.99 MB capacity,    10.83 MB ( 99%) used,   131.93 KB (  1%) free+waste,    27.69 KB ( <1%) overhead. 
      Class:      1.43 MB capacity,     1.31 MB ( 91%) used,   115.38 KB (  8%) free+waste,    15.00 KB (  1%) overhead. 
       Both:     12.42 MB capacity,    12.14 MB ( 98%) used,   247.30 KB (  2%) free+waste,    42.69 KB ( <1%) overhead. 

Virtual space:
  Non-class space:       12.00 MB reserved,      11.00 MB ( 92%) committed 
      Class space:        1.00 GB reserved,       1.50 MB ( <1%) committed 
             Both:        1.01 GB reserved,      12.50 MB (  1%) committed 

Chunk freelists:
   Non-Class:  1.50 KB
       Class:  512 bytes
        Both:  2.00 KB

CodeHeap 'non-profiled nmethods': size=238336Kb used=1206Kb max_used=1206Kb free=237130Kb
 bounds [0x000001f455d80000, 0x000001f455ff0000, 0x000001f464640000]
CodeHeap 'non-nmethods': size=7424Kb used=1096Kb max_used=1096Kb free=6327Kb
 bounds [0x000001f455640000, 0x000001f4558b0000, 0x000001f455d80000]
 total_blobs=1361 nmethods=966 adapters=322
 compilation: enabled
              stopped_count=0, restarted_count=0
 full_count=0

Compilation events (10 events):
Event: 0.308 Thread 0x000001f4715b3000 nmethod 956 0x000001f455eab910 code [0x000001f455eabaa0, 0x000001f455eabb38]
Event: 0.308 Thread 0x000001f4715b3000  957       1       java.nio.ByteBuffer::<init> (45 bytes)
Event: 0.308 Thread 0x000001f4715b3000 nmethod 957 0x000001f455eabb90 code [0x000001f455eabd20, 0x000001f455eabe68]
Event: 0.308 Thread 0x000001f4715b3000  950       1       jdk.internal.jimage.ImageHeader::getTableLength (5 bytes)
Event: 0.308 Thread 0x000001f4715b3000 nmethod 950 0x000001f455eabf10 code [0x000001f455eac0a0, 0x000001f455eac158]
Event: 0.310 Thread 0x000001f4715b3000  958       1       java.io.File::exists (43 bytes)
Event: 0.310 Thread 0x000001f4715b3000 nmethod 958 0x000001f455eac210 code [0x000001f455eac3c0, 0x000001f455eac548]
Event: 0.310 Thread 0x000001f4715b3000  959       1       sun.net.www.protocol.file.Handler::parseURL (18 bytes)
Event: 0.310 Thread 0x000001f4715b3000 nmethod 959 0x000001f455eac610 code [0x000001f455eac7c0, 0x000001f455eac8f8]
Event: 0.310 Thread 0x000001f4715b3000  960       1       java.net.URLStreamHandler::parseURL (1201 bytes)

GC Heap History (0 events):
No events

Deoptimization events (0 events):
No events

Classes redefined (0 events):
No events

Internal exceptions (10 events):
Event: 0.188 Thread 0x000001f44e01c000 Exception <a 'java/lang/NoSuchMethodError'{0x0000000710723040}: java.lang.invoke.DirectMethodHandle$Holder.invokeStatic(Ljava/lang/Object;Ljava/lang/Object;Ljava/lang/Object;Ljava/lang/Object;Ljava/lang/Object;Ljava/lang/Object;Ljava/lang/Object;Ljava/lan
Event: 0.189 Thread 0x000001f44e01c000 Exception <a 'java/lang/NoSuchMethodError'{0x0000000710741430}: java.lang.invoke.DirectMethodHandle$Holder.invokeStatic(Ljava/lang/Object;Ljava/lang/Object;Ljava/lang/Object;Ljava/lang/Object;Ljava/lang/Object;Ljava/lang/Object;Ljava/lang/Object;Ljava/lan
Event: 0.190 Thread 0x000001f44e01c000 Exception <a 'java/lang/NoSuchMethodError'{0x0000000710760790}: java.lang.invoke.DirectMethodHandle$Holder.invokeStatic(Ljava/lang/Object;Ljava/lang/Object;Ljava/lang/Object;Ljava/lang/Object;Ljava/lang/Object;Ljava/lang/Object;Ljava/lang/Object;Ljava/lan
Event: 0.191 Thread 0x000001f44e01c000 Exception <a 'java/lang/NoSuchMethodError'{0x0000000710781480}: java.lang.invoke.DirectMethodHandle$Holder.invokeStatic(Ljava/lang/Object;Ljava/lang/Object;Ljava/lang/Object;Ljava/lang/Object;Ljava/lang/Object;Ljava/lang/Object;Ljava/lang/Object;Ljava/lan
Event: 0.222 Thread 0x000001f44e01c000 Exception <a 'java/lang/NoSuchMethodError'{0x0000000710526400}: java.lang.invoke.DirectMethodHandle$Holder.invokeSpecialIFC(Ljava/lang/Object;Ljava/lang/Object;Ljava/lang/Object;)I> (0x0000000710526400) thrown at [./open/src/hotspot/share/interpreter/link
Event: 0.231 Thread 0x000001f44e01c000 Exception <a 'java/lang/NoSuchMethodError'{0x00000007105815e8}: java.lang.invoke.DirectMethodHandle$Holder.invokeStatic(Ljava/lang/Object;IIII)Ljava/lang/Object;> (0x00000007105815e8) thrown at [./open/src/hotspot/share/interpreter/linkResolver.cpp, line 
Event: 0.231 Thread 0x000001f44e01c000 Exception <a 'java/lang/NoSuchMethodError'{0x0000000710584700}: java.lang.invoke.DirectMethodHandle$Holder.invokeStaticInit(Ljava/lang/Object;IIII)Ljava/lang/Object;> (0x0000000710584700) thrown at [./open/src/hotspot/share/interpreter/linkResolver.cpp, l
Event: 0.268 Thread 0x000001f44e01c000 Exception <a 'java/lang/NoSuchMethodError'{0x000000071044a7d8}: java.lang.invoke.DirectMethodHandle$Holder.invokeStatic(Ljava/lang/Object;Ljava/lang/Object;IIII)Ljava/lang/Object;> (0x000000071044a7d8) thrown at [./open/src/hotspot/share/interpreter/linkR
Event: 0.268 Thread 0x000001f44e01c000 Exception <a 'java/lang/NoSuchMethodError'{0x000000071044db20}: java.lang.invoke.DirectMethodHandle$Holder.invokeStaticInit(Ljava/lang/Object;Ljava/lang/Object;IIII)Ljava/lang/Object;> (0x000000071044db20) thrown at [./open/src/hotspot/share/interpreter/l
Event: 0.276 Thread 0x000001f44e01c000 Exception <a 'java/lang/ClassNotFoundException'{0x000000071046da68}: javax/management/remote/rmi/RMIServerImpl_Skel> (0x000000071046da68) thrown at [./open/src/hotspot/share/classfile/systemDictionary.cpp, line 227]

Events (10 events):
Event: 0.312 loading class sun/net/www/protocol/jar/URLJarFile$URLJarFileCloseController done
Event: 0.312 loading class sun/net/www/protocol/jar/JarFileFactory done
Event: 0.312 loading class sun/net/www/protocol/file/FileURLConnection
Event: 0.313 loading class sun/net/www/URLConnection
Event: 0.313 loading class sun/net/www/URLConnection done
Event: 0.313 loading class sun/net/www/protocol/file/FileURLConnection done
Event: 0.313 loading class sun/net/www/MessageHeader
Event: 0.313 loading class sun/net/www/MessageHeader done
Event: 0.313 loading class org/springframework/util/ResourceUtils
Event: 0.313 loading class org/springframework/util/ResourceUtils done


Dynamic libraries:
0x00007ff762eb0000 - 0x00007ff762ebf000 	C:\Program Files\Java\jdk-11.0.13\bin\java.exe
0x00007ffc16e30000 - 0x00007ffc17025000 	C:\Windows\SYSTEM32\ntdll.dll
0x00007ffbf14e0000 - 0x00007ffbf14f3000 	C:\Program Files\AVG\Antivirus\aswhook.dll
0x00007ffc15020000 - 0x00007ffc150de000 	C:\Windows\System32\KERNEL32.DLL
0x00007ffc14a80000 - 0x00007ffc14d48000 	C:\Windows\System32\KERNELBASE.dll
0x00007ffc14540000 - 0x00007ffc14640000 	C:\Windows\System32\ucrtbase.dll
0x00007ffc13ef0000 - 0x00007ffc13f08000 	C:\Program Files\Java\jdk-11.0.13\bin\jli.dll
0x00007ffc0b880000 - 0x00007ffc0b895000 	C:\Program Files\Java\jdk-11.0.13\bin\VCRUNTIME140.dll
0x00007ffc16370000 - 0x00007ffc1641e000 	C:\Windows\System32\ADVAPI32.dll
0x00007ffc162b0000 - 0x00007ffc1634e000 	C:\Windows\System32\msvcrt.dll
0x00007ffc15630000 - 0x00007ffc156cc000 	C:\Windows\System32\sechost.dll
0x00007ffc15f20000 - 0x00007ffc16045000 	C:\Windows\System32\RPCRT4.dll
0x00007ffc14e70000 - 0x00007ffc15011000 	C:\Windows\System32\USER32.dll
0x00007ffc14d50000 - 0x00007ffc14d72000 	C:\Windows\System32\win32u.dll
0x00007ffc13940000 - 0x00007ffc13bda000 	C:\Windows\WinSxS\amd64_microsoft.windows.common-controls_6595b64144ccf1df_6.0.19041.1110_none_60b5254171f9507e\COMCTL32.dll
0x00007ffc15550000 - 0x00007ffc1557b000 	C:\Windows\System32\GDI32.dll
0x00007ffc14640000 - 0x00007ffc1474d000 	C:\Windows\System32\gdi32full.dll
0x00007ffc149e0000 - 0x00007ffc14a7d000 	C:\Windows\System32\msvcp_win.dll
0x00007ffc11120000 - 0x00007ffc1112a000 	C:\Windows\SYSTEM32\VERSION.dll
0x00007ffc15580000 - 0x00007ffc155b0000 	C:\Windows\System32\IMM32.DLL
0x00007ffbfe1e0000 - 0x00007ffbfe27b000 	C:\Program Files\Java\jdk-11.0.13\bin\msvcp140.dll
0x00007ffba83a0000 - 0x00007ffba8eb3000 	C:\Program Files\Java\jdk-11.0.13\bin\server\jvm.dll
0x00007ffc16350000 - 0x00007ffc16358000 	C:\Windows\System32\PSAPI.DLL
0x00007ffc01ea0000 - 0x00007ffc01ea9000 	C:\Windows\SYSTEM32\WSOCK32.dll
0x00007ffc03760000 - 0x00007ffc03787000 	C:\Windows\SYSTEM32\WINMM.dll
0x00007ffc157e0000 - 0x00007ffc1584b000 	C:\Windows\System32\WS2_32.dll
0x00007ffc116b0000 - 0x00007ffc116c2000 	C:\Windows\SYSTEM32\kernel.appcore.dll
0x00007ffc13ee0000 - 0x00007ffc13ef0000 	C:\Program Files\Java\jdk-11.0.13\bin\verify.dll
0x00007ffc13f60000 - 0x00007ffc14144000 	C:\Windows\SYSTEM32\DBGHELP.DLL
0x00007ffc13d10000 - 0x00007ffc13d3c000 	C:\Windows\SYSTEM32\dbgcore.DLL
0x00007ffc14de0000 - 0x00007ffc14e62000 	C:\Windows\System32\bcryptPrimitives.dll
0x00007ffc01030000 - 0x00007ffc01058000 	C:\Program Files\Java\jdk-11.0.13\bin\java.dll
0x00007ffc0b870000 - 0x00007ffc0b87a000 	C:\Program Files\Java\jdk-11.0.13\bin\jimage.dll
0x00007ffbfe0d0000 - 0x00007ffbfe0de000 	C:\Program Files\Java\jdk-11.0.13\bin\instrument.dll
0x00007ffc01010000 - 0x00007ffc01026000 	C:\Program Files\Java\jdk-11.0.13\bin\zip.dll
0x00007ffc16420000 - 0x00007ffc16b64000 	C:\Windows\System32\SHELL32.dll
0x00007ffc11970000 - 0x00007ffc12105000 	C:\Windows\SYSTEM32\windows.storage.dll
0x00007ffc151f0000 - 0x00007ffc15545000 	C:\Windows\System32\combase.dll
0x00007ffc138a0000 - 0x00007ffc138ce000 	C:\Windows\SYSTEM32\Wldp.dll
0x00007ffc15140000 - 0x00007ffc151ed000 	C:\Windows\System32\SHCORE.dll
0x00007ffc15780000 - 0x00007ffc157d5000 	C:\Windows\System32\shlwapi.dll
0x00007ffc14480000 - 0x00007ffc1449f000 	C:\Windows\SYSTEM32\profapi.dll
0x00007ffc00ff0000 - 0x00007ffc01009000 	C:\Program Files\Java\jdk-11.0.13\bin\net.dll
0x00007ffc0a310000 - 0x00007ffc0a41c000 	C:\Windows\SYSTEM32\WINHTTP.dll
0x00007ffc13600000 - 0x00007ffc1366a000 	C:\Windows\system32\mswsock.dll
0x00007ffbfe1c0000 - 0x00007ffbfe1d2000 	C:\Program Files\Java\jdk-11.0.13\bin\nio.dll
0x00007ffbfe090000 - 0x00007ffbfe0aa000 	C:\Program Files\JetBrains\IntelliJ IDEA 2021.2.3\bin\breakgen64.dll
0x00007ffc13330000 - 0x00007ffc133fb000 	C:\Windows\SYSTEM32\DNSAPI.dll
0x00007ffc132f0000 - 0x00007ffc1332b000 	C:\Windows\SYSTEM32\IPHLPAPI.DLL
0x00007ffc16180000 - 0x00007ffc16188000 	C:\Windows\System32\NSI.dll
0x00007ffc09e90000 - 0x00007ffc09e9a000 	C:\Windows\System32\rasadhlp.dll
0x00007ffc099a0000 - 0x00007ffc09a1f000 	C:\Windows\System32\fwpuclnt.dll
0x00007ffc14800000 - 0x00007ffc14827000 	C:\Windows\System32\bcrypt.dll
0x00007ffc0b860000 - 0x00007ffc0b869000 	C:\Program Files\Java\jdk-11.0.13\bin\management.dll
0x00007ffc01120000 - 0x00007ffc0112b000 	C:\Program Files\Java\jdk-11.0.13\bin\management_ext.dll
0x00007ffc142c0000 - 0x00007ffc142d8000 	C:\Windows\SYSTEM32\CRYPTSP.dll
0x00007ffc12fa0000 - 0x00007ffc12fd4000 	C:\Windows\system32\rsaenh.dll
0x00007ffc14440000 - 0x00007ffc1446e000 	C:\Windows\SYSTEM32\USERENV.dll
0x00007ffc13890000 - 0x00007ffc1389c000 	C:\Windows\SYSTEM32\CRYPTBASE.dll
0x00007ffc0dc20000 - 0x00007ffc0dc37000 	C:\Windows\SYSTEM32\dhcpcsvc6.DLL
0x00007ffc0dc00000 - 0x00007ffc0dc1d000 	C:\Windows\SYSTEM32\dhcpcsvc.DLL
0x00007ffbf8030000 - 0x00007ffbf8047000 	C:\Windows\system32\napinsp.dll
0x00007ffbf7e00000 - 0x00007ffbf7e1b000 	C:\Windows\system32\pnrpnsp.dll
0x00007ffbf60f0000 - 0x00007ffbf6105000 	C:\Windows\system32\wshbth.dll
0x00007ffc0f400000 - 0x00007ffc0f41d000 	C:\Windows\system32\NLAapi.dll
0x00007ffbf60d0000 - 0x00007ffbf60e2000 	C:\Windows\System32\winrnr.dll

dbghelp: loaded successfully - version: 4.0.5 - missing functions: none
symbol engine: initialized successfully - sym options: 0x614 - pdb path: .;C:\Program Files\Java\jdk-11.0.13\bin;C:\Windows\SYSTEM32;C:\Program Files\AVG\Antivirus;C:\Windows\WinSxS\amd64_microsoft.windows.common-controls_6595b64144ccf1df_6.0.19041.1110_none_60b5254171f9507e;C:\Program Files\Java\jdk-11.0.13\bin\server;C:\Program Files\JetBrains\IntelliJ IDEA 2021.2.3\bin

VM Arguments:
jvm_args: -XX:TieredStopAtLevel=1 -Xverify:none -Dspring.output.ansi.enabled=always -javaagent:C:\Program Files\JetBrains\IntelliJ IDEA 2021.2.3\lib\idea_rt.jar=2621:C:\Program Files\JetBrains\IntelliJ IDEA 2021.2.3\bin -Dcom.sun.management.jmxremote -Dspring.jmx.enabled=true -Dspring.liveBeansView.mbeanDomain -Dspring.application.admin.enabled=true -Dfile.encoding=UTF-8 
java_command: com.example.board.BoardApplication
java_class_path (initial): C:\Users\Administrator\Desktop\colin_pilot_project\board_colin\build\classes\java\main;C:\Users\Administrator\Desktop\colin_pilot_project\board_colin\build\resources\main;C:\Users\Administrator\.gradle\caches\modules-2\files-2.1\org.projectlombok\lombok\1.18.22\9c08ea24c6eb714e2d6170e8122c069a0ba9aacf\lombok-1.18.22.jar;C:\Users\Administrator\.gradle\caches\modules-2\files-2.1\org.springframework.boot\spring-boot-starter-web\2.5.7\a994b0ea2c992aded6d9e19be8ba8fdfb3a17d9e\spring-boot-starter-web-2.5.7.jar;C:\Users\Administrator\.gradle\caches\modules-2\files-2.1\com.h2database\h2\1.4.200\f7533fe7cb8e99c87a43d325a77b4b678ad9031a\h2-1.4.200.jar;C:\Users\Administrator\.gradle\caches\modules-2\files-2.1\org.springframework.boot\spring-boot-starter-mustache\2.5.7\d80db6adeeee0a6e0d47760cd37b5702b5f40f8d\spring-boot-starter-mustache-2.5.7.jar;C:\Users\Administrator\.gradle\caches\modules-2\files-2.1\org.springframework.boot\spring-boot-starter-security\2.5.7\e83f829aefc738c80318d753b198f87575047d21\spring-boot-starter-security-2.5.7.jar;C:\Users\Administrator\.gradle\caches\modules-2\files-2.1\org.springframework.boot\spring-boot-starter-validation\2.5.7\6302c6a44c80fe9f004bb92f217f0c596852940b\spring-boot-starter-validation-2.5.7.jar;C:\Users\Administrator\.gradle\caches\modules-2\files-2.1\org.hibernate\hibernate-core\5.3.7.Final\f87c5c1bbfc638309824140e68dfaaeb1bb479f3\hibernate-core-5.3.7.Final.jar;C:\Users\Administrator\.gradle\caches\modules-2\files-2.1\org.springframework\spring-orm\5.3.6\804d2fe2df5c2aee3b263e22e28741731724a515\spring-orm-5.3.6.jar;C:\Users\Administrator\.gradle\caches\modules-2\files-2.1\org.springframework.boot\spring-boot-starter-json\2.5.7\fd850e2a7179487af4c8721bd5a6f3c3db70b263\spring-boot-starter-json-2.5.7.jar;C:\Users\Administrator\.gradle\caches\modules-2\files-2.1\org.springframework.boot\spring-boot-starter\2.5.7\cc377ad9f75def23610d386e5792666e3d88c20c\spring-boot-starter-2.5.7.jar;C:\Users\Administrator\.g
Launcher Type: SUN_STANDARD

[Global flags]
     bool BytecodeVerificationLocal                = false                                     {product} {command line}
     bool BytecodeVerificationRemote               = false                                     {product} {command line}
     intx CICompilerCount                          = 4                                         {product} {ergonomic}
     uint ConcGCThreads                            = 2                                         {product} {ergonomic}
     uint G1ConcRefinementThreads                  = 8                                         {product} {ergonomic}
   size_t G1HeapRegionSize                         = 1048576                                   {product} {ergonomic}
    uintx GCDrainStackTargetSize                   = 64                                        {product} {ergonomic}
   size_t InitialHeapSize                          = 268435456                                 {product} {ergonomic}
     bool ManagementServer                         = true                                      {product} {command line}
   size_t MarkStackSize                            = 4194304                                   {product} {ergonomic}
   size_t MaxHeapSize                              = 4278190080                                {product} {ergonomic}
   size_t MaxNewSize                               = 2566914048                                {product} {ergonomic}
   size_t MinHeapDeltaBytes                        = 1048576                                   {product} {ergonomic}
    uintx NonNMethodCodeHeapSize                   = 7549744                                {pd product} {ergonomic}
    uintx NonProfiledCodeHeapSize                  = 244108496                              {pd product} {ergonomic}
    uintx ProfiledCodeHeapSize                     = 0                                      {pd product} {ergonomic}
    uintx ReservedCodeCacheSize                    = 251658240                              {pd product} {ergonomic}
     bool SegmentedCodeCache                       = true                                      {product} {ergonomic}
     intx TieredStopAtLevel                        = 1                                         {product} {command line}
     bool UseCompressedClassPointers               = true                                 {lp64_product} {ergonomic}
     bool UseCompressedOops                        = true                                 {lp64_product} {ergonomic}
     bool UseG1GC                                  = true                                      {product} {ergonomic}
     bool UseLargePagesIndividualAllocation        = false                                  {pd product} {ergonomic}

Logging:
Log output configuration:
 #0: stdout all=warning uptime,level,tags
 #1: stderr all=off uptime,level,tags

Environment Variables:
JAVA_HOME=C:\Program Files\Java\jdk-11.0.13
PATH=C:\Program Files\Common Files\Oracle\Java\javapath;C:\Windows\system32;C:\Windows;C:\Windows\System32\Wbem;C:\Windows\System32\WindowsPowerShell\v1.0\;C:\Windows\System32\OpenSSH\;C:\Program Files (x86)\NVIDIA Corporation\PhysX\Common;C:\Program Files\Git\cmd;C:\Program Files (x86)\NetSarang\Xshell 7\;C:\Program Files\MySQL\MySQL Server 8.0\bin;C:\Users\Administrator\AppData\Local\Microsoft\WindowsApps;C:\Program Files\Bandizip\;C:\Program Files\JetBrains\IntelliJ IDEA Community Edition 2021.2.3\bin;;C:\Program Files\JetBrains\IntelliJ IDEA 2021.2.3\bin;;C:\Program Files\Java\jdk-11.0.13;C:\Program Files\Java\jdk-11.0.13\;
USERNAME=Colin
OS=Windows_NT
PROCESSOR_IDENTIFIER=Intel64 Family 6 Model 158 Stepping 13, GenuineIntel



---------------  S Y S T E M  ---------------

OS: Windows 10 , 64 bit Build 19041 (10.0.19041.1466)

CPU:total 8 (initial active 8) (8 cores per cpu, 1 threads per core) family 6 model 158 stepping 13 microcode 0xca, cmov, cx8, fxsr, mmx, sse, sse2, sse3, ssse3, sse4.1, sse4.2, popcnt, avx, avx2, aes, clmul, erms, 3dnowpref, lzcnt, tsc, tscinvbit, bmi1, bmi2, adx, fma

Memory: 4k page, system-wide physical 16318M (7406M free)
TotalPageFile size 32702M (AvailPageFile size 19622M)
current process WorkingSet (physical memory assigned to process): 70M, peak: 70M
current process commit charge ("private bytes"): 350M, peak: 350M

vm_info: Java HotSpot(TM) 64-Bit Server VM (11.0.13+10-LTS-370) for windows-amd64 JRE (11.0.13+10-LTS-370), built on Sep 15 2021 22:10:36 by "mach5one" with MS VC++ 15.9 (VS2017)

END.
