#
# A fatal error has been detected by the Java Runtime Environment:
#
#  EXCEPTION_ACCESS_VIOLATION (0xc0000005) at pc=0x00007ffba8521286, pid=2824, tid=15580
#
# JRE version: Java(TM) SE Runtime Environment 18.9 (11.0.13+10) (build 11.0.13+10-LTS-370)
# Java VM: Java HotSpot(TM) 64-Bit Server VM 18.9 (11.0.13+10-LTS-370, mixed mode, tiered, compressed oops, g1 gc, windows-amd64)
# Problematic frame:
# V  [jvm.dll+0x181286]
#
# No core dump will be written. Minidumps are not enabled by default on client versions of Windows
#
# If you would like to submit a bug report, please visit:
#   https://bugreport.java.com/bugreport/crash.jsp
#

---------------  S U M M A R Y ------------

Command Line: -XX:TieredStopAtLevel=1 -Xverify:none -Dspring.output.ansi.enabled=always -javaagent:C:\Program Files\JetBrains\IntelliJ IDEA 2021.2.3\lib\idea_rt.jar=2535:C:\Program Files\JetBrains\IntelliJ IDEA 2021.2.3\bin -Dcom.sun.management.jmxremote -Dspring.jmx.enabled=true -Dspring.liveBeansView.mbeanDomain -Dspring.application.admin.enabled=true -Dfile.encoding=UTF-8 com.example.board.BoardApplication

Host: Intel(R) Core(TM) i7-9700F CPU @ 3.00GHz, 8 cores, 15G,  Windows 10 , 64 bit Build 19041 (10.0.19041.1466)
Time: Wed Jan 19 14:23:12 2022 대한민국 표준시 elapsed time: 1.192262 seconds (0d 0h 0m 1s)

---------------  T H R E A D  ---------------

Current thread (0x0000019b98b9d800):  GCTaskThread "GC Thread#1" [stack: 0x0000003449600000,0x0000003449700000] [id=15580]

Stack: [0x0000003449600000,0x0000003449700000],  sp=0x00000034496ff518,  free space=1021k
Native frames: (J=compiled Java code, j=interpreted, Vv=VM code, C=native code)
V  [jvm.dll+0x181286]


siginfo: EXCEPTION_ACCESS_VIOLATION (0xc0000005), reading address 0x00000008616c2f69


Register to memory mapping:

RIP=0x00007ffba8521286 jvm.dll
RAX=0x0000000000000001 is an unknown value
RBX=0x000000070b8282bc is pointing into object: java.lang.Class 
{0x000000070b828278} - klass: 'java/lang/Class'
RCX=0x000000070d99e798 is pointing into object: [B 
{0x000000070d99e778} - klass: {type array byte}
 - length: 151
RDX=0x000000070d99e798 is pointing into object: [B 
{0x000000070d99e778} - klass: {type array byte}
 - length: 151
RSP=0x00000034496ff518 points into unknown readable memory: 0x00007ffba86935de | de 35 69 a8 fb 7f 00 00
RBP=0x0000019b99add2b0 points into unknown readable memory: 0x00007ffba8c0ab28 | 28 ab c0 a8 fb 7f 00 00
RSI=0x0000019bf2a1d7b0 points into unknown readable memory: 0x00007ffba8c04d80 | 80 4d c0 a8 fb 7f 00 00
RDI=0x0000000000000001 is an unknown value
R8 =0x000000070d99e798 is pointing into object: [B 
{0x000000070d99e778} - klass: {type array byte}
 - length: 151
R9 =0x00000008616c2f61 is an unknown value
R10=0x0000000000000008 is an unknown value
R11=0x00000034496ff570 points into unknown readable memory: 0x0000019b982c29d0 | d0 29 2c 98 9b 01 00 00
R12=0x0000019b982c29e0 points into unknown readable memory: 0x6e616c2e6100425b | 5b 42 00 61 2e 6c 61 6e
R13=0x00000000000003d8 is an unknown value
R14=0x000000070d99e798 is pointing into object: [B 
{0x000000070d99e778} - klass: {type array byte}
 - length: 151
R15=0x76616a4c5b3b676e is an unknown value


Registers:
RAX=0x0000000000000001, RBX=0x000000070b8282bc, RCX=0x000000070d99e798, RDX=0x000000070d99e798
RSP=0x00000034496ff518, RBP=0x0000019b99add2b0, RSI=0x0000019bf2a1d7b0, RDI=0x0000000000000001
R8 =0x000000070d99e798, R9 =0x00000008616c2f61, R10=0x0000000000000008, R11=0x00000034496ff570
R12=0x0000019b982c29e0, R13=0x00000000000003d8, R14=0x000000070d99e798, R15=0x76616a4c5b3b676e
RIP=0x00007ffba8521286, EFLAGS=0x0000000000010202

Top of Stack: (sp=0x00000034496ff518)
0x00000034496ff518:   00007ffba86935de 0000015000001649
0x00000034496ff528:   0000019b99add2b0 0000000000000015
0x00000034496ff538:   0000015000001649 000001500000164a
0x00000034496ff548:   00000073000008ba 00000003000002b7
0x00000034496ff558:   00007ffba866d05e 0000019bf2a1d7b0
0x00000034496ff568:   0000000000000000 0000019b982c29d0
0x00000034496ff578:   00000000000003d8 0000019b982c29e0
0x00000034496ff588:   0000019b99add2b0 00000034496ff650
0x00000034496ff598:   00007ffba866f780 000001500000164a
0x00000034496ff5a8:   00000007012c4c6c 0000019bf2a1d7b0
0x00000034496ff5b8:   000000070b8282bc 0000019b99add2b0
0x00000034496ff5c8:   0000019b982c29d0 0000000000000005
0x00000034496ff5d8:   00007ffba86739d5 000000070b8282bd
0x00000034496ff5e8:   0000019b981c2b10 0000003448afeee0
0x00000034496ff5f8:   0000019b98b6cf30 0000019bf4c13dd0
0x00000034496ff608:   00007ffba89c238f 00000034496ff6a0 

Instructions: (pc=0x00007ffba8521286)
0x00007ffba8521266:   00 48 8b 51 08 48 8b c8 e9 0d 00 00 00 cc cc cc
0x00007ffba8521276:   cc cc cc cc cc cc cc cc cc cc 4c 8b ca 48 8b d1
0x00007ffba8521286:   45 8b 41 08 45 85 c0 7e 0e 41 f6 c0 01 75 56 41
0x00007ffba8521296:   c1 f8 03 41 8b c0 c3 79 4c 80 3d 7b 17 8c 00 00 


Stack slot to memory mapping:
stack at sp + 0 slots: 0x00007ffba86935de jvm.dll
stack at sp + 1 slots: 0x0000015000001649 is an unknown value
stack at sp + 2 slots: 0x0000019b99add2b0 points into unknown readable memory: 0x00007ffba8c0ab28 | 28 ab c0 a8 fb 7f 00 00
stack at sp + 3 slots: 0x0000000000000015 is an unknown value
stack at sp + 4 slots: 0x0000015000001649 is an unknown value
stack at sp + 5 slots: 0x000001500000164a is an unknown value
stack at sp + 6 slots: 0x00000073000008ba is an unknown value
stack at sp + 7 slots: 0x00000003000002b7 is an unknown value


---------------  P R O C E S S  ---------------

Threads class SMR info:
_java_thread_list=0x0000019b9a19dff0, length=14, elements={
0x0000019bf4c00800, 0x0000019b97909800, 0x0000019b9790b000, 0x0000019b98218000,
0x0000019b9821a800, 0x0000019b9821b800, 0x0000019b9821f800, 0x0000019b98228800,
0x0000019b981a0800, 0x0000019b9863a800, 0x0000019b9880a000, 0x0000019b9a194800,
0x0000019b9a1ab800, 0x0000019b9a1ee000
}

Java Threads: ( => current thread )
  0x0000019bf4c00800 JavaThread "main" [_thread_blocked, id=6936, stack(0x0000003448400000,0x0000003448500000)]
  0x0000019b97909800 JavaThread "Reference Handler" daemon [_thread_blocked, id=15108, stack(0x0000003448b00000,0x0000003448c00000)]
  0x0000019b9790b000 JavaThread "Finalizer" daemon [_thread_blocked, id=12016, stack(0x0000003448c00000,0x0000003448d00000)]
  0x0000019b98218000 JavaThread "Signal Dispatcher" daemon [_thread_blocked, id=12628, stack(0x0000003448d00000,0x0000003448e00000)]
  0x0000019b9821a800 JavaThread "Attach Listener" daemon [_thread_blocked, id=9796, stack(0x0000003448e00000,0x0000003448f00000)]
  0x0000019b9821b800 JavaThread "Service Thread" daemon [_thread_blocked, id=9440, stack(0x0000003448f00000,0x0000003449000000)]
  0x0000019b9821f800 JavaThread "C1 CompilerThread0" daemon [_thread_blocked, id=2576, stack(0x0000003449000000,0x0000003449100000)]
  0x0000019b98228800 JavaThread "Sweeper thread" daemon [_thread_blocked, id=4324, stack(0x0000003449100000,0x0000003449200000)]
  0x0000019b981a0800 JavaThread "Common-Cleaner" daemon [_thread_blocked, id=11392, stack(0x0000003449200000,0x0000003449300000)]
  0x0000019b9863a800 JavaThread "Monitor Ctrl-Break" daemon [_thread_in_native, id=6324, stack(0x0000003449300000,0x0000003449400000)]
  0x0000019b9880a000 JavaThread "RMI TCP Accept-0" daemon [_thread_in_native, id=14004, stack(0x0000003449400000,0x0000003449500000)]
  0x0000019b9a194800 JavaThread "RMI TCP Connection(1)-192.168.9.55" daemon [_thread_blocked, id=9016, stack(0x0000003449b00000,0x0000003449c00000)]
  0x0000019b9a1ab800 JavaThread "RMI Scheduler(0)" daemon [_thread_blocked, id=17324, stack(0x0000003449d00000,0x0000003449e00000)]
  0x0000019b9a1ee000 JavaThread "JMX server connection timeout 21" daemon [_thread_blocked, id=14664, stack(0x0000003449e00000,0x0000003449f00000)]

Other Threads:
  0x0000019b97905800 VMThread "VM Thread" [stack: 0x0000003448a00000,0x0000003448b00000] [id=13280]
  0x0000019b9881d000 WatcherThread [stack: 0x0000003449500000,0x0000003449600000] [id=2224]
  0x0000019bf4c15800 GCTaskThread "GC Thread#0" [stack: 0x0000003448500000,0x0000003448600000] [id=16192]
=>0x0000019b98b9d800 GCTaskThread "GC Thread#1" [stack: 0x0000003449600000,0x0000003449700000] [id=15580]
  0x0000019b98ba5800 GCTaskThread "GC Thread#2" [stack: 0x0000003449700000,0x0000003449800000] [id=17800]
  0x0000019b98ba6800 GCTaskThread "GC Thread#3" [stack: 0x0000003449800000,0x0000003449900000] [id=18320]
  0x0000019b98ba7000 GCTaskThread "GC Thread#4" [stack: 0x0000003449900000,0x0000003449a00000] [id=12100]
  0x0000019b98ba8000 GCTaskThread "GC Thread#5" [stack: 0x0000003449a00000,0x0000003449b00000] [id=4004]
  0x0000019bf2adc000 ConcurrentGCThread "G1 Main Marker" [stack: 0x0000003448600000,0x0000003448700000] [id=5528]
  0x0000019bf2add800 ConcurrentGCThread "G1 Conc#0" [stack: 0x0000003448700000,0x0000003448800000] [id=16016]
  0x0000019b99b0b000 ConcurrentGCThread "G1 Conc#1" [stack: 0x0000003449c00000,0x0000003449d00000] [id=4776]
  0x0000019bf4cce800 ConcurrentGCThread "G1 Refine#0" [stack: 0x0000003448800000,0x0000003448900000] [id=16104]
  0x0000019b977e3800 ConcurrentGCThread "G1 Young RemSet Sampling" [stack: 0x0000003448900000,0x0000003448a00000] [id=6008]

Threads with active compile tasks:
C1 CompilerThread0   1218 3256       1       org.springframework.orm.jpa.support.PersistenceAnnotationBeanPostProcessor::lambda$buildPersistenceMetadata$0 (57 bytes)

VM state:at safepoint (normal execution)

VM Mutex/Monitor currently owned by a thread:  ([mutex/lock_event])
[0x0000019bf4bfd3f0] Threads_lock - owner thread: 0x0000019b97905800
[0x0000019bf4bfd750] Heap_lock - owner thread: 0x0000019bf4c00800

Heap address: 0x0000000701000000, size: 4080 MB, Compressed Oops mode: Zero based, Oop shift amount: 3
Narrow klass base: 0x0000000800000000, Narrow klass shift: 0
Compressed class space size: 1073741824 Address: 0x0000000800000000

Heap:
 garbage-first heap   total 262144K, used 91623K [0x0000000701000000, 0x0000000800000000)
  region size 1024K, 86 young (88064K), 7 survivors (7168K)
 Metaspace       used 30954K, capacity 32103K, committed 32384K, reserved 1077248K
  class space    used 3954K, capacity 4415K, committed 4480K, reserved 1048576K
Heap Regions: E=young(eden), S=young(survivor), O=old, HS=humongous(starts), HC=humongous(continues), CS=collection set, F=free, A=archive, TAMS=top-at-mark-start (previous, next)
|   0|0x0000000701000000, 0x0000000701100000, 0x0000000701100000|100%|HS|  |TAMS 0x0000000701100000, 0x0000000701000000| Complete 
|   1|0x0000000701100000, 0x0000000701200000, 0x0000000701200000|100%| O|  |TAMS 0x0000000701200000, 0x0000000701100000| Untracked 
|   2|0x0000000701200000, 0x0000000701300000, 0x0000000701300000|100%| O|  |TAMS 0x0000000701300000, 0x0000000701200000| Untracked 
|   3|0x0000000701300000, 0x0000000701400000, 0x0000000701400000|100%| O|  |TAMS 0x000000070137f800, 0x0000000701300000| Untracked 
|   4|0x0000000701400000, 0x0000000701500000, 0x0000000701500000|100%| O|  |TAMS 0x0000000701400000, 0x0000000701400000| Untracked 
|   5|0x0000000701500000, 0x0000000701600000, 0x0000000701600000|100%| O|  |TAMS 0x0000000701500000, 0x0000000701500000| Untracked 
|   6|0x0000000701600000, 0x0000000701679e00, 0x0000000701700000| 47%| O|  |TAMS 0x0000000701600000, 0x0000000701600000| Untracked 
|   7|0x0000000701700000, 0x0000000701700000, 0x0000000701800000|  0%| F|  |TAMS 0x0000000701700000, 0x0000000701700000| Untracked 
|   8|0x0000000701800000, 0x0000000701800000, 0x0000000701900000|  0%| F|  |TAMS 0x0000000701800000, 0x0000000701800000| Untracked 
|   9|0x0000000701900000, 0x0000000701900000, 0x0000000701a00000|  0%| F|  |TAMS 0x0000000701900000, 0x0000000701900000| Untracked 
|  10|0x0000000701a00000, 0x0000000701a00000, 0x0000000701b00000|  0%| F|  |TAMS 0x0000000701a00000, 0x0000000701a00000| Untracked 
|  11|0x0000000701b00000, 0x0000000701b00000, 0x0000000701c00000|  0%| F|  |TAMS 0x0000000701b00000, 0x0000000701b00000| Untracked 
|  12|0x0000000701c00000, 0x0000000701c00000, 0x0000000701d00000|  0%| F|  |TAMS 0x0000000701c00000, 0x0000000701c00000| Untracked 
|  13|0x0000000701d00000, 0x0000000701d00000, 0x0000000701e00000|  0%| F|  |TAMS 0x0000000701d00000, 0x0000000701d00000| Untracked 
|  14|0x0000000701e00000, 0x0000000701e00000, 0x0000000701f00000|  0%| F|  |TAMS 0x0000000701e00000, 0x0000000701e00000| Untracked 
|  15|0x0000000701f00000, 0x0000000701f00000, 0x0000000702000000|  0%| F|  |TAMS 0x0000000701f00000, 0x0000000701f00000| Untracked 
|  16|0x0000000702000000, 0x0000000702000000, 0x0000000702100000|  0%| F|  |TAMS 0x0000000702000000, 0x0000000702000000| Untracked 
|  17|0x0000000702100000, 0x0000000702100000, 0x0000000702200000|  0%| F|  |TAMS 0x0000000702100000, 0x0000000702100000| Untracked 
|  18|0x0000000702200000, 0x0000000702200000, 0x0000000702300000|  0%| F|  |TAMS 0x0000000702200000, 0x0000000702200000| Untracked 
|  19|0x0000000702300000, 0x0000000702300000, 0x0000000702400000|  0%| F|  |TAMS 0x0000000702300000, 0x0000000702300000| Untracked 
|  20|0x0000000702400000, 0x0000000702400000, 0x0000000702500000|  0%| F|  |TAMS 0x0000000702400000, 0x0000000702400000| Untracked 
|  21|0x0000000702500000, 0x0000000702500000, 0x0000000702600000|  0%| F|  |TAMS 0x0000000702500000, 0x0000000702500000| Untracked 
|  22|0x0000000702600000, 0x0000000702600000, 0x0000000702700000|  0%| F|  |TAMS 0x0000000702600000, 0x0000000702600000| Untracked 
|  23|0x0000000702700000, 0x0000000702700000, 0x0000000702800000|  0%| F|  |TAMS 0x0000000702700000, 0x0000000702700000| Untracked 
|  24|0x0000000702800000, 0x0000000702800000, 0x0000000702900000|  0%| F|  |TAMS 0x0000000702800000, 0x0000000702800000| Untracked 
|  25|0x0000000702900000, 0x0000000702900000, 0x0000000702a00000|  0%| F|  |TAMS 0x0000000702900000, 0x0000000702900000| Untracked 
|  26|0x0000000702a00000, 0x0000000702a00000, 0x0000000702b00000|  0%| F|  |TAMS 0x0000000702a00000, 0x0000000702a00000| Untracked 
|  27|0x0000000702b00000, 0x0000000702b00000, 0x0000000702c00000|  0%| F|  |TAMS 0x0000000702b00000, 0x0000000702b00000| Untracked 
|  28|0x0000000702c00000, 0x0000000702c00000, 0x0000000702d00000|  0%| F|  |TAMS 0x0000000702c00000, 0x0000000702c00000| Untracked 
|  29|0x0000000702d00000, 0x0000000702d00000, 0x0000000702e00000|  0%| F|  |TAMS 0x0000000702d00000, 0x0000000702d00000| Untracked 
|  30|0x0000000702e00000, 0x0000000702e00000, 0x0000000702f00000|  0%| F|  |TAMS 0x0000000702e00000, 0x0000000702e00000| Untracked 
|  31|0x0000000702f00000, 0x0000000702f00000, 0x0000000703000000|  0%| F|  |TAMS 0x0000000702f00000, 0x0000000702f00000| Untracked 
|  32|0x0000000703000000, 0x0000000703000000, 0x0000000703100000|  0%| F|  |TAMS 0x0000000703000000, 0x0000000703000000| Untracked 
|  33|0x0000000703100000, 0x0000000703100000, 0x0000000703200000|  0%| F|  |TAMS 0x0000000703100000, 0x0000000703100000| Untracked 
|  34|0x0000000703200000, 0x0000000703200000, 0x0000000703300000|  0%| F|  |TAMS 0x0000000703200000, 0x0000000703200000| Untracked 
|  35|0x0000000703300000, 0x0000000703300000, 0x0000000703400000|  0%| F|  |TAMS 0x0000000703300000, 0x0000000703300000| Untracked 
|  36|0x0000000703400000, 0x0000000703400000, 0x0000000703500000|  0%| F|  |TAMS 0x0000000703400000, 0x0000000703400000| Untracked 
|  37|0x0000000703500000, 0x0000000703500000, 0x0000000703600000|  0%| F|  |TAMS 0x0000000703500000, 0x0000000703500000| Untracked 
|  38|0x0000000703600000, 0x0000000703600000, 0x0000000703700000|  0%| F|  |TAMS 0x0000000703600000, 0x0000000703600000| Untracked 
|  39|0x0000000703700000, 0x0000000703700000, 0x0000000703800000|  0%| F|  |TAMS 0x0000000703700000, 0x0000000703700000| Untracked 
|  40|0x0000000703800000, 0x0000000703800000, 0x0000000703900000|  0%| F|  |TAMS 0x0000000703800000, 0x0000000703800000| Untracked 
|  41|0x0000000703900000, 0x0000000703900000, 0x0000000703a00000|  0%| F|  |TAMS 0x0000000703900000, 0x0000000703900000| Untracked 
|  42|0x0000000703a00000, 0x0000000703a00000, 0x0000000703b00000|  0%| F|  |TAMS 0x0000000703a00000, 0x0000000703a00000| Untracked 
|  43|0x0000000703b00000, 0x0000000703b00000, 0x0000000703c00000|  0%| F|  |TAMS 0x0000000703b00000, 0x0000000703b00000| Untracked 
|  44|0x0000000703c00000, 0x0000000703c00000, 0x0000000703d00000|  0%| F|  |TAMS 0x0000000703c00000, 0x0000000703c00000| Untracked 
|  45|0x0000000703d00000, 0x0000000703d00000, 0x0000000703e00000|  0%| F|  |TAMS 0x0000000703d00000, 0x0000000703d00000| Untracked 
|  46|0x0000000703e00000, 0x0000000703e00000, 0x0000000703f00000|  0%| F|  |TAMS 0x0000000703e00000, 0x0000000703e00000| Untracked 
|  47|0x0000000703f00000, 0x0000000703f00000, 0x0000000704000000|  0%| F|  |TAMS 0x0000000703f00000, 0x0000000703f00000| Untracked 
|  48|0x0000000704000000, 0x0000000704000000, 0x0000000704100000|  0%| F|  |TAMS 0x0000000704000000, 0x0000000704000000| Untracked 
|  49|0x0000000704100000, 0x0000000704100000, 0x0000000704200000|  0%| F|  |TAMS 0x0000000704100000, 0x0000000704100000| Untracked 
|  50|0x0000000704200000, 0x0000000704200000, 0x0000000704300000|  0%| F|  |TAMS 0x0000000704200000, 0x0000000704200000| Untracked 
|  51|0x0000000704300000, 0x0000000704300000, 0x0000000704400000|  0%| F|  |TAMS 0x0000000704300000, 0x0000000704300000| Untracked 
|  52|0x0000000704400000, 0x0000000704400000, 0x0000000704500000|  0%| F|  |TAMS 0x0000000704400000, 0x0000000704400000| Untracked 
|  53|0x0000000704500000, 0x0000000704500000, 0x0000000704600000|  0%| F|  |TAMS 0x0000000704500000, 0x0000000704500000| Untracked 
|  54|0x0000000704600000, 0x0000000704600000, 0x0000000704700000|  0%| F|  |TAMS 0x0000000704600000, 0x0000000704600000| Untracked 
|  55|0x0000000704700000, 0x0000000704700000, 0x0000000704800000|  0%| F|  |TAMS 0x0000000704700000, 0x0000000704700000| Untracked 
|  56|0x0000000704800000, 0x0000000704800000, 0x0000000704900000|  0%| F|  |TAMS 0x0000000704800000, 0x0000000704800000| Untracked 
|  57|0x0000000704900000, 0x0000000704900000, 0x0000000704a00000|  0%| F|  |TAMS 0x0000000704900000, 0x0000000704900000| Untracked 
|  58|0x0000000704a00000, 0x0000000704a00000, 0x0000000704b00000|  0%| F|  |TAMS 0x0000000704a00000, 0x0000000704a00000| Untracked 
|  59|0x0000000704b00000, 0x0000000704b00000, 0x0000000704c00000|  0%| F|  |TAMS 0x0000000704b00000, 0x0000000704b00000| Untracked 
|  60|0x0000000704c00000, 0x0000000704c00000, 0x0000000704d00000|  0%| F|  |TAMS 0x0000000704c00000, 0x0000000704c00000| Untracked 
|  61|0x0000000704d00000, 0x0000000704d00000, 0x0000000704e00000|  0%| F|  |TAMS 0x0000000704d00000, 0x0000000704d00000| Untracked 
|  62|0x0000000704e00000, 0x0000000704e00000, 0x0000000704f00000|  0%| F|  |TAMS 0x0000000704e00000, 0x0000000704e00000| Untracked 
|  63|0x0000000704f00000, 0x0000000704f00000, 0x0000000705000000|  0%| F|  |TAMS 0x0000000704f00000, 0x0000000704f00000| Untracked 
|  64|0x0000000705000000, 0x0000000705000000, 0x0000000705100000|  0%| F|  |TAMS 0x0000000705000000, 0x0000000705000000| Untracked 
|  65|0x0000000705100000, 0x0000000705100000, 0x0000000705200000|  0%| F|  |TAMS 0x0000000705100000, 0x0000000705100000| Untracked 
|  66|0x0000000705200000, 0x0000000705200000, 0x0000000705300000|  0%| F|  |TAMS 0x0000000705200000, 0x0000000705200000| Untracked 
|  67|0x0000000705300000, 0x0000000705300000, 0x0000000705400000|  0%| F|  |TAMS 0x0000000705300000, 0x0000000705300000| Untracked 
|  68|0x0000000705400000, 0x0000000705400000, 0x0000000705500000|  0%| F|  |TAMS 0x0000000705400000, 0x0000000705400000| Untracked 
|  69|0x0000000705500000, 0x0000000705500000, 0x0000000705600000|  0%| F|  |TAMS 0x0000000705500000, 0x0000000705500000| Untracked 
|  70|0x0000000705600000, 0x0000000705600000, 0x0000000705700000|  0%| F|  |TAMS 0x0000000705600000, 0x0000000705600000| Untracked 
|  71|0x0000000705700000, 0x0000000705700000, 0x0000000705800000|  0%| F|  |TAMS 0x0000000705700000, 0x0000000705700000| Untracked 
|  72|0x0000000705800000, 0x0000000705800000, 0x0000000705900000|  0%| F|  |TAMS 0x0000000705800000, 0x0000000705800000| Untracked 
|  73|0x0000000705900000, 0x0000000705900000, 0x0000000705a00000|  0%| F|  |TAMS 0x0000000705900000, 0x0000000705900000| Untracked 
|  74|0x0000000705a00000, 0x0000000705a00000, 0x0000000705b00000|  0%| F|  |TAMS 0x0000000705a00000, 0x0000000705a00000| Untracked 
|  75|0x0000000705b00000, 0x0000000705b00000, 0x0000000705c00000|  0%| F|  |TAMS 0x0000000705b00000, 0x0000000705b00000| Untracked 
|  76|0x0000000705c00000, 0x0000000705c00000, 0x0000000705d00000|  0%| F|  |TAMS 0x0000000705c00000, 0x0000000705c00000| Untracked 
|  77|0x0000000705d00000, 0x0000000705d00000, 0x0000000705e00000|  0%| F|  |TAMS 0x0000000705d00000, 0x0000000705d00000| Untracked 
|  78|0x0000000705e00000, 0x0000000705e00000, 0x0000000705f00000|  0%| F|  |TAMS 0x0000000705e00000, 0x0000000705e00000| Untracked 
|  79|0x0000000705f00000, 0x0000000705f00000, 0x0000000706000000|  0%| F|  |TAMS 0x0000000705f00000, 0x0000000705f00000| Untracked 
|  80|0x0000000706000000, 0x0000000706000000, 0x0000000706100000|  0%| F|  |TAMS 0x0000000706000000, 0x0000000706000000| Untracked 
|  81|0x0000000706100000, 0x0000000706100000, 0x0000000706200000|  0%| F|  |TAMS 0x0000000706100000, 0x0000000706100000| Untracked 
|  82|0x0000000706200000, 0x0000000706200000, 0x0000000706300000|  0%| F|  |TAMS 0x0000000706200000, 0x0000000706200000| Untracked 
|  83|0x0000000706300000, 0x0000000706300000, 0x0000000706400000|  0%| F|  |TAMS 0x0000000706300000, 0x0000000706300000| Untracked 
|  84|0x0000000706400000, 0x0000000706400000, 0x0000000706500000|  0%| F|  |TAMS 0x0000000706400000, 0x0000000706400000| Untracked 
|  85|0x0000000706500000, 0x0000000706500000, 0x0000000706600000|  0%| F|  |TAMS 0x0000000706500000, 0x0000000706500000| Untracked 
|  86|0x0000000706600000, 0x0000000706600000, 0x0000000706700000|  0%| F|  |TAMS 0x0000000706600000, 0x0000000706600000| Untracked 
|  87|0x0000000706700000, 0x0000000706700000, 0x0000000706800000|  0%| F|  |TAMS 0x0000000706700000, 0x0000000706700000| Untracked 
|  88|0x0000000706800000, 0x0000000706800000, 0x0000000706900000|  0%| F|  |TAMS 0x0000000706800000, 0x0000000706800000| Untracked 
|  89|0x0000000706900000, 0x0000000706900000, 0x0000000706a00000|  0%| F|  |TAMS 0x0000000706900000, 0x0000000706900000| Untracked 
|  90|0x0000000706a00000, 0x0000000706a00000, 0x0000000706b00000|  0%| F|  |TAMS 0x0000000706a00000, 0x0000000706a00000| Untracked 
|  91|0x0000000706b00000, 0x0000000706b00000, 0x0000000706c00000|  0%| F|  |TAMS 0x0000000706b00000, 0x0000000706b00000| Untracked 
|  92|0x0000000706c00000, 0x0000000706c00000, 0x0000000706d00000|  0%| F|  |TAMS 0x0000000706c00000, 0x0000000706c00000| Untracked 
|  93|0x0000000706d00000, 0x0000000706d00000, 0x0000000706e00000|  0%| F|  |TAMS 0x0000000706d00000, 0x0000000706d00000| Untracked 
|  94|0x0000000706e00000, 0x0000000706e00000, 0x0000000706f00000|  0%| F|  |TAMS 0x0000000706e00000, 0x0000000706e00000| Untracked 
|  95|0x0000000706f00000, 0x0000000706f00000, 0x0000000707000000|  0%| F|  |TAMS 0x0000000706f00000, 0x0000000706f00000| Untracked 
|  96|0x0000000707000000, 0x0000000707000000, 0x0000000707100000|  0%| F|  |TAMS 0x0000000707000000, 0x0000000707000000| Untracked 
|  97|0x0000000707100000, 0x0000000707100000, 0x0000000707200000|  0%| F|  |TAMS 0x0000000707100000, 0x0000000707100000| Untracked 
|  98|0x0000000707200000, 0x0000000707200000, 0x0000000707300000|  0%| F|  |TAMS 0x0000000707200000, 0x0000000707200000| Untracked 
|  99|0x0000000707300000, 0x0000000707300000, 0x0000000707400000|  0%| F|  |TAMS 0x0000000707300000, 0x0000000707300000| Untracked 
| 100|0x0000000707400000, 0x0000000707400000, 0x0000000707500000|  0%| F|  |TAMS 0x0000000707400000, 0x0000000707400000| Untracked 
| 101|0x0000000707500000, 0x0000000707500000, 0x0000000707600000|  0%| F|  |TAMS 0x0000000707500000, 0x0000000707500000| Untracked 
| 102|0x0000000707600000, 0x0000000707600000, 0x0000000707700000|  0%| F|  |TAMS 0x0000000707600000, 0x0000000707600000| Untracked 
| 103|0x0000000707700000, 0x0000000707700000, 0x0000000707800000|  0%| F|  |TAMS 0x0000000707700000, 0x0000000707700000| Untracked 
| 104|0x0000000707800000, 0x0000000707800000, 0x0000000707900000|  0%| F|  |TAMS 0x0000000707800000, 0x0000000707800000| Untracked 
| 105|0x0000000707900000, 0x0000000707900000, 0x0000000707a00000|  0%| F|  |TAMS 0x0000000707900000, 0x0000000707900000| Untracked 
| 106|0x0000000707a00000, 0x0000000707a00000, 0x0000000707b00000|  0%| F|  |TAMS 0x0000000707a00000, 0x0000000707a00000| Untracked 
| 107|0x0000000707b00000, 0x0000000707b00000, 0x0000000707c00000|  0%| F|  |TAMS 0x0000000707b00000, 0x0000000707b00000| Untracked 
| 108|0x0000000707c00000, 0x0000000707c00000, 0x0000000707d00000|  0%| F|  |TAMS 0x0000000707c00000, 0x0000000707c00000| Untracked 
| 109|0x0000000707d00000, 0x0000000707d00000, 0x0000000707e00000|  0%| F|  |TAMS 0x0000000707d00000, 0x0000000707d00000| Untracked 
| 110|0x0000000707e00000, 0x0000000707e00000, 0x0000000707f00000|  0%| F|  |TAMS 0x0000000707e00000, 0x0000000707e00000| Untracked 
| 111|0x0000000707f00000, 0x0000000707f00000, 0x0000000708000000|  0%| F|  |TAMS 0x0000000707f00000, 0x0000000707f00000| Untracked 
| 112|0x0000000708000000, 0x0000000708000000, 0x0000000708100000|  0%| F|  |TAMS 0x0000000708000000, 0x0000000708000000| Untracked 
| 113|0x0000000708100000, 0x0000000708100000, 0x0000000708200000|  0%| F|  |TAMS 0x0000000708100000, 0x0000000708100000| Untracked 
| 114|0x0000000708200000, 0x0000000708200000, 0x0000000708300000|  0%| F|  |TAMS 0x0000000708200000, 0x0000000708200000| Untracked 
| 115|0x0000000708300000, 0x0000000708300000, 0x0000000708400000|  0%| F|  |TAMS 0x0000000708300000, 0x0000000708300000| Untracked 
| 116|0x0000000708400000, 0x0000000708400000, 0x0000000708500000|  0%| F|  |TAMS 0x0000000708400000, 0x0000000708400000| Untracked 
| 117|0x0000000708500000, 0x0000000708500000, 0x0000000708600000|  0%| F|  |TAMS 0x0000000708500000, 0x0000000708500000| Untracked 
| 118|0x0000000708600000, 0x0000000708600000, 0x0000000708700000|  0%| F|  |TAMS 0x0000000708600000, 0x0000000708600000| Untracked 
| 119|0x0000000708700000, 0x0000000708700000, 0x0000000708800000|  0%| F|  |TAMS 0x0000000708700000, 0x0000000708700000| Untracked 
| 120|0x0000000708800000, 0x0000000708800000, 0x0000000708900000|  0%| F|  |TAMS 0x0000000708800000, 0x0000000708800000| Untracked 
| 121|0x0000000708900000, 0x0000000708900000, 0x0000000708a00000|  0%| F|  |TAMS 0x0000000708900000, 0x0000000708900000| Untracked 
| 122|0x0000000708a00000, 0x0000000708a00000, 0x0000000708b00000|  0%| F|  |TAMS 0x0000000708a00000, 0x0000000708a00000| Untracked 
| 123|0x0000000708b00000, 0x0000000708b00000, 0x0000000708c00000|  0%| F|  |TAMS 0x0000000708b00000, 0x0000000708b00000| Untracked 
| 124|0x0000000708c00000, 0x0000000708c00000, 0x0000000708d00000|  0%| F|  |TAMS 0x0000000708c00000, 0x0000000708c00000| Untracked 
| 125|0x0000000708d00000, 0x0000000708d00000, 0x0000000708e00000|  0%| F|  |TAMS 0x0000000708d00000, 0x0000000708d00000| Untracked 
| 126|0x0000000708e00000, 0x0000000708e00000, 0x0000000708f00000|  0%| F|  |TAMS 0x0000000708e00000, 0x0000000708e00000| Untracked 
| 127|0x0000000708f00000, 0x0000000708f00000, 0x0000000709000000|  0%| F|  |TAMS 0x0000000708f00000, 0x0000000708f00000| Untracked 
| 128|0x0000000709000000, 0x0000000709000000, 0x0000000709100000|  0%| F|  |TAMS 0x0000000709000000, 0x0000000709000000| Untracked 
| 129|0x0000000709100000, 0x0000000709100000, 0x0000000709200000|  0%| F|  |TAMS 0x0000000709100000, 0x0000000709100000| Untracked 
| 130|0x0000000709200000, 0x0000000709200000, 0x0000000709300000|  0%| F|  |TAMS 0x0000000709200000, 0x0000000709200000| Untracked 
| 131|0x0000000709300000, 0x0000000709300000, 0x0000000709400000|  0%| F|  |TAMS 0x0000000709300000, 0x0000000709300000| Untracked 
| 132|0x0000000709400000, 0x0000000709400000, 0x0000000709500000|  0%| F|  |TAMS 0x0000000709400000, 0x0000000709400000| Untracked 
| 133|0x0000000709500000, 0x0000000709500000, 0x0000000709600000|  0%| F|  |TAMS 0x0000000709500000, 0x0000000709500000| Untracked 
| 134|0x0000000709600000, 0x0000000709600000, 0x0000000709700000|  0%| F|  |TAMS 0x0000000709600000, 0x0000000709600000| Untracked 
| 135|0x0000000709700000, 0x0000000709700000, 0x0000000709800000|  0%| F|  |TAMS 0x0000000709700000, 0x0000000709700000| Untracked 
| 136|0x0000000709800000, 0x0000000709800000, 0x0000000709900000|  0%| F|  |TAMS 0x0000000709800000, 0x0000000709800000| Untracked 
| 137|0x0000000709900000, 0x0000000709900000, 0x0000000709a00000|  0%| F|  |TAMS 0x0000000709900000, 0x0000000709900000| Untracked 
| 138|0x0000000709a00000, 0x0000000709a00000, 0x0000000709b00000|  0%| F|  |TAMS 0x0000000709a00000, 0x0000000709a00000| Untracked 
| 139|0x0000000709b00000, 0x0000000709b00000, 0x0000000709c00000|  0%| F|  |TAMS 0x0000000709b00000, 0x0000000709b00000| Untracked 
| 140|0x0000000709c00000, 0x0000000709c00000, 0x0000000709d00000|  0%| F|  |TAMS 0x0000000709c00000, 0x0000000709c00000| Untracked 
| 141|0x0000000709d00000, 0x0000000709d00000, 0x0000000709e00000|  0%| F|  |TAMS 0x0000000709d00000, 0x0000000709d00000| Untracked 
| 142|0x0000000709e00000, 0x0000000709e00000, 0x0000000709f00000|  0%| F|  |TAMS 0x0000000709e00000, 0x0000000709e00000| Untracked 
| 143|0x0000000709f00000, 0x0000000709f00000, 0x000000070a000000|  0%| F|  |TAMS 0x0000000709f00000, 0x0000000709f00000| Untracked 
| 144|0x000000070a000000, 0x000000070a000000, 0x000000070a100000|  0%| F|  |TAMS 0x000000070a000000, 0x000000070a000000| Untracked 
| 145|0x000000070a100000, 0x000000070a100000, 0x000000070a200000|  0%| F|  |TAMS 0x000000070a100000, 0x000000070a100000| Untracked 
| 146|0x000000070a200000, 0x000000070a200000, 0x000000070a300000|  0%| F|  |TAMS 0x000000070a200000, 0x000000070a200000| Untracked 
| 147|0x000000070a300000, 0x000000070a300000, 0x000000070a400000|  0%| F|  |TAMS 0x000000070a300000, 0x000000070a300000| Untracked 
| 148|0x000000070a400000, 0x000000070a400000, 0x000000070a500000|  0%| F|  |TAMS 0x000000070a400000, 0x000000070a400000| Untracked 
| 149|0x000000070a500000, 0x000000070a500000, 0x000000070a600000|  0%| F|  |TAMS 0x000000070a500000, 0x000000070a500000| Untracked 
| 150|0x000000070a600000, 0x000000070a600000, 0x000000070a700000|  0%| F|  |TAMS 0x000000070a600000, 0x000000070a600000| Untracked 
| 151|0x000000070a700000, 0x000000070a700000, 0x000000070a800000|  0%| F|  |TAMS 0x000000070a700000, 0x000000070a700000| Untracked 
| 152|0x000000070a800000, 0x000000070a800000, 0x000000070a900000|  0%| F|  |TAMS 0x000000070a800000, 0x000000070a800000| Untracked 
| 153|0x000000070a900000, 0x000000070a900000, 0x000000070aa00000|  0%| F|  |TAMS 0x000000070a900000, 0x000000070a900000| Untracked 
| 154|0x000000070aa00000, 0x000000070aa00000, 0x000000070ab00000|  0%| F|  |TAMS 0x000000070aa00000, 0x000000070aa00000| Untracked 
| 155|0x000000070ab00000, 0x000000070ab00000, 0x000000070ac00000|  0%| F|  |TAMS 0x000000070ab00000, 0x000000070ab00000| Untracked 
| 156|0x000000070ac00000, 0x000000070ac00000, 0x000000070ad00000|  0%| F|  |TAMS 0x000000070ac00000, 0x000000070ac00000| Untracked 
| 157|0x000000070ad00000, 0x000000070ad00000, 0x000000070ae00000|  0%| F|  |TAMS 0x000000070ad00000, 0x000000070ad00000| Untracked 
| 158|0x000000070ae00000, 0x000000070ae00000, 0x000000070af00000|  0%| F|  |TAMS 0x000000070ae00000, 0x000000070ae00000| Untracked 
| 159|0x000000070af00000, 0x000000070af00000, 0x000000070b000000|  0%| F|  |TAMS 0x000000070af00000, 0x000000070af00000| Untracked 
| 160|0x000000070b000000, 0x000000070b000000, 0x000000070b100000|  0%| F|  |TAMS 0x000000070b000000, 0x000000070b000000| Untracked 
| 161|0x000000070b100000, 0x000000070b100000, 0x000000070b200000|  0%| F|  |TAMS 0x000000070b100000, 0x000000070b100000| Untracked 
| 162|0x000000070b200000, 0x000000070b200000, 0x000000070b300000|  0%| F|  |TAMS 0x000000070b200000, 0x000000070b200000| Untracked 
| 163|0x000000070b300000, 0x000000070b300000, 0x000000070b400000|  0%| F|  |TAMS 0x000000070b300000, 0x000000070b300000| Untracked 
| 164|0x000000070b400000, 0x000000070b400000, 0x000000070b500000|  0%| F|  |TAMS 0x000000070b400000, 0x000000070b400000| Untracked 
| 165|0x000000070b500000, 0x000000070b500000, 0x000000070b600000|  0%| F|  |TAMS 0x000000070b500000, 0x000000070b500000| Untracked 
| 166|0x000000070b600000, 0x000000070b6bb020, 0x000000070b700000| 73%| S|  |TAMS 0x000000070b600000, 0x000000070b600000| Complete 
| 167|0x000000070b700000, 0x000000070b800000, 0x000000070b800000|100%| S|  |TAMS 0x000000070b700000, 0x000000070b700000| Complete 
| 168|0x000000070b800000, 0x000000070b900000, 0x000000070b900000|100%| S|  |TAMS 0x000000070b800000, 0x000000070b800000| Complete 
| 169|0x000000070b900000, 0x000000070ba00000, 0x000000070ba00000|100%| S|  |TAMS 0x000000070b900000, 0x000000070b900000| Complete 
| 170|0x000000070ba00000, 0x000000070bb00000, 0x000000070bb00000|100%| S|  |TAMS 0x000000070ba00000, 0x000000070ba00000| Complete 
| 171|0x000000070bb00000, 0x000000070bc00000, 0x000000070bc00000|100%| S|  |TAMS 0x000000070bb00000, 0x000000070bb00000| Complete 
| 172|0x000000070bc00000, 0x000000070bd00000, 0x000000070bd00000|100%| S|  |TAMS 0x000000070bc00000, 0x000000070bc00000| Complete 
| 173|0x000000070bd00000, 0x000000070be00000, 0x000000070be00000|100%| E|CS|TAMS 0x000000070bd00000, 0x000000070bd00000| Complete 
| 174|0x000000070be00000, 0x000000070bf00000, 0x000000070bf00000|100%| E|CS|TAMS 0x000000070be00000, 0x000000070be00000| Complete 
| 175|0x000000070bf00000, 0x000000070c000000, 0x000000070c000000|100%| E|CS|TAMS 0x000000070bf00000, 0x000000070bf00000| Complete 
| 176|0x000000070c000000, 0x000000070c100000, 0x000000070c100000|100%| E|CS|TAMS 0x000000070c000000, 0x000000070c000000| Complete 
| 177|0x000000070c100000, 0x000000070c200000, 0x000000070c200000|100%| E|CS|TAMS 0x000000070c100000, 0x000000070c100000| Complete 
| 178|0x000000070c200000, 0x000000070c300000, 0x000000070c300000|100%| E|CS|TAMS 0x000000070c200000, 0x000000070c200000| Complete 
| 179|0x000000070c300000, 0x000000070c400000, 0x000000070c400000|100%| E|CS|TAMS 0x000000070c300000, 0x000000070c300000| Complete 
| 180|0x000000070c400000, 0x000000070c500000, 0x000000070c500000|100%| E|CS|TAMS 0x000000070c400000, 0x000000070c400000| Complete 
| 181|0x000000070c500000, 0x000000070c600000, 0x000000070c600000|100%| E|CS|TAMS 0x000000070c500000, 0x000000070c500000| Complete 
| 182|0x000000070c600000, 0x000000070c700000, 0x000000070c700000|100%| E|CS|TAMS 0x000000070c600000, 0x000000070c600000| Complete 
| 183|0x000000070c700000, 0x000000070c800000, 0x000000070c800000|100%| E|CS|TAMS 0x000000070c700000, 0x000000070c700000| Complete 
| 184|0x000000070c800000, 0x000000070c900000, 0x000000070c900000|100%| E|CS|TAMS 0x000000070c800000, 0x000000070c800000| Complete 
| 185|0x000000070c900000, 0x000000070ca00000, 0x000000070ca00000|100%| E|CS|TAMS 0x000000070c900000, 0x000000070c900000| Complete 
| 186|0x000000070ca00000, 0x000000070cb00000, 0x000000070cb00000|100%| E|CS|TAMS 0x000000070ca00000, 0x000000070ca00000| Complete 
| 187|0x000000070cb00000, 0x000000070cc00000, 0x000000070cc00000|100%| E|CS|TAMS 0x000000070cb00000, 0x000000070cb00000| Complete 
| 188|0x000000070cc00000, 0x000000070cd00000, 0x000000070cd00000|100%| E|CS|TAMS 0x000000070cc00000, 0x000000070cc00000| Complete 
| 189|0x000000070cd00000, 0x000000070ce00000, 0x000000070ce00000|100%| E|CS|TAMS 0x000000070cd00000, 0x000000070cd00000| Complete 
| 190|0x000000070ce00000, 0x000000070cf00000, 0x000000070cf00000|100%| E|CS|TAMS 0x000000070ce00000, 0x000000070ce00000| Complete 
| 191|0x000000070cf00000, 0x000000070d000000, 0x000000070d000000|100%| E|CS|TAMS 0x000000070cf00000, 0x000000070cf00000| Complete 
| 192|0x000000070d000000, 0x000000070d100000, 0x000000070d100000|100%| E|CS|TAMS 0x000000070d000000, 0x000000070d000000| Complete 
| 193|0x000000070d100000, 0x000000070d200000, 0x000000070d200000|100%| E|CS|TAMS 0x000000070d100000, 0x000000070d100000| Complete 
| 194|0x000000070d200000, 0x000000070d300000, 0x000000070d300000|100%| E|CS|TAMS 0x000000070d200000, 0x000000070d200000| Complete 
| 195|0x000000070d300000, 0x000000070d400000, 0x000000070d400000|100%| E|CS|TAMS 0x000000070d300000, 0x000000070d300000| Complete 
| 196|0x000000070d400000, 0x000000070d500000, 0x000000070d500000|100%| E|CS|TAMS 0x000000070d400000, 0x000000070d400000| Complete 
| 197|0x000000070d500000, 0x000000070d600000, 0x000000070d600000|100%| E|CS|TAMS 0x000000070d500000, 0x000000070d500000| Complete 
| 198|0x000000070d600000, 0x000000070d700000, 0x000000070d700000|100%| E|CS|TAMS 0x000000070d600000, 0x000000070d600000| Complete 
| 199|0x000000070d700000, 0x000000070d800000, 0x000000070d800000|100%| E|CS|TAMS 0x000000070d700000, 0x000000070d700000| Complete 
| 200|0x000000070d800000, 0x000000070d900000, 0x000000070d900000|100%| E|CS|TAMS 0x000000070d800000, 0x000000070d800000| Complete 
| 201|0x000000070d900000, 0x000000070da00000, 0x000000070da00000|100%| E|CS|TAMS 0x000000070d900000, 0x000000070d900000| Complete 
| 202|0x000000070da00000, 0x000000070db00000, 0x000000070db00000|100%| E|CS|TAMS 0x000000070da00000, 0x000000070da00000| Complete 
| 203|0x000000070db00000, 0x000000070dc00000, 0x000000070dc00000|100%| E|CS|TAMS 0x000000070db00000, 0x000000070db00000| Complete 
| 204|0x000000070dc00000, 0x000000070dd00000, 0x000000070dd00000|100%| E|CS|TAMS 0x000000070dc00000, 0x000000070dc00000| Complete 
| 205|0x000000070dd00000, 0x000000070de00000, 0x000000070de00000|100%| E|CS|TAMS 0x000000070dd00000, 0x000000070dd00000| Complete 
| 206|0x000000070de00000, 0x000000070df00000, 0x000000070df00000|100%| E|CS|TAMS 0x000000070de00000, 0x000000070de00000| Complete 
| 207|0x000000070df00000, 0x000000070e000000, 0x000000070e000000|100%| E|CS|TAMS 0x000000070df00000, 0x000000070df00000| Complete 
| 208|0x000000070e000000, 0x000000070e100000, 0x000000070e100000|100%| E|CS|TAMS 0x000000070e000000, 0x000000070e000000| Complete 
| 209|0x000000070e100000, 0x000000070e200000, 0x000000070e200000|100%| E|CS|TAMS 0x000000070e100000, 0x000000070e100000| Complete 
| 210|0x000000070e200000, 0x000000070e300000, 0x000000070e300000|100%| E|CS|TAMS 0x000000070e200000, 0x000000070e200000| Complete 
| 211|0x000000070e300000, 0x000000070e400000, 0x000000070e400000|100%| E|CS|TAMS 0x000000070e300000, 0x000000070e300000| Complete 
| 212|0x000000070e400000, 0x000000070e500000, 0x000000070e500000|100%| E|CS|TAMS 0x000000070e400000, 0x000000070e400000| Complete 
| 213|0x000000070e500000, 0x000000070e600000, 0x000000070e600000|100%| E|CS|TAMS 0x000000070e500000, 0x000000070e500000| Complete 
| 214|0x000000070e600000, 0x000000070e700000, 0x000000070e700000|100%| E|CS|TAMS 0x000000070e600000, 0x000000070e600000| Complete 
| 215|0x000000070e700000, 0x000000070e800000, 0x000000070e800000|100%| E|CS|TAMS 0x000000070e700000, 0x000000070e700000| Complete 
| 216|0x000000070e800000, 0x000000070e900000, 0x000000070e900000|100%| E|CS|TAMS 0x000000070e800000, 0x000000070e800000| Complete 
| 217|0x000000070e900000, 0x000000070ea00000, 0x000000070ea00000|100%| E|CS|TAMS 0x000000070e900000, 0x000000070e900000| Complete 
| 218|0x000000070ea00000, 0x000000070eb00000, 0x000000070eb00000|100%| E|CS|TAMS 0x000000070ea00000, 0x000000070ea00000| Complete 
| 219|0x000000070eb00000, 0x000000070ec00000, 0x000000070ec00000|100%| E|CS|TAMS 0x000000070eb00000, 0x000000070eb00000| Complete 
| 220|0x000000070ec00000, 0x000000070ed00000, 0x000000070ed00000|100%| E|CS|TAMS 0x000000070ec00000, 0x000000070ec00000| Complete 
| 221|0x000000070ed00000, 0x000000070ee00000, 0x000000070ee00000|100%| E|CS|TAMS 0x000000070ed00000, 0x000000070ed00000| Complete 
| 222|0x000000070ee00000, 0x000000070ef00000, 0x000000070ef00000|100%| E|CS|TAMS 0x000000070ee00000, 0x000000070ee00000| Complete 
| 223|0x000000070ef00000, 0x000000070f000000, 0x000000070f000000|100%| E|CS|TAMS 0x000000070ef00000, 0x000000070ef00000| Complete 
| 224|0x000000070f000000, 0x000000070f100000, 0x000000070f100000|100%| E|CS|TAMS 0x000000070f000000, 0x000000070f000000| Complete 
| 225|0x000000070f100000, 0x000000070f200000, 0x000000070f200000|100%| E|CS|TAMS 0x000000070f100000, 0x000000070f100000| Complete 
| 226|0x000000070f200000, 0x000000070f300000, 0x000000070f300000|100%| E|CS|TAMS 0x000000070f200000, 0x000000070f200000| Complete 
| 227|0x000000070f300000, 0x000000070f400000, 0x000000070f400000|100%| E|CS|TAMS 0x000000070f300000, 0x000000070f300000| Complete 
| 228|0x000000070f400000, 0x000000070f500000, 0x000000070f500000|100%| E|CS|TAMS 0x000000070f400000, 0x000000070f400000| Complete 
| 229|0x000000070f500000, 0x000000070f600000, 0x000000070f600000|100%| E|CS|TAMS 0x000000070f500000, 0x000000070f500000| Complete 
| 230|0x000000070f600000, 0x000000070f700000, 0x000000070f700000|100%| E|CS|TAMS 0x000000070f600000, 0x000000070f600000| Complete 
| 231|0x000000070f700000, 0x000000070f800000, 0x000000070f800000|100%| E|CS|TAMS 0x000000070f700000, 0x000000070f700000| Complete 
| 232|0x000000070f800000, 0x000000070f900000, 0x000000070f900000|100%| E|CS|TAMS 0x000000070f800000, 0x000000070f800000| Complete 
| 233|0x000000070f900000, 0x000000070fa00000, 0x000000070fa00000|100%| E|CS|TAMS 0x000000070f900000, 0x000000070f900000| Complete 
| 234|0x000000070fa00000, 0x000000070fb00000, 0x000000070fb00000|100%| E|CS|TAMS 0x000000070fa00000, 0x000000070fa00000| Complete 
| 235|0x000000070fb00000, 0x000000070fc00000, 0x000000070fc00000|100%| E|CS|TAMS 0x000000070fb00000, 0x000000070fb00000| Complete 
| 236|0x000000070fc00000, 0x000000070fd00000, 0x000000070fd00000|100%| E|CS|TAMS 0x000000070fc00000, 0x000000070fc00000| Complete 
| 237|0x000000070fd00000, 0x000000070fe00000, 0x000000070fe00000|100%| E|CS|TAMS 0x000000070fd00000, 0x000000070fd00000| Complete 
| 238|0x000000070fe00000, 0x000000070ff00000, 0x000000070ff00000|100%| E|CS|TAMS 0x000000070fe00000, 0x000000070fe00000| Complete 
| 239|0x000000070ff00000, 0x0000000710000000, 0x0000000710000000|100%| E|CS|TAMS 0x000000070ff00000, 0x000000070ff00000| Complete 
| 240|0x0000000710000000, 0x0000000710100000, 0x0000000710100000|100%| E|CS|TAMS 0x0000000710000000, 0x0000000710000000| Complete 
| 241|0x0000000710100000, 0x0000000710200000, 0x0000000710200000|100%| E|CS|TAMS 0x0000000710100000, 0x0000000710100000| Complete 
| 242|0x0000000710200000, 0x0000000710300000, 0x0000000710300000|100%| E|CS|TAMS 0x0000000710200000, 0x0000000710200000| Complete 
| 243|0x0000000710300000, 0x0000000710400000, 0x0000000710400000|100%| E|CS|TAMS 0x0000000710300000, 0x0000000710300000| Complete 
| 244|0x0000000710400000, 0x0000000710500000, 0x0000000710500000|100%| E|CS|TAMS 0x0000000710400000, 0x0000000710400000| Complete 
| 245|0x0000000710500000, 0x0000000710600000, 0x0000000710600000|100%| E|CS|TAMS 0x0000000710500000, 0x0000000710500000| Complete 
| 246|0x0000000710600000, 0x0000000710700000, 0x0000000710700000|100%| E|CS|TAMS 0x0000000710600000, 0x0000000710600000| Complete 
| 247|0x0000000710700000, 0x0000000710800000, 0x0000000710800000|100%| E|CS|TAMS 0x0000000710700000, 0x0000000710700000| Complete 
| 248|0x0000000710800000, 0x0000000710900000, 0x0000000710900000|100%| E|CS|TAMS 0x0000000710800000, 0x0000000710800000| Complete 
| 249|0x0000000710900000, 0x0000000710a00000, 0x0000000710a00000|100%| E|CS|TAMS 0x0000000710900000, 0x0000000710900000| Complete 
| 250|0x0000000710a00000, 0x0000000710b00000, 0x0000000710b00000|100%| E|CS|TAMS 0x0000000710a00000, 0x0000000710a00000| Complete 
| 251|0x0000000710b00000, 0x0000000710c00000, 0x0000000710c00000|100%| E|CS|TAMS 0x0000000710b00000, 0x0000000710b00000| Complete 
| 252|0x0000000710c00000, 0x0000000710d00000, 0x0000000710d00000|100%| E|CS|TAMS 0x0000000710c00000, 0x0000000710c00000| Complete 
| 253|0x0000000710d00000, 0x0000000710e00000, 0x0000000710e00000|100%| E|CS|TAMS 0x0000000710d00000, 0x0000000710d00000| Complete 
| 254|0x0000000710e00000, 0x0000000710f00000, 0x0000000710f00000|100%| E|CS|TAMS 0x0000000710e00000, 0x0000000710e00000| Complete 
| 255|0x0000000710f00000, 0x0000000711000000, 0x0000000711000000|100%| E|CS|TAMS 0x0000000710f00000, 0x0000000710f00000| Complete 

Card table byte_map: [0x0000019bfcd50000,0x0000019bfd550000] _byte_map_base: 0x0000019bf9548000

Marking Bits (Prev, Next): (CMBitMap*) 0x0000019bf4c610f0, (CMBitMap*) 0x0000019bf4c610b8
 Prev Bits: [0x0000019b92fc0000, 0x0000019b96f80000)
 Next Bits: [0x0000019b8f000000, 0x0000019b92fc0000)

Polling page: 0x0000019bf43d0000

Metaspace:

Usage:
  Non-class:     27.04 MB capacity,    26.37 MB ( 98%) used,   565.06 KB (  2%) free+waste,   123.63 KB ( <1%) overhead. 
      Class:      4.31 MB capacity,     3.86 MB ( 90%) used,   394.75 KB (  9%) free+waste,    65.31 KB (  1%) overhead. 
       Both:     31.35 MB capacity,    30.23 MB ( 96%) used,   959.81 KB (  3%) free+waste,   188.94 KB ( <1%) overhead. 

Virtual space:
  Non-class space:       28.00 MB reserved,      27.25 MB ( 97%) committed 
      Class space:        1.00 GB reserved,       4.38 MB ( <1%) committed 
             Both:        1.03 GB reserved,      31.63 MB (  3%) committed 

Chunk freelists:
   Non-Class:  3.00 KB
       Class:  128 bytes
        Both:  3.13 KB

CodeHeap 'non-profiled nmethods': size=238336Kb used=4978Kb max_used=4978Kb free=233358Kb
 bounds [0x0000019b80740000, 0x0000019b80c20000, 0x0000019b8f000000]
CodeHeap 'non-nmethods': size=7424Kb used=1165Kb max_used=1165Kb free=6258Kb
 bounds [0x0000019b80000000, 0x0000019b80270000, 0x0000019b80740000]
 total_blobs=3751 nmethods=3257 adapters=420
 compilation: enabled
              stopped_count=0, restarted_count=0
 full_count=0

Compilation events (10 events):
Event: 1.180 Thread 0x0000019b9821f800 nmethod 3252 0x0000019b80c19b10 code [0x0000019b80c19d20, 0x0000019b80c1a208]
Event: 1.180 Thread 0x0000019b9821f800 3234       1       org.springframework.boot.context.properties.source.ConfigurationPropertyName::isIndexed (12 bytes)
Event: 1.180 Thread 0x0000019b9821f800 nmethod 3234 0x0000019b80c1a490 code [0x0000019b80c1a620, 0x0000019b80c1a738]
Event: 1.181 Thread 0x0000019b9821f800 3253  s!   1       jdk.internal.loader.URLClassPath::getLoader (194 bytes)
Event: 1.182 Thread 0x0000019b9821f800 nmethod 3253 0x0000019b80c1a890 code [0x0000019b80c1ab00, 0x0000019b80c1b5f8]
Event: 1.182 Thread 0x0000019b9821f800 3254       1       java.lang.invoke.LambdaFormEditor::oldSpeciesData (8 bytes)
Event: 1.182 Thread 0x0000019b9821f800 nmethod 3254 0x0000019b80c1bc10 code [0x0000019b80c1bda0, 0x0000019b80c1bf38]
Event: 1.182 Thread 0x0000019b9821f800 3255       1       org.springframework.orm.jpa.support.PersistenceAnnotationBeanPostProcessor$$Lambda$441/0x00000008003b8840::doWith (13 bytes)
Event: 1.182 Thread 0x0000019b9821f800 nmethod 3255 0x0000019b80c1c490 code [0x0000019b80c1c620, 0x0000019b80c1c708]
Event: 1.182 Thread 0x0000019b9821f800 3256       1       org.springframework.orm.jpa.support.PersistenceAnnotationBeanPostProcessor::lambda$buildPersistenceMetadata$0 (57 bytes)

GC Heap History (7 events):
Event: 0.395 GC heap before
{Heap before GC invocations=0 (full 0):
 garbage-first heap   total 262144K, used 24576K [0x0000000701000000, 0x0000000800000000)
  region size 1024K, 24 young (24576K), 0 survivors (0K)
 Metaspace       used 13056K, capacity 13453K, committed 13696K, reserved 1060864K
  class space    used 1449K, capacity 1612K, committed 1664K, reserved 1048576K
}
Event: 0.398 GC heap after
{Heap after GC invocations=1 (full 0):
 garbage-first heap   total 262144K, used 6654K [0x0000000701000000, 0x0000000800000000)
  region size 1024K, 3 young (3072K), 3 survivors (3072K)
 Metaspace       used 13056K, capacity 13453K, committed 13696K, reserved 1060864K
  class space    used 1449K, capacity 1612K, committed 1664K, reserved 1048576K
}
Event: 0.632 GC heap before
{Heap before GC invocations=1 (full 0):
 garbage-first heap   total 262144K, used 49662K [0x0000000701000000, 0x0000000800000000)
  region size 1024K, 46 young (47104K), 3 survivors (3072K)
 Metaspace       used 20550K, capacity 21164K, committed 21248K, reserved 1067008K
  class space    used 2503K, capacity 2766K, committed 2816K, reserved 1048576K
}
Event: 0.635 GC heap after
{Heap after GC invocations=2 (full 0):
 garbage-first heap   total 262144K, used 9265K [0x0000000701000000, 0x0000000800000000)
  region size 1024K, 6 young (6144K), 6 survivors (6144K)
 Metaspace       used 20550K, capacity 21164K, committed 21248K, reserved 1067008K
  class space    used 2503K, capacity 2766K, committed 2816K, reserved 1048576K
}
Event: 0.729 GC heap before
{Heap before GC invocations=3 (full 0):
 garbage-first heap   total 262144K, used 58417K [0x0000000701000000, 0x0000000800000000)
  region size 1024K, 55 young (56320K), 6 survivors (6144K)
 Metaspace       used 24454K, capacity 25197K, committed 25344K, reserved 1071104K
  class space    used 2970K, capacity 3290K, committed 3328K, reserved 1048576K
}
Event: 0.733 GC heap after
{Heap after GC invocations=4 (full 0):
 garbage-first heap   total 262144K, used 10727K [0x0000000701000000, 0x0000000800000000)
  region size 1024K, 4 young (4096K), 4 survivors (4096K)
 Metaspace       used 24454K, capacity 25197K, committed 25344K, reserved 1071104K
  class space    used 2970K, capacity 3290K, committed 3328K, reserved 1048576K
}
Event: 1.182 GC heap before
{Heap before GC invocations=4 (full 0):
 garbage-first heap   total 262144K, used 90599K [0x0000000701000000, 0x0000000800000000)
  region size 1024K, 83 young (84992K), 4 survivors (4096K)
 Metaspace       used 30954K, capacity 32103K, committed 32384K, reserved 1077248K
  class space    used 3954K, capacity 4415K, committed 4480K, reserved 1048576K
}

Deoptimization events (0 events):
No events

Classes redefined (0 events):
No events

Internal exceptions (10 events):
Event: 1.164 Thread 0x0000019bf4c00800 Exception <a 'java/lang/NoSuchMethodError'{0x000000070c12ed08}: java.lang.invoke.DirectMethodHandle$Holder.invokeInterface(Ljava/lang/Object;Ljava/lang/Object;I)V> (0x000000070c12ed08) thrown at [./open/src/hotspot/share/interpreter/linkResolver.cpp, line
Event: 1.165 Thread 0x0000019bf4c00800 Exception <a 'java/lang/NoSuchMethodError'{0x000000070c146db8}: java.lang.invoke.DirectMethodHandle$Holder.invokeVirtual(Ljava/lang/Object;Ljava/lang/Object;)I> (0x000000070c146db8) thrown at [./open/src/hotspot/share/interpreter/linkResolver.cpp, line 77
Event: 1.166 Thread 0x0000019b9a194800 Exception <a 'java/lang/NoSuchMethodError'{0x000000070c1bd368}: java.lang.invoke.DirectMethodHandle$Holder.invokeStatic(Ljava/lang/Object;Ljava/lang/Object;Ljava/lang/Object;Ljava/lang/Object;Ljava/lang/Object;Ljava/lang/Object;Ljava/lang/Object;Ljava/lan
Event: 1.166 Thread 0x0000019b9a194800 Exception <a 'java/lang/NoSuchMethodError'{0x000000070c1c9b88}: java.lang.invoke.DirectMethodHandle$Holder.invokeStatic(Ljava/lang/Object;Ljava/lang/Object;Ljava/lang/Object;Ljava/lang/Object;Ljava/lang/Object;Ljava/lang/Object;Ljava/lang/Object;Ljava/lan
Event: 1.166 Thread 0x0000019bf4c00800 Exception <a 'java/lang/IncompatibleClassChangeError'{0x000000070c17d008}: Found class java.lang.Object, but interface was expected> (0x000000070c17d008) thrown at [./open/src/hotspot/share/interpreter/linkResolver.cpp, line 838]
Event: 1.167 Thread 0x0000019bf4c00800 Exception <a 'java/lang/NoSuchMethodError'{0x000000070c001b28}: java.lang.invoke.DirectMethodHandle$Holder.invokeStatic(Ljava/lang/Object;ILjava/lang/Object;)V> (0x000000070c001b28) thrown at [./open/src/hotspot/share/interpreter/linkResolver.cpp, line 77
Event: 1.167 Thread 0x0000019b9a194800 Exception <a 'java/lang/NoSuchMethodError'{0x000000070c1e2db8}: java.lang.invoke.DelegatingMethodHandle$Holder.reinvoke_L(Ljava/lang/Object;ILjava/lang/Object;)Ljava/lang/Object;> (0x000000070c1e2db8) thrown at [./open/src/hotspot/share/interpreter/linkRe
Event: 1.176 Thread 0x0000019b9a194800 Exception <a 'java/lang/NoSuchMethodError'{0x000000070bf56ce0}: static [B.<clinit>()V> (0x000000070bf56ce0) thrown at [./open/src/hotspot/share/prims/jni.cpp, line 1366]
Event: 1.181 Thread 0x0000019b9a194800 Exception <a 'java/lang/ClassNotFoundException'{0x000000070bd1a130}: javax/management/remote/rmi/RMIConnectionImpl_Skel> (0x000000070bd1a130) thrown at [./open/src/hotspot/share/classfile/systemDictionary.cpp, line 227]
Event: 1.182 Thread 0x0000019b9a1ee000 Exception <a 'java/lang/NoSuchMethodError'{0x000000070bdc24b8}: java.lang.invoke.Invokers$Holder.linkToTargetMethod(Ljava/lang/Object;JLjava/lang/Object;)Ljava/lang/Object;> (0x000000070bdc24b8) thrown at [./open/src/hotspot/share/interpreter/linkResolver

Events (10 events):
Event: 1.181 loading class org/springframework/web/multipart/MultipartException
Event: 1.181 loading class org/springframework/web/multipart/MultipartException done
Event: 1.181 loading class javax/management/IntrospectionException done
Event: 1.181 loading class org/springframework/web/servlet/ModelAndView
Event: 1.181 loading class org/springframework/web/servlet/ModelAndView done
Event: 1.181 loading class javax/management/remote/rmi/RMIConnectionImpl_Skel
Event: 1.181 loading class javax/management/remote/rmi/RMIConnectionImpl_Skel done
Event: 1.182 loading class org/springframework/web/context/request/async/WebAsyncManager
Event: 1.182 loading class org/springframework/web/context/request/async/WebAsyncManager done
Event: 1.182 Executing VM operation: G1CollectForAllocation


Dynamic libraries:
0x00007ff762eb0000 - 0x00007ff762ebf000 	C:\Program Files\Java\jdk-11.0.13\bin\java.exe
0x00007ffc16e30000 - 0x00007ffc17025000 	C:\Windows\SYSTEM32\ntdll.dll
0x00007ffbf14e0000 - 0x00007ffbf14f3000 	C:\Program Files\AVG\Antivirus\aswhook.dll
0x00007ffc15020000 - 0x00007ffc150de000 	C:\Windows\System32\KERNEL32.DLL
0x00007ffc14a80000 - 0x00007ffc14d48000 	C:\Windows\System32\KERNELBASE.dll
0x00007ffc14540000 - 0x00007ffc14640000 	C:\Windows\System32\ucrtbase.dll
0x00007ffc13ef0000 - 0x00007ffc13f08000 	C:\Program Files\Java\jdk-11.0.13\bin\jli.dll
0x00007ffc0b880000 - 0x00007ffc0b895000 	C:\Program Files\Java\jdk-11.0.13\bin\VCRUNTIME140.dll
0x00007ffc16370000 - 0x00007ffc1641e000 	C:\Windows\System32\ADVAPI32.dll
0x00007ffc162b0000 - 0x00007ffc1634e000 	C:\Windows\System32\msvcrt.dll
0x00007ffc15630000 - 0x00007ffc156cc000 	C:\Windows\System32\sechost.dll
0x00007ffc15f20000 - 0x00007ffc16045000 	C:\Windows\System32\RPCRT4.dll
0x00007ffc14e70000 - 0x00007ffc15011000 	C:\Windows\System32\USER32.dll
0x00007ffc14d50000 - 0x00007ffc14d72000 	C:\Windows\System32\win32u.dll
0x00007ffc13940000 - 0x00007ffc13bda000 	C:\Windows\WinSxS\amd64_microsoft.windows.common-controls_6595b64144ccf1df_6.0.19041.1110_none_60b5254171f9507e\COMCTL32.dll
0x00007ffc15550000 - 0x00007ffc1557b000 	C:\Windows\System32\GDI32.dll
0x00007ffc14640000 - 0x00007ffc1474d000 	C:\Windows\System32\gdi32full.dll
0x00007ffc149e0000 - 0x00007ffc14a7d000 	C:\Windows\System32\msvcp_win.dll
0x00007ffc11120000 - 0x00007ffc1112a000 	C:\Windows\SYSTEM32\VERSION.dll
0x00007ffc15580000 - 0x00007ffc155b0000 	C:\Windows\System32\IMM32.DLL
0x00007ffbfe1e0000 - 0x00007ffbfe27b000 	C:\Program Files\Java\jdk-11.0.13\bin\msvcp140.dll
0x00007ffba83a0000 - 0x00007ffba8eb3000 	C:\Program Files\Java\jdk-11.0.13\bin\server\jvm.dll
0x00007ffc16350000 - 0x00007ffc16358000 	C:\Windows\System32\PSAPI.DLL
0x00007ffc01ea0000 - 0x00007ffc01ea9000 	C:\Windows\SYSTEM32\WSOCK32.dll
0x00007ffc03760000 - 0x00007ffc03787000 	C:\Windows\SYSTEM32\WINMM.dll
0x00007ffc157e0000 - 0x00007ffc1584b000 	C:\Windows\System32\WS2_32.dll
0x00007ffc116b0000 - 0x00007ffc116c2000 	C:\Windows\SYSTEM32\kernel.appcore.dll
0x00007ffc13ee0000 - 0x00007ffc13ef0000 	C:\Program Files\Java\jdk-11.0.13\bin\verify.dll
0x00007ffc13f60000 - 0x00007ffc14144000 	C:\Windows\SYSTEM32\DBGHELP.DLL
0x00007ffc13d10000 - 0x00007ffc13d3c000 	C:\Windows\SYSTEM32\dbgcore.DLL
0x00007ffc14de0000 - 0x00007ffc14e62000 	C:\Windows\System32\bcryptPrimitives.dll
0x00007ffc01030000 - 0x00007ffc01058000 	C:\Program Files\Java\jdk-11.0.13\bin\java.dll
0x00007ffc0b870000 - 0x00007ffc0b87a000 	C:\Program Files\Java\jdk-11.0.13\bin\jimage.dll
0x00007ffbfe0d0000 - 0x00007ffbfe0de000 	C:\Program Files\Java\jdk-11.0.13\bin\instrument.dll
0x00007ffc01010000 - 0x00007ffc01026000 	C:\Program Files\Java\jdk-11.0.13\bin\zip.dll
0x00007ffc16420000 - 0x00007ffc16b64000 	C:\Windows\System32\SHELL32.dll
0x00007ffc11970000 - 0x00007ffc12105000 	C:\Windows\SYSTEM32\windows.storage.dll
0x00007ffc151f0000 - 0x00007ffc15545000 	C:\Windows\System32\combase.dll
0x00007ffc138a0000 - 0x00007ffc138ce000 	C:\Windows\SYSTEM32\Wldp.dll
0x00007ffc15140000 - 0x00007ffc151ed000 	C:\Windows\System32\SHCORE.dll
0x00007ffc15780000 - 0x00007ffc157d5000 	C:\Windows\System32\shlwapi.dll
0x00007ffc14480000 - 0x00007ffc1449f000 	C:\Windows\SYSTEM32\profapi.dll
0x00007ffc00ff0000 - 0x00007ffc01009000 	C:\Program Files\Java\jdk-11.0.13\bin\net.dll
0x00007ffc0a310000 - 0x00007ffc0a41c000 	C:\Windows\SYSTEM32\WINHTTP.dll
0x00007ffc13600000 - 0x00007ffc1366a000 	C:\Windows\system32\mswsock.dll
0x00007ffbfe1c0000 - 0x00007ffbfe1d2000 	C:\Program Files\Java\jdk-11.0.13\bin\nio.dll
0x00007ffbfe090000 - 0x00007ffbfe0aa000 	C:\Program Files\JetBrains\IntelliJ IDEA 2021.2.3\bin\breakgen64.dll
0x00007ffc13330000 - 0x00007ffc133fb000 	C:\Windows\SYSTEM32\DNSAPI.dll
0x00007ffc132f0000 - 0x00007ffc1332b000 	C:\Windows\SYSTEM32\IPHLPAPI.DLL
0x00007ffc16180000 - 0x00007ffc16188000 	C:\Windows\System32\NSI.dll
0x00007ffc09e90000 - 0x00007ffc09e9a000 	C:\Windows\System32\rasadhlp.dll
0x00007ffc099a0000 - 0x00007ffc09a1f000 	C:\Windows\System32\fwpuclnt.dll
0x00007ffc14800000 - 0x00007ffc14827000 	C:\Windows\System32\bcrypt.dll
0x00007ffc0b860000 - 0x00007ffc0b869000 	C:\Program Files\Java\jdk-11.0.13\bin\management.dll
0x00007ffc01120000 - 0x00007ffc0112b000 	C:\Program Files\Java\jdk-11.0.13\bin\management_ext.dll
0x00007ffc142c0000 - 0x00007ffc142d8000 	C:\Windows\SYSTEM32\CRYPTSP.dll
0x00007ffc12fa0000 - 0x00007ffc12fd4000 	C:\Windows\system32\rsaenh.dll
0x00007ffc14440000 - 0x00007ffc1446e000 	C:\Windows\SYSTEM32\USERENV.dll
0x00007ffc13890000 - 0x00007ffc1389c000 	C:\Windows\SYSTEM32\CRYPTBASE.dll
0x00007ffc0dc20000 - 0x00007ffc0dc37000 	C:\Windows\SYSTEM32\dhcpcsvc6.DLL
0x00007ffc0dc00000 - 0x00007ffc0dc1d000 	C:\Windows\SYSTEM32\dhcpcsvc.DLL
0x00007ffbf8030000 - 0x00007ffbf8047000 	C:\Windows\system32\napinsp.dll
0x00007ffbf7e00000 - 0x00007ffbf7e1b000 	C:\Windows\system32\pnrpnsp.dll
0x00007ffbf60f0000 - 0x00007ffbf6105000 	C:\Windows\system32\wshbth.dll
0x00007ffc0f400000 - 0x00007ffc0f41d000 	C:\Windows\system32\NLAapi.dll
0x00007ffbf60d0000 - 0x00007ffbf60e2000 	C:\Windows\System32\winrnr.dll

dbghelp: loaded successfully - version: 4.0.5 - missing functions: none
symbol engine: initialized successfully - sym options: 0x614 - pdb path: .;C:\Program Files\Java\jdk-11.0.13\bin;C:\Windows\SYSTEM32;C:\Program Files\AVG\Antivirus;C:\Windows\WinSxS\amd64_microsoft.windows.common-controls_6595b64144ccf1df_6.0.19041.1110_none_60b5254171f9507e;C:\Program Files\Java\jdk-11.0.13\bin\server;C:\Program Files\JetBrains\IntelliJ IDEA 2021.2.3\bin

VM Arguments:
jvm_args: -XX:TieredStopAtLevel=1 -Xverify:none -Dspring.output.ansi.enabled=always -javaagent:C:\Program Files\JetBrains\IntelliJ IDEA 2021.2.3\lib\idea_rt.jar=2535:C:\Program Files\JetBrains\IntelliJ IDEA 2021.2.3\bin -Dcom.sun.management.jmxremote -Dspring.jmx.enabled=true -Dspring.liveBeansView.mbeanDomain -Dspring.application.admin.enabled=true -Dfile.encoding=UTF-8 
java_command: com.example.board.BoardApplication
java_class_path (initial): C:\Users\Administrator\Desktop\colin_pilot_project\board_colin\build\classes\java\main;C:\Users\Administrator\Desktop\colin_pilot_project\board_colin\build\resources\main;C:\Users\Administrator\.gradle\caches\modules-2\files-2.1\org.projectlombok\lombok\1.18.22\9c08ea24c6eb714e2d6170e8122c069a0ba9aacf\lombok-1.18.22.jar;C:\Users\Administrator\.gradle\caches\modules-2\files-2.1\org.springframework.boot\spring-boot-starter-web\2.5.7\a994b0ea2c992aded6d9e19be8ba8fdfb3a17d9e\spring-boot-starter-web-2.5.7.jar;C:\Users\Administrator\.gradle\caches\modules-2\files-2.1\com.h2database\h2\1.4.200\f7533fe7cb8e99c87a43d325a77b4b678ad9031a\h2-1.4.200.jar;C:\Users\Administrator\.gradle\caches\modules-2\files-2.1\org.springframework.boot\spring-boot-starter-mustache\2.5.7\d80db6adeeee0a6e0d47760cd37b5702b5f40f8d\spring-boot-starter-mustache-2.5.7.jar;C:\Users\Administrator\.gradle\caches\modules-2\files-2.1\org.springframework.boot\spring-boot-starter-security\2.5.7\e83f829aefc738c80318d753b198f87575047d21\spring-boot-starter-security-2.5.7.jar;C:\Users\Administrator\.gradle\caches\modules-2\files-2.1\org.springframework.boot\spring-boot-starter-validation\2.5.7\6302c6a44c80fe9f004bb92f217f0c596852940b\spring-boot-starter-validation-2.5.7.jar;C:\Users\Administrator\.gradle\caches\modules-2\files-2.1\org.hibernate\hibernate-core\5.3.7.Final\f87c5c1bbfc638309824140e68dfaaeb1bb479f3\hibernate-core-5.3.7.Final.jar;C:\Users\Administrator\.gradle\caches\modules-2\files-2.1\org.springframework\spring-orm\5.3.6\804d2fe2df5c2aee3b263e22e28741731724a515\spring-orm-5.3.6.jar;C:\Users\Administrator\.gradle\caches\modules-2\files-2.1\org.springframework.boot\spring-boot-starter-json\2.5.7\fd850e2a7179487af4c8721bd5a6f3c3db70b263\spring-boot-starter-json-2.5.7.jar;C:\Users\Administrator\.gradle\caches\modules-2\files-2.1\org.springframework.boot\spring-boot-starter\2.5.7\cc377ad9f75def23610d386e5792666e3d88c20c\spring-boot-starter-2.5.7.jar;C:\Users\Administrator\.g
Launcher Type: SUN_STANDARD

[Global flags]
     bool BytecodeVerificationLocal                = false                                     {product} {command line}
     bool BytecodeVerificationRemote               = false                                     {product} {command line}
     intx CICompilerCount                          = 4                                         {product} {ergonomic}
     uint ConcGCThreads                            = 2                                         {product} {ergonomic}
     uint G1ConcRefinementThreads                  = 8                                         {product} {ergonomic}
   size_t G1HeapRegionSize                         = 1048576                                   {product} {ergonomic}
    uintx GCDrainStackTargetSize                   = 64                                        {product} {ergonomic}
   size_t InitialHeapSize                          = 268435456                                 {product} {ergonomic}
     bool ManagementServer                         = true                                      {product} {command line}
   size_t MarkStackSize                            = 4194304                                   {product} {ergonomic}
   size_t MaxHeapSize                              = 4278190080                                {product} {ergonomic}
   size_t MaxNewSize                               = 2566914048                                {product} {ergonomic}
   size_t MinHeapDeltaBytes                        = 1048576                                   {product} {ergonomic}
    uintx NonNMethodCodeHeapSize                   = 7549744                                {pd product} {ergonomic}
    uintx NonProfiledCodeHeapSize                  = 244108496                              {pd product} {ergonomic}
    uintx ProfiledCodeHeapSize                     = 0                                      {pd product} {ergonomic}
    uintx ReservedCodeCacheSize                    = 251658240                              {pd product} {ergonomic}
     bool SegmentedCodeCache                       = true                                      {product} {ergonomic}
     intx TieredStopAtLevel                        = 1                                         {product} {command line}
     bool UseCompressedClassPointers               = true                                 {lp64_product} {ergonomic}
     bool UseCompressedOops                        = true                                 {lp64_product} {ergonomic}
     bool UseG1GC                                  = true                                      {product} {ergonomic}
     bool UseLargePagesIndividualAllocation        = false                                  {pd product} {ergonomic}

Logging:
Log output configuration:
 #0: stdout all=warning uptime,level,tags
 #1: stderr all=off uptime,level,tags

Environment Variables:
JAVA_HOME=C:\Program Files\Java\jdk-11.0.13
PATH=C:\Program Files\Common Files\Oracle\Java\javapath;C:\Windows\system32;C:\Windows;C:\Windows\System32\Wbem;C:\Windows\System32\WindowsPowerShell\v1.0\;C:\Windows\System32\OpenSSH\;C:\Program Files (x86)\NVIDIA Corporation\PhysX\Common;C:\Program Files\Git\cmd;C:\Program Files (x86)\NetSarang\Xshell 7\;C:\Program Files\MySQL\MySQL Server 8.0\bin;C:\Users\Administrator\AppData\Local\Microsoft\WindowsApps;C:\Program Files\Bandizip\;C:\Program Files\JetBrains\IntelliJ IDEA Community Edition 2021.2.3\bin;;C:\Program Files\JetBrains\IntelliJ IDEA 2021.2.3\bin;;C:\Program Files\Java\jdk-11.0.13;C:\Program Files\Java\jdk-11.0.13\;
USERNAME=Colin
OS=Windows_NT
PROCESSOR_IDENTIFIER=Intel64 Family 6 Model 158 Stepping 13, GenuineIntel



---------------  S Y S T E M  ---------------

OS: Windows 10 , 64 bit Build 19041 (10.0.19041.1466)

CPU:total 8 (initial active 8) (8 cores per cpu, 1 threads per core) family 6 model 158 stepping 13 microcode 0xca, cmov, cx8, fxsr, mmx, sse, sse2, sse3, ssse3, sse4.1, sse4.2, popcnt, avx, avx2, aes, clmul, erms, 3dnowpref, lzcnt, tsc, tscinvbit, bmi1, bmi2, adx, fma

Memory: 4k page, system-wide physical 16318M (7144M free)
TotalPageFile size 32702M (AvailPageFile size 19368M)
current process WorkingSet (physical memory assigned to process): 179M, peak: 179M
current process commit charge ("private bytes"): 383M, peak: 383M

vm_info: Java HotSpot(TM) 64-Bit Server VM (11.0.13+10-LTS-370) for windows-amd64 JRE (11.0.13+10-LTS-370), built on Sep 15 2021 22:10:36 by "mach5one" with MS VC++ 15.9 (VS2017)

END.
