#
# A fatal error has been detected by the Java Runtime Environment:
#
#  EXCEPTION_ACCESS_VIOLATION (0xc0000005) at pc=0x00007ffe2fad0278, pid=4908, tid=5212
#
# JRE version: Java(TM) SE Runtime Environment 18.9 (11.0.13+10) (build 11.0.13+10-LTS-370)
# Java VM: Java HotSpot(TM) 64-Bit Server VM 18.9 (11.0.13+10-LTS-370, mixed mode, tiered, compressed oops, g1 gc, windows-amd64)
# Problematic frame:
# V  [jvm.dll+0x520278]
#
# No core dump will be written. Minidumps are not enabled by default on client versions of Windows
#
# If you would like to submit a bug report, please visit:
#   https://bugreport.java.com/bugreport/crash.jsp
#

---------------  S U M M A R Y ------------

Command Line: -XX:TieredStopAtLevel=1 -Xverify:none -Dspring.output.ansi.enabled=always -javaagent:C:\Program Files\JetBrains\IntelliJ IDEA 2021.2.3\lib\idea_rt.jar=1836:C:\Program Files\JetBrains\IntelliJ IDEA 2021.2.3\bin -Dcom.sun.management.jmxremote -Dspring.jmx.enabled=true -Dspring.liveBeansView.mbeanDomain -Dspring.application.admin.enabled=true -Dfile.encoding=UTF-8 com.example.board.BoardApplication

Host: Intel(R) Core(TM) i7-9700F CPU @ 3.00GHz, 8 cores, 15G,  Windows 10 , 64 bit Build 19041 (10.0.19041.1466)
Time: Mon Jan 24 14:40:51 2022 대한민국 표준시 elapsed time: 7.217001 seconds (0d 0h 0m 7s)

---------------  T H R E A D  ---------------

Current thread (0x0000013b3387d000):  JavaThread "http-nio-8080-exec-5" daemon [_thread_in_vm, id=5212, stack(0x0000000c43b00000,0x0000000c43c00000)]

Stack: [0x0000000c43b00000,0x0000000c43c00000],  sp=0x0000000c43bfc6c0,  free space=1009k
Native frames: (J=compiled Java code, j=interpreted, Vv=VM code, C=native code)
V  [jvm.dll+0x520278]
V  [jvm.dll+0x51e570]
V  [jvm.dll+0x51f021]
V  [jvm.dll+0x35e328]
V  [jvm.dll+0x35d9a8]
C  0x0000013b133cdc18

Java frames: (J=compiled Java code, j=interpreted, Vv=VM code)
j  org.hibernate.internal.SessionImpl.applyEntityManagerSpecificProperties()V+35
j  org.hibernate.internal.SessionImpl.applyProperties()V+1
j  org.hibernate.internal.SessionImpl.<init>(Lorg/hibernate/internal/SessionFactoryImpl;Lorg/hibernate/internal/SessionCreationOptions;)V+243
j  org.hibernate.internal.SessionFactoryImpl$SessionBuilderImpl.openSession()Lorg/hibernate/Session;+25
j  org.hibernate.internal.SessionFactoryImpl.openSession()Lorg/hibernate/Session;+4
j  com.example.board.domain.member.JpaMemberRepository.findByUsername(Ljava/lang/String;)Ljava/util/Optional;+4
j  com.example.board.domain.member.JpaMemberRepository$$FastClassBySpringCGLIB$$1bf0397c.invoke(ILjava/lang/Object;[Ljava/lang/Object;)Ljava/lang/Object;+127
j  org.springframework.cglib.proxy.MethodProxy.invoke(Ljava/lang/Object;[Ljava/lang/Object;)Ljava/lang/Object;+19
j  org.springframework.aop.framework.CglibAopProxy$CglibMethodInvocation.invokeJoinpoint()Ljava/lang/Object;+19
j  org.springframework.aop.framework.ReflectiveMethodInvocation.proceed()Ljava/lang/Object;+19
j  org.springframework.aop.framework.CglibAopProxy$CglibMethodInvocation.proceed()Ljava/lang/Object;+1
j  org.springframework.dao.support.PersistenceExceptionTranslationInterceptor.invoke(Lorg/aopalliance/intercept/MethodInvocation;)Ljava/lang/Object;+1
j  org.springframework.aop.framework.ReflectiveMethodInvocation.proceed()Ljava/lang/Object;+120
j  org.springframework.aop.framework.CglibAopProxy$CglibMethodInvocation.proceed()Ljava/lang/Object;+1
j  org.springframework.aop.framework.CglibAopProxy$DynamicAdvisedInterceptor.intercept(Ljava/lang/Object;Ljava/lang/reflect/Method;[Ljava/lang/Object;Lorg/springframework/cglib/proxy/MethodProxy;)Ljava/lang/Object;+149
j  com.example.board.domain.member.JpaMemberRepository$$EnhancerBySpringCGLIB$$ad556fdf.findByUsername(Ljava/lang/String;)Ljava/util/Optional;+36
j  com.example.board.config.security.auth.PrincipalDetailService.loadUserByUsername(Ljava/lang/String;)Lorg/springframework/security/core/userdetails/UserDetails;+5
j  org.springframework.security.authentication.dao.DaoAuthenticationProvider.retrieveUser(Ljava/lang/String;Lorg/springframework/security/authentication/UsernamePasswordAuthenticationToken;)Lorg/springframework/security/core/userdetails/UserDetails;+9
j  org.springframework.security.authentication.dao.AbstractUserDetailsAuthenticationProvider.authenticate(Lorg/springframework/security/core/Authentication;)Lorg/springframework/security/core/Authentication;+45
j  org.springframework.security.authentication.ProviderManager.authenticate(Lorg/springframework/security/core/Authentication;)Lorg/springframework/security/core/Authentication;+125
j  org.springframework.security.authentication.ProviderManager.authenticate(Lorg/springframework/security/core/Authentication;)Lorg/springframework/security/core/Authentication;+187
j  org.springframework.security.web.authentication.UsernamePasswordAuthenticationFilter.attemptAuthentication(Ljavax/servlet/http/HttpServletRequest;Ljavax/servlet/http/HttpServletResponse;)Lorg/springframework/security/core/Authentication;+121
j  org.springframework.security.web.authentication.AbstractAuthenticationProcessingFilter.doFilter(Ljavax/servlet/http/HttpServletRequest;Ljavax/servlet/http/HttpServletResponse;Ljavax/servlet/FilterChain;)V+21
j  org.springframework.security.web.authentication.AbstractAuthenticationProcessingFilter.doFilter(Ljavax/servlet/ServletRequest;Ljavax/servlet/ServletResponse;Ljavax/servlet/FilterChain;)V+10
j  org.springframework.security.web.FilterChainProxy$VirtualFilterChain.doFilter(Ljavax/servlet/ServletRequest;Ljavax/servlet/ServletResponse;)V+136
j  org.springframework.security.web.authentication.logout.LogoutFilter.doFilter(Ljavax/servlet/http/HttpServletRequest;Ljavax/servlet/http/HttpServletResponse;Ljavax/servlet/FilterChain;)V+77
j  org.springframework.security.web.authentication.logout.LogoutFilter.doFilter(Ljavax/servlet/ServletRequest;Ljavax/servlet/ServletResponse;Ljavax/servlet/FilterChain;)V+10
j  org.springframework.security.web.FilterChainProxy$VirtualFilterChain.doFilter(Ljavax/servlet/ServletRequest;Ljavax/servlet/ServletResponse;)V+136
j  org.springframework.security.web.header.HeaderWriterFilter.doHeadersAfter(Ljavax/servlet/http/HttpServletRequest;Ljavax/servlet/http/HttpServletResponse;Ljavax/servlet/FilterChain;)V+29
j  org.springframework.security.web.header.HeaderWriterFilter.doFilterInternal(Ljavax/servlet/http/HttpServletRequest;Ljavax/servlet/http/HttpServletResponse;Ljavax/servlet/FilterChain;)V+21
j  org.springframework.web.filter.OncePerRequestFilter.doFilter(Ljavax/servlet/ServletRequest;Ljavax/servlet/ServletResponse;Ljavax/servlet/FilterChain;)V+147
j  org.springframework.security.web.FilterChainProxy$VirtualFilterChain.doFilter(Ljavax/servlet/ServletRequest;Ljavax/servlet/ServletResponse;)V+136
j  org.springframework.security.web.context.SecurityContextPersistenceFilter.doFilter(Ljavax/servlet/http/HttpServletRequest;Ljavax/servlet/http/HttpServletResponse;Ljavax/servlet/FilterChain;)V+181
j  org.springframework.security.web.context.SecurityContextPersistenceFilter.doFilter(Ljavax/servlet/ServletRequest;Ljavax/servlet/ServletResponse;Ljavax/servlet/FilterChain;)V+10
j  org.springframework.security.web.FilterChainProxy$VirtualFilterChain.doFilter(Ljavax/servlet/ServletRequest;Ljavax/servlet/ServletResponse;)V+136
j  org.springframework.security.web.context.request.async.WebAsyncManagerIntegrationFilter.doFilterInternal(Ljavax/servlet/http/HttpServletRequest;Ljavax/servlet/http/HttpServletResponse;Ljavax/servlet/FilterChain;)V+42
j  org.springframework.web.filter.OncePerRequestFilter.doFilter(Ljavax/servlet/ServletRequest;Ljavax/servlet/ServletResponse;Ljavax/servlet/FilterChain;)V+147
j  org.springframework.security.web.FilterChainProxy$VirtualFilterChain.doFilter(Ljavax/servlet/ServletRequest;Ljavax/servlet/ServletResponse;)V+136
j  org.springframework.security.web.FilterChainProxy.doFilterInternal(Ljavax/servlet/ServletRequest;Ljavax/servlet/ServletResponse;Ljavax/servlet/FilterChain;)V+148
j  org.springframework.security.web.FilterChainProxy.doFilter(Ljavax/servlet/ServletRequest;Ljavax/servlet/ServletResponse;Ljavax/servlet/FilterChain;)V+48
j  org.springframework.web.filter.DelegatingFilterProxy.invokeDelegate(Ljavax/servlet/Filter;Ljavax/servlet/ServletRequest;Ljavax/servlet/ServletResponse;Ljavax/servlet/FilterChain;)V+5
j  org.springframework.web.filter.DelegatingFilterProxy.doFilter(Ljavax/servlet/ServletRequest;Ljavax/servlet/ServletResponse;Ljavax/servlet/FilterChain;)V+85
j  org.apache.catalina.core.ApplicationFilterChain.internalDoFilter(Ljavax/servlet/ServletRequest;Ljavax/servlet/ServletResponse;)V+135
j  org.apache.catalina.core.ApplicationFilterChain.doFilter(Ljavax/servlet/ServletRequest;Ljavax/servlet/ServletResponse;)V+99
j  org.springframework.web.filter.RequestContextFilter.doFilterInternal(Ljavax/servlet/http/HttpServletRequest;Ljavax/servlet/http/HttpServletResponse;Ljavax/servlet/FilterChain;)V+21
j  org.springframework.web.filter.OncePerRequestFilter.doFilter(Ljavax/servlet/ServletRequest;Ljavax/servlet/ServletResponse;Ljavax/servlet/FilterChain;)V+147
j  org.apache.catalina.core.ApplicationFilterChain.internalDoFilter(Ljavax/servlet/ServletRequest;Ljavax/servlet/ServletResponse;)V+135
j  org.apache.catalina.core.ApplicationFilterChain.doFilter(Ljavax/servlet/ServletRequest;Ljavax/servlet/ServletResponse;)V+99
j  org.springframework.web.filter.FormContentFilter.doFilterInternal(Ljavax/servlet/http/HttpServletRequest;Ljavax/servlet/http/HttpServletResponse;Ljavax/servlet/FilterChain;)V+38
j  org.springframework.web.filter.OncePerRequestFilter.doFilter(Ljavax/servlet/ServletRequest;Ljavax/servlet/ServletResponse;Ljavax/servlet/FilterChain;)V+147
j  org.apache.catalina.core.ApplicationFilterChain.internalDoFilter(Ljavax/servlet/ServletRequest;Ljavax/servlet/ServletResponse;)V+135
j  org.apache.catalina.core.ApplicationFilterChain.doFilter(Ljavax/servlet/ServletRequest;Ljavax/servlet/ServletResponse;)V+99
j  org.springframework.web.filter.HiddenHttpMethodFilter.doFilterInternal(Ljavax/servlet/http/HttpServletRequest;Ljavax/servlet/http/HttpServletResponse;Ljavax/servlet/FilterChain;)V+87
j  org.springframework.web.filter.OncePerRequestFilter.doFilter(Ljavax/servlet/ServletRequest;Ljavax/servlet/ServletResponse;Ljavax/servlet/FilterChain;)V+147
j  org.apache.catalina.core.ApplicationFilterChain.internalDoFilter(Ljavax/servlet/ServletRequest;Ljavax/servlet/ServletResponse;)V+135
j  org.apache.catalina.core.ApplicationFilterChain.doFilter(Ljavax/servlet/ServletRequest;Ljavax/servlet/ServletResponse;)V+99
j  org.springframework.web.filter.CharacterEncodingFilter.doFilterInternal(Ljavax/servlet/http/HttpServletRequest;Ljavax/servlet/http/HttpServletResponse;Ljavax/servlet/FilterChain;)V+53
j  org.springframework.web.filter.OncePerRequestFilter.doFilter(Ljavax/servlet/ServletRequest;Ljavax/servlet/ServletResponse;Ljavax/servlet/FilterChain;)V+147
j  org.apache.catalina.core.ApplicationFilterChain.internalDoFilter(Ljavax/servlet/ServletRequest;Ljavax/servlet/ServletResponse;)V+135
j  org.apache.catalina.core.ApplicationFilterChain.doFilter(Ljavax/servlet/ServletRequest;Ljavax/servlet/ServletResponse;)V+99
j  org.apache.catalina.core.StandardWrapperValve.invoke(Lorg/apache/catalina/connector/Request;Lorg/apache/catalina/connector/Response;)V+694
j  org.apache.catalina.core.StandardContextValve.invoke(Lorg/apache/catalina/connector/Request;Lorg/apache/catalina/connector/Response;)V+169
j  org.apache.catalina.authenticator.AuthenticatorBase.invoke(Lorg/apache/catalina/connector/Request;Lorg/apache/catalina/connector/Response;)V+260
j  org.apache.catalina.core.StandardHostValve.invoke(Lorg/apache/catalina/connector/Request;Lorg/apache/catalina/connector/Response;)V+128
j  org.apache.catalina.valves.ErrorReportValve.invoke(Lorg/apache/catalina/connector/Request;Lorg/apache/catalina/connector/Response;)V+6
j  org.apache.catalina.core.StandardEngineValve.invoke(Lorg/apache/catalina/connector/Request;Lorg/apache/catalina/connector/Response;)V+59
j  org.apache.catalina.connector.CoyoteAdapter.service(Lorg/apache/coyote/Request;Lorg/apache/coyote/Response;)V+199
j  org.apache.coyote.http11.Http11Processor.service(Lorg/apache/tomcat/util/net/SocketWrapperBase;)Lorg/apache/tomcat/util/net/AbstractEndpoint$Handler$SocketState;+737
j  org.apache.coyote.AbstractProcessorLight.process(Lorg/apache/tomcat/util/net/SocketWrapperBase;Lorg/apache/tomcat/util/net/SocketEvent;)Lorg/apache/tomcat/util/net/AbstractEndpoint$Handler$SocketState;+170
j  org.apache.coyote.AbstractProtocol$ConnectionHandler.process(Lorg/apache/tomcat/util/net/SocketWrapperBase;Lorg/apache/tomcat/util/net/SocketEvent;)Lorg/apache/tomcat/util/net/AbstractEndpoint$Handler$SocketState;+505
j  org.apache.tomcat.util.net.NioEndpoint$SocketProcessor.doRun()V+216
j  org.apache.tomcat.util.net.SocketProcessorBase.run()V+21
j  org.apache.tomcat.util.threads.ThreadPoolExecutor.runWorker(Lorg/apache/tomcat/util/threads/ThreadPoolExecutor$Worker;)V+92
j  org.apache.tomcat.util.threads.ThreadPoolExecutor$Worker.run()V+5
j  org.apache.tomcat.util.threads.TaskThread$WrappingRunnable.run()V+4
j  java.lang.Thread.run()V+11 java.base@11.0.13
v  ~StubRoutines::call_stub

siginfo: EXCEPTION_ACCESS_VIOLATION (0xc0000005), reading address 0x000000082a0500d5


Register to memory mapping:

RIP=0x00007ffe2fad0278 jvm.dll
RAX=0x0000a95af0882860 is an unknown value
RBX=0x0000000c43bfc880 is pointing into the stack for thread: 0x0000013b3387d000
RCX=0x0000000000000020 is an unknown value
RDX=0x0000000c43bfc880 is pointing into the stack for thread: 0x0000013b3387d000
RSP=0x0000000c43bfc6c0 is pointing into the stack for thread: 0x0000013b3387d000
RBP=0x0000000800006e48 is a pointer to class: 
java.util.Map {0x0000000800006e50}
RSI=0x0000000c43bfc9f0 is pointing into the stack for thread: 0x0000013b3387d000
RDI=0x0000013b3387d000 is a thread
R8 =0x0000000800006e48 is a pointer to class: 
java.util.Map {0x0000000800006e50}
R9 =0x0000013b3399f228 points into unknown readable memory: 0x000000070f9bb258 | 58 b2 9b 0f 07 00 00 00
R10=0x0000013b337f3890 points into unknown readable memory: 0x000001e000000005 | 05 00 00 00 e0 01 00 00
R11={method} {0x0000013b2ea468a8} 'containsKey' '(Ljava/lang/Object;)Z' in 'java/util/Map'
R12=0x0000013b33867b00 points into unknown readable memory: 0x0000000000000000 | 00 00 00 00 00 00 00 00
R13=0x00000000000000b9 is an unknown value
R14=0x000000082a0500b5 is an unknown value
R15=0x0000000000000001 is an unknown value


Registers:
RAX=0x0000a95af0882860, RBX=0x0000000c43bfc880, RCX=0x0000000000000020, RDX=0x0000000c43bfc880
RSP=0x0000000c43bfc6c0, RBP=0x0000000800006e48, RSI=0x0000000c43bfc9f0, RDI=0x0000013b3387d000
R8 =0x0000000800006e48, R9 =0x0000013b3399f228, R10=0x0000013b337f3890, R11=0x0000013b2ea468a0
R12=0x0000013b33867b00, R13=0x00000000000000b9, R14=0x000000082a0500b5, R15=0x0000000000000001
RIP=0x00007ffe2fad0278, EFLAGS=0x0000000000010206

Top of Stack: (sp=0x0000000c43bfc6c0)
0x0000000c43bfc6c0:   00007ffe2fe4d1a0 0000013b3387d000
0x0000000c43bfc6d0:   0000013b3387d000 0000000c43bfc930
0x0000000c43bfc6e0:   0000013b2ea468a0 0000013b2ea468a0
0x0000000c43bfc6f0:   0000013b3387d000 0000013b338e49a0
0x0000000c43bfc700:   0000000000000000 0000000c43bfc9d0
0x0000000c43bfc710:   0000013b3387d000 0000013b3387d000
0x0000000c43bfc720:   0000013b332a4318 0000013b3387d000
0x0000000c43bfc730:   0000013b34ea0101 0000013b3387d000
0x0000000c43bfc740:   0000013b000000b2 0000013b3387d000
0x0000000c43bfc750:   000000080088c588 0000000000000000
0x0000000c43bfc760:   0000a95af0882880 0000013b338e49a0
0x0000000c43bfc770:   0000013b2e948440 00007ffe2f8da47a
0x0000000c43bfc780:   0000000c43bfc990 000000080087aa58
0x0000000c43bfc790:   0000013b3387d000 0000000c43bfc9a0
0x0000000c43bfc7a0:   0000013b338e41a0 00007ffe2facd4c3
0x0000000c43bfc7b0:   0000013b34ea2af8 0000013b3399f228 

Instructions: (pc=0x00007ffe2fad0278)
0x00007ffe2fad0258:   8b cf e8 31 b5 d9 ff e9 12 03 00 00 41 8b 48 10
0x00007ffe2fad0268:   4c 89 a4 24 98 01 00 00 4c 89 ac 24 40 01 00 00
0x00007ffe2fad0278:   4a 39 2c 31 0f 84 b7 00 00 00 83 f9 20 75 13 48
0x00007ffe2fad0288:   8b d5 49 8b ce e8 6e 17 fe ff 84 c0 0f 85 9f 00 


Stack slot to memory mapping:
stack at sp + 0 slots: 0x00007ffe2fe4d1a0 jvm.dll
stack at sp + 1 slots: 0x0000013b3387d000 is a thread
stack at sp + 2 slots: 0x0000013b3387d000 is a thread
stack at sp + 3 slots: 0x0000000c43bfc930 is pointing into the stack for thread: 0x0000013b3387d000
stack at sp + 4 slots: {method} {0x0000013b2ea468a8} 'containsKey' '(Ljava/lang/Object;)Z' in 'java/util/Map'
stack at sp + 5 slots: {method} {0x0000013b2ea468a8} 'containsKey' '(Ljava/lang/Object;)Z' in 'java/util/Map'
stack at sp + 6 slots: 0x0000013b3387d000 is a thread
stack at sp + 7 slots: 0x0000013b338e49a0 points into unknown readable memory: 0x4e45d71800010022 | 22 00 01 00 18 d7 45 4e


---------------  P R O C E S S  ---------------

Threads class SMR info:
_java_thread_list=0x0000013b337f4310, length=25, elements={
0x0000013b2e9e5000, 0x0000013b2e9e7000, 0x0000013b2f2ff800, 0x0000013b2f302000,
0x0000013b2f305000, 0x0000013b2f306000, 0x0000013b2f311000, 0x0000013b2e99f000,
0x0000013b2f799800, 0x0000013b2f95b000, 0x0000013b31167800, 0x0000013b3111f000,
0x0000013b311ed800, 0x0000013b31200800, 0x0000013b31207000, 0x0000013b31210000,
0x0000013b337f8800, 0x0000013b337f9000, 0x0000013b337fa000, 0x0000013b337fa800,
0x0000013b3387b000, 0x0000013b3387f800, 0x0000013b3387e800, 0x0000013b3387c000,
0x0000013b3387d000
}

Java Threads: ( => current thread )
  0x0000013b2e9e5000 JavaThread "Reference Handler" daemon [_thread_blocked, id=11492, stack(0x0000000c41b00000,0x0000000c41c00000)]
  0x0000013b2e9e7000 JavaThread "Finalizer" daemon [_thread_blocked, id=12224, stack(0x0000000c41c00000,0x0000000c41d00000)]
  0x0000013b2f2ff800 JavaThread "Signal Dispatcher" daemon [_thread_blocked, id=12908, stack(0x0000000c41d00000,0x0000000c41e00000)]
  0x0000013b2f302000 JavaThread "Attach Listener" daemon [_thread_blocked, id=7824, stack(0x0000000c41e00000,0x0000000c41f00000)]
  0x0000013b2f305000 JavaThread "Service Thread" daemon [_thread_blocked, id=3100, stack(0x0000000c41f00000,0x0000000c42000000)]
  0x0000013b2f306000 JavaThread "C1 CompilerThread0" daemon [_thread_blocked, id=13292, stack(0x0000000c42000000,0x0000000c42100000)]
  0x0000013b2f311000 JavaThread "Sweeper thread" daemon [_thread_blocked, id=2060, stack(0x0000000c42100000,0x0000000c42200000)]
  0x0000013b2e99f000 JavaThread "Common-Cleaner" daemon [_thread_blocked, id=11564, stack(0x0000000c42200000,0x0000000c42300000)]
  0x0000013b2f799800 JavaThread "Monitor Ctrl-Break" daemon [_thread_in_native, id=9276, stack(0x0000000c42300000,0x0000000c42400000)]
  0x0000013b2f95b000 JavaThread "RMI TCP Accept-0" daemon [_thread_in_native, id=12088, stack(0x0000000c42400000,0x0000000c42500000)]
  0x0000013b31167800 JavaThread "RMI TCP Connection(1)-192.168.9.55" daemon [_thread_in_native, id=7396, stack(0x0000000c42b00000,0x0000000c42c00000)]
  0x0000013b3111f000 JavaThread "RMI Scheduler(0)" daemon [_thread_blocked, id=11708, stack(0x0000000c42d00000,0x0000000c42e00000)]
  0x0000013b311ed800 JavaThread "Catalina-utility-1" [_thread_blocked, id=10976, stack(0x0000000c42e00000,0x0000000c42f00000)]
  0x0000013b31200800 JavaThread "Catalina-utility-2" [_thread_blocked, id=2616, stack(0x0000000c42f00000,0x0000000c43000000)]
  0x0000013b31207000 JavaThread "container-0" [_thread_blocked, id=292, stack(0x0000000c43000000,0x0000000c43100000)]
  0x0000013b31210000 JavaThread "mysql-cj-abandoned-connection-cleanup" daemon [_thread_blocked, id=8772, stack(0x0000000c43100000,0x0000000c43200000)]
  0x0000013b337f8800 JavaThread "http-nio-8080-Poller" daemon [_thread_in_native, id=6096, stack(0x0000000c43400000,0x0000000c43500000)]
  0x0000013b337f9000 JavaThread "http-nio-8080-Acceptor" daemon [_thread_in_native, id=13936, stack(0x0000000c43500000,0x0000000c43600000)]
  0x0000013b337fa000 JavaThread "DestroyJavaVM" [_thread_blocked, id=4668, stack(0x0000000c41400000,0x0000000c41500000)]
  0x0000013b337fa800 JavaThread "RMI TCP Connection(2)-192.168.9.55" daemon [_thread_in_native, id=11700, stack(0x0000000c43600000,0x0000000c43700000)]
  0x0000013b3387b000 JavaThread "http-nio-8080-exec-1" daemon [_thread_blocked, id=4276, stack(0x0000000c43700000,0x0000000c43800000)]
  0x0000013b3387f800 JavaThread "http-nio-8080-exec-2" daemon [_thread_blocked, id=10936, stack(0x0000000c43800000,0x0000000c43900000)]
  0x0000013b3387e800 JavaThread "http-nio-8080-exec-3" daemon [_thread_blocked, id=9480, stack(0x0000000c43900000,0x0000000c43a00000)]
  0x0000013b3387c000 JavaThread "http-nio-8080-exec-4" daemon [_thread_blocked, id=4928, stack(0x0000000c43a00000,0x0000000c43b00000)]
=>0x0000013b3387d000 JavaThread "http-nio-8080-exec-5" daemon [_thread_in_vm, id=5212, stack(0x0000000c43b00000,0x0000000c43c00000)]

Other Threads:
  0x0000013b2e9e2000 VMThread "VM Thread" [stack: 0x0000000c41a00000,0x0000000c41b00000] [id=3212]
  0x0000013b2f96c000 WatcherThread [stack: 0x0000000c42500000,0x0000000c42600000] [id=9388]
  0x0000013b0bda8000 GCTaskThread "GC Thread#0" [stack: 0x0000000c41500000,0x0000000c41600000] [id=12344]
  0x0000013b2fd43800 GCTaskThread "GC Thread#1" [stack: 0x0000000c42600000,0x0000000c42700000] [id=11288]
  0x0000013b2fd44000 GCTaskThread "GC Thread#2" [stack: 0x0000000c42700000,0x0000000c42800000] [id=10380]
  0x0000013b2fd44800 GCTaskThread "GC Thread#3" [stack: 0x0000000c42800000,0x0000000c42900000] [id=4832]
  0x0000013b2fd45800 GCTaskThread "GC Thread#4" [stack: 0x0000000c42900000,0x0000000c42a00000] [id=1084]
  0x0000013b2fd4a000 GCTaskThread "GC Thread#5" [stack: 0x0000000c42a00000,0x0000000c42b00000] [id=13084]
  0x0000013b31218800 GCTaskThread "GC Thread#6" [stack: 0x0000000c43200000,0x0000000c43300000] [id=7484]
  0x0000013b31283800 GCTaskThread "GC Thread#7" [stack: 0x0000000c43300000,0x0000000c43400000] [id=7896]
  0x0000013b0be04000 ConcurrentGCThread "G1 Main Marker" [stack: 0x0000000c41600000,0x0000000c41700000] [id=9076]
  0x0000013b0be07800 ConcurrentGCThread "G1 Conc#0" [stack: 0x0000000c41700000,0x0000000c41800000] [id=11092]
  0x0000013b2fdde000 ConcurrentGCThread "G1 Conc#1" [stack: 0x0000000c42c00000,0x0000000c42d00000] [id=7724]
  0x0000013b2e8c8800 ConcurrentGCThread "G1 Refine#0" [stack: 0x0000000c41800000,0x0000000c41900000] [id=14148]
  0x0000013b2e8c9800 ConcurrentGCThread "G1 Young RemSet Sampling" [stack: 0x0000000c41900000,0x0000000c41a00000] [id=11524]

Threads with active compile tasks:

VM state:not at safepoint (normal execution)

VM Mutex/Monitor currently owned by a thread: None

Heap address: 0x0000000701000000, size: 4080 MB, Compressed Oops mode: Zero based, Oop shift amount: 3
Narrow klass base: 0x0000000800000000, Narrow klass shift: 0
Compressed class space size: 1073741824 Address: 0x0000000800000000

Heap:
 garbage-first heap   total 315392K, used 45836K [0x0000000701000000, 0x0000000800000000)
  region size 1024K, 41 young (41984K), 19 survivors (19456K)
 Metaspace       used 60906K, capacity 62525K, committed 62848K, reserved 1103872K
  class space    used 8111K, capacity 8758K, committed 8832K, reserved 1048576K
Heap Regions: E=young(eden), S=young(survivor), O=old, HS=humongous(starts), HC=humongous(continues), CS=collection set, F=free, A=archive, TAMS=top-at-mark-start (previous, next)
|   0|0x0000000701000000, 0x0000000701100000, 0x0000000701100000|100%|HS|  |TAMS 0x0000000701100000, 0x0000000701000000| Complete 
|   1|0x0000000701100000, 0x0000000701200000, 0x0000000701200000|100%| O|  |TAMS 0x0000000701200000, 0x0000000701100000| Untracked 
|   2|0x0000000701200000, 0x0000000701300000, 0x0000000701300000|100%| O|  |TAMS 0x0000000701300000, 0x0000000701200000| Untracked 
|   3|0x0000000701300000, 0x0000000701400000, 0x0000000701400000|100%| O|  |TAMS 0x0000000701400000, 0x0000000701300000| Untracked 
|   4|0x0000000701400000, 0x0000000701500000, 0x0000000701500000|100%| O|  |TAMS 0x0000000701500000, 0x0000000701400000| Untracked 
|   5|0x0000000701500000, 0x0000000701600000, 0x0000000701600000|100%| O|  |TAMS 0x0000000701600000, 0x0000000701500000| Untracked 
|   6|0x0000000701600000, 0x000000070168c400, 0x0000000701700000| 54%| O|  |TAMS 0x000000070168c400, 0x0000000701600000| Untracked 
|   7|0x0000000701700000, 0x0000000701700000, 0x0000000701800000|  0%| F|  |TAMS 0x0000000701700000, 0x0000000701700000| Untracked 
|   8|0x0000000701800000, 0x0000000701800000, 0x0000000701900000|  0%| F|  |TAMS 0x0000000701800000, 0x0000000701800000| Untracked 
|   9|0x0000000701900000, 0x0000000701900000, 0x0000000701a00000|  0%| F|  |TAMS 0x0000000701900000, 0x0000000701900000| Untracked 
|  10|0x0000000701a00000, 0x0000000701a00000, 0x0000000701b00000|  0%| F|  |TAMS 0x0000000701a00000, 0x0000000701a00000| Untracked 
|  11|0x0000000701b00000, 0x0000000701b00000, 0x0000000701c00000|  0%| F|  |TAMS 0x0000000701b00000, 0x0000000701b00000| Untracked 
|  12|0x0000000701c00000, 0x0000000701c00000, 0x0000000701d00000|  0%| F|  |TAMS 0x0000000701c00000, 0x0000000701c00000| Untracked 
|  13|0x0000000701d00000, 0x0000000701d00000, 0x0000000701e00000|  0%| F|  |TAMS 0x0000000701d00000, 0x0000000701d00000| Untracked 
|  14|0x0000000701e00000, 0x0000000701e00000, 0x0000000701f00000|  0%| F|  |TAMS 0x0000000701e00000, 0x0000000701e00000| Untracked 
|  15|0x0000000701f00000, 0x0000000701f00000, 0x0000000702000000|  0%| F|  |TAMS 0x0000000701f00000, 0x0000000701f00000| Untracked 
|  16|0x0000000702000000, 0x0000000702000000, 0x0000000702100000|  0%| F|  |TAMS 0x0000000702000000, 0x0000000702000000| Untracked 
|  17|0x0000000702100000, 0x0000000702100000, 0x0000000702200000|  0%| F|  |TAMS 0x0000000702100000, 0x0000000702100000| Untracked 
|  18|0x0000000702200000, 0x0000000702200000, 0x0000000702300000|  0%| F|  |TAMS 0x0000000702200000, 0x0000000702200000| Untracked 
|  19|0x0000000702300000, 0x0000000702300000, 0x0000000702400000|  0%| F|  |TAMS 0x0000000702300000, 0x0000000702300000| Untracked 
|  20|0x0000000702400000, 0x0000000702400000, 0x0000000702500000|  0%| F|  |TAMS 0x0000000702400000, 0x0000000702400000| Untracked 
|  21|0x0000000702500000, 0x0000000702500000, 0x0000000702600000|  0%| F|  |TAMS 0x0000000702500000, 0x0000000702500000| Untracked 
|  22|0x0000000702600000, 0x0000000702600000, 0x0000000702700000|  0%| F|  |TAMS 0x0000000702600000, 0x0000000702600000| Untracked 
|  23|0x0000000702700000, 0x0000000702700000, 0x0000000702800000|  0%| F|  |TAMS 0x0000000702700000, 0x0000000702700000| Untracked 
|  24|0x0000000702800000, 0x0000000702800000, 0x0000000702900000|  0%| F|  |TAMS 0x0000000702800000, 0x0000000702800000| Untracked 
|  25|0x0000000702900000, 0x0000000702900000, 0x0000000702a00000|  0%| F|  |TAMS 0x0000000702900000, 0x0000000702900000| Untracked 
|  26|0x0000000702a00000, 0x0000000702a00000, 0x0000000702b00000|  0%| F|  |TAMS 0x0000000702a00000, 0x0000000702a00000| Untracked 
|  27|0x0000000702b00000, 0x0000000702b00000, 0x0000000702c00000|  0%| F|  |TAMS 0x0000000702b00000, 0x0000000702b00000| Untracked 
|  28|0x0000000702c00000, 0x0000000702c00000, 0x0000000702d00000|  0%| F|  |TAMS 0x0000000702c00000, 0x0000000702c00000| Untracked 
|  29|0x0000000702d00000, 0x0000000702d00000, 0x0000000702e00000|  0%| F|  |TAMS 0x0000000702d00000, 0x0000000702d00000| Untracked 
|  30|0x0000000702e00000, 0x0000000702e00000, 0x0000000702f00000|  0%| F|  |TAMS 0x0000000702e00000, 0x0000000702e00000| Untracked 
|  31|0x0000000702f00000, 0x0000000702f00000, 0x0000000703000000|  0%| F|  |TAMS 0x0000000702f00000, 0x0000000702f00000| Untracked 
|  32|0x0000000703000000, 0x0000000703000000, 0x0000000703100000|  0%| F|  |TAMS 0x0000000703000000, 0x0000000703000000| Untracked 
|  33|0x0000000703100000, 0x0000000703100000, 0x0000000703200000|  0%| F|  |TAMS 0x0000000703100000, 0x0000000703100000| Untracked 
|  34|0x0000000703200000, 0x0000000703200000, 0x0000000703300000|  0%| F|  |TAMS 0x0000000703200000, 0x0000000703200000| Untracked 
|  35|0x0000000703300000, 0x0000000703300000, 0x0000000703400000|  0%| F|  |TAMS 0x0000000703300000, 0x0000000703300000| Untracked 
|  36|0x0000000703400000, 0x0000000703400000, 0x0000000703500000|  0%| F|  |TAMS 0x0000000703400000, 0x0000000703400000| Untracked 
|  37|0x0000000703500000, 0x0000000703500000, 0x0000000703600000|  0%| F|  |TAMS 0x0000000703500000, 0x0000000703500000| Untracked 
|  38|0x0000000703600000, 0x0000000703600000, 0x0000000703700000|  0%| F|  |TAMS 0x0000000703600000, 0x0000000703600000| Untracked 
|  39|0x0000000703700000, 0x0000000703700000, 0x0000000703800000|  0%| F|  |TAMS 0x0000000703700000, 0x0000000703700000| Untracked 
|  40|0x0000000703800000, 0x0000000703800000, 0x0000000703900000|  0%| F|  |TAMS 0x0000000703800000, 0x0000000703800000| Untracked 
|  41|0x0000000703900000, 0x0000000703900000, 0x0000000703a00000|  0%| F|  |TAMS 0x0000000703900000, 0x0000000703900000| Untracked 
|  42|0x0000000703a00000, 0x0000000703a00000, 0x0000000703b00000|  0%| F|  |TAMS 0x0000000703a00000, 0x0000000703a00000| Untracked 
|  43|0x0000000703b00000, 0x0000000703b00000, 0x0000000703c00000|  0%| F|  |TAMS 0x0000000703b00000, 0x0000000703b00000| Untracked 
|  44|0x0000000703c00000, 0x0000000703c00000, 0x0000000703d00000|  0%| F|  |TAMS 0x0000000703c00000, 0x0000000703c00000| Untracked 
|  45|0x0000000703d00000, 0x0000000703d00000, 0x0000000703e00000|  0%| F|  |TAMS 0x0000000703d00000, 0x0000000703d00000| Untracked 
|  46|0x0000000703e00000, 0x0000000703e00000, 0x0000000703f00000|  0%| F|  |TAMS 0x0000000703e00000, 0x0000000703e00000| Untracked 
|  47|0x0000000703f00000, 0x0000000703f00000, 0x0000000704000000|  0%| F|  |TAMS 0x0000000703f00000, 0x0000000703f00000| Untracked 
|  48|0x0000000704000000, 0x0000000704000000, 0x0000000704100000|  0%| F|  |TAMS 0x0000000704000000, 0x0000000704000000| Untracked 
|  49|0x0000000704100000, 0x0000000704100000, 0x0000000704200000|  0%| F|  |TAMS 0x0000000704100000, 0x0000000704100000| Untracked 
|  50|0x0000000704200000, 0x0000000704200000, 0x0000000704300000|  0%| F|  |TAMS 0x0000000704200000, 0x0000000704200000| Untracked 
|  51|0x0000000704300000, 0x0000000704300000, 0x0000000704400000|  0%| F|  |TAMS 0x0000000704300000, 0x0000000704300000| Untracked 
|  52|0x0000000704400000, 0x0000000704400000, 0x0000000704500000|  0%| F|  |TAMS 0x0000000704400000, 0x0000000704400000| Untracked 
|  53|0x0000000704500000, 0x0000000704500000, 0x0000000704600000|  0%| F|  |TAMS 0x0000000704500000, 0x0000000704500000| Untracked 
|  54|0x0000000704600000, 0x0000000704600000, 0x0000000704700000|  0%| F|  |TAMS 0x0000000704600000, 0x0000000704600000| Untracked 
|  55|0x0000000704700000, 0x0000000704700000, 0x0000000704800000|  0%| F|  |TAMS 0x0000000704700000, 0x0000000704700000| Untracked 
|  56|0x0000000704800000, 0x0000000704800000, 0x0000000704900000|  0%| F|  |TAMS 0x0000000704800000, 0x0000000704800000| Untracked 
|  57|0x0000000704900000, 0x0000000704900000, 0x0000000704a00000|  0%| F|  |TAMS 0x0000000704900000, 0x0000000704900000| Untracked 
|  58|0x0000000704a00000, 0x0000000704a00000, 0x0000000704b00000|  0%| F|  |TAMS 0x0000000704a00000, 0x0000000704a00000| Untracked 
|  59|0x0000000704b00000, 0x0000000704b00000, 0x0000000704c00000|  0%| F|  |TAMS 0x0000000704b00000, 0x0000000704b00000| Untracked 
|  60|0x0000000704c00000, 0x0000000704c00000, 0x0000000704d00000|  0%| F|  |TAMS 0x0000000704c00000, 0x0000000704c00000| Untracked 
|  61|0x0000000704d00000, 0x0000000704d00000, 0x0000000704e00000|  0%| F|  |TAMS 0x0000000704d00000, 0x0000000704d00000| Untracked 
|  62|0x0000000704e00000, 0x0000000704e00000, 0x0000000704f00000|  0%| F|  |TAMS 0x0000000704e00000, 0x0000000704e00000| Untracked 
|  63|0x0000000704f00000, 0x0000000704f00000, 0x0000000705000000|  0%| F|  |TAMS 0x0000000704f00000, 0x0000000704f00000| Untracked 
|  64|0x0000000705000000, 0x0000000705000000, 0x0000000705100000|  0%| F|  |TAMS 0x0000000705000000, 0x0000000705000000| Untracked 
|  65|0x0000000705100000, 0x0000000705100000, 0x0000000705200000|  0%| F|  |TAMS 0x0000000705100000, 0x0000000705100000| Untracked 
|  66|0x0000000705200000, 0x0000000705200000, 0x0000000705300000|  0%| F|  |TAMS 0x0000000705200000, 0x0000000705200000| Untracked 
|  67|0x0000000705300000, 0x0000000705300000, 0x0000000705400000|  0%| F|  |TAMS 0x0000000705300000, 0x0000000705300000| Untracked 
|  68|0x0000000705400000, 0x0000000705400000, 0x0000000705500000|  0%| F|  |TAMS 0x0000000705400000, 0x0000000705400000| Untracked 
|  69|0x0000000705500000, 0x0000000705500000, 0x0000000705600000|  0%| F|  |TAMS 0x0000000705500000, 0x0000000705500000| Untracked 
|  70|0x0000000705600000, 0x0000000705600000, 0x0000000705700000|  0%| F|  |TAMS 0x0000000705600000, 0x0000000705600000| Untracked 
|  71|0x0000000705700000, 0x0000000705700000, 0x0000000705800000|  0%| F|  |TAMS 0x0000000705700000, 0x0000000705700000| Untracked 
|  72|0x0000000705800000, 0x0000000705800000, 0x0000000705900000|  0%| F|  |TAMS 0x0000000705800000, 0x0000000705800000| Untracked 
|  73|0x0000000705900000, 0x0000000705900000, 0x0000000705a00000|  0%| F|  |TAMS 0x0000000705900000, 0x0000000705900000| Untracked 
|  74|0x0000000705a00000, 0x0000000705a00000, 0x0000000705b00000|  0%| F|  |TAMS 0x0000000705a00000, 0x0000000705a00000| Untracked 
|  75|0x0000000705b00000, 0x0000000705b00000, 0x0000000705c00000|  0%| F|  |TAMS 0x0000000705b00000, 0x0000000705b00000| Untracked 
|  76|0x0000000705c00000, 0x0000000705c00000, 0x0000000705d00000|  0%| F|  |TAMS 0x0000000705c00000, 0x0000000705c00000| Untracked 
|  77|0x0000000705d00000, 0x0000000705d00000, 0x0000000705e00000|  0%| F|  |TAMS 0x0000000705d00000, 0x0000000705d00000| Untracked 
|  78|0x0000000705e00000, 0x0000000705e00000, 0x0000000705f00000|  0%| F|  |TAMS 0x0000000705e00000, 0x0000000705e00000| Untracked 
|  79|0x0000000705f00000, 0x0000000705f00000, 0x0000000706000000|  0%| F|  |TAMS 0x0000000705f00000, 0x0000000705f00000| Untracked 
|  80|0x0000000706000000, 0x0000000706000000, 0x0000000706100000|  0%| F|  |TAMS 0x0000000706000000, 0x0000000706000000| Untracked 
|  81|0x0000000706100000, 0x0000000706100000, 0x0000000706200000|  0%| F|  |TAMS 0x0000000706100000, 0x0000000706100000| Untracked 
|  82|0x0000000706200000, 0x0000000706200000, 0x0000000706300000|  0%| F|  |TAMS 0x0000000706200000, 0x0000000706200000| Untracked 
|  83|0x0000000706300000, 0x0000000706300000, 0x0000000706400000|  0%| F|  |TAMS 0x0000000706300000, 0x0000000706300000| Untracked 
|  84|0x0000000706400000, 0x0000000706400000, 0x0000000706500000|  0%| F|  |TAMS 0x0000000706400000, 0x0000000706400000| Untracked 
|  85|0x0000000706500000, 0x0000000706500000, 0x0000000706600000|  0%| F|  |TAMS 0x0000000706500000, 0x0000000706500000| Untracked 
|  86|0x0000000706600000, 0x0000000706600000, 0x0000000706700000|  0%| F|  |TAMS 0x0000000706600000, 0x0000000706600000| Untracked 
|  87|0x0000000706700000, 0x0000000706700000, 0x0000000706800000|  0%| F|  |TAMS 0x0000000706700000, 0x0000000706700000| Untracked 
|  88|0x0000000706800000, 0x0000000706800000, 0x0000000706900000|  0%| F|  |TAMS 0x0000000706800000, 0x0000000706800000| Untracked 
|  89|0x0000000706900000, 0x0000000706900000, 0x0000000706a00000|  0%| F|  |TAMS 0x0000000706900000, 0x0000000706900000| Untracked 
|  90|0x0000000706a00000, 0x0000000706a00000, 0x0000000706b00000|  0%| F|  |TAMS 0x0000000706a00000, 0x0000000706a00000| Untracked 
|  91|0x0000000706b00000, 0x0000000706b00000, 0x0000000706c00000|  0%| F|  |TAMS 0x0000000706b00000, 0x0000000706b00000| Untracked 
|  92|0x0000000706c00000, 0x0000000706c00000, 0x0000000706d00000|  0%| F|  |TAMS 0x0000000706c00000, 0x0000000706c00000| Untracked 
|  93|0x0000000706d00000, 0x0000000706d00000, 0x0000000706e00000|  0%| F|  |TAMS 0x0000000706d00000, 0x0000000706d00000| Untracked 
|  94|0x0000000706e00000, 0x0000000706e00000, 0x0000000706f00000|  0%| F|  |TAMS 0x0000000706e00000, 0x0000000706e00000| Untracked 
|  95|0x0000000706f00000, 0x0000000706f00000, 0x0000000707000000|  0%| F|  |TAMS 0x0000000706f00000, 0x0000000706f00000| Untracked 
|  96|0x0000000707000000, 0x0000000707000000, 0x0000000707100000|  0%| F|  |TAMS 0x0000000707000000, 0x0000000707000000| Untracked 
|  97|0x0000000707100000, 0x0000000707100000, 0x0000000707200000|  0%| F|  |TAMS 0x0000000707100000, 0x0000000707100000| Untracked 
|  98|0x0000000707200000, 0x0000000707200000, 0x0000000707300000|  0%| F|  |TAMS 0x0000000707200000, 0x0000000707200000| Untracked 
|  99|0x0000000707300000, 0x0000000707300000, 0x0000000707400000|  0%| F|  |TAMS 0x0000000707300000, 0x0000000707300000| Untracked 
| 100|0x0000000707400000, 0x0000000707400000, 0x0000000707500000|  0%| F|  |TAMS 0x0000000707400000, 0x0000000707400000| Untracked 
| 101|0x0000000707500000, 0x0000000707500000, 0x0000000707600000|  0%| F|  |TAMS 0x0000000707500000, 0x0000000707500000| Untracked 
| 102|0x0000000707600000, 0x0000000707600000, 0x0000000707700000|  0%| F|  |TAMS 0x0000000707600000, 0x0000000707600000| Untracked 
| 103|0x0000000707700000, 0x0000000707700000, 0x0000000707800000|  0%| F|  |TAMS 0x0000000707700000, 0x0000000707700000| Untracked 
| 104|0x0000000707800000, 0x0000000707800000, 0x0000000707900000|  0%| F|  |TAMS 0x0000000707800000, 0x0000000707800000| Untracked 
| 105|0x0000000707900000, 0x0000000707900000, 0x0000000707a00000|  0%| F|  |TAMS 0x0000000707900000, 0x0000000707900000| Untracked 
| 106|0x0000000707a00000, 0x0000000707a00000, 0x0000000707b00000|  0%| F|  |TAMS 0x0000000707a00000, 0x0000000707a00000| Untracked 
| 107|0x0000000707b00000, 0x0000000707b00000, 0x0000000707c00000|  0%| F|  |TAMS 0x0000000707b00000, 0x0000000707b00000| Untracked 
| 108|0x0000000707c00000, 0x0000000707c00000, 0x0000000707d00000|  0%| F|  |TAMS 0x0000000707c00000, 0x0000000707c00000| Untracked 
| 109|0x0000000707d00000, 0x0000000707d00000, 0x0000000707e00000|  0%| F|  |TAMS 0x0000000707d00000, 0x0000000707d00000| Untracked 
| 110|0x0000000707e00000, 0x0000000707e00000, 0x0000000707f00000|  0%| F|  |TAMS 0x0000000707e00000, 0x0000000707e00000| Untracked 
| 111|0x0000000707f00000, 0x0000000707f00000, 0x0000000708000000|  0%| F|  |TAMS 0x0000000707f00000, 0x0000000707f00000| Untracked 
| 112|0x0000000708000000, 0x0000000708000000, 0x0000000708100000|  0%| F|  |TAMS 0x0000000708000000, 0x0000000708000000| Untracked 
| 113|0x0000000708100000, 0x0000000708100000, 0x0000000708200000|  0%| F|  |TAMS 0x0000000708100000, 0x0000000708100000| Untracked 
| 114|0x0000000708200000, 0x0000000708200000, 0x0000000708300000|  0%| F|  |TAMS 0x0000000708200000, 0x0000000708200000| Untracked 
| 115|0x0000000708300000, 0x0000000708300000, 0x0000000708400000|  0%| F|  |TAMS 0x0000000708300000, 0x0000000708300000| Untracked 
| 116|0x0000000708400000, 0x0000000708436e78, 0x0000000708500000| 21%| S|CS|TAMS 0x0000000708400000, 0x0000000708400000| Complete 
| 117|0x0000000708500000, 0x0000000708600000, 0x0000000708600000|100%| S|CS|TAMS 0x0000000708500000, 0x0000000708500000| Complete 
| 118|0x0000000708600000, 0x0000000708700000, 0x0000000708700000|100%| S|CS|TAMS 0x0000000708600000, 0x0000000708600000| Complete 
| 119|0x0000000708700000, 0x0000000708800000, 0x0000000708800000|100%| S|CS|TAMS 0x0000000708700000, 0x0000000708700000| Complete 
| 120|0x0000000708800000, 0x0000000708900000, 0x0000000708900000|100%| S|CS|TAMS 0x0000000708800000, 0x0000000708800000| Complete 
| 121|0x0000000708900000, 0x0000000708a00000, 0x0000000708a00000|100%| S|CS|TAMS 0x0000000708900000, 0x0000000708900000| Complete 
| 122|0x0000000708a00000, 0x0000000708b00000, 0x0000000708b00000|100%| S|CS|TAMS 0x0000000708a00000, 0x0000000708a00000| Complete 
| 123|0x0000000708b00000, 0x0000000708c00000, 0x0000000708c00000|100%| S|CS|TAMS 0x0000000708b00000, 0x0000000708b00000| Complete 
| 124|0x0000000708c00000, 0x0000000708d00000, 0x0000000708d00000|100%| S|CS|TAMS 0x0000000708c00000, 0x0000000708c00000| Complete 
| 125|0x0000000708d00000, 0x0000000708e00000, 0x0000000708e00000|100%| S|CS|TAMS 0x0000000708d00000, 0x0000000708d00000| Complete 
| 126|0x0000000708e00000, 0x0000000708f00000, 0x0000000708f00000|100%| S|CS|TAMS 0x0000000708e00000, 0x0000000708e00000| Complete 
| 127|0x0000000708f00000, 0x0000000709000000, 0x0000000709000000|100%| S|CS|TAMS 0x0000000708f00000, 0x0000000708f00000| Complete 
| 128|0x0000000709000000, 0x0000000709100000, 0x0000000709100000|100%| S|CS|TAMS 0x0000000709000000, 0x0000000709000000| Complete 
| 129|0x0000000709100000, 0x0000000709200000, 0x0000000709200000|100%| S|CS|TAMS 0x0000000709100000, 0x0000000709100000| Complete 
| 130|0x0000000709200000, 0x0000000709300000, 0x0000000709300000|100%| S|CS|TAMS 0x0000000709200000, 0x0000000709200000| Complete 
| 131|0x0000000709300000, 0x0000000709400000, 0x0000000709400000|100%| S|CS|TAMS 0x0000000709300000, 0x0000000709300000| Complete 
| 132|0x0000000709400000, 0x0000000709500000, 0x0000000709500000|100%| S|CS|TAMS 0x0000000709400000, 0x0000000709400000| Complete 
| 133|0x0000000709500000, 0x0000000709600000, 0x0000000709600000|100%| S|CS|TAMS 0x0000000709500000, 0x0000000709500000| Complete 
| 134|0x0000000709600000, 0x0000000709700000, 0x0000000709700000|100%| S|CS|TAMS 0x0000000709600000, 0x0000000709600000| Complete 
| 135|0x0000000709700000, 0x0000000709700000, 0x0000000709800000|  0%| F|  |TAMS 0x0000000709700000, 0x0000000709700000| Untracked 
| 136|0x0000000709800000, 0x0000000709800000, 0x0000000709900000|  0%| F|  |TAMS 0x0000000709800000, 0x0000000709800000| Untracked 
| 137|0x0000000709900000, 0x0000000709900000, 0x0000000709a00000|  0%| F|  |TAMS 0x0000000709900000, 0x0000000709900000| Untracked 
| 138|0x0000000709a00000, 0x0000000709a00000, 0x0000000709b00000|  0%| F|  |TAMS 0x0000000709a00000, 0x0000000709a00000| Untracked 
| 139|0x0000000709b00000, 0x0000000709b00000, 0x0000000709c00000|  0%| F|  |TAMS 0x0000000709b00000, 0x0000000709b00000| Untracked 
| 140|0x0000000709c00000, 0x0000000709c00000, 0x0000000709d00000|  0%| F|  |TAMS 0x0000000709c00000, 0x0000000709c00000| Untracked 
| 141|0x0000000709d00000, 0x0000000709d00000, 0x0000000709e00000|  0%| F|  |TAMS 0x0000000709d00000, 0x0000000709d00000| Untracked 
| 142|0x0000000709e00000, 0x0000000709e00000, 0x0000000709f00000|  0%| F|  |TAMS 0x0000000709e00000, 0x0000000709e00000| Untracked 
| 143|0x0000000709f00000, 0x0000000709f00000, 0x000000070a000000|  0%| F|  |TAMS 0x0000000709f00000, 0x0000000709f00000| Untracked 
| 144|0x000000070a000000, 0x000000070a000000, 0x000000070a100000|  0%| F|  |TAMS 0x000000070a000000, 0x000000070a000000| Untracked 
| 145|0x000000070a100000, 0x000000070a100000, 0x000000070a200000|  0%| F|  |TAMS 0x000000070a100000, 0x000000070a100000| Untracked 
| 146|0x000000070a200000, 0x000000070a200000, 0x000000070a300000|  0%| F|  |TAMS 0x000000070a200000, 0x000000070a200000| Untracked 
| 147|0x000000070a300000, 0x000000070a300000, 0x000000070a400000|  0%| F|  |TAMS 0x000000070a300000, 0x000000070a300000| Untracked 
| 148|0x000000070a400000, 0x000000070a400000, 0x000000070a500000|  0%| F|  |TAMS 0x000000070a400000, 0x000000070a400000| Untracked 
| 149|0x000000070a500000, 0x000000070a500000, 0x000000070a600000|  0%| F|  |TAMS 0x000000070a500000, 0x000000070a500000| Untracked 
| 150|0x000000070a600000, 0x000000070a600000, 0x000000070a700000|  0%| F|  |TAMS 0x000000070a600000, 0x000000070a600000| Untracked 
| 151|0x000000070a700000, 0x000000070a700000, 0x000000070a800000|  0%| F|  |TAMS 0x000000070a700000, 0x000000070a700000| Untracked 
| 152|0x000000070a800000, 0x000000070a800000, 0x000000070a900000|  0%| F|  |TAMS 0x000000070a800000, 0x000000070a800000| Untracked 
| 153|0x000000070a900000, 0x000000070a900000, 0x000000070aa00000|  0%| F|  |TAMS 0x000000070a900000, 0x000000070a900000| Untracked 
| 154|0x000000070aa00000, 0x000000070aa00000, 0x000000070ab00000|  0%| F|  |TAMS 0x000000070aa00000, 0x000000070aa00000| Untracked 
| 155|0x000000070ab00000, 0x000000070ab00000, 0x000000070ac00000|  0%| F|  |TAMS 0x000000070ab00000, 0x000000070ab00000| Untracked 
| 156|0x000000070ac00000, 0x000000070ac00000, 0x000000070ad00000|  0%| F|  |TAMS 0x000000070ac00000, 0x000000070ac00000| Untracked 
| 157|0x000000070ad00000, 0x000000070ad00000, 0x000000070ae00000|  0%| F|  |TAMS 0x000000070ad00000, 0x000000070ad00000| Untracked 
| 158|0x000000070ae00000, 0x000000070ae00000, 0x000000070af00000|  0%| F|  |TAMS 0x000000070ae00000, 0x000000070ae00000| Untracked 
| 159|0x000000070af00000, 0x000000070af00000, 0x000000070b000000|  0%| F|  |TAMS 0x000000070af00000, 0x000000070af00000| Untracked 
| 160|0x000000070b000000, 0x000000070b000000, 0x000000070b100000|  0%| F|  |TAMS 0x000000070b000000, 0x000000070b000000| Untracked 
| 161|0x000000070b100000, 0x000000070b100000, 0x000000070b200000|  0%| F|  |TAMS 0x000000070b100000, 0x000000070b100000| Untracked 
| 162|0x000000070b200000, 0x000000070b200000, 0x000000070b300000|  0%| F|  |TAMS 0x000000070b200000, 0x000000070b200000| Untracked 
| 163|0x000000070b300000, 0x000000070b300000, 0x000000070b400000|  0%| F|  |TAMS 0x000000070b300000, 0x000000070b300000| Untracked 
| 164|0x000000070b400000, 0x000000070b400000, 0x000000070b500000|  0%| F|  |TAMS 0x000000070b400000, 0x000000070b400000| Untracked 
| 165|0x000000070b500000, 0x000000070b500000, 0x000000070b600000|  0%| F|  |TAMS 0x000000070b500000, 0x000000070b500000| Untracked 
| 166|0x000000070b600000, 0x000000070b600000, 0x000000070b700000|  0%| F|  |TAMS 0x000000070b600000, 0x000000070b600000| Untracked 
| 167|0x000000070b700000, 0x000000070b700000, 0x000000070b800000|  0%| F|  |TAMS 0x000000070b700000, 0x000000070b700000| Untracked 
| 168|0x000000070b800000, 0x000000070b800000, 0x000000070b900000|  0%| F|  |TAMS 0x000000070b800000, 0x000000070b800000| Untracked 
| 169|0x000000070b900000, 0x000000070b900000, 0x000000070ba00000|  0%| F|  |TAMS 0x000000070b900000, 0x000000070b900000| Untracked 
| 170|0x000000070ba00000, 0x000000070ba00000, 0x000000070bb00000|  0%| F|  |TAMS 0x000000070ba00000, 0x000000070ba00000| Untracked 
| 171|0x000000070bb00000, 0x000000070bb00000, 0x000000070bc00000|  0%| F|  |TAMS 0x000000070bb00000, 0x000000070bb00000| Untracked 
| 172|0x000000070bc00000, 0x000000070bc00000, 0x000000070bd00000|  0%| F|  |TAMS 0x000000070bc00000, 0x000000070bc00000| Untracked 
| 173|0x000000070bd00000, 0x000000070bd00000, 0x000000070be00000|  0%| F|  |TAMS 0x000000070bd00000, 0x000000070bd00000| Untracked 
| 174|0x000000070be00000, 0x000000070be00000, 0x000000070bf00000|  0%| F|  |TAMS 0x000000070be00000, 0x000000070be00000| Untracked 
| 175|0x000000070bf00000, 0x000000070bf00000, 0x000000070c000000|  0%| F|  |TAMS 0x000000070bf00000, 0x000000070bf00000| Untracked 
| 176|0x000000070c000000, 0x000000070c000000, 0x000000070c100000|  0%| F|  |TAMS 0x000000070c000000, 0x000000070c000000| Untracked 
| 177|0x000000070c100000, 0x000000070c100000, 0x000000070c200000|  0%| F|  |TAMS 0x000000070c100000, 0x000000070c100000| Untracked 
| 178|0x000000070c200000, 0x000000070c200000, 0x000000070c300000|  0%| F|  |TAMS 0x000000070c200000, 0x000000070c200000| Untracked 
| 179|0x000000070c300000, 0x000000070c300000, 0x000000070c400000|  0%| F|  |TAMS 0x000000070c300000, 0x000000070c300000| Untracked 
| 180|0x000000070c400000, 0x000000070c400000, 0x000000070c500000|  0%| F|  |TAMS 0x000000070c400000, 0x000000070c400000| Untracked 
| 181|0x000000070c500000, 0x000000070c500000, 0x000000070c600000|  0%| F|  |TAMS 0x000000070c500000, 0x000000070c500000| Untracked 
| 182|0x000000070c600000, 0x000000070c600000, 0x000000070c700000|  0%| F|  |TAMS 0x000000070c600000, 0x000000070c600000| Untracked 
| 183|0x000000070c700000, 0x000000070c700000, 0x000000070c800000|  0%| F|  |TAMS 0x000000070c700000, 0x000000070c700000| Untracked 
| 184|0x000000070c800000, 0x000000070c800000, 0x000000070c900000|  0%| F|  |TAMS 0x000000070c800000, 0x000000070c800000| Untracked 
| 185|0x000000070c900000, 0x000000070c900000, 0x000000070ca00000|  0%| F|  |TAMS 0x000000070c900000, 0x000000070c900000| Untracked 
| 186|0x000000070ca00000, 0x000000070ca00000, 0x000000070cb00000|  0%| F|  |TAMS 0x000000070ca00000, 0x000000070ca00000| Untracked 
| 187|0x000000070cb00000, 0x000000070cb00000, 0x000000070cc00000|  0%| F|  |TAMS 0x000000070cb00000, 0x000000070cb00000| Untracked 
| 188|0x000000070cc00000, 0x000000070cc00000, 0x000000070cd00000|  0%| F|  |TAMS 0x000000070cc00000, 0x000000070cc00000| Untracked 
| 189|0x000000070cd00000, 0x000000070cd00000, 0x000000070ce00000|  0%| F|  |TAMS 0x000000070cd00000, 0x000000070cd00000| Untracked 
| 190|0x000000070ce00000, 0x000000070ce00000, 0x000000070cf00000|  0%| F|  |TAMS 0x000000070ce00000, 0x000000070ce00000| Untracked 
| 191|0x000000070cf00000, 0x000000070cf00000, 0x000000070d000000|  0%| F|  |TAMS 0x000000070cf00000, 0x000000070cf00000| Untracked 
| 192|0x000000070d000000, 0x000000070d000000, 0x000000070d100000|  0%| F|  |TAMS 0x000000070d000000, 0x000000070d000000| Untracked 
| 193|0x000000070d100000, 0x000000070d100000, 0x000000070d200000|  0%| F|  |TAMS 0x000000070d100000, 0x000000070d100000| Untracked 
| 194|0x000000070d200000, 0x000000070d200000, 0x000000070d300000|  0%| F|  |TAMS 0x000000070d200000, 0x000000070d200000| Untracked 
| 195|0x000000070d300000, 0x000000070d300000, 0x000000070d400000|  0%| F|  |TAMS 0x000000070d300000, 0x000000070d300000| Untracked 
| 196|0x000000070d400000, 0x000000070d400000, 0x000000070d500000|  0%| F|  |TAMS 0x000000070d400000, 0x000000070d400000| Untracked 
| 197|0x000000070d500000, 0x000000070d500000, 0x000000070d600000|  0%| F|  |TAMS 0x000000070d500000, 0x000000070d500000| Untracked 
| 198|0x000000070d600000, 0x000000070d600000, 0x000000070d700000|  0%| F|  |TAMS 0x000000070d600000, 0x000000070d600000| Untracked 
| 199|0x000000070d700000, 0x000000070d700000, 0x000000070d800000|  0%| F|  |TAMS 0x000000070d700000, 0x000000070d700000| Untracked 
| 200|0x000000070d800000, 0x000000070d800000, 0x000000070d900000|  0%| F|  |TAMS 0x000000070d800000, 0x000000070d800000| Untracked 
| 201|0x000000070d900000, 0x000000070d900000, 0x000000070da00000|  0%| F|  |TAMS 0x000000070d900000, 0x000000070d900000| Untracked 
| 202|0x000000070da00000, 0x000000070da00000, 0x000000070db00000|  0%| F|  |TAMS 0x000000070da00000, 0x000000070da00000| Untracked 
| 203|0x000000070db00000, 0x000000070db00000, 0x000000070dc00000|  0%| F|  |TAMS 0x000000070db00000, 0x000000070db00000| Untracked 
| 204|0x000000070dc00000, 0x000000070dc00000, 0x000000070dd00000|  0%| F|  |TAMS 0x000000070dc00000, 0x000000070dc00000| Untracked 
| 205|0x000000070dd00000, 0x000000070dd00000, 0x000000070de00000|  0%| F|  |TAMS 0x000000070dd00000, 0x000000070dd00000| Untracked 
| 206|0x000000070de00000, 0x000000070de00000, 0x000000070df00000|  0%| F|  |TAMS 0x000000070de00000, 0x000000070de00000| Untracked 
| 207|0x000000070df00000, 0x000000070df00000, 0x000000070e000000|  0%| F|  |TAMS 0x000000070df00000, 0x000000070df00000| Untracked 
| 208|0x000000070e000000, 0x000000070e000000, 0x000000070e100000|  0%| F|  |TAMS 0x000000070e000000, 0x000000070e000000| Untracked 
| 209|0x000000070e100000, 0x000000070e100000, 0x000000070e200000|  0%| F|  |TAMS 0x000000070e100000, 0x000000070e100000| Untracked 
| 210|0x000000070e200000, 0x000000070e200000, 0x000000070e300000|  0%| F|  |TAMS 0x000000070e200000, 0x000000070e200000| Untracked 
| 211|0x000000070e300000, 0x000000070e300000, 0x000000070e400000|  0%| F|  |TAMS 0x000000070e300000, 0x000000070e300000| Untracked 
| 212|0x000000070e400000, 0x000000070e400000, 0x000000070e500000|  0%| F|  |TAMS 0x000000070e400000, 0x000000070e400000| Untracked 
| 213|0x000000070e500000, 0x000000070e500000, 0x000000070e600000|  0%| F|  |TAMS 0x000000070e500000, 0x000000070e500000| Untracked 
| 214|0x000000070e600000, 0x000000070e600000, 0x000000070e700000|  0%| F|  |TAMS 0x000000070e600000, 0x000000070e600000| Untracked 
| 215|0x000000070e700000, 0x000000070e700000, 0x000000070e800000|  0%| F|  |TAMS 0x000000070e700000, 0x000000070e700000| Untracked 
| 216|0x000000070e800000, 0x000000070e800000, 0x000000070e900000|  0%| F|  |TAMS 0x000000070e800000, 0x000000070e800000| Untracked 
| 217|0x000000070e900000, 0x000000070e900000, 0x000000070ea00000|  0%| F|  |TAMS 0x000000070e900000, 0x000000070e900000| Untracked 
| 218|0x000000070ea00000, 0x000000070ea00000, 0x000000070eb00000|  0%| F|  |TAMS 0x000000070ea00000, 0x000000070ea00000| Untracked 
| 219|0x000000070eb00000, 0x000000070eb00000, 0x000000070ec00000|  0%| F|  |TAMS 0x000000070eb00000, 0x000000070eb00000| Untracked 
| 220|0x000000070ec00000, 0x000000070ec00000, 0x000000070ed00000|  0%| F|  |TAMS 0x000000070ec00000, 0x000000070ec00000| Untracked 
| 221|0x000000070ed00000, 0x000000070ed00000, 0x000000070ee00000|  0%| F|  |TAMS 0x000000070ed00000, 0x000000070ed00000| Untracked 
| 222|0x000000070ee00000, 0x000000070ee00000, 0x000000070ef00000|  0%| F|  |TAMS 0x000000070ee00000, 0x000000070ee00000| Untracked 
| 223|0x000000070ef00000, 0x000000070ef00000, 0x000000070f000000|  0%| F|  |TAMS 0x000000070ef00000, 0x000000070ef00000| Untracked 
| 224|0x000000070f000000, 0x000000070f000000, 0x000000070f100000|  0%| F|  |TAMS 0x000000070f000000, 0x000000070f000000| Untracked 
| 225|0x000000070f100000, 0x000000070f100000, 0x000000070f200000|  0%| F|  |TAMS 0x000000070f100000, 0x000000070f100000| Untracked 
| 226|0x000000070f200000, 0x000000070f200000, 0x000000070f300000|  0%| F|  |TAMS 0x000000070f200000, 0x000000070f200000| Untracked 
| 227|0x000000070f300000, 0x000000070f300000, 0x000000070f400000|  0%| F|  |TAMS 0x000000070f300000, 0x000000070f300000| Untracked 
| 228|0x000000070f400000, 0x000000070f400000, 0x000000070f500000|  0%| F|  |TAMS 0x000000070f400000, 0x000000070f400000| Untracked 
| 229|0x000000070f500000, 0x000000070f500000, 0x000000070f600000|  0%| F|  |TAMS 0x000000070f500000, 0x000000070f500000| Untracked 
| 230|0x000000070f600000, 0x000000070f600000, 0x000000070f700000|  0%| F|  |TAMS 0x000000070f600000, 0x000000070f600000| Untracked 
| 231|0x000000070f700000, 0x000000070f700000, 0x000000070f800000|  0%| F|  |TAMS 0x000000070f700000, 0x000000070f700000| Untracked 
| 232|0x000000070f800000, 0x000000070f800000, 0x000000070f900000|  0%| F|  |TAMS 0x000000070f800000, 0x000000070f800000| Untracked 
| 233|0x000000070f900000, 0x000000070f900000, 0x000000070fa00000|  0%| F|  |TAMS 0x000000070f900000, 0x000000070f900000| Untracked 
| 234|0x000000070fa00000, 0x000000070fa00000, 0x000000070fb00000|  0%| F|  |TAMS 0x000000070fa00000, 0x000000070fa00000| Untracked 
| 235|0x000000070fb00000, 0x000000070fb00000, 0x000000070fc00000|  0%| F|  |TAMS 0x000000070fb00000, 0x000000070fb00000| Untracked 
| 236|0x000000070fc00000, 0x000000070fc00000, 0x000000070fd00000|  0%| F|  |TAMS 0x000000070fc00000, 0x000000070fc00000| Untracked 
| 237|0x000000070fd00000, 0x000000070fd00000, 0x000000070fe00000|  0%| F|  |TAMS 0x000000070fd00000, 0x000000070fd00000| Untracked 
| 238|0x000000070fe00000, 0x000000070fe00000, 0x000000070ff00000|  0%| F|  |TAMS 0x000000070fe00000, 0x000000070fe00000| Untracked 
| 239|0x000000070ff00000, 0x000000070ff00000, 0x0000000710000000|  0%| F|  |TAMS 0x000000070ff00000, 0x000000070ff00000| Untracked 
| 240|0x0000000710000000, 0x0000000710000000, 0x0000000710100000|  0%| F|  |TAMS 0x0000000710000000, 0x0000000710000000| Untracked 
| 241|0x0000000710100000, 0x0000000710100000, 0x0000000710200000|  0%| F|  |TAMS 0x0000000710100000, 0x0000000710100000| Untracked 
| 242|0x0000000710200000, 0x0000000710200000, 0x0000000710300000|  0%| F|  |TAMS 0x0000000710200000, 0x0000000710200000| Untracked 
| 243|0x0000000710300000, 0x0000000710300000, 0x0000000710400000|  0%| F|  |TAMS 0x0000000710300000, 0x0000000710300000| Untracked 
| 244|0x0000000710400000, 0x0000000710400000, 0x0000000710500000|  0%| F|  |TAMS 0x0000000710400000, 0x0000000710400000| Untracked 
| 245|0x0000000710500000, 0x0000000710500000, 0x0000000710600000|  0%| F|  |TAMS 0x0000000710500000, 0x0000000710500000| Untracked 
| 246|0x0000000710600000, 0x0000000710600000, 0x0000000710700000|  0%| F|  |TAMS 0x0000000710600000, 0x0000000710600000| Untracked 
| 247|0x0000000710700000, 0x0000000710700000, 0x0000000710800000|  0%| F|  |TAMS 0x0000000710700000, 0x0000000710700000| Untracked 
| 248|0x0000000710800000, 0x0000000710800000, 0x0000000710900000|  0%| F|  |TAMS 0x0000000710800000, 0x0000000710800000| Untracked 
| 249|0x0000000710900000, 0x0000000710900000, 0x0000000710a00000|  0%| F|  |TAMS 0x0000000710900000, 0x0000000710900000| Untracked 
| 250|0x0000000710a00000, 0x0000000710a00000, 0x0000000710b00000|  0%| F|  |TAMS 0x0000000710a00000, 0x0000000710a00000| Untracked 
| 251|0x0000000710b00000, 0x0000000710b00000, 0x0000000710c00000|  0%| F|  |TAMS 0x0000000710b00000, 0x0000000710b00000| Untracked 
| 252|0x0000000710c00000, 0x0000000710c00000, 0x0000000710d00000|  0%| F|  |TAMS 0x0000000710c00000, 0x0000000710c00000| Untracked 
| 253|0x0000000710d00000, 0x0000000710d00000, 0x0000000710e00000|  0%| F|  |TAMS 0x0000000710d00000, 0x0000000710d00000| Untracked 
| 254|0x0000000710e00000, 0x0000000710e00000, 0x0000000710f00000|  0%| F|  |TAMS 0x0000000710e00000, 0x0000000710e00000| Untracked 
| 255|0x0000000710f00000, 0x0000000710f00000, 0x0000000711000000|  0%| F|  |TAMS 0x0000000710f00000, 0x0000000710f00000| Untracked 
| 256|0x0000000711000000, 0x0000000711000000, 0x0000000711100000|  0%| F|  |TAMS 0x0000000711000000, 0x0000000711000000| Untracked 
| 257|0x0000000711100000, 0x0000000711100000, 0x0000000711200000|  0%| F|  |TAMS 0x0000000711100000, 0x0000000711100000| Untracked 
| 258|0x0000000711200000, 0x0000000711200000, 0x0000000711300000|  0%| F|  |TAMS 0x0000000711200000, 0x0000000711200000| Untracked 
| 259|0x0000000711300000, 0x0000000711300000, 0x0000000711400000|  0%| F|  |TAMS 0x0000000711300000, 0x0000000711300000| Untracked 
| 260|0x0000000711400000, 0x0000000711400000, 0x0000000711500000|  0%| F|  |TAMS 0x0000000711400000, 0x0000000711400000| Untracked 
| 261|0x0000000711500000, 0x0000000711500000, 0x0000000711600000|  0%| F|  |TAMS 0x0000000711500000, 0x0000000711500000| Untracked 
| 262|0x0000000711600000, 0x0000000711600000, 0x0000000711700000|  0%| F|  |TAMS 0x0000000711600000, 0x0000000711600000| Untracked 
| 263|0x0000000711700000, 0x0000000711700000, 0x0000000711800000|  0%| F|  |TAMS 0x0000000711700000, 0x0000000711700000| Untracked 
| 264|0x0000000711800000, 0x0000000711800000, 0x0000000711900000|  0%| F|  |TAMS 0x0000000711800000, 0x0000000711800000| Untracked 
| 265|0x0000000711900000, 0x0000000711900000, 0x0000000711a00000|  0%| F|  |TAMS 0x0000000711900000, 0x0000000711900000| Untracked 
| 266|0x0000000711a00000, 0x0000000711a00000, 0x0000000711b00000|  0%| F|  |TAMS 0x0000000711a00000, 0x0000000711a00000| Untracked 
| 267|0x0000000711b00000, 0x0000000711b00000, 0x0000000711c00000|  0%| F|  |TAMS 0x0000000711b00000, 0x0000000711b00000| Untracked 
| 268|0x0000000711c00000, 0x0000000711c00000, 0x0000000711d00000|  0%| F|  |TAMS 0x0000000711c00000, 0x0000000711c00000| Untracked 
| 269|0x0000000711d00000, 0x0000000711d00000, 0x0000000711e00000|  0%| F|  |TAMS 0x0000000711d00000, 0x0000000711d00000| Untracked 
| 270|0x0000000711e00000, 0x0000000711e00000, 0x0000000711f00000|  0%| F|  |TAMS 0x0000000711e00000, 0x0000000711e00000| Untracked 
| 271|0x0000000711f00000, 0x0000000711f00000, 0x0000000712000000|  0%| F|  |TAMS 0x0000000711f00000, 0x0000000711f00000| Untracked 
| 272|0x0000000712000000, 0x0000000712000000, 0x0000000712100000|  0%| F|  |TAMS 0x0000000712000000, 0x0000000712000000| Untracked 
| 273|0x0000000712100000, 0x0000000712100000, 0x0000000712200000|  0%| F|  |TAMS 0x0000000712100000, 0x0000000712100000| Untracked 
| 274|0x0000000712200000, 0x0000000712200000, 0x0000000712300000|  0%| F|  |TAMS 0x0000000712200000, 0x0000000712200000| Untracked 
| 275|0x0000000712300000, 0x0000000712300000, 0x0000000712400000|  0%| F|  |TAMS 0x0000000712300000, 0x0000000712300000| Untracked 
| 276|0x0000000712400000, 0x0000000712400000, 0x0000000712500000|  0%| F|  |TAMS 0x0000000712400000, 0x0000000712400000| Untracked 
| 277|0x0000000712500000, 0x0000000712500000, 0x0000000712600000|  0%| F|  |TAMS 0x0000000712500000, 0x0000000712500000| Untracked 
| 278|0x0000000712600000, 0x0000000712600000, 0x0000000712700000|  0%| F|  |TAMS 0x0000000712600000, 0x0000000712600000| Untracked 
| 279|0x0000000712700000, 0x0000000712700000, 0x0000000712800000|  0%| F|  |TAMS 0x0000000712700000, 0x0000000712700000| Untracked 
| 280|0x0000000712800000, 0x0000000712800000, 0x0000000712900000|  0%| F|  |TAMS 0x0000000712800000, 0x0000000712800000| Untracked 
| 281|0x0000000712900000, 0x0000000712900000, 0x0000000712a00000|  0%| F|  |TAMS 0x0000000712900000, 0x0000000712900000| Untracked 
| 282|0x0000000712a00000, 0x0000000712a00000, 0x0000000712b00000|  0%| F|  |TAMS 0x0000000712a00000, 0x0000000712a00000| Untracked 
| 283|0x0000000712b00000, 0x0000000712b00000, 0x0000000712c00000|  0%| F|  |TAMS 0x0000000712b00000, 0x0000000712b00000| Untracked 
| 284|0x0000000712c00000, 0x0000000712c00000, 0x0000000712d00000|  0%| F|  |TAMS 0x0000000712c00000, 0x0000000712c00000| Untracked 
| 285|0x0000000712d00000, 0x0000000712d00000, 0x0000000712e00000|  0%| F|  |TAMS 0x0000000712d00000, 0x0000000712d00000| Untracked 
| 286|0x0000000712e00000, 0x0000000712e7a308, 0x0000000712f00000| 47%| E|  |TAMS 0x0000000712e00000, 0x0000000712e00000| Complete 
| 287|0x0000000712f00000, 0x0000000713000000, 0x0000000713000000|100%| E|CS|TAMS 0x0000000712f00000, 0x0000000712f00000| Complete 
| 288|0x0000000713000000, 0x0000000713100000, 0x0000000713100000|100%| E|  |TAMS 0x0000000713000000, 0x0000000713000000| Complete 
| 289|0x0000000713100000, 0x0000000713200000, 0x0000000713200000|100%| E|CS|TAMS 0x0000000713100000, 0x0000000713100000| Complete 
| 290|0x0000000713200000, 0x0000000713300000, 0x0000000713300000|100%| E|CS|TAMS 0x0000000713200000, 0x0000000713200000| Complete 
| 291|0x0000000713300000, 0x0000000713400000, 0x0000000713400000|100%| E|CS|TAMS 0x0000000713300000, 0x0000000713300000| Complete 
| 292|0x0000000713400000, 0x0000000713500000, 0x0000000713500000|100%| E|CS|TAMS 0x0000000713400000, 0x0000000713400000| Complete 
| 293|0x0000000713500000, 0x0000000713600000, 0x0000000713600000|100%| E|CS|TAMS 0x0000000713500000, 0x0000000713500000| Complete 
| 294|0x0000000713600000, 0x0000000713700000, 0x0000000713700000|100%| E|CS|TAMS 0x0000000713600000, 0x0000000713600000| Complete 
| 295|0x0000000713700000, 0x0000000713800000, 0x0000000713800000|100%| E|CS|TAMS 0x0000000713700000, 0x0000000713700000| Complete 
| 296|0x0000000713800000, 0x0000000713900000, 0x0000000713900000|100%| E|CS|TAMS 0x0000000713800000, 0x0000000713800000| Complete 
| 297|0x0000000713900000, 0x0000000713a00000, 0x0000000713a00000|100%| E|CS|TAMS 0x0000000713900000, 0x0000000713900000| Complete 
| 298|0x0000000713a00000, 0x0000000713b00000, 0x0000000713b00000|100%| E|CS|TAMS 0x0000000713a00000, 0x0000000713a00000| Complete 
| 299|0x0000000713b00000, 0x0000000713c00000, 0x0000000713c00000|100%| E|CS|TAMS 0x0000000713b00000, 0x0000000713b00000| Complete 
| 300|0x0000000713c00000, 0x0000000713d00000, 0x0000000713d00000|100%| E|CS|TAMS 0x0000000713c00000, 0x0000000713c00000| Complete 
| 301|0x0000000713d00000, 0x0000000713e00000, 0x0000000713e00000|100%| E|CS|TAMS 0x0000000713d00000, 0x0000000713d00000| Complete 
| 302|0x0000000713e00000, 0x0000000713f00000, 0x0000000713f00000|100%| E|CS|TAMS 0x0000000713e00000, 0x0000000713e00000| Complete 
| 303|0x0000000713f00000, 0x0000000714000000, 0x0000000714000000|100%| E|CS|TAMS 0x0000000713f00000, 0x0000000713f00000| Complete 
| 304|0x0000000714000000, 0x0000000714100000, 0x0000000714100000|100%| E|CS|TAMS 0x0000000714000000, 0x0000000714000000| Complete 
| 305|0x0000000714100000, 0x0000000714200000, 0x0000000714200000|100%| E|CS|TAMS 0x0000000714100000, 0x0000000714100000| Complete 
| 306|0x0000000714200000, 0x0000000714300000, 0x0000000714300000|100%| E|CS|TAMS 0x0000000714200000, 0x0000000714200000| Complete 
| 307|0x0000000714300000, 0x0000000714400000, 0x0000000714400000|100%| E|CS|TAMS 0x0000000714300000, 0x0000000714300000| Complete 

Card table byte_map: [0x0000013b22ee0000,0x0000013b236e0000] _byte_map_base: 0x0000013b1f6d8000

Marking Bits (Prev, Next): (CMBitMap*) 0x0000013b0bdf3650, (CMBitMap*) 0x0000013b0bdf3618
 Prev Bits: [0x0000013b27ea0000, 0x0000013b2be60000)
 Next Bits: [0x0000013b23ee0000, 0x0000013b27ea0000)

Polling page: 0x0000013b09d40000

Metaspace:

Usage:
  Non-class:     52.51 MB capacity,    51.56 MB ( 98%) used,   780.55 KB (  1%) free+waste,   190.75 KB ( <1%) overhead. 
      Class:      8.55 MB capacity,     7.92 MB ( 93%) used,   550.35 KB (  6%) free+waste,    96.38 KB (  1%) overhead. 
       Both:     61.06 MB capacity,    59.48 MB ( 97%) used,     1.30 MB (  2%) free+waste,   287.13 KB ( <1%) overhead. 

Virtual space:
  Non-class space:       54.00 MB reserved,      52.75 MB ( 98%) committed 
      Class space:        1.00 GB reserved,       8.63 MB ( <1%) committed 
             Both:        1.05 GB reserved,      61.38 MB (  6%) committed 

Chunk freelists:
   Non-Class:  7.13 KB
       Class:  1.25 KB
        Both:  8.38 KB

CodeHeap 'non-profiled nmethods': size=238336Kb used=7871Kb max_used=7871Kb free=230464Kb
 bounds [0x0000013b13af0000, 0x0000013b142a0000, 0x0000013b223b0000]
CodeHeap 'non-nmethods': size=7424Kb used=1274Kb max_used=1274Kb free=6149Kb
 bounds [0x0000013b133b0000, 0x0000013b13620000, 0x0000013b13af0000]
 total_blobs=5782 nmethods=5128 adapters=579
 compilation: enabled
              stopped_count=0, restarted_count=0
 full_count=0

Compilation events (10 events):
Event: 7.179 Thread 0x0000013b2f306000 5124       1       org.springframework.cglib.core.MethodInfoTransformer::transform (57 bytes)
Event: 7.179 Thread 0x0000013b2f306000 nmethod 5124 0x0000013b1429db90 code [0x0000013b1429dde0, 0x0000013b1429e628]
Event: 7.179 Thread 0x0000013b2f306000 5125       1       org.springframework.cglib.core.ReflectUtils::getMethodInfo (11 bytes)
Event: 7.179 Thread 0x0000013b2f306000 nmethod 5125 0x0000013b1429e990 code [0x0000013b1429eb40, 0x0000013b1429ed78]
Event: 7.179 Thread 0x0000013b2f306000 5126       1       org.springframework.cglib.core.CodeEmitter::aaload (10 bytes)
Event: 7.179 Thread 0x0000013b2f306000 nmethod 5126 0x0000013b1429ee90 code [0x0000013b1429f020, 0x0000013b1429f108]
Event: 7.179 Thread 0x0000013b2f306000 5127       1       org.springframework.cglib.core.CodeEmitter::aaload (10 bytes)
Event: 7.179 Thread 0x0000013b2f306000 nmethod 5127 0x0000013b1429f190 code [0x0000013b1429f340, 0x0000013b1429f458]
Event: 7.179 Thread 0x0000013b2f306000 5128       1       org.springframework.cglib.core.CodeEmitter::invoke (99 bytes)
Event: 7.180 Thread 0x0000013b2f306000 nmethod 5128 0x0000013b1429f510 code [0x0000013b1429f740, 0x0000013b1429fac8]

GC Heap History (10 events):
Event: 0.618 GC heap before
{Heap before GC invocations=1 (full 0):
 garbage-first heap   total 262144K, used 52837K [0x0000000701000000, 0x0000000800000000)
  region size 1024K, 49 young (50176K), 3 survivors (3072K)
 Metaspace       used 20548K, capacity 21135K, committed 21248K, reserved 1067008K
  class space    used 2506K, capacity 2754K, committed 2816K, reserved 1048576K
}
Event: 0.622 GC heap after
{Heap after GC invocations=2 (full 0):
 garbage-first heap   total 262144K, used 9205K [0x0000000701000000, 0x0000000800000000)
  region size 1024K, 6 young (6144K), 6 survivors (6144K)
 Metaspace       used 20548K, capacity 21135K, committed 21248K, reserved 1067008K
  class space    used 2506K, capacity 2754K, committed 2816K, reserved 1048576K
}
Event: 0.804 GC heap before
{Heap before GC invocations=3 (full 0):
 garbage-first heap   total 262144K, used 56309K [0x0000000701000000, 0x0000000800000000)
  region size 1024K, 53 young (54272K), 6 survivors (6144K)
 Metaspace       used 25443K, capacity 26236K, committed 26368K, reserved 1073152K
  class space    used 3127K, capacity 3465K, committed 3584K, reserved 1048576K
}
Event: 0.808 GC heap after
{Heap after GC invocations=4 (full 0):
 garbage-first heap   total 262144K, used 11945K [0x0000000701000000, 0x0000000800000000)
  region size 1024K, 6 young (6144K), 6 survivors (6144K)
 Metaspace       used 25443K, capacity 26236K, committed 26368K, reserved 1073152K
  class space    used 3127K, capacity 3465K, committed 3584K, reserved 1048576K
}
Event: 1.192 GC heap before
{Heap before GC invocations=4 (full 0):
 garbage-first heap   total 262144K, used 104105K [0x0000000701000000, 0x0000000800000000)
  region size 1024K, 97 young (99328K), 6 survivors (6144K)
 Metaspace       used 31817K, capacity 32887K, committed 32896K, reserved 1077248K
  class space    used 4035K, capacity 4478K, committed 4480K, reserved 1048576K
}
Event: 1.196 GC heap after
{Heap after GC invocations=5 (full 0):
 garbage-first heap   total 262144K, used 15349K [0x0000000701000000, 0x0000000800000000)
  region size 1024K, 9 young (9216K), 9 survivors (9216K)
 Metaspace       used 31817K, capacity 32887K, committed 32896K, reserved 1077248K
  class space    used 4035K, capacity 4478K, committed 4480K, reserved 1048576K
}
Event: 1.329 GC heap before
{Heap before GC invocations=5 (full 0):
 garbage-first heap   total 262144K, used 69621K [0x0000000701000000, 0x0000000800000000)
  region size 1024K, 64 young (65536K), 9 survivors (9216K)
 Metaspace       used 34446K, capacity 35617K, committed 35840K, reserved 1081344K
  class space    used 4355K, capacity 4853K, committed 4864K, reserved 1048576K
}
Event: 1.335 GC heap after
{Heap after GC invocations=6 (full 0):
 garbage-first heap   total 315392K, used 16647K [0x0000000701000000, 0x0000000800000000)
  region size 1024K, 10 young (10240K), 10 survivors (10240K)
 Metaspace       used 34446K, capacity 35617K, committed 35840K, reserved 1081344K
  class space    used 4355K, capacity 4853K, committed 4864K, reserved 1048576K
}
Event: 3.202 GC heap before
{Heap before GC invocations=7 (full 0):
 garbage-first heap   total 315392K, used 182535K [0x0000000701000000, 0x0000000800000000)
  region size 1024K, 173 young (177152K), 10 survivors (10240K)
 Metaspace       used 58259K, capacity 59851K, committed 59904K, reserved 1101824K
  class space    used 7755K, capacity 8400K, committed 8448K, reserved 1048576K
}
Event: 3.213 GC heap after
{Heap after GC invocations=8 (full 0):
 garbage-first heap   total 315392K, used 25356K [0x0000000701000000, 0x0000000800000000)
  region size 1024K, 19 young (19456K), 19 survivors (19456K)
 Metaspace       used 58259K, capacity 59851K, committed 59904K, reserved 1101824K
  class space    used 7755K, capacity 8400K, committed 8448K, reserved 1048576K
}

Deoptimization events (0 events):
No events

Classes redefined (0 events):
No events

Internal exceptions (10 events):
Event: 2.233 Thread 0x0000013b0bd93000 Exception <a 'java/lang/ClassNotFoundException'{0x000000070cb5fe18}: org/springframework/security/config/annotation/web/configuration/HttpSecurityConfigurationCustomizer> (0x000000070cb5fe18) thrown at [./open/src/hotspot/share/classfile/systemDictionary.
Event: 2.242 Thread 0x0000013b0bd93000 Exception <a 'java/lang/NoSuchMethodError'{0x000000070ca80198}: java.lang.invoke.DirectMethodHandle$Holder.invokeInterface(Ljava/lang/Object;Ljava/lang/Object;Ljava/lang/Object;Ljava/lang/Object;)Ljava/lang/Object;> (0x000000070ca80198) thrown at [./open/
Event: 2.299 Thread 0x0000013b0bd93000 Exception <a 'java/lang/NoSuchMethodError'{0x000000070c10c618}: java.lang.invoke.DirectMethodHandle$Holder.invokeVirtual(Ljava/lang/Object;Ljava/lang/Object;I)V> (0x000000070c10c618) thrown at [./open/src/hotspot/share/interpreter/linkResolver.cpp, line 7
Event: 2.300 Thread 0x0000013b0bd93000 Exception <a 'java/lang/NoSuchMethodError'{0x000000070c126400}: java.lang.invoke.DirectMethodHandle$Holder.invokeVirtual(Ljava/lang/Object;Ljava/lang/Object;J)V> (0x000000070c126400) thrown at [./open/src/hotspot/share/interpreter/linkResolver.cpp, line 7
Event: 2.362 Thread 0x0000013b0bd93000 Exception <a 'java/lang/IncompatibleClassChangeError'{0x000000070b942d48}: Found class java.lang.Object, but interface was expected> (0x000000070b942d48) thrown at [./open/src/hotspot/share/interpreter/linkResolver.cpp, line 838]
Event: 2.462 Thread 0x0000013b0bd93000 Exception <a 'java/lang/NoSuchMethodError'{0x000000070a93fc10}: java.lang.invoke.DirectMethodHandle$Holder.invokeSpecial(Ljava/lang/Object;Ljava/lang/Object;ILjava/lang/Object;ILjava/lang/Object;)Ljava/lang/Object;> (0x000000070a93fc10) thrown at [./open/
Event: 2.462 Thread 0x0000013b0bd93000 Exception <a 'java/lang/NoSuchMethodError'{0x000000070a9470f0}: java.lang.invoke.DirectMethodHandle$Holder.invokeStatic(Ljava/lang/Object;Ljava/lang/Object;ILjava/lang/Object;I)Ljava/lang/Object;> (0x000000070a9470f0) thrown at [./open/src/hotspot/share/i
Event: 2.462 Thread 0x0000013b0bd93000 Exception <a 'java/lang/NoSuchMethodError'{0x000000070a94a8c8}: java.lang.invoke.DirectMethodHandle$Holder.invokeSpecial(Ljava/lang/Object;Ljava/lang/Object;Ljava/lang/Object;ILjava/lang/Object;I)Ljava/lang/Object;> (0x000000070a94a8c8) thrown at [./open/
Event: 2.462 Thread 0x0000013b0bd93000 Exception <a 'java/lang/NoSuchMethodError'{0x000000070a9580f8}: java.lang.invoke.DirectMethodHandle$Holder.invokeVirtual(Ljava/lang/Object;Ljava/lang/Object;)V> (0x000000070a9580f8) thrown at [./open/src/hotspot/share/interpreter/linkResolver.cpp, line 77
Event: 7.190 Thread 0x0000013b3387d000 Exception <a 'java/lang/NoSuchMethodError'{0x0000000713175988}: java.lang.invoke.DirectMethodHandle$Holder.invokeStaticInit(Ljava/lang/Object;ILjava/lang/Object;)V> (0x0000000713175988) thrown at [./open/src/hotspot/share/interpreter/linkResolver.cpp, lin

Events (10 events):
Event: 7.207 loading class javax/persistence/PessimisticLockScope
Event: 7.207 loading class javax/persistence/PessimisticLockScope done
Event: 7.207 loading class org/hibernate/jpa/internal/util/CacheModeHelper
Event: 7.207 loading class org/hibernate/jpa/internal/util/CacheModeHelper done
Event: 7.207 loading class org/hibernate/CacheMode
Event: 7.207 loading class org/hibernate/CacheMode done
Event: 7.207 loading class javax/persistence/CacheStoreMode
Event: 7.207 loading class javax/persistence/CacheStoreMode done
Event: 7.207 loading class javax/persistence/CacheRetrieveMode
Event: 7.207 loading class javax/persistence/CacheRetrieveMode done


Dynamic libraries:
0x00007ff703a60000 - 0x00007ff703a6f000 	C:\Program Files\Java\jdk-11.0.13\bin\java.exe
0x00007ffe9d930000 - 0x00007ffe9db25000 	C:\Windows\SYSTEM32\ntdll.dll
0x00007ffe71070000 - 0x00007ffe71083000 	C:\Program Files\AVG\Antivirus\aswhook.dll
0x00007ffe9d590000 - 0x00007ffe9d64e000 	C:\Windows\System32\KERNEL32.DLL
0x00007ffe9b510000 - 0x00007ffe9b7d8000 	C:\Windows\System32\KERNELBASE.dll
0x00007ffe9b2a0000 - 0x00007ffe9b3a0000 	C:\Windows\System32\ucrtbase.dll
0x00007ffe7d630000 - 0x00007ffe7d645000 	C:\Program Files\Java\jdk-11.0.13\bin\VCRUNTIME140.dll
0x00007ffe7fc50000 - 0x00007ffe7fc68000 	C:\Program Files\Java\jdk-11.0.13\bin\jli.dll
0x00007ffe9ccc0000 - 0x00007ffe9cd6e000 	C:\Windows\System32\ADVAPI32.dll
0x00007ffe9d6d0000 - 0x00007ffe9d76e000 	C:\Windows\System32\msvcrt.dll
0x00007ffe9c820000 - 0x00007ffe9c8bc000 	C:\Windows\System32\sechost.dll
0x00007ffe9b980000 - 0x00007ffe9baa5000 	C:\Windows\System32\RPCRT4.dll
0x00007ffe9cda0000 - 0x00007ffe9cf41000 	C:\Windows\System32\USER32.dll
0x00007ffe9b7e0000 - 0x00007ffe9b802000 	C:\Windows\System32\win32u.dll
0x00007ffe88160000 - 0x00007ffe883fa000 	C:\Windows\WinSxS\amd64_microsoft.windows.common-controls_6595b64144ccf1df_6.0.19041.1110_none_60b5254171f9507e\COMCTL32.dll
0x00007ffe9cd70000 - 0x00007ffe9cd9b000 	C:\Windows\System32\GDI32.dll
0x00007ffe9b810000 - 0x00007ffe9b91d000 	C:\Windows\System32\gdi32full.dll
0x00007ffe9b040000 - 0x00007ffe9b0dd000 	C:\Windows\System32\msvcp_win.dll
0x00007ffe95270000 - 0x00007ffe9527a000 	C:\Windows\SYSTEM32\VERSION.dll
0x00007ffe9d0b0000 - 0x00007ffe9d0e0000 	C:\Windows\System32\IMM32.DLL
0x00007ffe6a270000 - 0x00007ffe6a30b000 	C:\Program Files\Java\jdk-11.0.13\bin\msvcp140.dll
0x00007ffe2f5b0000 - 0x00007ffe300c3000 	C:\Program Files\Java\jdk-11.0.13\bin\server\jvm.dll
0x00007ffe9d0a0000 - 0x00007ffe9d0a8000 	C:\Windows\System32\PSAPI.DLL
0x00007ffe86700000 - 0x00007ffe86709000 	C:\Windows\SYSTEM32\WSOCK32.dll
0x00007ffe89c00000 - 0x00007ffe89c27000 	C:\Windows\SYSTEM32\WINMM.dll
0x00007ffe9cc50000 - 0x00007ffe9ccbb000 	C:\Windows\System32\WS2_32.dll
0x00007ffe98f50000 - 0x00007ffe98f62000 	C:\Windows\SYSTEM32\kernel.appcore.dll
0x00007ffe92080000 - 0x00007ffe92090000 	C:\Program Files\Java\jdk-11.0.13\bin\verify.dll
0x00007ffe93250000 - 0x00007ffe93434000 	C:\Windows\SYSTEM32\DBGHELP.DLL
0x00007ffe938f0000 - 0x00007ffe9391c000 	C:\Windows\SYSTEM32\dbgcore.DLL
0x00007ffe9b480000 - 0x00007ffe9b502000 	C:\Windows\System32\bcryptPrimitives.dll
0x00007ffe71900000 - 0x00007ffe71928000 	C:\Program Files\Java\jdk-11.0.13\bin\java.dll
0x00007ffe85b10000 - 0x00007ffe85b1a000 	C:\Program Files\Java\jdk-11.0.13\bin\jimage.dll
0x00007ffe966a0000 - 0x00007ffe966ae000 	C:\Program Files\Java\jdk-11.0.13\bin\instrument.dll
0x00007ffe718e0000 - 0x00007ffe718f6000 	C:\Program Files\Java\jdk-11.0.13\bin\zip.dll
0x00007ffe9bab0000 - 0x00007ffe9c1f4000 	C:\Windows\System32\SHELL32.dll
0x00007ffe99150000 - 0x00007ffe998e5000 	C:\Windows\SYSTEM32\windows.storage.dll
0x00007ffe9d1d0000 - 0x00007ffe9d525000 	C:\Windows\System32\combase.dll
0x00007ffe9aa90000 - 0x00007ffe9aabe000 	C:\Windows\SYSTEM32\Wldp.dll
0x00007ffe9c8c0000 - 0x00007ffe9c96d000 	C:\Windows\System32\SHCORE.dll
0x00007ffe9d890000 - 0x00007ffe9d8e5000 	C:\Windows\System32\shlwapi.dll
0x00007ffe9af80000 - 0x00007ffe9af9f000 	C:\Windows\SYSTEM32\profapi.dll
0x00007ffe6a250000 - 0x00007ffe6a269000 	C:\Program Files\Java\jdk-11.0.13\bin\net.dll
0x00007ffe93f70000 - 0x00007ffe9407c000 	C:\Windows\SYSTEM32\WINHTTP.dll
0x00007ffe9a7f0000 - 0x00007ffe9a85a000 	C:\Windows\system32\mswsock.dll
0x00007ffe6a230000 - 0x00007ffe6a242000 	C:\Program Files\Java\jdk-11.0.13\bin\nio.dll
0x00007ffe96680000 - 0x00007ffe9669a000 	C:\Program Files\JetBrains\IntelliJ IDEA 2021.2.3\bin\breakgen64.dll
0x00007ffe9a4d0000 - 0x00007ffe9a59b000 	C:\Windows\SYSTEM32\DNSAPI.dll
0x00007ffe9a490000 - 0x00007ffe9a4cb000 	C:\Windows\SYSTEM32\IPHLPAPI.DLL
0x00007ffe9b970000 - 0x00007ffe9b978000 	C:\Windows\System32\NSI.dll
0x00007ffe93980000 - 0x00007ffe9398a000 	C:\Windows\System32\rasadhlp.dll
0x00007ffe93180000 - 0x00007ffe931ff000 	C:\Windows\System32\fwpuclnt.dll
0x00007ffe9b450000 - 0x00007ffe9b477000 	C:\Windows\System32\bcrypt.dll
0x00007ffe71680000 - 0x00007ffe71689000 	C:\Program Files\Java\jdk-11.0.13\bin\management.dll
0x00007ffe6f9a0000 - 0x00007ffe6f9ab000 	C:\Program Files\Java\jdk-11.0.13\bin\management_ext.dll
0x00007ffe9a9e0000 - 0x00007ffe9a9f8000 	C:\Windows\SYSTEM32\CRYPTSP.dll
0x00007ffe9a100000 - 0x00007ffe9a134000 	C:\Windows\system32\rsaenh.dll
0x00007ffe9af00000 - 0x00007ffe9af2e000 	C:\Windows\SYSTEM32\USERENV.dll
0x00007ffe9aa00000 - 0x00007ffe9aa0c000 	C:\Windows\SYSTEM32\CRYPTBASE.dll
0x00007ffe95e10000 - 0x00007ffe95e27000 	C:\Windows\SYSTEM32\dhcpcsvc6.DLL
0x00007ffe95db0000 - 0x00007ffe95dcd000 	C:\Windows\SYSTEM32\dhcpcsvc.DLL
0x00007ffe7cb10000 - 0x00007ffe7cb27000 	C:\Windows\system32\napinsp.dll
0x00007ffe7c9e0000 - 0x00007ffe7c9fb000 	C:\Windows\system32\pnrpnsp.dll
0x00007ffe7c9c0000 - 0x00007ffe7c9d5000 	C:\Windows\system32\wshbth.dll
0x00007ffe965f0000 - 0x00007ffe9660d000 	C:\Windows\system32\NLAapi.dll
0x00007ffe7c8c0000 - 0x00007ffe7c8d2000 	C:\Windows\System32\winrnr.dll
0x00007ffe96640000 - 0x00007ffe96665000 	C:\Program Files\Java\jdk-11.0.13\bin\sunec.dll
0x00007ffe93e30000 - 0x00007ffe93e3d000 	C:\Program Files\Java\jdk-11.0.13\bin\sunmscapi.dll
0x00007ffe9b0e0000 - 0x00007ffe9b236000 	C:\Windows\System32\CRYPT32.dll
0x00007ffe9ab00000 - 0x00007ffe9ab27000 	C:\Windows\SYSTEM32\ncrypt.dll
0x00007ffe9aac0000 - 0x00007ffe9aafb000 	C:\Windows\SYSTEM32\NTASN1.dll

dbghelp: loaded successfully - version: 4.0.5 - missing functions: none
symbol engine: initialized successfully - sym options: 0x614 - pdb path: .;C:\Program Files\Java\jdk-11.0.13\bin;C:\Windows\SYSTEM32;C:\Program Files\AVG\Antivirus;C:\Windows\WinSxS\amd64_microsoft.windows.common-controls_6595b64144ccf1df_6.0.19041.1110_none_60b5254171f9507e;C:\Program Files\Java\jdk-11.0.13\bin\server;C:\Program Files\JetBrains\IntelliJ IDEA 2021.2.3\bin

VM Arguments:
jvm_args: -XX:TieredStopAtLevel=1 -Xverify:none -Dspring.output.ansi.enabled=always -javaagent:C:\Program Files\JetBrains\IntelliJ IDEA 2021.2.3\lib\idea_rt.jar=1836:C:\Program Files\JetBrains\IntelliJ IDEA 2021.2.3\bin -Dcom.sun.management.jmxremote -Dspring.jmx.enabled=true -Dspring.liveBeansView.mbeanDomain -Dspring.application.admin.enabled=true -Dfile.encoding=UTF-8 
java_command: com.example.board.BoardApplication
java_class_path (initial): C:\Users\Administrator\Desktop\colin_pilot_project\board_colin\build\classes\java\main;C:\Users\Administrator\Desktop\colin_pilot_project\board_colin\build\resources\main;C:\Users\Administrator\.gradle\caches\modules-2\files-2.1\org.projectlombok\lombok\1.18.22\9c08ea24c6eb714e2d6170e8122c069a0ba9aacf\lombok-1.18.22.jar;C:\Users\Administrator\.gradle\caches\modules-2\files-2.1\org.springframework.boot\spring-boot-starter-thymeleaf\2.5.7\c14382d6f3e85fde378800d1a95fd7575a1760b1\spring-boot-starter-thymeleaf-2.5.7.jar;C:\Users\Administrator\.gradle\caches\modules-2\files-2.1\org.springframework.boot\spring-boot-starter-web\2.5.7\a994b0ea2c992aded6d9e19be8ba8fdfb3a17d9e\spring-boot-starter-web-2.5.7.jar;C:\Users\Administrator\.gradle\caches\modules-2\files-2.1\org.jetbrains\annotations\20.1.0\2fcd1f3225bca0c4a7bc931142076f8c1e80993f\annotations-20.1.0.jar;C:\Users\Administrator\.gradle\caches\modules-2\files-2.1\org.springframework.boot\spring-boot-starter-validation\2.5.7\6302c6a44c80fe9f004bb92f217f0c596852940b\spring-boot-starter-validation-2.5.7.jar;C:\Users\Administrator\.gradle\caches\modules-2\files-2.1\org.springframework.boot\spring-boot-starter-mustache\2.5.7\d80db6adeeee0a6e0d47760cd37b5702b5f40f8d\spring-boot-starter-mustache-2.5.7.jar;C:\Users\Administrator\.gradle\caches\modules-2\files-2.1\org.springframework.boot\spring-boot-starter-security\2.5.7\e83f829aefc738c80318d753b198f87575047d21\spring-boot-starter-security-2.5.7.jar;C:\Users\Administrator\.gradle\caches\modules-2\files-2.1\org.hibernate\hibernate-core\5.3.7.Final\f87c5c1bbfc638309824140e68dfaaeb1bb479f3\hibernate-core-5.3.7.Final.jar;C:\Users\Administrator\.gradle\caches\modules-2\files-2.1\org.springframework\spring-orm\5.3.6\804d2fe2df5c2aee3b263e22e28741731724a515\spring-orm-5.3.6.jar;C:\Users\Administrator\.gradle\caches\modules-2\files-2.1\javax.xml.bind\jaxb-api\2.3.1\8531ad5ac454cc2deb9d4d32c40c4d7451939b5d\jaxb-api-2.3.1.jar;C:\Users\Administrator\.gradle\c
Launcher Type: SUN_STANDARD

[Global flags]
     bool BytecodeVerificationLocal                = false                                     {product} {command line}
     bool BytecodeVerificationRemote               = false                                     {product} {command line}
     intx CICompilerCount                          = 4                                         {product} {ergonomic}
     uint ConcGCThreads                            = 2                                         {product} {ergonomic}
     uint G1ConcRefinementThreads                  = 8                                         {product} {ergonomic}
   size_t G1HeapRegionSize                         = 1048576                                   {product} {ergonomic}
    uintx GCDrainStackTargetSize                   = 64                                        {product} {ergonomic}
   size_t InitialHeapSize                          = 268435456                                 {product} {ergonomic}
     bool ManagementServer                         = true                                      {product} {command line}
   size_t MarkStackSize                            = 4194304                                   {product} {ergonomic}
   size_t MaxHeapSize                              = 4278190080                                {product} {ergonomic}
   size_t MaxNewSize                               = 2566914048                                {product} {ergonomic}
   size_t MinHeapDeltaBytes                        = 1048576                                   {product} {ergonomic}
    uintx NonNMethodCodeHeapSize                   = 7549744                                {pd product} {ergonomic}
    uintx NonProfiledCodeHeapSize                  = 244108496                              {pd product} {ergonomic}
    uintx ProfiledCodeHeapSize                     = 0                                      {pd product} {ergonomic}
    uintx ReservedCodeCacheSize                    = 251658240                              {pd product} {ergonomic}
     bool SegmentedCodeCache                       = true                                      {product} {ergonomic}
     intx TieredStopAtLevel                        = 1                                         {product} {command line}
     bool UseCompressedClassPointers               = true                                 {lp64_product} {ergonomic}
     bool UseCompressedOops                        = true                                 {lp64_product} {ergonomic}
     bool UseG1GC                                  = true                                      {product} {ergonomic}
     bool UseLargePagesIndividualAllocation        = false                                  {pd product} {ergonomic}

Logging:
Log output configuration:
 #0: stdout all=warning uptime,level,tags
 #1: stderr all=off uptime,level,tags

Environment Variables:
JAVA_HOME=C:\Program Files\Java\jdk-11.0.13
PATH=C:\Program Files\Common Files\Oracle\Java\javapath;C:\Windows\system32;C:\Windows;C:\Windows\System32\Wbem;C:\Windows\System32\WindowsPowerShell\v1.0\;C:\Windows\System32\OpenSSH\;C:\Program Files (x86)\NVIDIA Corporation\PhysX\Common;C:\Program Files\Git\cmd;C:\Program Files (x86)\NetSarang\Xshell 7\;C:\Program Files\MySQL\MySQL Server 8.0\bin;C:\Users\Administrator\AppData\Local\Microsoft\WindowsApps;C:\Program Files\Bandizip\;C:\Program Files\JetBrains\IntelliJ IDEA Community Edition 2021.2.3\bin;;C:\Program Files\JetBrains\IntelliJ IDEA 2021.2.3\bin;;C:\Program Files\Java\jdk-11.0.13;C:\Program Files\Java\jdk-11.0.13\;
USERNAME=Colin
OS=Windows_NT
PROCESSOR_IDENTIFIER=Intel64 Family 6 Model 158 Stepping 13, GenuineIntel



---------------  S Y S T E M  ---------------

OS: Windows 10 , 64 bit Build 19041 (10.0.19041.1466)

CPU:total 8 (initial active 8) (8 cores per cpu, 1 threads per core) family 6 model 158 stepping 13 microcode 0xca, cmov, cx8, fxsr, mmx, sse, sse2, sse3, ssse3, sse4.1, sse4.2, popcnt, avx, avx2, aes, clmul, erms, 3dnowpref, lzcnt, tsc, tscinvbit, bmi1, bmi2, adx, fma

Memory: 4k page, system-wide physical 16318M (7876M free)
TotalPageFile size 32702M (AvailPageFile size 20506M)
current process WorkingSet (physical memory assigned to process): 326M, peak: 327M
current process commit charge ("private bytes"): 483M, peak: 483M

vm_info: Java HotSpot(TM) 64-Bit Server VM (11.0.13+10-LTS-370) for windows-amd64 JRE (11.0.13+10-LTS-370), built on Sep 15 2021 22:10:36 by "mach5one" with MS VC++ 15.9 (VS2017)

END.
